
          -------------------------------------------------------
          Amber 20 PMEMD                              2020
          -------------------------------------------------------

| PMEMD implementation of SANDER, Release 18

|  Compiled date/time: Mon Apr 27 21:19:54 2020
| Run on 09/30/2020 at 18:28:15

|   Executable path: /opt/software/Amber/20-fosscuda-2019b/amber20/bin/pmemd.cuda
| Working directory: /mnt/ls15/scratch/users/songlin3/run/solvation_amber20/po4/one_step_tip3p_PO4/po4_to_dummy/0.43738
|          Hostname: lac-141

  [-O]verwriting output

File Assignments:
|   MDIN: heat.in                                                               
|  MDOUT: heat.out                                                              
| INPCRD: min.rst                                                               
|   PARM: step1_dummy.prmtop                                                    
| RESTRT: heat.rst                                                              
|   REFC: min.rst                                                               
|  MDVEL: mdvel                                                                 
|   MDEN: mden                                                                  
|  MDCRD: heat.netcdf                                                           
| MDINFO: heat.mdinfo                                                           
|  MDFRC: mdfrc                                                                 


 Here is the input file:

nvt for free MD                                                                
 &cntrl                                                                        
  imin=0,                                                                      
  irest=0,                                                                     
  ntx=1,                                                                       
  ig=-1,                                                                       
  nstlim=100000,                                                               
  dt=0.002,                                                                    
  cut=10.0,                                                                    
  ntc=2,                                                                       
  ntf=2,                                                                       
  ntb=1,                                                                       
  ntt=3,                                                                       
  gamma_ln=2.0,                                                                
  tempi=0.0,                                                                   
  temp0=300.0,                                                                 
  ntpr=5000,                                                                   
  ntwr=5000,                                                                   
  ntwx=10000,                                                                  
  ntwv=0,                                                                      
  ioutfm=1,                                                                    
  iwrap=0,                                                                     
  nmropt=1,                                                                    
  ifsc = 0, icfe=1,                                                            
  clambda=0.43738,                                                             
  timask1=':1',                                                                
  timask2=':2',                                                                
/                                                                              
&wt TYPE='TEMP0', istep1=0, istep2=90000, value1=0.0, value2=300.0 /           
&wt TYPE='TEMP0', istep1=90001, istep2=100000, value1=300.0, value2=300.0 /    
&wt TYPE='DUMPFREQ', istep1=10000, /                                           
&wt TYPE='END', /                                                              


Note: ig = -1. Setting random seed to   487321 based on wallclock time in 
      microseconds.
| irandom = 1, using AMBER's internal random number generator (default).
 
|--------------------- INFORMATION ----------------------
| GPU (CUDA) Version of PMEMD in use: NVIDIA GPU IN USE.
|                    Version 18.0.0
| 
|                      03/25/2018
| 
| Implementation by:
|                    Ross C. Walker     (SDSC)
|                    Scott Le Grand     (nVIDIA)
| 
| Version 18 performance extensions by:
|                    David Cerutti     (Rutgers)
| 
| Precision model in use:
|      [SPFP] - Single Precision Forces, 64-bit Fixed Point
|               Accumulation. (Default)
| 
|--------------------------------------------------------
 
|----------------- CITATION INFORMATION -----------------
|
|    When publishing work that utilized the CUDA version
|    of AMBER, please cite the following in addition to
|    the regular AMBER citations:
|
|  - Romelia Salomon-Ferrer; Andreas W. Goetz; Duncan
|    Poole; Scott Le Grand; Ross C. Walker "Routine
|    microsecond molecular dynamics simulations with
|    AMBER - Part II: Particle Mesh Ewald", J. Chem.
|    Theory Comput., 2013, 9 (9), pp3878-3888,
|    DOI: 10.1021/ct400314y.
|
|  - Andreas W. Goetz; Mark J. Williamson; Dong Xu;
|    Duncan Poole; Scott Le Grand; Ross C. Walker
|    "Routine microsecond molecular dynamics simulations
|    with AMBER - Part I: Generalized Born", J. Chem.
|    Theory Comput., 2012, 8 (5), pp1542-1555.
|
|  - Scott Le Grand; Andreas W. Goetz; Ross C. Walker
|    "SPFP: Speed without compromise - a mixed precision
|    model for GPU accelerated molecular dynamics
|    simulations.", Comp. Phys. Comm., 2013, 184
|    pp374-380, DOI: 10.1016/j.cpc.2012.09.022
|
|    When publishing work that utilized the CUDA version
|    of TI, BAR, MBAR or FEP please cite the following 
|    publications in addition to the regular AMBER 
|    GPU citations:
|
|  - Daniel J. Mermelstein; Charles Lin; Gard Nelson; 
|    Rachael Kretsch; J. Andrew McCammon; Ross C. Walker
|    "Fast and Flexible GPU Accelerated Binding 
|    Free Energy Calculations within the AMBER Molecular
|    Dynamics Package" J. Comp. Chem., 2018,
|    DOI: 10.1002/jcc.25187
|
|  - Tai-Sung Lee; Yuan Hu; Brad Sherborne; Zhuyan Guo;
|    Darrin M. York
|    "Toward Fast and Accurate Binding Affinity Prediction with
|    pmemdGTI: An Efficient Implementation of GPU-Accelerated
|    Thermodynamic Integration"
|    J. Chem. Theory Comput., 2017, 13 (7), 3077
|
|
|--------------------------------------------------------
 
|------------------- GPU DEVICE INFO --------------------
|
|            CUDA_VISIBLE_DEVICES: 0
|   CUDA Capable Devices Detected:      1
|           CUDA Device ID in use:      0
|                CUDA Device Name: Tesla K80
|     CUDA Device Global Mem Size:  11441 MB
| CUDA Device Num Multiprocessors:     13
|           CUDA Device Core Freq:   0.82 GHz
|
|--------------------------------------------------------
 
 
| Conditional Compilation Defines Used:
| FFTW_FFT
| BINTRAJ
| MKL
| CUDA
| EMIL

| Largest sphere to fit in unit cell has radius =    22.455

| New format PARM file being parsed.
| Version =    1.000 Date = 09/30/20 Time = 15:53:13

| Note: 1-4 EEL scale factors are being read from the topology file.

| Note: 1-4 VDW scale factors are being read from the topology file.
| Duplicated    0 dihedrals

| Duplicated    0 dihedrals

--------------------------------------------------------------------------------
   1.  RESOURCE   USE: 
--------------------------------------------------------------------------------

 getting box info from netcdf restart file
 NATOM  =   11419 NTYPES =       6 NBONH =   11409 MBONA  =       8
 NTHETH =       0 MTHETA =      12 NPHIH =       0 MPHIA  =       0
 NHPARM =       0 NPARM  =       0 NNB   =   15234 NRES   =    3805
 NBONA  =       8 NTHETA =      12 NPHIA =       0 NUMBND =       3
 NUMANG =       1 NPTRA  =       0 NATYP =       4 NPHB   =       1
 IFBOX  =       2 NMXRS  =       5 IFCAP =       0 NEXTRA =       0
 NCOPY  =       0

| Coordinate Index Table dimensions:     8    8    8
| Direct force subcell size =     6.8755    6.8755    6.8755

     BOX TYPE: TRUNCATED OCTAHEDRON

--------------------------------------------------------------------------------
   2.  CONTROL  DATA  FOR  THE  RUN
--------------------------------------------------------------------------------

default_name                                                                    

General flags:
     imin    =       0, nmropt  =       1

Nature and format of input:
     ntx     =       1, irest   =       0, ntrx    =       1

Nature and format of output:
     ntxo    =       2, ntpr    =    5000, ntrx    =       1, ntwr    =    5000
     iwrap   =       0, ntwx    =   10000, ntwv    =       0, ntwe    =       0
     ioutfm  =       1, ntwprt  =       0, idecomp =       0, rbornstat=      0

Potential function:
     ntf     =       2, ntb     =       1, igb     =       0, nsnb    =      25
     ipol    =       0, gbsa    =       0, iesp    =       0
     dielc   =   1.00000, cut     =  10.00000, intdiel =   1.00000

Frozen or restrained atoms:
     ibelly  =       0, ntr     =       0

Molecular dynamics:
     nstlim  =    100000, nscm    =      1000, nrespa  =         1
     t       =   0.00000, dt      =   0.00200, vlimit  =  -1.00000

Langevin dynamics temperature regulation:
     ig      =  487321
     temp0   = 300.00000, tempi   =   0.00000, gamma_ln=   2.00000

SHAKE:
     ntc     =       2, jfastw  =       0
     tol     =   0.00001

NMR refinement options:
     iscale  =       0, noeskp  =       1, ipnlty  =       1, mxsub   =       1
     scalm   = 100.00000, pencut  =   0.10000, tausw   =   0.10000

Free energy options:
     icfe    =       1, ifsc    =       0, klambda =       1
     clambda =  0.4374, scalpha =  0.5000, scbeta  = 12.0000
     sceeorder =       2
     dynlmb =  0.0000 logdvdl =       0

| Intermolecular bonds treatment:
|     no_intermolecular_bonds =       1

| Energy averages sample interval:
|     ene_avg_sampling =    5000

Ewald parameters:
     verbose =       0, ew_type =       0, nbflag  =       1, use_pme =       1
     vdwmeth =       1, eedmeth =       1, netfrc  =       1
     Box X =   55.004   Box Y =   55.004   Box Z =   55.004
     Alpha =  109.471   Beta  =  109.471   Gamma =  109.471
     NFFT1 =   56       NFFT2 =   56       NFFT3 =   56
     Cutoff=   10.000   Tol   =0.100E-04
     Ewald Coefficient =  0.27511
     Interpolation order =    4
     TI Mask 1 :1; matches      5 atoms
     TI Mask 2 :2; matches      5 atoms
     TI region 1:   11414 atoms
     TI region 2:   11414 atoms
     Checking for mismatched coordinates.

--------------------------------------------------------------------------------
   3.  ATOMIC COORDINATES AND VELOCITIES
--------------------------------------------------------------------------------

default_name                                                                    
 begin time read from input coords =     0.000 ps



           Begin reading energy term weight changes/NMR restraints
 WEIGHT CHANGES:
 TEMP0         0  90000    0.000000  300.000000      0      0
 TEMP0     90001 100000  300.000000  300.000000      0      0
 DUMPFREQ  10000      0    0.000000    0.000000      0      0

 RESTRAINTS:
                          ** No restraint defined **

                  Done reading weight changes/NMR restraints


 
 Number of triangulated 3-point waters found:     3803

     Sum of charges for TI region  1 =  -2.99999999
     Skip neutralizing charges...


     Sum of charges for TI region  2 =   0.00000000
     Skip neutralizing charges...

| Dynamic Memory, Types Used:
| Reals              566056
| Integers           434130

| Nonbonded Pairs Initial Allocation:     3453962

| GPU memory information (estimate):
| KB of GPU memory in use:    101505
| KB of CPU memory in use:     24225

--------------------------------------------------------------------------------
   4.  RESULTS
--------------------------------------------------------------------------------


| TI region  1


 NSTEP =        0   TIME(PS) =       0.000  TEMP(K) =     0.00  PRESS =     0.0
 Etot   =    -34746.8581  EKtot   =         0.0000  EPtot      =    -34746.8581
 BOND   =         0.0220  ANGLE   =         6.3707  DIHED      =         0.0000
 1-4 NB =         0.0000  1-4 EEL =         0.0000  VDWAALS    =      2552.7740
 EELEC  =    -37306.0248  EHBOND  =         0.0000  RESTRAINT  =         0.0000
 DV/DL  =       203.8164
 ------------------------------------------------------------------------------


| TI region  2


 NSTEP =        0   TIME(PS) =       0.000  TEMP(K) =     0.00  PRESS =     0.0
 Etot   =    -34746.8581  EKtot   =         0.0000  EPtot      =    -34746.8581
 BOND   =         0.0220  ANGLE   =         6.3707  DIHED      =         0.0000
 1-4 NB =         0.0000  1-4 EEL =         0.0000  VDWAALS    =      2552.7740
 EELEC  =    -37306.0248  EHBOND  =         0.0000  RESTRAINT  =         0.0000
 DV/DL  =       203.8164
 ------------------------------------------------------------------------------

 NMR restraints: Bond =    0.000   Angle =     0.000   Torsion =     0.000
===============================================================================

| TI region  1


 NSTEP =     5000   TIME(PS) =      10.000  TEMP(K) =    15.78  PRESS =     0.0
 Etot   =    -44936.7515  EKtot   =       357.9348  EPtot      =    -45294.6863
 BOND   =         0.2119  ANGLE   =         6.3290  DIHED      =         0.0000
 1-4 NB =         0.0000  1-4 EEL =         0.0000  VDWAALS    =      8153.2232
 EELEC  =    -53454.4504  EHBOND  =         0.0000  RESTRAINT  =         0.0000
 DV/DL  =       681.0545
 ------------------------------------------------------------------------------


| TI region  2


 NSTEP =     5000   TIME(PS) =      10.000  TEMP(K) =    15.78  PRESS =     0.0
 Etot   =    -44936.7515  EKtot   =       357.9348  EPtot      =    -45294.6863
 BOND   =         0.2119  ANGLE   =         6.3290  DIHED      =         0.0000
 1-4 NB =         0.0000  1-4 EEL =         0.0000  VDWAALS    =      8153.2232
 EELEC  =    -53454.4504  EHBOND  =         0.0000  RESTRAINT  =         0.0000
 DV/DL  =       681.0545
 ------------------------------------------------------------------------------

 NMR restraints: Bond =    0.000   Angle =     0.000   Torsion =     0.000
===============================================================================

| TI region  1


 NSTEP =    10000   TIME(PS) =      20.000  TEMP(K) =    32.58  PRESS =     0.0
 Etot   =    -44270.9071  EKtot   =       739.0686  EPtot      =    -45009.9756
 BOND   =         0.7473  ANGLE   =         6.3841  DIHED      =         0.0000
 1-4 NB =         0.0000  1-4 EEL =         0.0000  VDWAALS    =      8094.2616
 EELEC  =    -53111.3687  EHBOND  =         0.0000  RESTRAINT  =         0.0000
 DV/DL  =       683.6932
 ------------------------------------------------------------------------------


| TI region  2


 NSTEP =    10000   TIME(PS) =      20.000  TEMP(K) =    32.58  PRESS =     0.0
 Etot   =    -44270.9071  EKtot   =       739.0686  EPtot      =    -45009.9756
 BOND   =         0.7473  ANGLE   =         6.3841  DIHED      =         0.0000
 1-4 NB =         0.0000  1-4 EEL =         0.0000  VDWAALS    =      8094.2616
 EELEC  =    -53111.3687  EHBOND  =         0.0000  RESTRAINT  =         0.0000
 DV/DL  =       683.6932
 ------------------------------------------------------------------------------

 NMR restraints: Bond =    0.000   Angle =     0.000   Torsion =     0.000
===============================================================================

| TI region  1


 NSTEP =    15000   TIME(PS) =      30.000  TEMP(K) =    49.85  PRESS =     0.0
 Etot   =    -43600.2723  EKtot   =      1130.8569  EPtot      =    -44731.1292
 BOND   =         0.7079  ANGLE   =         6.4843  DIHED      =         0.0000
 1-4 NB =         0.0000  1-4 EEL =         0.0000  VDWAALS    =      8249.0034
 EELEC  =    -52987.3249  EHBOND  =         0.0000  RESTRAINT  =         0.0000
 DV/DL  =       710.2161
 ------------------------------------------------------------------------------


| TI region  2


 NSTEP =    15000   TIME(PS) =      30.000  TEMP(K) =    49.85  PRESS =     0.0
 Etot   =    -43600.2723  EKtot   =      1130.8569  EPtot      =    -44731.1292
 BOND   =         0.7079  ANGLE   =         6.4843  DIHED      =         0.0000
 1-4 NB =         0.0000  1-4 EEL =         0.0000  VDWAALS    =      8249.0034
 EELEC  =    -52987.3249  EHBOND  =         0.0000  RESTRAINT  =         0.0000
 DV/DL  =       710.2161
 ------------------------------------------------------------------------------

 NMR restraints: Bond =    0.000   Angle =     0.000   Torsion =     0.000
===============================================================================

| TI region  1


 NSTEP =    20000   TIME(PS) =      40.000  TEMP(K) =    66.31  PRESS =     0.0
 Etot   =    -42984.2242  EKtot   =      1504.3237  EPtot      =    -44488.5479
 BOND   =         0.1007  ANGLE   =         6.9436  DIHED      =         0.0000
 1-4 NB =         0.0000  1-4 EEL =         0.0000  VDWAALS    =      8125.5877
 EELEC  =    -52621.1799  EHBOND  =         0.0000  RESTRAINT  =         0.0000
 DV/DL  =       693.5296
 ------------------------------------------------------------------------------


| TI region  2


 NSTEP =    20000   TIME(PS) =      40.000  TEMP(K) =    66.31  PRESS =     0.0
 Etot   =    -42984.2242  EKtot   =      1504.3237  EPtot      =    -44488.5479
 BOND   =         0.1007  ANGLE   =         6.9436  DIHED      =         0.0000
 1-4 NB =         0.0000  1-4 EEL =         0.0000  VDWAALS    =      8125.5877
 EELEC  =    -52621.1799  EHBOND  =         0.0000  RESTRAINT  =         0.0000
 DV/DL  =       693.5296
 ------------------------------------------------------------------------------

 NMR restraints: Bond =    0.000   Angle =     0.000   Torsion =     0.000
===============================================================================

| TI region  1


 NSTEP =    25000   TIME(PS) =      50.000  TEMP(K) =    82.37  PRESS =     0.0
 Etot   =    -42343.3948  EKtot   =      1868.6334  EPtot      =    -44212.0282
 BOND   =         0.1966  ANGLE   =         6.4990  DIHED      =         0.0000
 1-4 NB =         0.0000  1-4 EEL =         0.0000  VDWAALS    =      8130.6429
 EELEC  =    -52349.3667  EHBOND  =         0.0000  RESTRAINT  =         0.0000
 DV/DL  =       693.8859
 ------------------------------------------------------------------------------


| TI region  2


 NSTEP =    25000   TIME(PS) =      50.000  TEMP(K) =    82.37  PRESS =     0.0
 Etot   =    -42343.3948  EKtot   =      1868.6334  EPtot      =    -44212.0282
 BOND   =         0.1966  ANGLE   =         6.4990  DIHED      =         0.0000
 1-4 NB =         0.0000  1-4 EEL =         0.0000  VDWAALS    =      8130.6429
 EELEC  =    -52349.3667  EHBOND  =         0.0000  RESTRAINT  =         0.0000
 DV/DL  =       693.8859
 ------------------------------------------------------------------------------

 NMR restraints: Bond =    0.000   Angle =     0.000   Torsion =     0.000
===============================================================================

| TI region  1


 NSTEP =    30000   TIME(PS) =      60.000  TEMP(K) =    99.83  PRESS =     0.0
 Etot   =    -41691.8996  EKtot   =      2264.8324  EPtot      =    -43956.7320
 BOND   =         0.6927  ANGLE   =         6.5875  DIHED      =         0.0000
 1-4 NB =         0.0000  1-4 EEL =         0.0000  VDWAALS    =      8020.2951
 EELEC  =    -51984.3073  EHBOND  =         0.0000  RESTRAINT  =         0.0000
 DV/DL  =       677.9514
 ------------------------------------------------------------------------------


| TI region  2


 NSTEP =    30000   TIME(PS) =      60.000  TEMP(K) =    99.83  PRESS =     0.0
 Etot   =    -41691.8996  EKtot   =      2264.8324  EPtot      =    -43956.7320
 BOND   =         0.6927  ANGLE   =         6.5875  DIHED      =         0.0000
 1-4 NB =         0.0000  1-4 EEL =         0.0000  VDWAALS    =      8020.2951
 EELEC  =    -51984.3073  EHBOND  =         0.0000  RESTRAINT  =         0.0000
 DV/DL  =       677.9514
 ------------------------------------------------------------------------------

 NMR restraints: Bond =    0.000   Angle =     0.000   Torsion =     0.000
===============================================================================

| TI region  1


 NSTEP =    35000   TIME(PS) =      70.000  TEMP(K) =   115.41  PRESS =     0.0
 Etot   =    -40998.7258  EKtot   =      2618.3697  EPtot      =    -43617.0956
 BOND   =         0.9090  ANGLE   =         7.0868  DIHED      =         0.0000
 1-4 NB =         0.0000  1-4 EEL =         0.0000  VDWAALS    =      7983.8095
 EELEC  =    -51608.9008  EHBOND  =         0.0000  RESTRAINT  =         0.0000
 DV/DL  =       708.7914
 ------------------------------------------------------------------------------


| TI region  2


 NSTEP =    35000   TIME(PS) =      70.000  TEMP(K) =   115.41  PRESS =     0.0
 Etot   =    -40998.7258  EKtot   =      2618.3697  EPtot      =    -43617.0956
 BOND   =         0.9090  ANGLE   =         7.0868  DIHED      =         0.0000
 1-4 NB =         0.0000  1-4 EEL =         0.0000  VDWAALS    =      7983.8095
 EELEC  =    -51608.9008  EHBOND  =         0.0000  RESTRAINT  =         0.0000
 DV/DL  =       708.7914
 ------------------------------------------------------------------------------

 NMR restraints: Bond =    0.000   Angle =     0.000   Torsion =     0.000
===============================================================================

| TI region  1


 NSTEP =    40000   TIME(PS) =      80.000  TEMP(K) =   131.09  PRESS =     0.0
 Etot   =    -40300.0593  EKtot   =      2973.9370  EPtot      =    -43273.9962
 BOND   =         0.6617  ANGLE   =         7.1500  DIHED      =         0.0000
 1-4 NB =         0.0000  1-4 EEL =         0.0000  VDWAALS    =      7952.5987
 EELEC  =    -51234.4066  EHBOND  =         0.0000  RESTRAINT  =         0.0000
 DV/DL  =       723.8607
 ------------------------------------------------------------------------------


| TI region  2


 NSTEP =    40000   TIME(PS) =      80.000  TEMP(K) =   131.09  PRESS =     0.0
 Etot   =    -40300.0593  EKtot   =      2973.9370  EPtot      =    -43273.9962
 BOND   =         0.6617  ANGLE   =         7.1500  DIHED      =         0.0000
 1-4 NB =         0.0000  1-4 EEL =         0.0000  VDWAALS    =      7952.5987
 EELEC  =    -51234.4066  EHBOND  =         0.0000  RESTRAINT  =         0.0000
 DV/DL  =       723.8607
 ------------------------------------------------------------------------------

 NMR restraints: Bond =    0.000   Angle =     0.000   Torsion =     0.000
===============================================================================

| TI region  1


 NSTEP =    45000   TIME(PS) =      90.000  TEMP(K) =   149.32  PRESS =     0.0
 Etot   =    -39553.5603  EKtot   =      3387.5895  EPtot      =    -42941.1498
 BOND   =         2.1437  ANGLE   =         6.3484  DIHED      =         0.0000
 1-4 NB =         0.0000  1-4 EEL =         0.0000  VDWAALS    =      7845.1035
 EELEC  =    -50794.7453  EHBOND  =         0.0000  RESTRAINT  =         0.0000
 DV/DL  =       713.5054
 ------------------------------------------------------------------------------


| TI region  2


 NSTEP =    45000   TIME(PS) =      90.000  TEMP(K) =   149.32  PRESS =     0.0
 Etot   =    -39553.5603  EKtot   =      3387.5895  EPtot      =    -42941.1498
 BOND   =         2.1437  ANGLE   =         6.3484  DIHED      =         0.0000
 1-4 NB =         0.0000  1-4 EEL =         0.0000  VDWAALS    =      7845.1035
 EELEC  =    -50794.7453  EHBOND  =         0.0000  RESTRAINT  =         0.0000
 DV/DL  =       713.5054
 ------------------------------------------------------------------------------

 NMR restraints: Bond =    0.000   Angle =     0.000   Torsion =     0.000
===============================================================================

| TI region  1


 NSTEP =    50000   TIME(PS) =     100.000  TEMP(K) =   168.21  PRESS =     0.0
 Etot   =    -38679.8137  EKtot   =      3816.1325  EPtot      =    -42495.9462
 BOND   =         0.9074  ANGLE   =         7.9752  DIHED      =         0.0000
 1-4 NB =         0.0000  1-4 EEL =         0.0000  VDWAALS    =      7664.0151
 EELEC  =    -50168.8439  EHBOND  =         0.0000  RESTRAINT  =         0.0000
 DV/DL  =       718.7779
 ------------------------------------------------------------------------------


| TI region  2


 NSTEP =    50000   TIME(PS) =     100.000  TEMP(K) =   168.21  PRESS =     0.0
 Etot   =    -38679.8137  EKtot   =      3816.1325  EPtot      =    -42495.9462
 BOND   =         0.9074  ANGLE   =         7.9752  DIHED      =         0.0000
 1-4 NB =         0.0000  1-4 EEL =         0.0000  VDWAALS    =      7664.0151
 EELEC  =    -50168.8439  EHBOND  =         0.0000  RESTRAINT  =         0.0000
 DV/DL  =       718.7779
 ------------------------------------------------------------------------------

 NMR restraints: Bond =    0.000   Angle =     0.000   Torsion =     0.000
===============================================================================

| TI region  1


 NSTEP =    55000   TIME(PS) =     110.000  TEMP(K) =   181.56  PRESS =     0.0
 Etot   =    -37959.7315  EKtot   =      4119.0641  EPtot      =    -42078.7957
 BOND   =         0.9272  ANGLE   =         6.8252  DIHED      =         0.0000
 1-4 NB =         0.0000  1-4 EEL =         0.0000  VDWAALS    =      7439.0203
 EELEC  =    -49525.5683  EHBOND  =         0.0000  RESTRAINT  =         0.0000
 DV/DL  =       713.4476
 ------------------------------------------------------------------------------


| TI region  2


 NSTEP =    55000   TIME(PS) =     110.000  TEMP(K) =   181.56  PRESS =     0.0
 Etot   =    -37959.7315  EKtot   =      4119.0641  EPtot      =    -42078.7957
 BOND   =         0.9272  ANGLE   =         6.8252  DIHED      =         0.0000
 1-4 NB =         0.0000  1-4 EEL =         0.0000  VDWAALS    =      7439.0203
 EELEC  =    -49525.5683  EHBOND  =         0.0000  RESTRAINT  =         0.0000
 DV/DL  =       713.4476
 ------------------------------------------------------------------------------

 NMR restraints: Bond =    0.000   Angle =     0.000   Torsion =     0.000
===============================================================================

| TI region  1


 NSTEP =    60000   TIME(PS) =     120.000  TEMP(K) =   195.47  PRESS =     0.0
 Etot   =    -36938.1930  EKtot   =      4434.5470  EPtot      =    -41372.7400
 BOND   =         0.4938  ANGLE   =         7.2548  DIHED      =         0.0000
 1-4 NB =         0.0000  1-4 EEL =         0.0000  VDWAALS    =      7436.9854
 EELEC  =    -48817.4739  EHBOND  =         0.0000  RESTRAINT  =         0.0000
 DV/DL  =       720.5824
 ------------------------------------------------------------------------------


| TI region  2


 NSTEP =    60000   TIME(PS) =     120.000  TEMP(K) =   195.47  PRESS =     0.0
 Etot   =    -36938.1930  EKtot   =      4434.5470  EPtot      =    -41372.7400
 BOND   =         0.4938  ANGLE   =         7.2548  DIHED      =         0.0000
 1-4 NB =         0.0000  1-4 EEL =         0.0000  VDWAALS    =      7436.9854
 EELEC  =    -48817.4739  EHBOND  =         0.0000  RESTRAINT  =         0.0000
 DV/DL  =       720.5824
 ------------------------------------------------------------------------------

 NMR restraints: Bond =    0.000   Angle =     0.000   Torsion =     0.000
===============================================================================

| TI region  1


 NSTEP =    65000   TIME(PS) =     130.000  TEMP(K) =   215.95  PRESS =     0.0
 Etot   =    -35555.0975  EKtot   =      4899.1820  EPtot      =    -40454.2795
 BOND   =         0.2578  ANGLE   =         9.1369  DIHED      =         0.0000
 1-4 NB =         0.0000  1-4 EEL =         0.0000  VDWAALS    =      6874.8464
 EELEC  =    -47338.5207  EHBOND  =         0.0000  RESTRAINT  =         0.0000
 DV/DL  =       742.2421
 ------------------------------------------------------------------------------


| TI region  2


 NSTEP =    65000   TIME(PS) =     130.000  TEMP(K) =   215.95  PRESS =     0.0
 Etot   =    -35555.0975  EKtot   =      4899.1820  EPtot      =    -40454.2795
 BOND   =         0.2578  ANGLE   =         9.1369  DIHED      =         0.0000
 1-4 NB =         0.0000  1-4 EEL =         0.0000  VDWAALS    =      6874.8464
 EELEC  =    -47338.5207  EHBOND  =         0.0000  RESTRAINT  =         0.0000
 DV/DL  =       742.2421
 ------------------------------------------------------------------------------

 NMR restraints: Bond =    0.000   Angle =     0.000   Torsion =     0.000
===============================================================================

| TI region  1


 NSTEP =    70000   TIME(PS) =     140.000  TEMP(K) =   232.30  PRESS =     0.0
 Etot   =    -34247.3652  EKtot   =      5270.0865  EPtot      =    -39517.4517
 BOND   =         0.8573  ANGLE   =         9.6226  DIHED      =         0.0000
 1-4 NB =         0.0000  1-4 EEL =         0.0000  VDWAALS    =      6381.0437
 EELEC  =    -45908.9752  EHBOND  =         0.0000  RESTRAINT  =         0.0000
 DV/DL  =       791.2964
 ------------------------------------------------------------------------------


| TI region  2


 NSTEP =    70000   TIME(PS) =     140.000  TEMP(K) =   232.30  PRESS =     0.0
 Etot   =    -34247.3652  EKtot   =      5270.0865  EPtot      =    -39517.4517
 BOND   =         0.8573  ANGLE   =         9.6226  DIHED      =         0.0000
 1-4 NB =         0.0000  1-4 EEL =         0.0000  VDWAALS    =      6381.0437
 EELEC  =    -45908.9752  EHBOND  =         0.0000  RESTRAINT  =         0.0000
 DV/DL  =       791.2964
 ------------------------------------------------------------------------------

 NMR restraints: Bond =    0.000   Angle =     0.000   Torsion =     0.000
===============================================================================

| TI region  1


 NSTEP =    75000   TIME(PS) =     150.000  TEMP(K) =   252.87  PRESS =     0.0
 Etot   =    -32799.2326  EKtot   =      5736.8071  EPtot      =    -38536.0397
 BOND   =         0.1206  ANGLE   =         8.1739  DIHED      =         0.0000
 1-4 NB =         0.0000  1-4 EEL =         0.0000  VDWAALS    =      6033.3661
 EELEC  =    -44577.7004  EHBOND  =         0.0000  RESTRAINT  =         0.0000
 DV/DL  =       745.0128
 ------------------------------------------------------------------------------


| TI region  2


 NSTEP =    75000   TIME(PS) =     150.000  TEMP(K) =   252.87  PRESS =     0.0
 Etot   =    -32799.2326  EKtot   =      5736.8071  EPtot      =    -38536.0397
 BOND   =         0.1206  ANGLE   =         8.1739  DIHED      =         0.0000
 1-4 NB =         0.0000  1-4 EEL =         0.0000  VDWAALS    =      6033.3661
 EELEC  =    -44577.7004  EHBOND  =         0.0000  RESTRAINT  =         0.0000
 DV/DL  =       745.0128
 ------------------------------------------------------------------------------

 NMR restraints: Bond =    0.000   Angle =     0.000   Torsion =     0.000
===============================================================================

| TI region  1


 NSTEP =    80000   TIME(PS) =     160.000  TEMP(K) =   265.44  PRESS =     0.0
 Etot   =    -31495.9421  EKtot   =      6021.9336  EPtot      =    -37517.8757
 BOND   =         0.6564  ANGLE   =         6.7355  DIHED      =         0.0000
 1-4 NB =         0.0000  1-4 EEL =         0.0000  VDWAALS    =      5643.9195
 EELEC  =    -43169.1871  EHBOND  =         0.0000  RESTRAINT  =         0.0000
 DV/DL  =       731.0596
 ------------------------------------------------------------------------------


| TI region  2


 NSTEP =    80000   TIME(PS) =     160.000  TEMP(K) =   265.44  PRESS =     0.0
 Etot   =    -31495.9421  EKtot   =      6021.9336  EPtot      =    -37517.8757
 BOND   =         0.6564  ANGLE   =         6.7355  DIHED      =         0.0000
 1-4 NB =         0.0000  1-4 EEL =         0.0000  VDWAALS    =      5643.9195
 EELEC  =    -43169.1871  EHBOND  =         0.0000  RESTRAINT  =         0.0000
 DV/DL  =       731.0596
 ------------------------------------------------------------------------------

 NMR restraints: Bond =    0.000   Angle =     0.000   Torsion =     0.000
===============================================================================

| TI region  1


 NSTEP =    85000   TIME(PS) =     170.000  TEMP(K) =   285.15  PRESS =     0.0
 Etot   =    -30113.2397  EKtot   =      6469.0250  EPtot      =    -36582.2648
 BOND   =         1.8872  ANGLE   =         6.9692  DIHED      =         0.0000
 1-4 NB =         0.0000  1-4 EEL =         0.0000  VDWAALS    =      5302.0546
 EELEC  =    -41893.1758  EHBOND  =         0.0000  RESTRAINT  =         0.0000
 DV/DL  =       753.9349
 ------------------------------------------------------------------------------


| TI region  2


 NSTEP =    85000   TIME(PS) =     170.000  TEMP(K) =   285.15  PRESS =     0.0
 Etot   =    -30113.2397  EKtot   =      6469.0250  EPtot      =    -36582.2648
 BOND   =         1.8872  ANGLE   =         6.9692  DIHED      =         0.0000
 1-4 NB =         0.0000  1-4 EEL =         0.0000  VDWAALS    =      5302.0546
 EELEC  =    -41893.1758  EHBOND  =         0.0000  RESTRAINT  =         0.0000
 DV/DL  =       753.9349
 ------------------------------------------------------------------------------

 NMR restraints: Bond =    0.000   Angle =     0.000   Torsion =     0.000
===============================================================================

| TI region  1


 NSTEP =    90000   TIME(PS) =     180.000  TEMP(K) =   299.25  PRESS =     0.0
 Etot   =    -29053.8661  EKtot   =      6789.0539  EPtot      =    -35842.9200
 BOND   =         1.5233  ANGLE   =         6.7614  DIHED      =         0.0000
 1-4 NB =         0.0000  1-4 EEL =         0.0000  VDWAALS    =      5092.3453
 EELEC  =    -40943.5499  EHBOND  =         0.0000  RESTRAINT  =         0.0000
 DV/DL  =       743.2059
 ------------------------------------------------------------------------------


| TI region  2


 NSTEP =    90000   TIME(PS) =     180.000  TEMP(K) =   299.25  PRESS =     0.0
 Etot   =    -29053.8661  EKtot   =      6789.0539  EPtot      =    -35842.9200
 BOND   =         1.5233  ANGLE   =         6.7614  DIHED      =         0.0000
 1-4 NB =         0.0000  1-4 EEL =         0.0000  VDWAALS    =      5092.3453
 EELEC  =    -40943.5499  EHBOND  =         0.0000  RESTRAINT  =         0.0000
 DV/DL  =       743.2059
 ------------------------------------------------------------------------------

 NMR restraints: Bond =    0.000   Angle =     0.000   Torsion =     0.000
===============================================================================

| TI region  1


 NSTEP =    95000   TIME(PS) =     190.000  TEMP(K) =   298.30  PRESS =     0.0
 Etot   =    -28741.4028  EKtot   =      6767.5314  EPtot      =    -35508.9343
 BOND   =         5.2695  ANGLE   =         8.7312  DIHED      =         0.0000
 1-4 NB =         0.0000  1-4 EEL =         0.0000  VDWAALS    =      5171.8767
 EELEC  =    -40694.8116  EHBOND  =         0.0000  RESTRAINT  =         0.0000
 DV/DL  =       747.0692
 ------------------------------------------------------------------------------


| TI region  2


 NSTEP =    95000   TIME(PS) =     190.000  TEMP(K) =   298.30  PRESS =     0.0
 Etot   =    -28741.4028  EKtot   =      6767.5314  EPtot      =    -35508.9343
 BOND   =         5.2695  ANGLE   =         8.7312  DIHED      =         0.0000
 1-4 NB =         0.0000  1-4 EEL =         0.0000  VDWAALS    =      5171.8767
 EELEC  =    -40694.8116  EHBOND  =         0.0000  RESTRAINT  =         0.0000
 DV/DL  =       747.0692
 ------------------------------------------------------------------------------

 NMR restraints: Bond =    0.000   Angle =     0.000   Torsion =     0.000
===============================================================================

| TI region  1


 NSTEP =   100000   TIME(PS) =     200.000  TEMP(K) =   299.68  PRESS =     0.0
 Etot   =    -28719.9590  EKtot   =      6798.7806  EPtot      =    -35518.7397
 BOND   =         0.6664  ANGLE   =         9.0921  DIHED      =         0.0000
 1-4 NB =         0.0000  1-4 EEL =         0.0000  VDWAALS    =      5083.2689
 EELEC  =    -40611.7671  EHBOND  =         0.0000  RESTRAINT  =         0.0000
 DV/DL  =       740.8766
 ------------------------------------------------------------------------------


| TI region  2


 NSTEP =   100000   TIME(PS) =     200.000  TEMP(K) =   299.68  PRESS =     0.0
 Etot   =    -28719.9590  EKtot   =      6798.7806  EPtot      =    -35518.7397
 BOND   =         0.6664  ANGLE   =         9.0921  DIHED      =         0.0000
 1-4 NB =         0.0000  1-4 EEL =         0.0000  VDWAALS    =      5083.2689
 EELEC  =    -40611.7671  EHBOND  =         0.0000  RESTRAINT  =         0.0000
 DV/DL  =       740.8766
 ------------------------------------------------------------------------------

 NMR restraints: Bond =    0.000   Angle =     0.000   Torsion =     0.000
===============================================================================

| TI region  1


      A V E R A G E S   O V E R      20 S T E P S


 NSTEP =   100000   TIME(PS) =     200.000  TEMP(K) =   171.84  PRESS =     0.0
 Etot   =    -37249.1819  EKtot   =      3898.3845  EPtot      =    -41147.5664
 BOND   =         0.9969  ANGLE   =         7.3545  DIHED      =         0.0000
 1-4 NB =         0.0000  1-4 EEL =         0.0000  VDWAALS    =      7033.8634
 EELEC  =    -48189.7812  EHBOND  =         0.0000  RESTRAINT  =         0.0000
 DV/DL  =       721.6997
 ------------------------------------------------------------------------------

 NMR restraints: Bond =    0.000   Angle =     0.000   Torsion =     0.000
===============================================================================

      R M S  F L U C T U A T I O N S


 NSTEP =   100000   TIME(PS) =     200.000  TEMP(K) =    92.55  PRESS =     0.0
 Etot   =      5415.9118  EKtot   =      2099.6780  EPtot      =      3358.3346
 BOND   =         1.1154  ANGLE   =         1.0206  DIHED      =         0.0000
 1-4 NB =         0.0000  1-4 EEL =         0.0000  VDWAALS    =      1178.4526
 EELEC  =      4528.0803  EHBOND  =         0.0000  RESTRAINT  =         0.0000
 DV/DL  =        27.7809
 ------------------------------------------------------------------------------


| TI region  2


      A V E R A G E S   O V E R      20 S T E P S


 NSTEP =   100000   TIME(PS) =     200.000  TEMP(K) =   171.84  PRESS =     0.0
 Etot   =    -37249.1819  EKtot   =      3898.3845  EPtot      =    -41147.5664
 BOND   =         0.9969  ANGLE   =         7.3545  DIHED      =         0.0000
 1-4 NB =         0.0000  1-4 EEL =         0.0000  VDWAALS    =      7033.8634
 EELEC  =    -48189.7812  EHBOND  =         0.0000  RESTRAINT  =         0.0000
 DV/DL  =       721.6997
 ------------------------------------------------------------------------------

 NMR restraints: Bond =    0.000   Angle =     0.000   Torsion =     0.000
===============================================================================

      R M S  F L U C T U A T I O N S


 NSTEP =   100000   TIME(PS) =     200.000  TEMP(K) =    92.55  PRESS =     0.0
 Etot   =      5415.9118  EKtot   =      2099.6780  EPtot      =      3358.3346
 BOND   =         1.1154  ANGLE   =         1.0206  DIHED      =         0.0000
 1-4 NB =         0.0000  1-4 EEL =         0.0000  VDWAALS    =      1178.4526
 EELEC  =      4528.0803  EHBOND  =         0.0000  RESTRAINT  =         0.0000
 DV/DL  =        27.7809
 ------------------------------------------------------------------------------


      DV/DL, AVERAGES OVER      20 STEPS


 NSTEP =   100000   TIME(PS) =     200.000  TEMP(K) =    92.55  PRESS =     0.0
 Etot   =         0.0000  EKtot   =         0.0000  EPtot      =       721.6997
 BOND   =         0.0000  ANGLE   =         0.0000  DIHED      =         0.0000
 1-4 NB =         0.0000  1-4 EEL =         0.0000  VDWAALS    =       -28.3260
 EELEC  =       750.0257  EHBOND  =         0.0000  RESTRAINT  =         0.0000
 DV/DL  =       721.6997
 ------------------------------------------------------------------------------


 NMR restraints on final step:

--------------------------------------------------------------------------------
   5.  TIMINGS
--------------------------------------------------------------------------------

|  NonSetup CPU Time in Major Routines:
|
|     Routine           Sec        %
|     ------------------------------
|     Nonbond          28.41   19.90
|     Bond              0.00    0.00
|     Angle             0.00    0.00
|     Dihedral          0.00    0.00
|     Shake             0.39    0.27
|     RunMD           113.63   79.58
|     Other             0.35    0.25
|     ------------------------------
|     Total           142.79

|  PME Nonbond Pairlist CPU Time:
|
|     Routine              Sec        %
|     ---------------------------------
|     Set Up Cit           0.00    0.00
|     Build List           0.00    0.00
|     ---------------------------------
|     Total                0.00    0.00

|  PME Direct Force CPU Time:
|
|     Routine              Sec        %
|     ---------------------------------
|     NonBonded Calc       0.00    0.00
|     Exclude Masked       0.00    0.00
|     Other                0.24    0.17
|     ---------------------------------
|     Total                0.24    0.17

|  PME Reciprocal Force CPU Time:
|
|     Routine              Sec        %
|     ---------------------------------
|     1D bspline           0.00    0.00
|     Grid Charges         0.00    0.00
|     Scalar Sum           0.00    0.00
|     Gradient Sum         0.00    0.00
|     FFT                  0.00    0.00
|     ---------------------------------
|     Total                0.00    0.00

|  Final Performance Info:
|     -----------------------------------------------------
|     Average timings for last   10000 steps:
|     Elapsed(s) =      14.95 Per Step(ms) =       1.50
|         ns/day =     115.58   seconds/ns =     747.51
|
|     Average timings for all steps:
|     Elapsed(s) =     143.05 Per Step(ms) =       1.43
|         ns/day =     120.79   seconds/ns =     715.27
|     -----------------------------------------------------

|  Setup CPU time:            0.61 seconds
|  NonSetup CPU time:       142.79 seconds
|  Total CPU time:          143.40 seconds     0.04 hours

|  Setup wall time:           1    seconds
|  NonSetup wall time:      143    seconds
|  Total wall time:         144    seconds     0.04 hours
