
          -------------------------------------------------------
          Amber 20 PMEMD                              2020
          -------------------------------------------------------

| PMEMD implementation of SANDER, Release 18

|  Compiled date/time: Mon Apr 27 21:19:54 2020
| Run on 10/06/2020 at 15:03:11

|   Executable path: /opt/software/Amber/20-fosscuda-2019b/amber20/bin/pmemd.cuda
| Working directory: /mnt/ls15/scratch/users/songlin3/run/solvation_amber20/po4/two_step_tip3p_PO4/step1_po4_to_vdw/0.99078
|          Hostname: nvf-001

  [-O]verwriting output

File Assignments:
|   MDIN: heat.in                                                               
|  MDOUT: heat.out                                                              
| INPCRD: min.rst                                                               
|   PARM: step1.prmtop                                                          
| RESTRT: heat.rst                                                              
|   REFC: min.rst                                                               
|  MDVEL: mdvel                                                                 
|   MDEN: mden                                                                  
|  MDCRD: heat.netcdf                                                           
| MDINFO: heat.mdinfo                                                           
|  MDFRC: mdfrc                                                                 


 Here is the input file:

nvt for free MD                                                                
 &cntrl                                                                        
  imin=0,                                                                      
  irest=0,                                                                     
  ntx=1,                                                                       
  ig=-1,                                                                       
  nstlim=200000,                                                               
  dt=0.001,                                                                    
  cut=10.0,                                                                    
  ntc=1,                                                                       
  ntf=1,                                                                       
  ntb=1,                                                                       
  ntt=3,                                                                       
  gamma_ln=2.0,                                                                
  tempi=0.0,                                                                   
  temp0=300.0,                                                                 
  ntpr=5000,                                                                   
  ntwr=5000,                                                                   
  ntwx=10000,                                                                  
  ntwv=0,                                                                      
  ioutfm=1,                                                                    
  iwrap=0,                                                                     
  nmropt=1,                                                                    
  ifsc = 0, icfe=1,                                                            
  clambda=0.99078,                                                             
  timask1=':1',                                                                
  timask2=':2', crgmask = ':2',                                                
/                                                                              
&wt TYPE='TEMP0', istep1=0, istep2=190000, value1=0.0, value2=300.0 /          
&wt TYPE='TEMP0', istep1=190001, istep2=200000, value1=300.0, value2=300.0 /   
&wt TYPE='DUMPFREQ', istep1=10000, /                                           
&wt TYPE='END', /                                                              


Note: ig = -1. Setting random seed to   548124 based on wallclock time in 
      microseconds.
| irandom = 1, using AMBER's internal random number generator (default).
 
|--------------------- INFORMATION ----------------------
| GPU (CUDA) Version of PMEMD in use: NVIDIA GPU IN USE.
|                    Version 18.0.0
| 
|                      03/25/2018
| 
| Implementation by:
|                    Ross C. Walker     (SDSC)
|                    Scott Le Grand     (nVIDIA)
| 
| Version 18 performance extensions by:
|                    David Cerutti     (Rutgers)
| 
| Precision model in use:
|      [SPFP] - Single Precision Forces, 64-bit Fixed Point
|               Accumulation. (Default)
| 
|--------------------------------------------------------
 
|----------------- CITATION INFORMATION -----------------
|
|    When publishing work that utilized the CUDA version
|    of AMBER, please cite the following in addition to
|    the regular AMBER citations:
|
|  - Romelia Salomon-Ferrer; Andreas W. Goetz; Duncan
|    Poole; Scott Le Grand; Ross C. Walker "Routine
|    microsecond molecular dynamics simulations with
|    AMBER - Part II: Particle Mesh Ewald", J. Chem.
|    Theory Comput., 2013, 9 (9), pp3878-3888,
|    DOI: 10.1021/ct400314y.
|
|  - Andreas W. Goetz; Mark J. Williamson; Dong Xu;
|    Duncan Poole; Scott Le Grand; Ross C. Walker
|    "Routine microsecond molecular dynamics simulations
|    with AMBER - Part I: Generalized Born", J. Chem.
|    Theory Comput., 2012, 8 (5), pp1542-1555.
|
|  - Scott Le Grand; Andreas W. Goetz; Ross C. Walker
|    "SPFP: Speed without compromise - a mixed precision
|    model for GPU accelerated molecular dynamics
|    simulations.", Comp. Phys. Comm., 2013, 184
|    pp374-380, DOI: 10.1016/j.cpc.2012.09.022
|
|    When publishing work that utilized the CUDA version
|    of TI, BAR, MBAR or FEP please cite the following 
|    publications in addition to the regular AMBER 
|    GPU citations:
|
|  - Daniel J. Mermelstein; Charles Lin; Gard Nelson; 
|    Rachael Kretsch; J. Andrew McCammon; Ross C. Walker
|    "Fast and Flexible GPU Accelerated Binding 
|    Free Energy Calculations within the AMBER Molecular
|    Dynamics Package" J. Comp. Chem., 2018,
|    DOI: 10.1002/jcc.25187
|
|  - Tai-Sung Lee; Yuan Hu; Brad Sherborne; Zhuyan Guo;
|    Darrin M. York
|    "Toward Fast and Accurate Binding Affinity Prediction with
|    pmemdGTI: An Efficient Implementation of GPU-Accelerated
|    Thermodynamic Integration"
|    J. Chem. Theory Comput., 2017, 13 (7), 3077
|
|
|--------------------------------------------------------
 
|------------------- GPU DEVICE INFO --------------------
|
|            CUDA_VISIBLE_DEVICES: 0
|   CUDA Capable Devices Detected:      1
|           CUDA Device ID in use:      0
|                CUDA Device Name: Tesla V100S-PCIE-32GB
|     CUDA Device Global Mem Size:  32510 MB
| CUDA Device Num Multiprocessors:     80
|           CUDA Device Core Freq:   1.60 GHz
|
|--------------------------------------------------------
 
 
| Conditional Compilation Defines Used:
| FFTW_FFT
| BINTRAJ
| MKL
| CUDA
| EMIL

| Largest sphere to fit in unit cell has radius =    22.455

| New format PARM file being parsed.
| Version =    1.000 Date = 09/30/20 Time = 15:28:49

| Note: 1-4 EEL scale factors are being read from the topology file.

| Note: 1-4 VDW scale factors are being read from the topology file.
| Duplicated    0 dihedrals

| Duplicated    0 dihedrals

--------------------------------------------------------------------------------
   1.  RESOURCE   USE: 
--------------------------------------------------------------------------------

 getting box info from netcdf restart file
 NATOM  =   11419 NTYPES =       4 NBONH =   11409 MBONA  =       8
 NTHETH =       0 MTHETA =      12 NPHIH =       0 MPHIA  =       0
 NHPARM =       0 NPARM  =       0 NNB   =   15234 NRES   =    3805
 NBONA  =       8 NTHETA =      12 NPHIA =       0 NUMBND =       3
 NUMANG =       1 NPTRA  =       0 NATYP =       4 NPHB   =       1
 IFBOX  =       2 NMXRS  =       5 IFCAP =       0 NEXTRA =       0
 NCOPY  =       0

| Coordinate Index Table dimensions:     8    8    8
| Direct force subcell size =     6.8755    6.8755    6.8755

     BOX TYPE: TRUNCATED OCTAHEDRON

--------------------------------------------------------------------------------
   2.  CONTROL  DATA  FOR  THE  RUN
--------------------------------------------------------------------------------

default_name                                                                    

General flags:
     imin    =       0, nmropt  =       1

Nature and format of input:
     ntx     =       1, irest   =       0, ntrx    =       1

Nature and format of output:
     ntxo    =       2, ntpr    =    5000, ntrx    =       1, ntwr    =    5000
     iwrap   =       0, ntwx    =   10000, ntwv    =       0, ntwe    =       0
     ioutfm  =       1, ntwprt  =       0, idecomp =       0, rbornstat=      0

Potential function:
     ntf     =       1, ntb     =       1, igb     =       0, nsnb    =      25
     ipol    =       0, gbsa    =       0, iesp    =       0
     dielc   =   1.00000, cut     =  10.00000, intdiel =   1.00000

Frozen or restrained atoms:
     ibelly  =       0, ntr     =       0

Molecular dynamics:
     nstlim  =    200000, nscm    =      1000, nrespa  =         1
     t       =   0.00000, dt      =   0.00100, vlimit  =  -1.00000

Langevin dynamics temperature regulation:
     ig      =  548124
     temp0   = 300.00000, tempi   =   0.00000, gamma_ln=   2.00000

NMR refinement options:
     iscale  =       0, noeskp  =       1, ipnlty  =       1, mxsub   =       1
     scalm   = 100.00000, pencut  =   0.10000, tausw   =   0.10000

Free energy options:
     icfe    =       1, ifsc    =       0, klambda =       1
     clambda =  0.9908, scalpha =  0.5000, scbeta  = 12.0000
     sceeorder =       2
     dynlmb =  0.0000 logdvdl =       0

| Intermolecular bonds treatment:
|     no_intermolecular_bonds =       1

| Energy averages sample interval:
|     ene_avg_sampling =    5000

Ewald parameters:
     verbose =       0, ew_type =       0, nbflag  =       1, use_pme =       1
     vdwmeth =       1, eedmeth =       1, netfrc  =       1
     Box X =   55.004   Box Y =   55.004   Box Z =   55.004
     Alpha =  109.471   Beta  =  109.471   Gamma =  109.471
     NFFT1 =   56       NFFT2 =   56       NFFT3 =   56
     Cutoff=   10.000   Tol   =0.100E-04
     Ewald Coefficient =  0.27511
     Interpolation order =    4
     TI Mask 1 :1; matches      5 atoms
     TI Mask 2 :2; matches      5 atoms
     TI region 1:   11414 atoms
     TI region 2:   11414 atoms
Removing charge of       1.4352 from atom       6
Removing charge of      -1.1088 from atom       7
Removing charge of      -1.1088 from atom       8
Removing charge of      -1.1088 from atom       9
Removing charge of      -1.1088 from atom      10
Total charge of  -2.99999999 removed from       5 atoms
     Checking for mismatched coordinates.

--------------------------------------------------------------------------------
   3.  ATOMIC COORDINATES AND VELOCITIES
--------------------------------------------------------------------------------

default_name                                                                    
 begin time read from input coords =     0.000 ps



           Begin reading energy term weight changes/NMR restraints
 WEIGHT CHANGES:
 TEMP0         0 190000    0.000000  300.000000      0      0
 TEMP0    190001 200000  300.000000  300.000000      0      0
 DUMPFREQ  10000      0    0.000000    0.000000      0      0

 RESTRAINTS:
                          ** No restraint defined **

                  Done reading weight changes/NMR restraints


 
 Number of triangulated 3-point waters found:     3803

     Sum of charges for TI region  1 =  -2.99999999
     Skip neutralizing charges...


     Sum of charges for TI region  2 =   0.00000000
     Skip neutralizing charges...

| Dynamic Memory, Types Used:
| Reals              565983
| Integers           434108

| Nonbonded Pairs Initial Allocation:     3453962

| GPU memory information (estimate):
| KB of GPU memory in use:    104863
| KB of CPU memory in use:     27583

--------------------------------------------------------------------------------
   4.  RESULTS
--------------------------------------------------------------------------------


| TI region  1


 NSTEP =        0   TIME(PS) =       0.000  TEMP(K) =     0.00  PRESS =     0.0
 Etot   =    -48510.9892  EKtot   =         0.0000  EPtot      =    -48510.9892
 BOND   =      3895.7915  ANGLE   =         6.2600  DIHED      =         0.0000
 1-4 NB =         0.0000  1-4 EEL =         0.0000  VDWAALS    =     10363.0846
 EELEC  =    -62776.1253  EHBOND  =         0.0000  RESTRAINT  =         0.0000
 DV/DL  =       138.2309
 ------------------------------------------------------------------------------


| TI region  2


 NSTEP =        0   TIME(PS) =       0.000  TEMP(K) =     0.00  PRESS =     0.0
 Etot   =    -48510.9892  EKtot   =         0.0000  EPtot      =    -48510.9892
 BOND   =      3895.7915  ANGLE   =         6.2600  DIHED      =         0.0000
 1-4 NB =         0.0000  1-4 EEL =         0.0000  VDWAALS    =     10363.0846
 EELEC  =    -62776.1253  EHBOND  =         0.0000  RESTRAINT  =         0.0000
 DV/DL  =       138.2309
 ------------------------------------------------------------------------------

 NMR restraints: Bond =    0.000   Angle =     0.000   Torsion =     0.000
===============================================================================

| TI region  1


 NSTEP =     5000   TIME(PS) =       5.000  TEMP(K) =     7.21  PRESS =     0.0
 Etot   =    -48288.8214  EKtot   =       245.4699  EPtot      =    -48534.2913
 BOND   =      4041.8210  ANGLE   =         6.2767  DIHED      =         0.0000
 1-4 NB =         0.0000  1-4 EEL =         0.0000  VDWAALS    =     10600.5549
 EELEC  =    -63182.9439  EHBOND  =         0.0000  RESTRAINT  =         0.0000
 DV/DL  =       128.7947
 ------------------------------------------------------------------------------


| TI region  2


 NSTEP =     5000   TIME(PS) =       5.000  TEMP(K) =     7.22  PRESS =     0.0
 Etot   =    -48288.8146  EKtot   =       245.4767  EPtot      =    -48534.2913
 BOND   =      4041.8210  ANGLE   =         6.2767  DIHED      =         0.0000
 1-4 NB =         0.0000  1-4 EEL =         0.0000  VDWAALS    =     10600.5549
 EELEC  =    -63182.9439  EHBOND  =         0.0000  RESTRAINT  =         0.0000
 DV/DL  =       128.7947
 ------------------------------------------------------------------------------

 NMR restraints: Bond =    0.000   Angle =     0.000   Torsion =     0.000
===============================================================================

| TI region  1


 NSTEP =    10000   TIME(PS) =      10.000  TEMP(K) =    15.04  PRESS =     0.0
 Etot   =    -47845.9100  EKtot   =       511.6721  EPtot      =    -48357.5820
 BOND   =      4147.4786  ANGLE   =         6.3186  DIHED      =         0.0000
 1-4 NB =         0.0000  1-4 EEL =         0.0000  VDWAALS    =     10679.7058
 EELEC  =    -63191.0851  EHBOND  =         0.0000  RESTRAINT  =         0.0000
 DV/DL  =       132.3510
 ------------------------------------------------------------------------------


| TI region  2


 NSTEP =    10000   TIME(PS) =      10.000  TEMP(K) =    15.04  PRESS =     0.0
 Etot   =    -47845.9024  EKtot   =       511.6796  EPtot      =    -48357.5820
 BOND   =      4147.4786  ANGLE   =         6.3186  DIHED      =         0.0000
 1-4 NB =         0.0000  1-4 EEL =         0.0000  VDWAALS    =     10679.7058
 EELEC  =    -63191.0851  EHBOND  =         0.0000  RESTRAINT  =         0.0000
 DV/DL  =       132.3510
 ------------------------------------------------------------------------------

 NMR restraints: Bond =    0.000   Angle =     0.000   Torsion =     0.000
===============================================================================

| TI region  1


 NSTEP =    15000   TIME(PS) =      15.000  TEMP(K) =    22.94  PRESS =     0.0
 Etot   =    -47337.6101  EKtot   =       780.3384  EPtot      =    -48117.9485
 BOND   =      4253.0353  ANGLE   =         6.3618  DIHED      =         0.0000
 1-4 NB =         0.0000  1-4 EEL =         0.0000  VDWAALS    =     10574.9433
 EELEC  =    -62952.2887  EHBOND  =         0.0000  RESTRAINT  =         0.0000
 DV/DL  =       121.4006
 ------------------------------------------------------------------------------


| TI region  2


 NSTEP =    15000   TIME(PS) =      15.000  TEMP(K) =    22.94  PRESS =     0.0
 Etot   =    -47337.6142  EKtot   =       780.3342  EPtot      =    -48117.9485
 BOND   =      4253.0353  ANGLE   =         6.3618  DIHED      =         0.0000
 1-4 NB =         0.0000  1-4 EEL =         0.0000  VDWAALS    =     10574.9433
 EELEC  =    -62952.2887  EHBOND  =         0.0000  RESTRAINT  =         0.0000
 DV/DL  =       121.4006
 ------------------------------------------------------------------------------

 NMR restraints: Bond =    0.000   Angle =     0.000   Torsion =     0.000
===============================================================================

| TI region  1


 NSTEP =    20000   TIME(PS) =      20.000  TEMP(K) =    31.03  PRESS =     0.0
 Etot   =    -46857.2141  EKtot   =      1055.6016  EPtot      =    -47912.8157
 BOND   =      4365.0742  ANGLE   =         6.7189  DIHED      =         0.0000
 1-4 NB =         0.0000  1-4 EEL =         0.0000  VDWAALS    =     10607.1876
 EELEC  =    -62891.7965  EHBOND  =         0.0000  RESTRAINT  =         0.0000
 DV/DL  =       133.9822
 ------------------------------------------------------------------------------


| TI region  2


 NSTEP =    20000   TIME(PS) =      20.000  TEMP(K) =    31.03  PRESS =     0.0
 Etot   =    -46857.2240  EKtot   =      1055.5917  EPtot      =    -47912.8157
 BOND   =      4365.0742  ANGLE   =         6.7189  DIHED      =         0.0000
 1-4 NB =         0.0000  1-4 EEL =         0.0000  VDWAALS    =     10607.1876
 EELEC  =    -62891.7965  EHBOND  =         0.0000  RESTRAINT  =         0.0000
 DV/DL  =       133.9822
 ------------------------------------------------------------------------------

 NMR restraints: Bond =    0.000   Angle =     0.000   Torsion =     0.000
===============================================================================

| TI region  1


 NSTEP =    25000   TIME(PS) =      25.000  TEMP(K) =    38.70  PRESS =     0.0
 Etot   =    -46376.6396  EKtot   =      1316.7931  EPtot      =    -47693.4327
 BOND   =      4431.5625  ANGLE   =         6.5838  DIHED      =         0.0000
 1-4 NB =         0.0000  1-4 EEL =         0.0000  VDWAALS    =     10617.7377
 EELEC  =    -62749.3166  EHBOND  =         0.0000  RESTRAINT  =         0.0000
 DV/DL  =       128.1097
 ------------------------------------------------------------------------------


| TI region  2


 NSTEP =    25000   TIME(PS) =      25.000  TEMP(K) =    38.70  PRESS =     0.0
 Etot   =    -46376.6236  EKtot   =      1316.8091  EPtot      =    -47693.4327
 BOND   =      4431.5625  ANGLE   =         6.5838  DIHED      =         0.0000
 1-4 NB =         0.0000  1-4 EEL =         0.0000  VDWAALS    =     10617.7377
 EELEC  =    -62749.3166  EHBOND  =         0.0000  RESTRAINT  =         0.0000
 DV/DL  =       128.1097
 ------------------------------------------------------------------------------

 NMR restraints: Bond =    0.000   Angle =     0.000   Torsion =     0.000
===============================================================================

| TI region  1


 NSTEP =    30000   TIME(PS) =      30.000  TEMP(K) =    46.97  PRESS =     0.0
 Etot   =    -45882.6237  EKtot   =      1598.1860  EPtot      =    -47480.8097
 BOND   =      4555.4673  ANGLE   =         6.7285  DIHED      =         0.0000
 1-4 NB =         0.0000  1-4 EEL =         0.0000  VDWAALS    =     10640.7270
 EELEC  =    -62683.7326  EHBOND  =         0.0000  RESTRAINT  =         0.0000
 DV/DL  =       135.8547
 ------------------------------------------------------------------------------


| TI region  2


 NSTEP =    30000   TIME(PS) =      30.000  TEMP(K) =    46.97  PRESS =     0.0
 Etot   =    -45882.6238  EKtot   =      1598.1859  EPtot      =    -47480.8097
 BOND   =      4555.4673  ANGLE   =         6.7285  DIHED      =         0.0000
 1-4 NB =         0.0000  1-4 EEL =         0.0000  VDWAALS    =     10640.7270
 EELEC  =    -62683.7326  EHBOND  =         0.0000  RESTRAINT  =         0.0000
 DV/DL  =       135.8547
 ------------------------------------------------------------------------------

 NMR restraints: Bond =    0.000   Angle =     0.000   Torsion =     0.000
===============================================================================

| TI region  1


 NSTEP =    35000   TIME(PS) =      35.000  TEMP(K) =    54.93  PRESS =     0.0
 Etot   =    -45457.8087  EKtot   =      1868.8821  EPtot      =    -47326.6908
 BOND   =      4631.4869  ANGLE   =         6.4169  DIHED      =         0.0000
 1-4 NB =         0.0000  1-4 EEL =         0.0000  VDWAALS    =     10626.6775
 EELEC  =    -62591.2721  EHBOND  =         0.0000  RESTRAINT  =         0.0000
 DV/DL  =       123.9919
 ------------------------------------------------------------------------------


| TI region  2


 NSTEP =    35000   TIME(PS) =      35.000  TEMP(K) =    54.93  PRESS =     0.0
 Etot   =    -45457.8124  EKtot   =      1868.8784  EPtot      =    -47326.6908
 BOND   =      4631.4869  ANGLE   =         6.4169  DIHED      =         0.0000
 1-4 NB =         0.0000  1-4 EEL =         0.0000  VDWAALS    =     10626.6775
 EELEC  =    -62591.2721  EHBOND  =         0.0000  RESTRAINT  =         0.0000
 DV/DL  =       123.9919
 ------------------------------------------------------------------------------

 NMR restraints: Bond =    0.000   Angle =     0.000   Torsion =     0.000
===============================================================================

| TI region  1


 NSTEP =    40000   TIME(PS) =      40.000  TEMP(K) =    62.65  PRESS =     0.0
 Etot   =    -44947.3207  EKtot   =      2131.6730  EPtot      =    -47078.9937
 BOND   =      4760.7750  ANGLE   =         6.5132  DIHED      =         0.0000
 1-4 NB =         0.0000  1-4 EEL =         0.0000  VDWAALS    =     10656.7137
 EELEC  =    -62502.9955  EHBOND  =         0.0000  RESTRAINT  =         0.0000
 DV/DL  =       137.5970
 ------------------------------------------------------------------------------


| TI region  2


 NSTEP =    40000   TIME(PS) =      40.000  TEMP(K) =    62.66  PRESS =     0.0
 Etot   =    -44947.2907  EKtot   =      2131.7029  EPtot      =    -47078.9937
 BOND   =      4760.7750  ANGLE   =         6.5132  DIHED      =         0.0000
 1-4 NB =         0.0000  1-4 EEL =         0.0000  VDWAALS    =     10656.7137
 EELEC  =    -62502.9955  EHBOND  =         0.0000  RESTRAINT  =         0.0000
 DV/DL  =       137.5970
 ------------------------------------------------------------------------------

 NMR restraints: Bond =    0.000   Angle =     0.000   Torsion =     0.000
===============================================================================

| TI region  1


 NSTEP =    45000   TIME(PS) =      45.000  TEMP(K) =    70.64  PRESS =     0.0
 Etot   =    -44458.3590  EKtot   =      2403.4820  EPtot      =    -46861.8410
 BOND   =      4823.7913  ANGLE   =         6.5661  DIHED      =         0.0000
 1-4 NB =         0.0000  1-4 EEL =         0.0000  VDWAALS    =     10622.4935
 EELEC  =    -62314.6920  EHBOND  =         0.0000  RESTRAINT  =         0.0000
 DV/DL  =       118.2199
 ------------------------------------------------------------------------------


| TI region  2


 NSTEP =    45000   TIME(PS) =      45.000  TEMP(K) =    70.64  PRESS =     0.0
 Etot   =    -44458.3280  EKtot   =      2403.5129  EPtot      =    -46861.8410
 BOND   =      4823.7913  ANGLE   =         6.5661  DIHED      =         0.0000
 1-4 NB =         0.0000  1-4 EEL =         0.0000  VDWAALS    =     10622.4935
 EELEC  =    -62314.6920  EHBOND  =         0.0000  RESTRAINT  =         0.0000
 DV/DL  =       118.2199
 ------------------------------------------------------------------------------

 NMR restraints: Bond =    0.000   Angle =     0.000   Torsion =     0.000
===============================================================================

| TI region  1


 NSTEP =    50000   TIME(PS) =      50.000  TEMP(K) =    78.20  PRESS =     0.0
 Etot   =    -44014.6818  EKtot   =      2660.7265  EPtot      =    -46675.4083
 BOND   =      4941.9184  ANGLE   =         7.0143  DIHED      =         0.0000
 1-4 NB =         0.0000  1-4 EEL =         0.0000  VDWAALS    =     10493.7923
 EELEC  =    -62118.1333  EHBOND  =         0.0000  RESTRAINT  =         0.0000
 DV/DL  =       113.6088
 ------------------------------------------------------------------------------


| TI region  2


 NSTEP =    50000   TIME(PS) =      50.000  TEMP(K) =    78.20  PRESS =     0.0
 Etot   =    -44014.6925  EKtot   =      2660.7158  EPtot      =    -46675.4083
 BOND   =      4941.9184  ANGLE   =         7.0143  DIHED      =         0.0000
 1-4 NB =         0.0000  1-4 EEL =         0.0000  VDWAALS    =     10493.7923
 EELEC  =    -62118.1333  EHBOND  =         0.0000  RESTRAINT  =         0.0000
 DV/DL  =       113.6088
 ------------------------------------------------------------------------------

 NMR restraints: Bond =    0.000   Angle =     0.000   Torsion =     0.000
===============================================================================

| TI region  1


 NSTEP =    55000   TIME(PS) =      55.000  TEMP(K) =    85.60  PRESS =     0.0
 Etot   =    -43559.7734  EKtot   =      2912.4124  EPtot      =    -46472.1858
 BOND   =      5046.0098  ANGLE   =         6.5046  DIHED      =         0.0000
 1-4 NB =         0.0000  1-4 EEL =         0.0000  VDWAALS    =     10519.6756
 EELEC  =    -62044.3757  EHBOND  =         0.0000  RESTRAINT  =         0.0000
 DV/DL  =       115.9131
 ------------------------------------------------------------------------------


| TI region  2


 NSTEP =    55000   TIME(PS) =      55.000  TEMP(K) =    85.60  PRESS =     0.0
 Etot   =    -43559.7859  EKtot   =      2912.3999  EPtot      =    -46472.1858
 BOND   =      5046.0098  ANGLE   =         6.5046  DIHED      =         0.0000
 1-4 NB =         0.0000  1-4 EEL =         0.0000  VDWAALS    =     10519.6756
 EELEC  =    -62044.3757  EHBOND  =         0.0000  RESTRAINT  =         0.0000
 DV/DL  =       115.9131
 ------------------------------------------------------------------------------

 NMR restraints: Bond =    0.000   Angle =     0.000   Torsion =     0.000
===============================================================================

| TI region  1


 NSTEP =    60000   TIME(PS) =      60.000  TEMP(K) =    94.94  PRESS =     0.0
 Etot   =    -43027.0077  EKtot   =      3230.2618  EPtot      =    -46257.2694
 BOND   =      5172.6366  ANGLE   =         6.6657  DIHED      =         0.0000
 1-4 NB =         0.0000  1-4 EEL =         0.0000  VDWAALS    =     10508.0567
 EELEC  =    -61944.6284  EHBOND  =         0.0000  RESTRAINT  =         0.0000
 DV/DL  =       127.8532
 ------------------------------------------------------------------------------


| TI region  2


 NSTEP =    60000   TIME(PS) =      60.000  TEMP(K) =    94.94  PRESS =     0.0
 Etot   =    -43027.0228  EKtot   =      3230.2466  EPtot      =    -46257.2694
 BOND   =      5172.6366  ANGLE   =         6.6657  DIHED      =         0.0000
 1-4 NB =         0.0000  1-4 EEL =         0.0000  VDWAALS    =     10508.0567
 EELEC  =    -61944.6284  EHBOND  =         0.0000  RESTRAINT  =         0.0000
 DV/DL  =       127.8532
 ------------------------------------------------------------------------------

 NMR restraints: Bond =    0.000   Angle =     0.000   Torsion =     0.000
===============================================================================

| TI region  1


 NSTEP =    65000   TIME(PS) =      65.000  TEMP(K) =   101.97  PRESS =     0.0
 Etot   =    -42489.7040  EKtot   =      3469.3015  EPtot      =    -45959.0055
 BOND   =      5200.3884  ANGLE   =         6.5014  DIHED      =         0.0000
 1-4 NB =         0.0000  1-4 EEL =         0.0000  VDWAALS    =     10487.5588
 EELEC  =    -61653.4541  EHBOND  =         0.0000  RESTRAINT  =         0.0000
 DV/DL  =       120.5804
 ------------------------------------------------------------------------------


| TI region  2


 NSTEP =    65000   TIME(PS) =      65.000  TEMP(K) =   101.97  PRESS =     0.0
 Etot   =    -42489.7280  EKtot   =      3469.2775  EPtot      =    -45959.0055
 BOND   =      5200.3884  ANGLE   =         6.5014  DIHED      =         0.0000
 1-4 NB =         0.0000  1-4 EEL =         0.0000  VDWAALS    =     10487.5588
 EELEC  =    -61653.4541  EHBOND  =         0.0000  RESTRAINT  =         0.0000
 DV/DL  =       120.5804
 ------------------------------------------------------------------------------

 NMR restraints: Bond =    0.000   Angle =     0.000   Torsion =     0.000
===============================================================================

| TI region  1


 NSTEP =    70000   TIME(PS) =      70.000  TEMP(K) =   110.76  PRESS =     0.0
 Etot   =    -41985.1370  EKtot   =      3768.4959  EPtot      =    -45753.6329
 BOND   =      5293.8603  ANGLE   =         7.2905  DIHED      =         0.0000
 1-4 NB =         0.0000  1-4 EEL =         0.0000  VDWAALS    =     10458.8612
 EELEC  =    -61513.6449  EHBOND  =         0.0000  RESTRAINT  =         0.0000
 DV/DL  =        92.4118
 ------------------------------------------------------------------------------


| TI region  2


 NSTEP =    70000   TIME(PS) =      70.000  TEMP(K) =   110.76  PRESS =     0.0
 Etot   =    -41985.1457  EKtot   =      3768.4872  EPtot      =    -45753.6329
 BOND   =      5293.8603  ANGLE   =         7.2905  DIHED      =         0.0000
 1-4 NB =         0.0000  1-4 EEL =         0.0000  VDWAALS    =     10458.8612
 EELEC  =    -61513.6449  EHBOND  =         0.0000  RESTRAINT  =         0.0000
 DV/DL  =        92.4118
 ------------------------------------------------------------------------------

 NMR restraints: Bond =    0.000   Angle =     0.000   Torsion =     0.000
===============================================================================

| TI region  1


 NSTEP =    75000   TIME(PS) =      75.000  TEMP(K) =   117.92  PRESS =     0.0
 Etot   =    -41499.4245  EKtot   =      4011.8970  EPtot      =    -45511.3215
 BOND   =      5368.4781  ANGLE   =         6.8985  DIHED      =         0.0000
 1-4 NB =         0.0000  1-4 EEL =         0.0000  VDWAALS    =     10345.4643
 EELEC  =    -61232.1624  EHBOND  =         0.0000  RESTRAINT  =         0.0000
 DV/DL  =       104.0052
 ------------------------------------------------------------------------------


| TI region  2


 NSTEP =    75000   TIME(PS) =      75.000  TEMP(K) =   117.92  PRESS =     0.0
 Etot   =    -41499.4003  EKtot   =      4011.9212  EPtot      =    -45511.3215
 BOND   =      5368.4781  ANGLE   =         6.8985  DIHED      =         0.0000
 1-4 NB =         0.0000  1-4 EEL =         0.0000  VDWAALS    =     10345.4643
 EELEC  =    -61232.1624  EHBOND  =         0.0000  RESTRAINT  =         0.0000
 DV/DL  =       104.0052
 ------------------------------------------------------------------------------

 NMR restraints: Bond =    0.000   Angle =     0.000   Torsion =     0.000
===============================================================================

| TI region  1


 NSTEP =    80000   TIME(PS) =      80.000  TEMP(K) =   124.92  PRESS =     0.0
 Etot   =    -41088.2253  EKtot   =      4250.1505  EPtot      =    -45338.3758
 BOND   =      5480.7839  ANGLE   =         6.6615  DIHED      =         0.0000
 1-4 NB =         0.0000  1-4 EEL =         0.0000  VDWAALS    =     10404.9212
 EELEC  =    -61230.7425  EHBOND  =         0.0000  RESTRAINT  =         0.0000
 DV/DL  =       104.3570
 ------------------------------------------------------------------------------


| TI region  2


 NSTEP =    80000   TIME(PS) =      80.000  TEMP(K) =   124.92  PRESS =     0.0
 Etot   =    -41088.2417  EKtot   =      4250.1341  EPtot      =    -45338.3758
 BOND   =      5480.7839  ANGLE   =         6.6615  DIHED      =         0.0000
 1-4 NB =         0.0000  1-4 EEL =         0.0000  VDWAALS    =     10404.9212
 EELEC  =    -61230.7425  EHBOND  =         0.0000  RESTRAINT  =         0.0000
 DV/DL  =       104.3570
 ------------------------------------------------------------------------------

 NMR restraints: Bond =    0.000   Angle =     0.000   Torsion =     0.000
===============================================================================

| TI region  1


 NSTEP =    85000   TIME(PS) =      85.000  TEMP(K) =   133.33  PRESS =     0.0
 Etot   =    -40481.6224  EKtot   =      4536.0940  EPtot      =    -45017.7164
 BOND   =      5613.4606  ANGLE   =         7.0936  DIHED      =         0.0000
 1-4 NB =         0.0000  1-4 EEL =         0.0000  VDWAALS    =     10288.2380
 EELEC  =    -60926.5086  EHBOND  =         0.0000  RESTRAINT  =         0.0000
 DV/DL  =        92.0336
 ------------------------------------------------------------------------------


| TI region  2


 NSTEP =    85000   TIME(PS) =      85.000  TEMP(K) =   133.32  PRESS =     0.0
 Etot   =    -40481.6723  EKtot   =      4536.0441  EPtot      =    -45017.7164
 BOND   =      5613.4606  ANGLE   =         7.0936  DIHED      =         0.0000
 1-4 NB =         0.0000  1-4 EEL =         0.0000  VDWAALS    =     10288.2380
 EELEC  =    -60926.5086  EHBOND  =         0.0000  RESTRAINT  =         0.0000
 DV/DL  =        92.0336
 ------------------------------------------------------------------------------

 NMR restraints: Bond =    0.000   Angle =     0.000   Torsion =     0.000
===============================================================================

| TI region  1


 NSTEP =    90000   TIME(PS) =      90.000  TEMP(K) =   143.31  PRESS =     0.0
 Etot   =    -39883.4458  EKtot   =      4875.8717  EPtot      =    -44759.3175
 BOND   =      5653.2956  ANGLE   =         6.5804  DIHED      =         0.0000
 1-4 NB =         0.0000  1-4 EEL =         0.0000  VDWAALS    =     10385.4394
 EELEC  =    -60804.6330  EHBOND  =         0.0000  RESTRAINT  =         0.0000
 DV/DL  =       102.9523
 ------------------------------------------------------------------------------


| TI region  2


 NSTEP =    90000   TIME(PS) =      90.000  TEMP(K) =   143.31  PRESS =     0.0
 Etot   =    -39883.4906  EKtot   =      4875.8269  EPtot      =    -44759.3175
 BOND   =      5653.2956  ANGLE   =         6.5804  DIHED      =         0.0000
 1-4 NB =         0.0000  1-4 EEL =         0.0000  VDWAALS    =     10385.4394
 EELEC  =    -60804.6330  EHBOND  =         0.0000  RESTRAINT  =         0.0000
 DV/DL  =       102.9523
 ------------------------------------------------------------------------------

 NMR restraints: Bond =    0.000   Angle =     0.000   Torsion =     0.000
===============================================================================

| TI region  1


 NSTEP =    95000   TIME(PS) =      95.000  TEMP(K) =   147.74  PRESS =     0.0
 Etot   =    -39606.8027  EKtot   =      5026.4166  EPtot      =    -44633.2193
 BOND   =      5702.9909  ANGLE   =         6.6260  DIHED      =         0.0000
 1-4 NB =         0.0000  1-4 EEL =         0.0000  VDWAALS    =     10298.0893
 EELEC  =    -60640.9255  EHBOND  =         0.0000  RESTRAINT  =         0.0000
 DV/DL  =       111.6932
 ------------------------------------------------------------------------------


| TI region  2


 NSTEP =    95000   TIME(PS) =      95.000  TEMP(K) =   147.74  PRESS =     0.0
 Etot   =    -39606.7682  EKtot   =      5026.4511  EPtot      =    -44633.2193
 BOND   =      5702.9909  ANGLE   =         6.6260  DIHED      =         0.0000
 1-4 NB =         0.0000  1-4 EEL =         0.0000  VDWAALS    =     10298.0893
 EELEC  =    -60640.9255  EHBOND  =         0.0000  RESTRAINT  =         0.0000
 DV/DL  =       111.6932
 ------------------------------------------------------------------------------

 NMR restraints: Bond =    0.000   Angle =     0.000   Torsion =     0.000
===============================================================================

| TI region  1


 NSTEP =   100000   TIME(PS) =     100.000  TEMP(K) =   155.95  PRESS =     0.0
 Etot   =    -38874.6058  EKtot   =      5305.6998  EPtot      =    -44180.3055
 BOND   =      5946.6740  ANGLE   =         7.1629  DIHED      =         0.0000
 1-4 NB =         0.0000  1-4 EEL =         0.0000  VDWAALS    =     10362.6799
 EELEC  =    -60496.8223  EHBOND  =         0.0000  RESTRAINT  =         0.0000
 DV/DL  =        86.5404
 ------------------------------------------------------------------------------


| TI region  2


 NSTEP =   100000   TIME(PS) =     100.000  TEMP(K) =   155.95  PRESS =     0.0
 Etot   =    -38874.5653  EKtot   =      5305.7403  EPtot      =    -44180.3055
 BOND   =      5946.6740  ANGLE   =         7.1629  DIHED      =         0.0000
 1-4 NB =         0.0000  1-4 EEL =         0.0000  VDWAALS    =     10362.6799
 EELEC  =    -60496.8223  EHBOND  =         0.0000  RESTRAINT  =         0.0000
 DV/DL  =        86.5404
 ------------------------------------------------------------------------------

 NMR restraints: Bond =    0.000   Angle =     0.000   Torsion =     0.000
===============================================================================

| TI region  1


 NSTEP =   105000   TIME(PS) =     105.000  TEMP(K) =   165.14  PRESS =     0.0
 Etot   =    -38431.0338  EKtot   =      5618.4581  EPtot      =    -44049.4919
 BOND   =      6004.2687  ANGLE   =         7.7959  DIHED      =         0.0000
 1-4 NB =         0.0000  1-4 EEL =         0.0000  VDWAALS    =     10097.1099
 EELEC  =    -60158.6664  EHBOND  =         0.0000  RESTRAINT  =         0.0000
 DV/DL  =        75.0757
 ------------------------------------------------------------------------------


| TI region  2


 NSTEP =   105000   TIME(PS) =     105.000  TEMP(K) =   165.14  PRESS =     0.0
 Etot   =    -38431.0851  EKtot   =      5618.4068  EPtot      =    -44049.4919
 BOND   =      6004.2687  ANGLE   =         7.7959  DIHED      =         0.0000
 1-4 NB =         0.0000  1-4 EEL =         0.0000  VDWAALS    =     10097.1099
 EELEC  =    -60158.6664  EHBOND  =         0.0000  RESTRAINT  =         0.0000
 DV/DL  =        75.0757
 ------------------------------------------------------------------------------

 NMR restraints: Bond =    0.000   Angle =     0.000   Torsion =     0.000
===============================================================================

| TI region  1


 NSTEP =   110000   TIME(PS) =     110.000  TEMP(K) =   174.11  PRESS =     0.0
 Etot   =    -37831.3025  EKtot   =      5923.5614  EPtot      =    -43754.8639
 BOND   =      6087.1254  ANGLE   =         7.9254  DIHED      =         0.0000
 1-4 NB =         0.0000  1-4 EEL =         0.0000  VDWAALS    =     10027.2023
 EELEC  =    -59877.1170  EHBOND  =         0.0000  RESTRAINT  =         0.0000
 DV/DL  =       129.0073
 ------------------------------------------------------------------------------


| TI region  2


 NSTEP =   110000   TIME(PS) =     110.000  TEMP(K) =   174.11  PRESS =     0.0
 Etot   =    -37831.2606  EKtot   =      5923.6034  EPtot      =    -43754.8639
 BOND   =      6087.1254  ANGLE   =         7.9254  DIHED      =         0.0000
 1-4 NB =         0.0000  1-4 EEL =         0.0000  VDWAALS    =     10027.2023
 EELEC  =    -59877.1170  EHBOND  =         0.0000  RESTRAINT  =         0.0000
 DV/DL  =       129.0073
 ------------------------------------------------------------------------------

 NMR restraints: Bond =    0.000   Angle =     0.000   Torsion =     0.000
===============================================================================

| TI region  1


 NSTEP =   115000   TIME(PS) =     115.000  TEMP(K) =   180.63  PRESS =     0.0
 Etot   =    -37251.6893  EKtot   =      6145.4721  EPtot      =    -43397.1614
 BOND   =      6092.8841  ANGLE   =         6.6407  DIHED      =         0.0000
 1-4 NB =         0.0000  1-4 EEL =         0.0000  VDWAALS    =      9966.4222
 EELEC  =    -59463.1083  EHBOND  =         0.0000  RESTRAINT  =         0.0000
 DV/DL  =       128.3736
 ------------------------------------------------------------------------------


| TI region  2


 NSTEP =   115000   TIME(PS) =     115.000  TEMP(K) =   180.63  PRESS =     0.0
 Etot   =    -37251.6108  EKtot   =      6145.5506  EPtot      =    -43397.1614
 BOND   =      6092.8841  ANGLE   =         6.6407  DIHED      =         0.0000
 1-4 NB =         0.0000  1-4 EEL =         0.0000  VDWAALS    =      9966.4222
 EELEC  =    -59463.1083  EHBOND  =         0.0000  RESTRAINT  =         0.0000
 DV/DL  =       128.3736
 ------------------------------------------------------------------------------

 NMR restraints: Bond =    0.000   Angle =     0.000   Torsion =     0.000
===============================================================================

| TI region  1


 NSTEP =   120000   TIME(PS) =     120.000  TEMP(K) =   187.96  PRESS =     0.0
 Etot   =    -36695.5247  EKtot   =      6394.7610  EPtot      =    -43090.2857
 BOND   =      6258.7243  ANGLE   =         6.4848  DIHED      =         0.0000
 1-4 NB =         0.0000  1-4 EEL =         0.0000  VDWAALS    =      9875.9842
 EELEC  =    -59231.4790  EHBOND  =         0.0000  RESTRAINT  =         0.0000
 DV/DL  =       112.4212
 ------------------------------------------------------------------------------


| TI region  2


 NSTEP =   120000   TIME(PS) =     120.000  TEMP(K) =   187.96  PRESS =     0.0
 Etot   =    -36695.5062  EKtot   =      6394.7795  EPtot      =    -43090.2857
 BOND   =      6258.7243  ANGLE   =         6.4848  DIHED      =         0.0000
 1-4 NB =         0.0000  1-4 EEL =         0.0000  VDWAALS    =      9875.9842
 EELEC  =    -59231.4790  EHBOND  =         0.0000  RESTRAINT  =         0.0000
 DV/DL  =       112.4212
 ------------------------------------------------------------------------------

 NMR restraints: Bond =    0.000   Angle =     0.000   Torsion =     0.000
===============================================================================

| TI region  1


 NSTEP =   125000   TIME(PS) =     125.000  TEMP(K) =   195.63  PRESS =     0.0
 Etot   =    -36153.6539  EKtot   =      6655.8321  EPtot      =    -42809.4859
 BOND   =      6272.9618  ANGLE   =         6.7840  DIHED      =         0.0000
 1-4 NB =         0.0000  1-4 EEL =         0.0000  VDWAALS    =      9704.1467
 EELEC  =    -58793.3785  EHBOND  =         0.0000  RESTRAINT  =         0.0000
 DV/DL  =        73.6656
 ------------------------------------------------------------------------------


| TI region  2


 NSTEP =   125000   TIME(PS) =     125.000  TEMP(K) =   195.63  PRESS =     0.0
 Etot   =    -36153.5706  EKtot   =      6655.9153  EPtot      =    -42809.4859
 BOND   =      6272.9618  ANGLE   =         6.7840  DIHED      =         0.0000
 1-4 NB =         0.0000  1-4 EEL =         0.0000  VDWAALS    =      9704.1467
 EELEC  =    -58793.3785  EHBOND  =         0.0000  RESTRAINT  =         0.0000
 DV/DL  =        73.6656
 ------------------------------------------------------------------------------

 NMR restraints: Bond =    0.000   Angle =     0.000   Torsion =     0.000
===============================================================================

| TI region  1


 NSTEP =   130000   TIME(PS) =     130.000  TEMP(K) =   204.94  PRESS =     0.0
 Etot   =    -35497.4723  EKtot   =      6972.5117  EPtot      =    -42469.9840
 BOND   =      6421.9848  ANGLE   =         7.5027  DIHED      =         0.0000
 1-4 NB =         0.0000  1-4 EEL =         0.0000  VDWAALS    =      9681.1036
 EELEC  =    -58580.5751  EHBOND  =         0.0000  RESTRAINT  =         0.0000
 DV/DL  =        85.9859
 ------------------------------------------------------------------------------


| TI region  2


 NSTEP =   130000   TIME(PS) =     130.000  TEMP(K) =   204.94  PRESS =     0.0
 Etot   =    -35497.4128  EKtot   =      6972.5712  EPtot      =    -42469.9840
 BOND   =      6421.9848  ANGLE   =         7.5027  DIHED      =         0.0000
 1-4 NB =         0.0000  1-4 EEL =         0.0000  VDWAALS    =      9681.1036
 EELEC  =    -58580.5751  EHBOND  =         0.0000  RESTRAINT  =         0.0000
 DV/DL  =        85.9859
 ------------------------------------------------------------------------------

 NMR restraints: Bond =    0.000   Angle =     0.000   Torsion =     0.000
===============================================================================

| TI region  1


 NSTEP =   135000   TIME(PS) =     135.000  TEMP(K) =   211.26  PRESS =     0.0
 Etot   =    -34863.4152  EKtot   =      7187.7356  EPtot      =    -42051.1508
 BOND   =      6358.7403  ANGLE   =         6.8962  DIHED      =         0.0000
 1-4 NB =         0.0000  1-4 EEL =         0.0000  VDWAALS    =      9467.8543
 EELEC  =    -57884.6416  EHBOND  =         0.0000  RESTRAINT  =         0.0000
 DV/DL  =       120.4046
 ------------------------------------------------------------------------------


| TI region  2


 NSTEP =   135000   TIME(PS) =     135.000  TEMP(K) =   211.26  PRESS =     0.0
 Etot   =    -34863.4081  EKtot   =      7187.7427  EPtot      =    -42051.1508
 BOND   =      6358.7403  ANGLE   =         6.8962  DIHED      =         0.0000
 1-4 NB =         0.0000  1-4 EEL =         0.0000  VDWAALS    =      9467.8543
 EELEC  =    -57884.6416  EHBOND  =         0.0000  RESTRAINT  =         0.0000
 DV/DL  =       120.4046
 ------------------------------------------------------------------------------

 NMR restraints: Bond =    0.000   Angle =     0.000   Torsion =     0.000
===============================================================================

| TI region  1


 NSTEP =   140000   TIME(PS) =     140.000  TEMP(K) =   221.11  PRESS =     0.0
 Etot   =    -34034.7021  EKtot   =      7522.6511  EPtot      =    -41557.3532
 BOND   =      6546.2003  ANGLE   =         7.1869  DIHED      =         0.0000
 1-4 NB =         0.0000  1-4 EEL =         0.0000  VDWAALS    =      9442.6028
 EELEC  =    -57553.3432  EHBOND  =         0.0000  RESTRAINT  =         0.0000
 DV/DL  =       114.2001
 ------------------------------------------------------------------------------


| TI region  2


 NSTEP =   140000   TIME(PS) =     140.000  TEMP(K) =   221.11  PRESS =     0.0
 Etot   =    -34034.7413  EKtot   =      7522.6119  EPtot      =    -41557.3532
 BOND   =      6546.2003  ANGLE   =         7.1869  DIHED      =         0.0000
 1-4 NB =         0.0000  1-4 EEL =         0.0000  VDWAALS    =      9442.6028
 EELEC  =    -57553.3432  EHBOND  =         0.0000  RESTRAINT  =         0.0000
 DV/DL  =       114.2001
 ------------------------------------------------------------------------------

 NMR restraints: Bond =    0.000   Angle =     0.000   Torsion =     0.000
===============================================================================

| TI region  1


 NSTEP =   145000   TIME(PS) =     145.000  TEMP(K) =   228.20  PRESS =     0.0
 Etot   =    -33409.1577  EKtot   =      7763.9771  EPtot      =    -41173.1348
 BOND   =      6527.2003  ANGLE   =         7.1506  DIHED      =         0.0000
 1-4 NB =         0.0000  1-4 EEL =         0.0000  VDWAALS    =      9325.9950
 EELEC  =    -57033.4807  EHBOND  =         0.0000  RESTRAINT  =         0.0000
 DV/DL  =        89.2386
 ------------------------------------------------------------------------------


| TI region  2


 NSTEP =   145000   TIME(PS) =     145.000  TEMP(K) =   228.20  PRESS =     0.0
 Etot   =    -33409.1474  EKtot   =      7763.9874  EPtot      =    -41173.1348
 BOND   =      6527.2003  ANGLE   =         7.1506  DIHED      =         0.0000
 1-4 NB =         0.0000  1-4 EEL =         0.0000  VDWAALS    =      9325.9950
 EELEC  =    -57033.4807  EHBOND  =         0.0000  RESTRAINT  =         0.0000
 DV/DL  =        89.2386
 ------------------------------------------------------------------------------

 NMR restraints: Bond =    0.000   Angle =     0.000   Torsion =     0.000
===============================================================================

| TI region  1


 NSTEP =   150000   TIME(PS) =     150.000  TEMP(K) =   238.52  PRESS =     0.0
 Etot   =    -32446.9873  EKtot   =      8115.1506  EPtot      =    -40562.1379
 BOND   =      6583.0112  ANGLE   =         6.6387  DIHED      =         0.0000
 1-4 NB =         0.0000  1-4 EEL =         0.0000  VDWAALS    =      8933.0028
 EELEC  =    -56084.7905  EHBOND  =         0.0000  RESTRAINT  =         0.0000
 DV/DL  =       116.5952
 ------------------------------------------------------------------------------


| TI region  2


 NSTEP =   150000   TIME(PS) =     150.000  TEMP(K) =   238.52  PRESS =     0.0
 Etot   =    -32447.1771  EKtot   =      8114.9608  EPtot      =    -40562.1379
 BOND   =      6583.0112  ANGLE   =         6.6387  DIHED      =         0.0000
 1-4 NB =         0.0000  1-4 EEL =         0.0000  VDWAALS    =      8933.0028
 EELEC  =    -56084.7905  EHBOND  =         0.0000  RESTRAINT  =         0.0000
 DV/DL  =       116.5952
 ------------------------------------------------------------------------------

 NMR restraints: Bond =    0.000   Angle =     0.000   Torsion =     0.000
===============================================================================

| TI region  1


 NSTEP =   155000   TIME(PS) =     155.000  TEMP(K) =   246.77  PRESS =     0.0
 Etot   =    -31840.9123  EKtot   =      8395.7518  EPtot      =    -40236.6640
 BOND   =      6601.9821  ANGLE   =         6.3627  DIHED      =         0.0000
 1-4 NB =         0.0000  1-4 EEL =         0.0000  VDWAALS    =      8737.4058
 EELEC  =    -55582.4146  EHBOND  =         0.0000  RESTRAINT  =         0.0000
 DV/DL  =        81.1414
 ------------------------------------------------------------------------------


| TI region  2


 NSTEP =   155000   TIME(PS) =     155.000  TEMP(K) =   246.77  PRESS =     0.0
 Etot   =    -31841.0209  EKtot   =      8395.6431  EPtot      =    -40236.6640
 BOND   =      6601.9821  ANGLE   =         6.3627  DIHED      =         0.0000
 1-4 NB =         0.0000  1-4 EEL =         0.0000  VDWAALS    =      8737.4058
 EELEC  =    -55582.4146  EHBOND  =         0.0000  RESTRAINT  =         0.0000
 DV/DL  =        81.1414
 ------------------------------------------------------------------------------

 NMR restraints: Bond =    0.000   Angle =     0.000   Torsion =     0.000
===============================================================================

| TI region  1


 NSTEP =   160000   TIME(PS) =     160.000  TEMP(K) =   250.27  PRESS =     0.0
 Etot   =    -31048.6990  EKtot   =      8514.7097  EPtot      =    -39563.4088
 BOND   =      6782.1184  ANGLE   =         8.2040  DIHED      =         0.0000
 1-4 NB =         0.0000  1-4 EEL =         0.0000  VDWAALS    =      8598.0855
 EELEC  =    -54951.8166  EHBOND  =         0.0000  RESTRAINT  =         0.0000
 DV/DL  =       118.9042
 ------------------------------------------------------------------------------


| TI region  2


 NSTEP =   160000   TIME(PS) =     160.000  TEMP(K) =   250.27  PRESS =     0.0
 Etot   =    -31048.6932  EKtot   =      8514.7156  EPtot      =    -39563.4088
 BOND   =      6782.1184  ANGLE   =         8.2040  DIHED      =         0.0000
 1-4 NB =         0.0000  1-4 EEL =         0.0000  VDWAALS    =      8598.0855
 EELEC  =    -54951.8166  EHBOND  =         0.0000  RESTRAINT  =         0.0000
 DV/DL  =       118.9042
 ------------------------------------------------------------------------------

 NMR restraints: Bond =    0.000   Angle =     0.000   Torsion =     0.000
===============================================================================

| TI region  1


 NSTEP =   165000   TIME(PS) =     165.000  TEMP(K) =   257.19  PRESS =     0.0
 Etot   =    -30178.6819  EKtot   =      8750.3684  EPtot      =    -38929.0504
 BOND   =      6743.7389  ANGLE   =         6.7198  DIHED      =         0.0000
 1-4 NB =         0.0000  1-4 EEL =         0.0000  VDWAALS    =      8421.6841
 EELEC  =    -54101.1931  EHBOND  =         0.0000  RESTRAINT  =         0.0000
 DV/DL  =       123.1887
 ------------------------------------------------------------------------------


| TI region  2


 NSTEP =   165000   TIME(PS) =     165.000  TEMP(K) =   257.19  PRESS =     0.0
 Etot   =    -30178.8216  EKtot   =      8750.2288  EPtot      =    -38929.0504
 BOND   =      6743.7389  ANGLE   =         6.7198  DIHED      =         0.0000
 1-4 NB =         0.0000  1-4 EEL =         0.0000  VDWAALS    =      8421.6841
 EELEC  =    -54101.1931  EHBOND  =         0.0000  RESTRAINT  =         0.0000
 DV/DL  =       123.1887
 ------------------------------------------------------------------------------

 NMR restraints: Bond =    0.000   Angle =     0.000   Torsion =     0.000
===============================================================================

| TI region  1


 NSTEP =   170000   TIME(PS) =     170.000  TEMP(K) =   270.60  PRESS =     0.0
 Etot   =    -29075.6043  EKtot   =      9206.5159  EPtot      =    -38282.1201
 BOND   =      6860.1187  ANGLE   =         6.8589  DIHED      =         0.0000
 1-4 NB =         0.0000  1-4 EEL =         0.0000  VDWAALS    =      8304.3384
 EELEC  =    -53453.4362  EHBOND  =         0.0000  RESTRAINT  =         0.0000
 DV/DL  =       114.5689
 ------------------------------------------------------------------------------


| TI region  2


 NSTEP =   170000   TIME(PS) =     170.000  TEMP(K) =   270.61  PRESS =     0.0
 Etot   =    -29075.3247  EKtot   =      9206.7954  EPtot      =    -38282.1201
 BOND   =      6860.1187  ANGLE   =         6.8589  DIHED      =         0.0000
 1-4 NB =         0.0000  1-4 EEL =         0.0000  VDWAALS    =      8304.3384
 EELEC  =    -53453.4362  EHBOND  =         0.0000  RESTRAINT  =         0.0000
 DV/DL  =       114.5689
 ------------------------------------------------------------------------------

 NMR restraints: Bond =    0.000   Angle =     0.000   Torsion =     0.000
===============================================================================

| TI region  1


 NSTEP =   175000   TIME(PS) =     175.000  TEMP(K) =   275.78  PRESS =     0.0
 Etot   =    -28157.4867  EKtot   =      9382.8059  EPtot      =    -37540.2926
 BOND   =      6994.0563  ANGLE   =         8.0547  DIHED      =         0.0000
 1-4 NB =         0.0000  1-4 EEL =         0.0000  VDWAALS    =      7963.1479
 EELEC  =    -52505.5515  EHBOND  =         0.0000  RESTRAINT  =         0.0000
 DV/DL  =       107.2225
 ------------------------------------------------------------------------------


| TI region  2


 NSTEP =   175000   TIME(PS) =     175.000  TEMP(K) =   275.79  PRESS =     0.0
 Etot   =    -28157.3287  EKtot   =      9382.9639  EPtot      =    -37540.2926
 BOND   =      6994.0563  ANGLE   =         8.0547  DIHED      =         0.0000
 1-4 NB =         0.0000  1-4 EEL =         0.0000  VDWAALS    =      7963.1479
 EELEC  =    -52505.5515  EHBOND  =         0.0000  RESTRAINT  =         0.0000
 DV/DL  =       107.2225
 ------------------------------------------------------------------------------

 NMR restraints: Bond =    0.000   Angle =     0.000   Torsion =     0.000
===============================================================================

| TI region  1


 NSTEP =   180000   TIME(PS) =     180.000  TEMP(K) =   282.98  PRESS =     0.0
 Etot   =    -27285.3060  EKtot   =      9627.6489  EPtot      =    -36912.9549
 BOND   =      6899.0255  ANGLE   =         8.4709  DIHED      =         0.0000
 1-4 NB =         0.0000  1-4 EEL =         0.0000  VDWAALS    =      7789.8365
 EELEC  =    -51610.2878  EHBOND  =         0.0000  RESTRAINT  =         0.0000
 DV/DL  =       107.3064
 ------------------------------------------------------------------------------


| TI region  2


 NSTEP =   180000   TIME(PS) =     180.000  TEMP(K) =   282.98  PRESS =     0.0
 Etot   =    -27285.3360  EKtot   =      9627.6189  EPtot      =    -36912.9549
 BOND   =      6899.0255  ANGLE   =         8.4709  DIHED      =         0.0000
 1-4 NB =         0.0000  1-4 EEL =         0.0000  VDWAALS    =      7789.8365
 EELEC  =    -51610.2878  EHBOND  =         0.0000  RESTRAINT  =         0.0000
 DV/DL  =       107.3064
 ------------------------------------------------------------------------------

 NMR restraints: Bond =    0.000   Angle =     0.000   Torsion =     0.000
===============================================================================

| TI region  1


 NSTEP =   185000   TIME(PS) =     185.000  TEMP(K) =   293.94  PRESS =     0.0
 Etot   =    -26531.4522  EKtot   =     10000.6134  EPtot      =    -36532.0657
 BOND   =      7090.3003  ANGLE   =         7.5622  DIHED      =         0.0000
 1-4 NB =         0.0000  1-4 EEL =         0.0000  VDWAALS    =      7786.8863
 EELEC  =    -51416.8145  EHBOND  =         0.0000  RESTRAINT  =         0.0000
 DV/DL  =        98.1345
 ------------------------------------------------------------------------------


| TI region  2


 NSTEP =   185000   TIME(PS) =     185.000  TEMP(K) =   293.94  PRESS =     0.0
 Etot   =    -26531.3315  EKtot   =     10000.7341  EPtot      =    -36532.0657
 BOND   =      7090.3003  ANGLE   =         7.5622  DIHED      =         0.0000
 1-4 NB =         0.0000  1-4 EEL =         0.0000  VDWAALS    =      7786.8863
 EELEC  =    -51416.8145  EHBOND  =         0.0000  RESTRAINT  =         0.0000
 DV/DL  =        98.1345
 ------------------------------------------------------------------------------

 NMR restraints: Bond =    0.000   Angle =     0.000   Torsion =     0.000
===============================================================================

| TI region  1


 NSTEP =   190000   TIME(PS) =     190.000  TEMP(K) =   300.33  PRESS =     0.0
 Etot   =    -25635.8191  EKtot   =     10218.1721  EPtot      =    -35853.9912
 BOND   =      7131.8586  ANGLE   =         6.5926  DIHED      =         0.0000
 1-4 NB =         0.0000  1-4 EEL =         0.0000  VDWAALS    =      7531.9621
 EELEC  =    -50524.4045  EHBOND  =         0.0000  RESTRAINT  =         0.0000
 DV/DL  =       104.0687
 ------------------------------------------------------------------------------


| TI region  2


 NSTEP =   190000   TIME(PS) =     190.000  TEMP(K) =   300.33  PRESS =     0.0
 Etot   =    -25635.9576  EKtot   =     10218.0336  EPtot      =    -35853.9912
 BOND   =      7131.8586  ANGLE   =         6.5926  DIHED      =         0.0000
 1-4 NB =         0.0000  1-4 EEL =         0.0000  VDWAALS    =      7531.9621
 EELEC  =    -50524.4045  EHBOND  =         0.0000  RESTRAINT  =         0.0000
 DV/DL  =       104.0687
 ------------------------------------------------------------------------------

 NMR restraints: Bond =    0.000   Angle =     0.000   Torsion =     0.000
===============================================================================

| TI region  1


 NSTEP =   195000   TIME(PS) =     195.000  TEMP(K) =   297.10  PRESS =     0.0
 Etot   =    -25807.7324  EKtot   =     10108.2189  EPtot      =    -35915.9514
 BOND   =      6913.0558  ANGLE   =         7.8011  DIHED      =         0.0000
 1-4 NB =         0.0000  1-4 EEL =         0.0000  VDWAALS    =      7449.1442
 EELEC  =    -50285.9525  EHBOND  =         0.0000  RESTRAINT  =         0.0000
 DV/DL  =       114.1134
 ------------------------------------------------------------------------------


| TI region  2


 NSTEP =   195000   TIME(PS) =     195.000  TEMP(K) =   297.10  PRESS =     0.0
 Etot   =    -25807.7697  EKtot   =     10108.1817  EPtot      =    -35915.9514
 BOND   =      6913.0558  ANGLE   =         7.8011  DIHED      =         0.0000
 1-4 NB =         0.0000  1-4 EEL =         0.0000  VDWAALS    =      7449.1442
 EELEC  =    -50285.9525  EHBOND  =         0.0000  RESTRAINT  =         0.0000
 DV/DL  =       114.1134
 ------------------------------------------------------------------------------

 NMR restraints: Bond =    0.000   Angle =     0.000   Torsion =     0.000
===============================================================================

| TI region  1


 NSTEP =   200000   TIME(PS) =     200.000  TEMP(K) =   301.08  PRESS =     0.0
 Etot   =    -25836.9466  EKtot   =     10243.3874  EPtot      =    -36080.3340
 BOND   =      6966.2770  ANGLE   =         8.6265  DIHED      =         0.0000
 1-4 NB =         0.0000  1-4 EEL =         0.0000  VDWAALS    =      7475.3744
 EELEC  =    -50530.6119  EHBOND  =         0.0000  RESTRAINT  =         0.0000
 DV/DL  =       131.7836
 ------------------------------------------------------------------------------


| TI region  2


 NSTEP =   200000   TIME(PS) =     200.000  TEMP(K) =   301.08  PRESS =     0.0
 Etot   =    -25836.9119  EKtot   =     10243.4220  EPtot      =    -36080.3340
 BOND   =      6966.2770  ANGLE   =         8.6265  DIHED      =         0.0000
 1-4 NB =         0.0000  1-4 EEL =         0.0000  VDWAALS    =      7475.3744
 EELEC  =    -50530.6119  EHBOND  =         0.0000  RESTRAINT  =         0.0000
 DV/DL  =       131.7836
 ------------------------------------------------------------------------------

 NMR restraints: Bond =    0.000   Angle =     0.000   Torsion =     0.000
===============================================================================

| TI region  1


      A V E R A G E S   O V E R      40 S T E P S


 NSTEP =   200000   TIME(PS) =     200.000  TEMP(K) =   160.71  PRESS =     0.0
 Etot   =    -37799.4079  EKtot   =      5467.6932  EPtot      =    -43267.1011
 BOND   =      5789.1655  ANGLE   =         6.9936  DIHED      =         0.0000
 1-4 NB =         0.0000  1-4 EEL =         0.0000  VDWAALS    =      9668.9702
 EELEC  =    -58732.2304  EHBOND  =         0.0000  RESTRAINT  =         0.0000
 DV/DL  =       111.9413
 ------------------------------------------------------------------------------

 NMR restraints: Bond =    0.000   Angle =     0.000   Torsion =     0.000
===============================================================================

      R M S  F L U C T U A T I O N S


 NSTEP =   200000   TIME(PS) =     200.000  TEMP(K) =    90.31  PRESS =     0.0
 Etot   =      6923.3844  EKtot   =      3072.7504  EPtot      =      3889.7926
 BOND   =       936.9406  ANGLE   =         0.6130  DIHED      =         0.0000
 1-4 NB =         0.0000  1-4 EEL =         0.0000  VDWAALS    =      1064.5374
 EELEC  =      4075.9882  EHBOND  =         0.0000  RESTRAINT  =         0.0000
 DV/DL  =        16.8975
 ------------------------------------------------------------------------------


| TI region  2


      A V E R A G E S   O V E R      40 S T E P S


 NSTEP =   200000   TIME(PS) =     200.000  TEMP(K) =   160.71  PRESS =     0.0
 Etot   =    -37799.4041  EKtot   =      5467.6971  EPtot      =    -43267.1011
 BOND   =      5789.1655  ANGLE   =         6.9936  DIHED      =         0.0000
 1-4 NB =         0.0000  1-4 EEL =         0.0000  VDWAALS    =      9668.9702
 EELEC  =    -58732.2304  EHBOND  =         0.0000  RESTRAINT  =         0.0000
 DV/DL  =       111.9413
 ------------------------------------------------------------------------------

 NMR restraints: Bond =    0.000   Angle =     0.000   Torsion =     0.000
===============================================================================

      R M S  F L U C T U A T I O N S


 NSTEP =   200000   TIME(PS) =     200.000  TEMP(K) =    90.31  PRESS =     0.0
 Etot   =      6923.3872  EKtot   =      3072.7530  EPtot      =      3889.7926
 BOND   =       936.9406  ANGLE   =         0.6130  DIHED      =         0.0000
 1-4 NB =         0.0000  1-4 EEL =         0.0000  VDWAALS    =      1064.5374
 EELEC  =      4075.9882  EHBOND  =         0.0000  RESTRAINT  =         0.0000
 DV/DL  =        16.8975
 ------------------------------------------------------------------------------


      DV/DL, AVERAGES OVER      40 STEPS


 NSTEP =   200000   TIME(PS) =     200.000  TEMP(K) =    90.31  PRESS =     0.0
 Etot   =         0.0000  EKtot   =         0.0000  EPtot      =       111.9413
 BOND   =         0.0016  ANGLE   =        -0.0022  DIHED      =         0.0000
 1-4 NB =         0.0000  1-4 EEL =         0.0000  VDWAALS    =        -0.0001
 EELEC  =       111.9420  EHBOND  =         0.0000  RESTRAINT  =         0.0000
 DV/DL  =       111.9413
 ------------------------------------------------------------------------------


 NMR restraints on final step:

--------------------------------------------------------------------------------
   5.  TIMINGS
--------------------------------------------------------------------------------

|  NonSetup CPU Time in Major Routines:
|
|     Routine           Sec        %
|     ------------------------------
|     Nonbond          37.71   46.42
|     Bond              0.00    0.00
|     Angle             0.00    0.00
|     Dihedral          0.00    0.00
|     Shake             0.00    0.00
|     RunMD            43.14   53.10
|     Other             0.39    0.48
|     ------------------------------
|     Total            81.24

|  PME Nonbond Pairlist CPU Time:
|
|     Routine              Sec        %
|     ---------------------------------
|     Set Up Cit           0.00    0.00
|     Build List           0.00    0.00
|     ---------------------------------
|     Total                0.00    0.00

|  PME Direct Force CPU Time:
|
|     Routine              Sec        %
|     ---------------------------------
|     NonBonded Calc       0.00    0.00
|     Exclude Masked       0.00    0.00
|     Other                0.26    0.32
|     ---------------------------------
|     Total                0.26    0.32

|  PME Reciprocal Force CPU Time:
|
|     Routine              Sec        %
|     ---------------------------------
|     1D bspline           0.00    0.00
|     Grid Charges         0.00    0.00
|     Scalar Sum           0.00    0.00
|     Gradient Sum         0.00    0.00
|     FFT                  0.00    0.00
|     ---------------------------------
|     Total                0.00    0.00

|  Final Performance Info:
|     -----------------------------------------------------
|     Average timings for last   50000 steps:
|     Elapsed(s) =      21.12 Per Step(ms) =       0.42
|         ns/day =     204.56   seconds/ns =     422.36
|
|     Average timings for all steps:
|     Elapsed(s) =      81.50 Per Step(ms) =       0.41
|         ns/day =     212.02   seconds/ns =     407.51
|     -----------------------------------------------------

|  Setup CPU time:            0.56 seconds
|  NonSetup CPU time:        81.24 seconds
|  Total CPU time:           81.81 seconds     0.02 hours

|  Setup wall time:           0    seconds
|  NonSetup wall time:       82    seconds
|  Total wall time:          82    seconds     0.02 hours
