
          -------------------------------------------------------
          Amber 20 PMEMD                              2020
          -------------------------------------------------------

| PMEMD implementation of SANDER, Release 18

|  Compiled date/time: Mon Apr 27 21:19:54 2020
| Run on 09/30/2020 at 18:31:33

|   Executable path: /opt/software/Amber/20-fosscuda-2019b/amber20/bin/pmemd.cuda
| Working directory: /mnt/ls15/scratch/users/songlin3/run/solvation_amber20/po4/one_step_tip3p_PO4/po4_to_nothing/0.95206
|          Hostname: lac-142

  [-O]verwriting output

File Assignments:
|   MDIN: heat.in                                                               
|  MDOUT: heat.out                                                              
| INPCRD: min.rst                                                               
|   PARM: step2.prmtop                                                          
| RESTRT: heat.rst                                                              
|   REFC: min.rst                                                               
|  MDVEL: mdvel                                                                 
|   MDEN: mden                                                                  
|  MDCRD: heat.netcdf                                                           
| MDINFO: heat.mdinfo                                                           
|  MDFRC: mdfrc                                                                 


 Here is the input file:

nvt for free MD                                                                
 &cntrl                                                                        
  imin=0,                                                                      
  irest=0,                                                                     
  ntx=1,                                                                       
  ig=-1,                                                                       
  nstlim=200000,                                                               
  dt=0.001,                                                                    
  cut=10.0,                                                                    
  ntc=1,                                                                       
  ntf=1,                                                                       
  ntb=1,                                                                       
  ntt=3,                                                                       
  gamma_ln=2.0,                                                                
  tempi=0.0,                                                                   
  temp0=300.0,                                                                 
  ntpr=5000,                                                                   
  ntwr=5000,                                                                   
  ntwx=10000,                                                                  
  ntwv=0,                                                                      
  ioutfm=1,                                                                    
  iwrap=0,                                                                     
  nmropt=1,                                                                    
  ifsc = 1, icfe=1,                                                            
  clambda=0.95206,                                                             
  timask1=':1', scmask1=':1', scmask2='',                                      
  timask2='',                                                                  
/                                                                              
&wt TYPE='TEMP0', istep1=0, istep2=190000, value1=0.0, value2=300.0 /          
&wt TYPE='TEMP0', istep1=190001, istep2=200000, value1=300.0, value2=300.0 /   
&wt TYPE='DUMPFREQ', istep1=10000, /                                           
&wt TYPE='END', /                                                              


Note: ig = -1. Setting random seed to   947242 based on wallclock time in 
      microseconds.
| irandom = 1, using AMBER's internal random number generator (default).
 
|--------------------- INFORMATION ----------------------
| GPU (CUDA) Version of PMEMD in use: NVIDIA GPU IN USE.
|                    Version 18.0.0
| 
|                      03/25/2018
| 
| Implementation by:
|                    Ross C. Walker     (SDSC)
|                    Scott Le Grand     (nVIDIA)
| 
| Version 18 performance extensions by:
|                    David Cerutti     (Rutgers)
| 
| Precision model in use:
|      [SPFP] - Single Precision Forces, 64-bit Fixed Point
|               Accumulation. (Default)
| 
|--------------------------------------------------------
 
|----------------- CITATION INFORMATION -----------------
|
|    When publishing work that utilized the CUDA version
|    of AMBER, please cite the following in addition to
|    the regular AMBER citations:
|
|  - Romelia Salomon-Ferrer; Andreas W. Goetz; Duncan
|    Poole; Scott Le Grand; Ross C. Walker "Routine
|    microsecond molecular dynamics simulations with
|    AMBER - Part II: Particle Mesh Ewald", J. Chem.
|    Theory Comput., 2013, 9 (9), pp3878-3888,
|    DOI: 10.1021/ct400314y.
|
|  - Andreas W. Goetz; Mark J. Williamson; Dong Xu;
|    Duncan Poole; Scott Le Grand; Ross C. Walker
|    "Routine microsecond molecular dynamics simulations
|    with AMBER - Part I: Generalized Born", J. Chem.
|    Theory Comput., 2012, 8 (5), pp1542-1555.
|
|  - Scott Le Grand; Andreas W. Goetz; Ross C. Walker
|    "SPFP: Speed without compromise - a mixed precision
|    model for GPU accelerated molecular dynamics
|    simulations.", Comp. Phys. Comm., 2013, 184
|    pp374-380, DOI: 10.1016/j.cpc.2012.09.022
|
|    When publishing work that utilized the CUDA version
|    of TI, BAR, MBAR or FEP please cite the following 
|    publications in addition to the regular AMBER 
|    GPU citations:
|
|  - Daniel J. Mermelstein; Charles Lin; Gard Nelson; 
|    Rachael Kretsch; J. Andrew McCammon; Ross C. Walker
|    "Fast and Flexible GPU Accelerated Binding 
|    Free Energy Calculations within the AMBER Molecular
|    Dynamics Package" J. Comp. Chem., 2018,
|    DOI: 10.1002/jcc.25187
|
|  - Tai-Sung Lee; Yuan Hu; Brad Sherborne; Zhuyan Guo;
|    Darrin M. York
|    "Toward Fast and Accurate Binding Affinity Prediction with
|    pmemdGTI: An Efficient Implementation of GPU-Accelerated
|    Thermodynamic Integration"
|    J. Chem. Theory Comput., 2017, 13 (7), 3077
|
|
|--------------------------------------------------------
 
|------------------- GPU DEVICE INFO --------------------
|
|            CUDA_VISIBLE_DEVICES: 0
|   CUDA Capable Devices Detected:      1
|           CUDA Device ID in use:      0
|                CUDA Device Name: Tesla K80
|     CUDA Device Global Mem Size:  11441 MB
| CUDA Device Num Multiprocessors:     13
|           CUDA Device Core Freq:   0.82 GHz
|
|--------------------------------------------------------
 
 
| Conditional Compilation Defines Used:
| FFTW_FFT
| BINTRAJ
| MKL
| CUDA
| EMIL

| Largest sphere to fit in unit cell has radius =    22.455

| New format PARM file being parsed.
| Version =    1.000 Date = 09/30/20 Time = 15:27:28

| Note: 1-4 EEL scale factors are being read from the topology file.

| Note: 1-4 VDW scale factors are being read from the topology file.
| Duplicated    0 dihedrals

| Duplicated    0 dihedrals

--------------------------------------------------------------------------------
   1.  RESOURCE   USE: 
--------------------------------------------------------------------------------

 getting box info from netcdf restart file
 NATOM  =   11414 NTYPES =       4 NBONH =   11409 MBONA  =       4
 NTHETH =       0 MTHETA =       6 NPHIH =       0 MPHIA  =       0
 NHPARM =       0 NPARM  =       0 NNB   =   15223 NRES   =    3804
 NBONA  =       4 NTHETA =       6 NPHIA =       0 NUMBND =       3
 NUMANG =       1 NPTRA  =       0 NATYP =       4 NPHB   =       1
 IFBOX  =       2 NMXRS  =       5 IFCAP =       0 NEXTRA =       0
 NCOPY  =       0

| Coordinate Index Table dimensions:     8    8    8
| Direct force subcell size =     6.8755    6.8755    6.8755

     BOX TYPE: TRUNCATED OCTAHEDRON

--------------------------------------------------------------------------------
   2.  CONTROL  DATA  FOR  THE  RUN
--------------------------------------------------------------------------------

default_name                                                                    

General flags:
     imin    =       0, nmropt  =       1

Nature and format of input:
     ntx     =       1, irest   =       0, ntrx    =       1

Nature and format of output:
     ntxo    =       2, ntpr    =    5000, ntrx    =       1, ntwr    =    5000
     iwrap   =       0, ntwx    =   10000, ntwv    =       0, ntwe    =       0
     ioutfm  =       1, ntwprt  =       0, idecomp =       0, rbornstat=      0

Potential function:
     ntf     =       1, ntb     =       1, igb     =       0, nsnb    =      25
     ipol    =       0, gbsa    =       0, iesp    =       0
     dielc   =   1.00000, cut     =  10.00000, intdiel =   1.00000

Frozen or restrained atoms:
     ibelly  =       0, ntr     =       0

Molecular dynamics:
     nstlim  =    200000, nscm    =      1000, nrespa  =         1
     t       =   0.00000, dt      =   0.00100, vlimit  =  -1.00000

Langevin dynamics temperature regulation:
     ig      =  947242
     temp0   = 300.00000, tempi   =   0.00000, gamma_ln=   2.00000

NMR refinement options:
     iscale  =       0, noeskp  =       1, ipnlty  =       1, mxsub   =       1
     scalm   = 100.00000, pencut  =   0.10000, tausw   =   0.10000

Free energy options:
     icfe    =       1, ifsc    =       1, klambda =       1
     clambda =  0.9521, scalpha =  0.5000, scbeta  = 12.0000
     sceeorder =       2
     dynlmb =  0.0000 logdvdl =       0

| Intermolecular bonds treatment:
|     no_intermolecular_bonds =       1

| Energy averages sample interval:
|     ene_avg_sampling =    5000

Ewald parameters:
     verbose =       0, ew_type =       0, nbflag  =       1, use_pme =       1
     vdwmeth =       1, eedmeth =       1, netfrc  =       1
     Box X =   55.004   Box Y =   55.004   Box Z =   55.004
     Alpha =  109.471   Beta  =  109.471   Gamma =  109.471
     NFFT1 =   56       NFFT2 =   56       NFFT3 =   56
     Cutoff=   10.000   Tol   =0.100E-04
     Ewald Coefficient =  0.27511
     Interpolation order =    4
     TI Mask 1 :1; matches      5 atoms
     TI Mask 2  matches      0 atoms
     TI region 1:   11414 atoms
     TI region 2:   11409 atoms
     SC Mask 1 :1; matches      5 atoms

--------------------------------------------------------------------------------
   3.  ATOMIC COORDINATES AND VELOCITIES
--------------------------------------------------------------------------------

default_name                                                                    
 begin time read from input coords =     0.000 ps



           Begin reading energy term weight changes/NMR restraints
 WEIGHT CHANGES:
 TEMP0         0 190000    0.000000  300.000000      0      0
 TEMP0    190001 200000  300.000000  300.000000      0      0
 DUMPFREQ  10000      0    0.000000    0.000000      0      0

 RESTRAINTS:
                          ** No restraint defined **

                  Done reading weight changes/NMR restraints


 
 Number of triangulated 3-point waters found:     3803
 Number of shake restraints removed in TI region  1 :        0
 Number of shake restraints removed in TI region  2 :        0

     Sum of charges for TI region  1 =  -2.99999999
     Skip neutralizing charges...


     Sum of charges for TI region  2 =   0.00000000
     Skip neutralizing charges...

| Dynamic Memory, Types Used:
| Reals              565798
| Integers           433867

| Nonbonded Pairs Initial Allocation:     3452449

| GPU memory information (estimate):
| KB of GPU memory in use:    102019
| KB of CPU memory in use:     24739

--------------------------------------------------------------------------------
   4.  RESULTS
--------------------------------------------------------------------------------

   DOF for the SC part  1 of the system:   15

| TI region  1


 NSTEP =        0   TIME(PS) =       0.000  TEMP(K) =     0.00  PRESS =     0.0
 Etot   =    -48268.1343  EKtot   =         0.0000  EPtot      =    -48268.1343
 BOND   =      3839.0479  ANGLE   =         0.0000  DIHED      =         0.0000
 1-4 NB =         0.0000  1-4 EEL =         0.0000  VDWAALS    =     10089.2055
 EELEC  =    -62196.3876  EHBOND  =         0.0000  RESTRAINT  =         0.0000
 DV/DL  =       173.7668
 ------------------------------------------------------------------------------

  Softcore part of the system:       5 atoms,       TEMP(K)    =           0.00
 SC_Etot=         6.2592  SC_EKtot=         0.0000  SC_EPtot   =         6.2592
 SC_BOND=         0.0000  SC_ANGLE=         6.2592  SC_DIHED   =         0.0000
 SC_14NB=         0.0000  SC_14EEL=         0.0000  SC_VDW     =         0.0000
 SC_EEL =         0.0000
 SC_RES_DIST=     0.0000  SC_RES_ANG=       0.0000  SC_RES_TORS=         0.0000
 SC_EEL_DER=      0.2978  SC_VDW_DER=       0.0012  SC_DERIV   =         0.2990
 ------------------------------------------------------------------------------


| TI region  2


 NSTEP =        0   TIME(PS) =       0.000  TEMP(K) =     0.00  PRESS =     0.0
 Etot   =    -48268.1343  EKtot   =         0.0000  EPtot      =    -48268.1343
 BOND   =      3839.0479  ANGLE   =         0.0000  DIHED      =         0.0000
 1-4 NB =         0.0000  1-4 EEL =         0.0000  VDWAALS    =     10089.2055
 EELEC  =    -62196.3876  EHBOND  =         0.0000  RESTRAINT  =         0.0000
 DV/DL  =       173.7668
 ------------------------------------------------------------------------------

 NMR restraints: Bond =    0.000   Angle =     0.000   Torsion =     0.000
===============================================================================

| TI region  1


 NSTEP =     5000   TIME(PS) =       5.000  TEMP(K) =     7.47  PRESS =     0.0
 Etot   =    -48297.7315  EKtot   =       254.1217  EPtot      =    -48551.8532
 BOND   =      4050.7438  ANGLE   =         0.0000  DIHED      =         0.0000
 1-4 NB =         0.0000  1-4 EEL =         0.0000  VDWAALS    =     10632.4083
 EELEC  =    -63235.0053  EHBOND  =         0.0000  RESTRAINT  =         0.0000
 DV/DL  =       164.2681
 ------------------------------------------------------------------------------

  Softcore part of the system:       5 atoms,       TEMP(K)    =           8.54
 SC_Etot=         6.4749  SC_EKtot=         0.1273  SC_EPtot   =         6.3476
 SC_BOND=         0.0402  SC_ANGLE=         6.3074  SC_DIHED   =         0.0000
 SC_14NB=         0.0000  SC_14EEL=         0.0000  SC_VDW     =         0.0000
 SC_EEL =         0.0000
 SC_RES_DIST=     0.0000  SC_RES_ANG=       0.0000  SC_RES_TORS=         0.0000
 SC_EEL_DER=      0.3678  SC_VDW_DER=      -0.0269  SC_DERIV   =         0.3409
 ------------------------------------------------------------------------------


| TI region  2


 NSTEP =     5000   TIME(PS) =       5.000  TEMP(K) =     7.47  PRESS =     0.0
 Etot   =    -48297.8588  EKtot   =       253.9944  EPtot      =    -48551.8532
 BOND   =      4050.7438  ANGLE   =         0.0000  DIHED      =         0.0000
 1-4 NB =         0.0000  1-4 EEL =         0.0000  VDWAALS    =     10632.4083
 EELEC  =    -63235.0053  EHBOND  =         0.0000  RESTRAINT  =         0.0000
 DV/DL  =       164.2681
 ------------------------------------------------------------------------------

 NMR restraints: Bond =    0.000   Angle =     0.000   Torsion =     0.000
===============================================================================

| TI region  1


 NSTEP =    10000   TIME(PS) =      10.000  TEMP(K) =    15.10  PRESS =     0.0
 Etot   =    -47863.5177  EKtot   =       513.7823  EPtot      =    -48377.3000
 BOND   =      4148.2566  ANGLE   =         0.0000  DIHED      =         0.0000
 1-4 NB =         0.0000  1-4 EEL =         0.0000  VDWAALS    =     10606.0068
 EELEC  =    -63131.5634  EHBOND  =         0.0000  RESTRAINT  =         0.0000
 DV/DL  =       158.1565
 ------------------------------------------------------------------------------

  Softcore part of the system:       5 atoms,       TEMP(K)    =          32.68
 SC_Etot=         6.8730  SC_EKtot=         0.4870  SC_EPtot   =         6.3860
 SC_BOND=         0.0366  SC_ANGLE=         6.3493  SC_DIHED   =         0.0000
 SC_14NB=         0.0000  SC_14EEL=         0.0000  SC_VDW     =         0.0000
 SC_EEL =         0.0000
 SC_RES_DIST=     0.0000  SC_RES_ANG=       0.0000  SC_RES_TORS=         0.0000
 SC_EEL_DER=      0.2269  SC_VDW_DER=      -0.0532  SC_DERIV   =         0.1736
 ------------------------------------------------------------------------------


| TI region  2


 NSTEP =    10000   TIME(PS) =      10.000  TEMP(K) =    15.09  PRESS =     0.0
 Etot   =    -47864.0047  EKtot   =       513.2953  EPtot      =    -48377.3000
 BOND   =      4148.2566  ANGLE   =         0.0000  DIHED      =         0.0000
 1-4 NB =         0.0000  1-4 EEL =         0.0000  VDWAALS    =     10606.0068
 EELEC  =    -63131.5634  EHBOND  =         0.0000  RESTRAINT  =         0.0000
 DV/DL  =       158.1565
 ------------------------------------------------------------------------------

 NMR restraints: Bond =    0.000   Angle =     0.000   Torsion =     0.000
===============================================================================

| TI region  1


 NSTEP =    15000   TIME(PS) =      15.000  TEMP(K) =    22.86  PRESS =     0.0
 Etot   =    -47413.8092  EKtot   =       777.8966  EPtot      =    -48191.7058
 BOND   =      4250.5622  ANGLE   =         0.0000  DIHED      =         0.0000
 1-4 NB =         0.0000  1-4 EEL =         0.0000  VDWAALS    =     10636.8811
 EELEC  =    -63079.1492  EHBOND  =         0.0000  RESTRAINT  =         0.0000
 DV/DL  =       161.6551
 ------------------------------------------------------------------------------

  Softcore part of the system:       5 atoms,       TEMP(K)    =          30.27
 SC_Etot=         7.1291  SC_EKtot=         0.4512  SC_EPtot   =         6.6779
 SC_BOND=         0.1049  SC_ANGLE=         6.5730  SC_DIHED   =         0.0000
 SC_14NB=         0.0000  SC_14EEL=         0.0000  SC_VDW     =         0.0000
 SC_EEL =         0.0000
 SC_RES_DIST=     0.0000  SC_RES_ANG=       0.0000  SC_RES_TORS=         0.0000
 SC_EEL_DER=      0.3246  SC_VDW_DER=      -0.0092  SC_DERIV   =         0.3154
 ------------------------------------------------------------------------------


| TI region  2


 NSTEP =    15000   TIME(PS) =      15.000  TEMP(K) =    22.86  PRESS =     0.0
 Etot   =    -47414.2604  EKtot   =       777.4454  EPtot      =    -48191.7058
 BOND   =      4250.5622  ANGLE   =         0.0000  DIHED      =         0.0000
 1-4 NB =         0.0000  1-4 EEL =         0.0000  VDWAALS    =     10636.8811
 EELEC  =    -63079.1492  EHBOND  =         0.0000  RESTRAINT  =         0.0000
 DV/DL  =       161.6551
 ------------------------------------------------------------------------------

 NMR restraints: Bond =    0.000   Angle =     0.000   Torsion =     0.000
===============================================================================

| TI region  1


 NSTEP =    20000   TIME(PS) =      20.000  TEMP(K) =    31.22  PRESS =     0.0
 Etot   =    -46894.8583  EKtot   =      1062.0865  EPtot      =    -47956.9449
 BOND   =      4365.8510  ANGLE   =         0.0000  DIHED      =         0.0000
 1-4 NB =         0.0000  1-4 EEL =         0.0000  VDWAALS    =     10604.0802
 EELEC  =    -62926.8761  EHBOND  =         0.0000  RESTRAINT  =         0.0000
 DV/DL  =       176.9361
 ------------------------------------------------------------------------------

  Softcore part of the system:       5 atoms,       TEMP(K)    =          23.46
 SC_Etot=         6.7983  SC_EKtot=         0.3496  SC_EPtot   =         6.4487
 SC_BOND=         0.0726  SC_ANGLE=         6.3761  SC_DIHED   =         0.0000
 SC_14NB=         0.0000  SC_14EEL=         0.0000  SC_VDW     =         0.0000
 SC_EEL =         0.0000
 SC_RES_DIST=     0.0000  SC_RES_ANG=       0.0000  SC_RES_TORS=         0.0000
 SC_EEL_DER=      0.7105  SC_VDW_DER=      -0.2245  SC_DERIV   =         0.4860
 ------------------------------------------------------------------------------


| TI region  2


 NSTEP =    20000   TIME(PS) =      20.000  TEMP(K) =    31.22  PRESS =     0.0
 Etot   =    -46895.2079  EKtot   =      1061.7370  EPtot      =    -47956.9449
 BOND   =      4365.8510  ANGLE   =         0.0000  DIHED      =         0.0000
 1-4 NB =         0.0000  1-4 EEL =         0.0000  VDWAALS    =     10604.0802
 EELEC  =    -62926.8761  EHBOND  =         0.0000  RESTRAINT  =         0.0000
 DV/DL  =       176.9361
 ------------------------------------------------------------------------------

 NMR restraints: Bond =    0.000   Angle =     0.000   Torsion =     0.000
===============================================================================

| TI region  1


 NSTEP =    25000   TIME(PS) =      25.000  TEMP(K) =    39.00  PRESS =     0.0
 Etot   =    -46474.5569  EKtot   =      1326.7247  EPtot      =    -47801.2816
 BOND   =      4417.6159  ANGLE   =         0.0000  DIHED      =         0.0000
 1-4 NB =         0.0000  1-4 EEL =         0.0000  VDWAALS    =     10634.5082
 EELEC  =    -62853.4058  EHBOND  =         0.0000  RESTRAINT  =         0.0000
 DV/DL  =       177.8947
 ------------------------------------------------------------------------------

  Softcore part of the system:       5 atoms,       TEMP(K)    =          36.02
 SC_Etot=         7.2960  SC_EKtot=         0.5369  SC_EPtot   =         6.7592
 SC_BOND=         0.2234  SC_ANGLE=         6.5358  SC_DIHED   =         0.0000
 SC_14NB=         0.0000  SC_14EEL=         0.0000  SC_VDW     =         0.0000
 SC_EEL =         0.0000
 SC_RES_DIST=     0.0000  SC_RES_ANG=       0.0000  SC_RES_TORS=         0.0000
 SC_EEL_DER=      0.7628  SC_VDW_DER=      -0.3355  SC_DERIV   =         0.4272
 ------------------------------------------------------------------------------


| TI region  2


 NSTEP =    25000   TIME(PS) =      25.000  TEMP(K) =    39.00  PRESS =     0.0
 Etot   =    -46475.0938  EKtot   =      1326.1879  EPtot      =    -47801.2816
 BOND   =      4417.6159  ANGLE   =         0.0000  DIHED      =         0.0000
 1-4 NB =         0.0000  1-4 EEL =         0.0000  VDWAALS    =     10634.5082
 EELEC  =    -62853.4058  EHBOND  =         0.0000  RESTRAINT  =         0.0000
 DV/DL  =       177.8947
 ------------------------------------------------------------------------------

 NMR restraints: Bond =    0.000   Angle =     0.000   Torsion =     0.000
===============================================================================

| TI region  1


 NSTEP =    30000   TIME(PS) =      30.000  TEMP(K) =    46.48  PRESS =     0.0
 Etot   =    -46026.5553  EKtot   =      1581.4640  EPtot      =    -47608.0193
 BOND   =      4530.1792  ANGLE   =         0.0000  DIHED      =         0.0000
 1-4 NB =         0.0000  1-4 EEL =         0.0000  VDWAALS    =     10614.3612
 EELEC  =    -62752.5597  EHBOND  =         0.0000  RESTRAINT  =         0.0000
 DV/DL  =       185.8816
 ------------------------------------------------------------------------------

  Softcore part of the system:       5 atoms,       TEMP(K)    =          35.48
 SC_Etot=         7.0105  SC_EKtot=         0.5289  SC_EPtot   =         6.4817
 SC_BOND=         0.1018  SC_ANGLE=         6.3799  SC_DIHED   =         0.0000
 SC_14NB=         0.0000  SC_14EEL=         0.0000  SC_VDW     =         0.0000
 SC_EEL =         0.0000
 SC_RES_DIST=     0.0000  SC_RES_ANG=       0.0000  SC_RES_TORS=         0.0000
 SC_EEL_DER=      1.3230  SC_VDW_DER=      -1.7507  SC_DERIV   =        -0.4277
 ------------------------------------------------------------------------------


| TI region  2


 NSTEP =    30000   TIME(PS) =      30.000  TEMP(K) =    46.49  PRESS =     0.0
 Etot   =    -46027.0842  EKtot   =      1580.9351  EPtot      =    -47608.0193
 BOND   =      4530.1792  ANGLE   =         0.0000  DIHED      =         0.0000
 1-4 NB =         0.0000  1-4 EEL =         0.0000  VDWAALS    =     10614.3612
 EELEC  =    -62752.5597  EHBOND  =         0.0000  RESTRAINT  =         0.0000
 DV/DL  =       185.8816
 ------------------------------------------------------------------------------

 NMR restraints: Bond =    0.000   Angle =     0.000   Torsion =     0.000
===============================================================================

| TI region  1


 NSTEP =    35000   TIME(PS) =      35.000  TEMP(K) =    55.69  PRESS =     0.0
 Etot   =    -45535.3206  EKtot   =      1894.5814  EPtot      =    -47429.9021
 BOND   =      4687.0382  ANGLE   =         0.0000  DIHED      =         0.0000
 1-4 NB =         0.0000  1-4 EEL =         0.0000  VDWAALS    =     10700.8014
 EELEC  =    -62817.7417  EHBOND  =         0.0000  RESTRAINT  =         0.0000
 DV/DL  =       150.7429
 ------------------------------------------------------------------------------

  Softcore part of the system:       5 atoms,       TEMP(K)    =          44.51
 SC_Etot=         7.2880  SC_EKtot=         0.6634  SC_EPtot   =         6.6247
 SC_BOND=         0.1347  SC_ANGLE=         6.4900  SC_DIHED   =         0.0000
 SC_14NB=         0.0000  SC_14EEL=         0.0000  SC_VDW     =         0.0000
 SC_EEL =         0.0000
 SC_RES_DIST=     0.0000  SC_RES_ANG=       0.0000  SC_RES_TORS=         0.0000
 SC_EEL_DER=      0.7906  SC_VDW_DER=      -1.8956  SC_DERIV   =        -1.1050
 ------------------------------------------------------------------------------


| TI region  2


 NSTEP =    35000   TIME(PS) =      35.000  TEMP(K) =    55.69  PRESS =     0.0
 Etot   =    -45535.9840  EKtot   =      1893.9180  EPtot      =    -47429.9021
 BOND   =      4687.0382  ANGLE   =         0.0000  DIHED      =         0.0000
 1-4 NB =         0.0000  1-4 EEL =         0.0000  VDWAALS    =     10700.8014
 EELEC  =    -62817.7417  EHBOND  =         0.0000  RESTRAINT  =         0.0000
 DV/DL  =       150.7429
 ------------------------------------------------------------------------------

 NMR restraints: Bond =    0.000   Angle =     0.000   Torsion =     0.000
===============================================================================

| TI region  1


 NSTEP =    40000   TIME(PS) =      40.000  TEMP(K) =    62.38  PRESS =     0.0
 Etot   =    -45118.4658  EKtot   =      2122.3723  EPtot      =    -47240.8381
 BOND   =      4729.2467  ANGLE   =         0.0000  DIHED      =         0.0000
 1-4 NB =         0.0000  1-4 EEL =         0.0000  VDWAALS    =     10618.2987
 EELEC  =    -62588.3835  EHBOND  =         0.0000  RESTRAINT  =         0.0000
 DV/DL  =       145.2908
 ------------------------------------------------------------------------------

  Softcore part of the system:       5 atoms,       TEMP(K)    =          36.56
 SC_Etot=         7.1569  SC_EKtot=         0.5448  SC_EPtot   =         6.6120
 SC_BOND=         0.2469  SC_ANGLE=         6.3651  SC_DIHED   =         0.0000
 SC_14NB=         0.0000  SC_14EEL=         0.0000  SC_VDW     =         0.0000
 SC_EEL =         0.0000
 SC_RES_DIST=     0.0000  SC_RES_ANG=       0.0000  SC_RES_TORS=         0.0000
 SC_EEL_DER=      0.7969  SC_VDW_DER=      -1.6387  SC_DERIV   =        -0.8417
 ------------------------------------------------------------------------------


| TI region  2


 NSTEP =    40000   TIME(PS) =      40.000  TEMP(K) =    62.39  PRESS =     0.0
 Etot   =    -45119.0106  EKtot   =      2121.8275  EPtot      =    -47240.8381
 BOND   =      4729.2467  ANGLE   =         0.0000  DIHED      =         0.0000
 1-4 NB =         0.0000  1-4 EEL =         0.0000  VDWAALS    =     10618.2987
 EELEC  =    -62588.3835  EHBOND  =         0.0000  RESTRAINT  =         0.0000
 DV/DL  =       145.2908
 ------------------------------------------------------------------------------

 NMR restraints: Bond =    0.000   Angle =     0.000   Torsion =     0.000
===============================================================================

| TI region  1


 NSTEP =    45000   TIME(PS) =      45.000  TEMP(K) =    70.84  PRESS =     0.0
 Etot   =    -44544.2772  EKtot   =      2410.2466  EPtot      =    -46954.5238
 BOND   =      4915.2064  ANGLE   =         0.0000  DIHED      =         0.0000
 1-4 NB =         0.0000  1-4 EEL =         0.0000  VDWAALS    =     10629.4132
 EELEC  =    -62499.1434  EHBOND  =         0.0000  RESTRAINT  =         0.0000
 DV/DL  =       150.0039
 ------------------------------------------------------------------------------

  Softcore part of the system:       5 atoms,       TEMP(K)    =          22.03
 SC_Etot=         7.6011  SC_EKtot=         0.3283  SC_EPtot   =         7.2728
 SC_BOND=         0.7999  SC_ANGLE=         6.4729  SC_DIHED   =         0.0000
 SC_14NB=         0.0000  SC_14EEL=         0.0000  SC_VDW     =         0.0000
 SC_EEL =         0.0000
 SC_RES_DIST=     0.0000  SC_RES_ANG=       0.0000  SC_RES_TORS=         0.0000
 SC_EEL_DER=      1.0531  SC_VDW_DER=      -1.6375  SC_DERIV   =        -0.5844
 ------------------------------------------------------------------------------


| TI region  2


 NSTEP =    45000   TIME(PS) =      45.000  TEMP(K) =    70.86  PRESS =     0.0
 Etot   =    -44544.6055  EKtot   =      2409.9183  EPtot      =    -46954.5238
 BOND   =      4915.2064  ANGLE   =         0.0000  DIHED      =         0.0000
 1-4 NB =         0.0000  1-4 EEL =         0.0000  VDWAALS    =     10629.4132
 EELEC  =    -62499.1434  EHBOND  =         0.0000  RESTRAINT  =         0.0000
 DV/DL  =       150.0039
 ------------------------------------------------------------------------------

 NMR restraints: Bond =    0.000   Angle =     0.000   Torsion =     0.000
===============================================================================

| TI region  1


 NSTEP =    50000   TIME(PS) =      50.000  TEMP(K) =    78.97  PRESS =     0.0
 Etot   =    -44023.1013  EKtot   =      2686.6113  EPtot      =    -46709.7126
 BOND   =      4991.7353  ANGLE   =         0.0000  DIHED      =         0.0000
 1-4 NB =         0.0000  1-4 EEL =         0.0000  VDWAALS    =     10655.2415
 EELEC  =    -62356.6893  EHBOND  =         0.0000  RESTRAINT  =         0.0000
 DV/DL  =       134.6673
 ------------------------------------------------------------------------------

  Softcore part of the system:       5 atoms,       TEMP(K)    =          71.77
 SC_Etot=         9.3707  SC_EKtot=         1.0696  SC_EPtot   =         8.3011
 SC_BOND=         0.2182  SC_ANGLE=         8.0829  SC_DIHED   =         0.0000
 SC_14NB=         0.0000  SC_14EEL=         0.0000  SC_VDW     =         0.0000
 SC_EEL =         0.0000
 SC_RES_DIST=     0.0000  SC_RES_ANG=       0.0000  SC_RES_TORS=         0.0000
 SC_EEL_DER=      0.7041  SC_VDW_DER=      -1.6955  SC_DERIV   =        -0.9914
 ------------------------------------------------------------------------------


| TI region  2


 NSTEP =    50000   TIME(PS) =      50.000  TEMP(K) =    78.97  PRESS =     0.0
 Etot   =    -44024.1709  EKtot   =      2685.5417  EPtot      =    -46709.7126
 BOND   =      4991.7353  ANGLE   =         0.0000  DIHED      =         0.0000
 1-4 NB =         0.0000  1-4 EEL =         0.0000  VDWAALS    =     10655.2415
 EELEC  =    -62356.6893  EHBOND  =         0.0000  RESTRAINT  =         0.0000
 DV/DL  =       134.6673
 ------------------------------------------------------------------------------

 NMR restraints: Bond =    0.000   Angle =     0.000   Torsion =     0.000
===============================================================================

| TI region  1


 NSTEP =    55000   TIME(PS) =      55.000  TEMP(K) =    86.77  PRESS =     0.0
 Etot   =    -43563.0313  EKtot   =      2952.0996  EPtot      =    -46515.1309
 BOND   =      5067.6874  ANGLE   =         0.0000  DIHED      =         0.0000
 1-4 NB =         0.0000  1-4 EEL =         0.0000  VDWAALS    =     10529.7809
 EELEC  =    -62112.5992  EHBOND  =         0.0000  RESTRAINT  =         0.0000
 DV/DL  =       155.8623
 ------------------------------------------------------------------------------

  Softcore part of the system:       5 atoms,       TEMP(K)    =         101.28
 SC_Etot=         8.3770  SC_EKtot=         1.5094  SC_EPtot   =         6.8676
 SC_BOND=         0.0985  SC_ANGLE=         6.7691  SC_DIHED   =         0.0000
 SC_14NB=         0.0000  SC_14EEL=         0.0000  SC_VDW     =         0.0000
 SC_EEL =         0.0000
 SC_RES_DIST=     0.0000  SC_RES_ANG=       0.0000  SC_RES_TORS=         0.0000
 SC_EEL_DER=      1.1278  SC_VDW_DER=      -1.6885  SC_DERIV   =        -0.5607
 ------------------------------------------------------------------------------


| TI region  2


 NSTEP =    55000   TIME(PS) =      55.000  TEMP(K) =    86.76  PRESS =     0.0
 Etot   =    -43564.5407  EKtot   =      2950.5902  EPtot      =    -46515.1309
 BOND   =      5067.6874  ANGLE   =         0.0000  DIHED      =         0.0000
 1-4 NB =         0.0000  1-4 EEL =         0.0000  VDWAALS    =     10529.7809
 EELEC  =    -62112.5992  EHBOND  =         0.0000  RESTRAINT  =         0.0000
 DV/DL  =       155.8623
 ------------------------------------------------------------------------------

 NMR restraints: Bond =    0.000   Angle =     0.000   Torsion =     0.000
===============================================================================

| TI region  1


 NSTEP =    60000   TIME(PS) =      60.000  TEMP(K) =    94.36  PRESS =     0.0
 Etot   =    -43091.6372  EKtot   =      3210.5063  EPtot      =    -46302.1435
 BOND   =      5086.5287  ANGLE   =         0.0000  DIHED      =         0.0000
 1-4 NB =         0.0000  1-4 EEL =         0.0000  VDWAALS    =     10525.6216
 EELEC  =    -61914.2938  EHBOND  =         0.0000  RESTRAINT  =         0.0000
 DV/DL  =       121.7284
 ------------------------------------------------------------------------------

  Softcore part of the system:       5 atoms,       TEMP(K)    =          47.34
 SC_Etot=         7.5883  SC_EKtot=         0.7056  SC_EPtot   =         6.8827
 SC_BOND=         0.4183  SC_ANGLE=         6.4644  SC_DIHED   =         0.0000
 SC_14NB=         0.0000  SC_14EEL=         0.0000  SC_VDW     =         0.0000
 SC_EEL =         0.0000
 SC_RES_DIST=     0.0000  SC_RES_ANG=       0.0000  SC_RES_TORS=         0.0000
 SC_EEL_DER=      0.2060  SC_VDW_DER=      -0.8845  SC_DERIV   =        -0.6785
 ------------------------------------------------------------------------------


| TI region  2


 NSTEP =    60000   TIME(PS) =      60.000  TEMP(K) =    94.38  PRESS =     0.0
 Etot   =    -43092.3427  EKtot   =      3209.8008  EPtot      =    -46302.1435
 BOND   =      5086.5287  ANGLE   =         0.0000  DIHED      =         0.0000
 1-4 NB =         0.0000  1-4 EEL =         0.0000  VDWAALS    =     10525.6216
 EELEC  =    -61914.2938  EHBOND  =         0.0000  RESTRAINT  =         0.0000
 DV/DL  =       121.7284
 ------------------------------------------------------------------------------

 NMR restraints: Bond =    0.000   Angle =     0.000   Torsion =     0.000
===============================================================================

| TI region  1


 NSTEP =    65000   TIME(PS) =      65.000  TEMP(K) =   103.18  PRESS =     0.0
 Etot   =    -42526.4116  EKtot   =      3510.4668  EPtot      =    -46036.8784
 BOND   =      5289.0618  ANGLE   =         0.0000  DIHED      =         0.0000
 1-4 NB =         0.0000  1-4 EEL =         0.0000  VDWAALS    =     10570.1764
 EELEC  =    -61896.1166  EHBOND  =         0.0000  RESTRAINT  =         0.0000
 DV/DL  =       134.4527
 ------------------------------------------------------------------------------

  Softcore part of the system:       5 atoms,       TEMP(K)    =          28.82
 SC_Etot=         8.2002  SC_EKtot=         0.4295  SC_EPtot   =         7.7707
 SC_BOND=         0.2514  SC_ANGLE=         7.5193  SC_DIHED   =         0.0000
 SC_14NB=         0.0000  SC_14EEL=         0.0000  SC_VDW     =         0.0000
 SC_EEL =         0.0000
 SC_RES_DIST=     0.0000  SC_RES_ANG=       0.0000  SC_RES_TORS=         0.0000
 SC_EEL_DER=      0.3135  SC_VDW_DER=      -0.1735  SC_DERIV   =         0.1399
 ------------------------------------------------------------------------------


| TI region  2


 NSTEP =    65000   TIME(PS) =      65.000  TEMP(K) =   103.21  PRESS =     0.0
 Etot   =    -42526.8411  EKtot   =      3510.0373  EPtot      =    -46036.8784
 BOND   =      5289.0618  ANGLE   =         0.0000  DIHED      =         0.0000
 1-4 NB =         0.0000  1-4 EEL =         0.0000  VDWAALS    =     10570.1764
 EELEC  =    -61896.1166  EHBOND  =         0.0000  RESTRAINT  =         0.0000
 DV/DL  =       134.4527
 ------------------------------------------------------------------------------

 NMR restraints: Bond =    0.000   Angle =     0.000   Torsion =     0.000
===============================================================================

| TI region  1


 NSTEP =    70000   TIME(PS) =      70.000  TEMP(K) =   110.59  PRESS =     0.0
 Etot   =    -42069.7320  EKtot   =      3762.6924  EPtot      =    -45832.4244
 BOND   =      5345.5987  ANGLE   =         0.0000  DIHED      =         0.0000
 1-4 NB =         0.0000  1-4 EEL =         0.0000  VDWAALS    =     10561.6820
 EELEC  =    -61739.7051  EHBOND  =         0.0000  RESTRAINT  =         0.0000
 DV/DL  =       126.7479
 ------------------------------------------------------------------------------

  Softcore part of the system:       5 atoms,       TEMP(K)    =         136.47
 SC_Etot=         9.0988  SC_EKtot=         2.0339  SC_EPtot   =         7.0648
 SC_BOND=         0.5669  SC_ANGLE=         6.4980  SC_DIHED   =         0.0000
 SC_14NB=         0.0000  SC_14EEL=         0.0000  SC_VDW     =         0.0000
 SC_EEL =         0.0000
 SC_RES_DIST=     0.0000  SC_RES_ANG=       0.0000  SC_RES_TORS=         0.0000
 SC_EEL_DER=      0.1928  SC_VDW_DER=      -0.4719  SC_DERIV   =        -0.2791
 ------------------------------------------------------------------------------


| TI region  2


 NSTEP =    70000   TIME(PS) =      70.000  TEMP(K) =   110.58  PRESS =     0.0
 Etot   =    -42071.7659  EKtot   =      3760.6584  EPtot      =    -45832.4244
 BOND   =      5345.5987  ANGLE   =         0.0000  DIHED      =         0.0000
 1-4 NB =         0.0000  1-4 EEL =         0.0000  VDWAALS    =     10561.6820
 EELEC  =    -61739.7051  EHBOND  =         0.0000  RESTRAINT  =         0.0000
 DV/DL  =       126.7479
 ------------------------------------------------------------------------------

 NMR restraints: Bond =    0.000   Angle =     0.000   Torsion =     0.000
===============================================================================

| TI region  1


 NSTEP =    75000   TIME(PS) =      75.000  TEMP(K) =   117.94  PRESS =     0.0
 Etot   =    -41612.1742  EKtot   =      4012.4883  EPtot      =    -45624.6625
 BOND   =      5416.7260  ANGLE   =         0.0000  DIHED      =         0.0000
 1-4 NB =         0.0000  1-4 EEL =         0.0000  VDWAALS    =     10469.6515
 EELEC  =    -61511.0400  EHBOND  =         0.0000  RESTRAINT  =         0.0000
 DV/DL  =       112.3147
 ------------------------------------------------------------------------------

  Softcore part of the system:       5 atoms,       TEMP(K)    =          40.08
 SC_Etot=         8.4481  SC_EKtot=         0.5974  SC_EPtot   =         7.8507
 SC_BOND=         0.7079  SC_ANGLE=         7.1428  SC_DIHED   =         0.0000
 SC_14NB=         0.0000  SC_14EEL=         0.0000  SC_VDW     =         0.0000
 SC_EEL =         0.0000
 SC_RES_DIST=     0.0000  SC_RES_ANG=       0.0000  SC_RES_TORS=         0.0000
 SC_EEL_DER=      0.3713  SC_VDW_DER=      -0.6387  SC_DERIV   =        -0.2673
 ------------------------------------------------------------------------------


| TI region  2


 NSTEP =    75000   TIME(PS) =      75.000  TEMP(K) =   117.97  PRESS =     0.0
 Etot   =    -41612.7717  EKtot   =      4011.8909  EPtot      =    -45624.6625
 BOND   =      5416.7260  ANGLE   =         0.0000  DIHED      =         0.0000
 1-4 NB =         0.0000  1-4 EEL =         0.0000  VDWAALS    =     10469.6515
 EELEC  =    -61511.0400  EHBOND  =         0.0000  RESTRAINT  =         0.0000
 DV/DL  =       112.3147
 ------------------------------------------------------------------------------

 NMR restraints: Bond =    0.000   Angle =     0.000   Torsion =     0.000
===============================================================================

| TI region  1


 NSTEP =    80000   TIME(PS) =      80.000  TEMP(K) =   126.21  PRESS =     0.0
 Etot   =    -41068.6608  EKtot   =      4294.0957  EPtot      =    -45362.7565
 BOND   =      5519.7073  ANGLE   =         0.0000  DIHED      =         0.0000
 1-4 NB =         0.0000  1-4 EEL =         0.0000  VDWAALS    =     10413.7030
 EELEC  =    -61296.1667  EHBOND  =         0.0000  RESTRAINT  =         0.0000
 DV/DL  =       134.0769
 ------------------------------------------------------------------------------

  Softcore part of the system:       5 atoms,       TEMP(K)    =         193.68
 SC_Etot=        10.1957  SC_EKtot=         2.8866  SC_EPtot   =         7.3092
 SC_BOND=         0.3045  SC_ANGLE=         7.0046  SC_DIHED   =         0.0000
 SC_14NB=         0.0000  SC_14EEL=         0.0000  SC_VDW     =         0.0000
 SC_EEL =         0.0000
 SC_RES_DIST=     0.0000  SC_RES_ANG=       0.0000  SC_RES_TORS=         0.0000
 SC_EEL_DER=      0.5192  SC_VDW_DER=      -1.0656  SC_DERIV   =        -0.5464
 ------------------------------------------------------------------------------


| TI region  2


 NSTEP =    80000   TIME(PS) =      80.000  TEMP(K) =   126.18  PRESS =     0.0
 Etot   =    -41071.5474  EKtot   =      4291.2091  EPtot      =    -45362.7565
 BOND   =      5519.7073  ANGLE   =         0.0000  DIHED      =         0.0000
 1-4 NB =         0.0000  1-4 EEL =         0.0000  VDWAALS    =     10413.7030
 EELEC  =    -61296.1667  EHBOND  =         0.0000  RESTRAINT  =         0.0000
 DV/DL  =       134.0769
 ------------------------------------------------------------------------------

 NMR restraints: Bond =    0.000   Angle =     0.000   Torsion =     0.000
===============================================================================

| TI region  1


 NSTEP =    85000   TIME(PS) =      85.000  TEMP(K) =   132.22  PRESS =     0.0
 Etot   =    -40606.1864  EKtot   =      4498.5596  EPtot      =    -45104.7460
 BOND   =      5581.3029  ANGLE   =         0.0000  DIHED      =         0.0000
 1-4 NB =         0.0000  1-4 EEL =         0.0000  VDWAALS    =     10335.6344
 EELEC  =    -61021.6832  EHBOND  =         0.0000  RESTRAINT  =         0.0000
 DV/DL  =       145.1145
 ------------------------------------------------------------------------------

  Softcore part of the system:       5 atoms,       TEMP(K)    =          58.85
 SC_Etot=         8.6928  SC_EKtot=         0.8771  SC_EPtot   =         7.8157
 SC_BOND=         0.8504  SC_ANGLE=         6.9652  SC_DIHED   =         0.0000
 SC_14NB=         0.0000  SC_14EEL=         0.0000  SC_VDW     =         0.0000
 SC_EEL =         0.0000
 SC_RES_DIST=     0.0000  SC_RES_ANG=       0.0000  SC_RES_TORS=         0.0000
 SC_EEL_DER=      0.2554  SC_VDW_DER=      -0.3672  SC_DERIV   =        -0.1118
 ------------------------------------------------------------------------------


| TI region  2


 NSTEP =    85000   TIME(PS) =      85.000  TEMP(K) =   132.25  PRESS =     0.0
 Etot   =    -40607.0635  EKtot   =      4497.6824  EPtot      =    -45104.7460
 BOND   =      5581.3029  ANGLE   =         0.0000  DIHED      =         0.0000
 1-4 NB =         0.0000  1-4 EEL =         0.0000  VDWAALS    =     10335.6344
 EELEC  =    -61021.6832  EHBOND  =         0.0000  RESTRAINT  =         0.0000
 DV/DL  =       145.1145
 ------------------------------------------------------------------------------

 NMR restraints: Bond =    0.000   Angle =     0.000   Torsion =     0.000
===============================================================================

| TI region  1


 NSTEP =    90000   TIME(PS) =      90.000  TEMP(K) =   139.76  PRESS =     0.0
 Etot   =    -40100.7599  EKtot   =      4755.0269  EPtot      =    -44855.7868
 BOND   =      5742.2854  ANGLE   =         0.0000  DIHED      =         0.0000
 1-4 NB =         0.0000  1-4 EEL =         0.0000  VDWAALS    =     10260.4023
 EELEC  =    -60858.4745  EHBOND  =         0.0000  RESTRAINT  =         0.0000
 DV/DL  =       137.8353
 ------------------------------------------------------------------------------

  Softcore part of the system:       5 atoms,       TEMP(K)    =          90.82
 SC_Etot=         9.1168  SC_EKtot=         1.3536  SC_EPtot   =         7.7632
 SC_BOND=         0.4669  SC_ANGLE=         7.2964  SC_DIHED   =         0.0000
 SC_14NB=         0.0000  SC_14EEL=         0.0000  SC_VDW     =         0.0000
 SC_EEL =         0.0000
 SC_RES_DIST=     0.0000  SC_RES_ANG=       0.0000  SC_RES_TORS=         0.0000
 SC_EEL_DER=      0.2096  SC_VDW_DER=      -0.2844  SC_DERIV   =        -0.0748
 ------------------------------------------------------------------------------


| TI region  2


 NSTEP =    90000   TIME(PS) =      90.000  TEMP(K) =   139.78  PRESS =     0.0
 Etot   =    -40102.1135  EKtot   =      4753.6733  EPtot      =    -44855.7868
 BOND   =      5742.2854  ANGLE   =         0.0000  DIHED      =         0.0000
 1-4 NB =         0.0000  1-4 EEL =         0.0000  VDWAALS    =     10260.4023
 EELEC  =    -60858.4745  EHBOND  =         0.0000  RESTRAINT  =         0.0000
 DV/DL  =       137.8353
 ------------------------------------------------------------------------------

 NMR restraints: Bond =    0.000   Angle =     0.000   Torsion =     0.000
===============================================================================

| TI region  1


 NSTEP =    95000   TIME(PS) =      95.000  TEMP(K) =   148.97  PRESS =     0.0
 Etot   =    -39503.0125  EKtot   =      5068.3647  EPtot      =    -44571.3772
 BOND   =      5790.9498  ANGLE   =         0.0000  DIHED      =         0.0000
 1-4 NB =         0.0000  1-4 EEL =         0.0000  VDWAALS    =     10225.0032
 EELEC  =    -60587.3303  EHBOND  =         0.0000  RESTRAINT  =         0.0000
 DV/DL  =       115.5568
 ------------------------------------------------------------------------------

  Softcore part of the system:       5 atoms,       TEMP(K)    =          79.32
 SC_Etot=         8.8117  SC_EKtot=         1.1822  SC_EPtot   =         7.6295
 SC_BOND=         0.5552  SC_ANGLE=         7.0743  SC_DIHED   =         0.0000
 SC_14NB=         0.0000  SC_14EEL=         0.0000  SC_VDW     =         0.0000
 SC_EEL =         0.0000
 SC_RES_DIST=     0.0000  SC_RES_ANG=       0.0000  SC_RES_TORS=         0.0000
 SC_EEL_DER=      0.0366  SC_VDW_DER=      -0.0574  SC_DERIV   =        -0.0207
 ------------------------------------------------------------------------------


| TI region  2


 NSTEP =    95000   TIME(PS) =      95.000  TEMP(K) =   149.00  PRESS =     0.0
 Etot   =    -39504.1947  EKtot   =      5067.1826  EPtot      =    -44571.3772
 BOND   =      5790.9498  ANGLE   =         0.0000  DIHED      =         0.0000
 1-4 NB =         0.0000  1-4 EEL =         0.0000  VDWAALS    =     10225.0032
 EELEC  =    -60587.3303  EHBOND  =         0.0000  RESTRAINT  =         0.0000
 DV/DL  =       115.5568
 ------------------------------------------------------------------------------

 NMR restraints: Bond =    0.000   Angle =     0.000   Torsion =     0.000
===============================================================================

| TI region  1


 NSTEP =   100000   TIME(PS) =     100.000  TEMP(K) =   155.33  PRESS =     0.0
 Etot   =    -39019.7523  EKtot   =      5284.7749  EPtot      =    -44304.5272
 BOND   =      5835.6814  ANGLE   =         0.0000  DIHED      =         0.0000
 1-4 NB =         0.0000  1-4 EEL =         0.0000  VDWAALS    =     10234.5248
 EELEC  =    -60374.7334  EHBOND  =         0.0000  RESTRAINT  =         0.0000
 DV/DL  =       127.9725
 ------------------------------------------------------------------------------

  Softcore part of the system:       5 atoms,       TEMP(K)    =         179.69
 SC_Etot=        10.2858  SC_EKtot=         2.6781  SC_EPtot   =         7.6077
 SC_BOND=         0.6170  SC_ANGLE=         6.9908  SC_DIHED   =         0.0000
 SC_14NB=         0.0000  SC_14EEL=         0.0000  SC_VDW     =         0.0000
 SC_EEL =         0.0000
 SC_RES_DIST=     0.0000  SC_RES_ANG=       0.0000  SC_RES_TORS=         0.0000
 SC_EEL_DER=      0.4912  SC_VDW_DER=      -0.5844  SC_DERIV   =        -0.0933
 ------------------------------------------------------------------------------


| TI region  2


 NSTEP =   100000   TIME(PS) =     100.000  TEMP(K) =   155.32  PRESS =     0.0
 Etot   =    -39022.4303  EKtot   =      5282.0968  EPtot      =    -44304.5272
 BOND   =      5835.6814  ANGLE   =         0.0000  DIHED      =         0.0000
 1-4 NB =         0.0000  1-4 EEL =         0.0000  VDWAALS    =     10234.5248
 EELEC  =    -60374.7334  EHBOND  =         0.0000  RESTRAINT  =         0.0000
 DV/DL  =       127.9725
 ------------------------------------------------------------------------------

 NMR restraints: Bond =    0.000   Angle =     0.000   Torsion =     0.000
===============================================================================

| TI region  1


 NSTEP =   105000   TIME(PS) =     105.000  TEMP(K) =   163.75  PRESS =     0.0
 Etot   =    -38472.3592  EKtot   =      5571.2939  EPtot      =    -44043.6532
 BOND   =      5920.1995  ANGLE   =         0.0000  DIHED      =         0.0000
 1-4 NB =         0.0000  1-4 EEL =         0.0000  VDWAALS    =     10081.8336
 EELEC  =    -60045.6863  EHBOND  =         0.0000  RESTRAINT  =         0.0000
 DV/DL  =       103.6832
 ------------------------------------------------------------------------------

  Softcore part of the system:       5 atoms,       TEMP(K)    =          72.20
 SC_Etot=         8.2469  SC_EKtot=         1.0760  SC_EPtot   =         7.1708
 SC_BOND=         0.7158  SC_ANGLE=         6.4550  SC_DIHED   =         0.0000
 SC_14NB=         0.0000  SC_14EEL=         0.0000  SC_VDW     =         0.0000
 SC_EEL =         0.0000
 SC_RES_DIST=     0.0000  SC_RES_ANG=       0.0000  SC_RES_TORS=         0.0000
 SC_EEL_DER=      0.1032  SC_VDW_DER=      -0.0189  SC_DERIV   =         0.0843
 ------------------------------------------------------------------------------


| TI region  2


 NSTEP =   105000   TIME(PS) =     105.000  TEMP(K) =   163.79  PRESS =     0.0
 Etot   =    -38473.4352  EKtot   =      5570.2179  EPtot      =    -44043.6532
 BOND   =      5920.1995  ANGLE   =         0.0000  DIHED      =         0.0000
 1-4 NB =         0.0000  1-4 EEL =         0.0000  VDWAALS    =     10081.8336
 EELEC  =    -60045.6863  EHBOND  =         0.0000  RESTRAINT  =         0.0000
 DV/DL  =       103.6832
 ------------------------------------------------------------------------------

 NMR restraints: Bond =    0.000   Angle =     0.000   Torsion =     0.000
===============================================================================

| TI region  1


 NSTEP =   110000   TIME(PS) =     110.000  TEMP(K) =   173.89  PRESS =     0.0
 Etot   =    -37816.3894  EKtot   =      5916.0703  EPtot      =    -43732.4597
 BOND   =      6012.8220  ANGLE   =         0.0000  DIHED      =         0.0000
 1-4 NB =         0.0000  1-4 EEL =         0.0000  VDWAALS    =     10080.4998
 EELEC  =    -59825.7815  EHBOND  =         0.0000  RESTRAINT  =         0.0000
 DV/DL  =       128.6233
 ------------------------------------------------------------------------------

  Softcore part of the system:       5 atoms,       TEMP(K)    =         154.94
 SC_Etot=         9.6499  SC_EKtot=         2.3093  SC_EPtot   =         7.3406
 SC_BOND=         0.3891  SC_ANGLE=         6.9516  SC_DIHED   =         0.0000
 SC_14NB=         0.0000  SC_14EEL=         0.0000  SC_VDW     =         0.0000
 SC_EEL =         0.0000
 SC_RES_DIST=     0.0000  SC_RES_ANG=       0.0000  SC_RES_TORS=         0.0000
 SC_EEL_DER=      0.0359  SC_VDW_DER=      -1.2138  SC_DERIV   =        -1.1779
 ------------------------------------------------------------------------------


| TI region  2


 NSTEP =   110000   TIME(PS) =     110.000  TEMP(K) =   173.89  PRESS =     0.0
 Etot   =    -37818.6987  EKtot   =      5913.7610  EPtot      =    -43732.4597
 BOND   =      6012.8220  ANGLE   =         0.0000  DIHED      =         0.0000
 1-4 NB =         0.0000  1-4 EEL =         0.0000  VDWAALS    =     10080.4998
 EELEC  =    -59825.7815  EHBOND  =         0.0000  RESTRAINT  =         0.0000
 DV/DL  =       128.6233
 ------------------------------------------------------------------------------

 NMR restraints: Bond =    0.000   Angle =     0.000   Torsion =     0.000
===============================================================================

| TI region  1


 NSTEP =   115000   TIME(PS) =     115.000  TEMP(K) =   181.52  PRESS =     0.0
 Etot   =    -37209.5539  EKtot   =      6175.7334  EPtot      =    -43385.2873
 BOND   =      6103.1524  ANGLE   =         0.0000  DIHED      =         0.0000
 1-4 NB =         0.0000  1-4 EEL =         0.0000  VDWAALS    =      9828.1045
 EELEC  =    -59316.5441  EHBOND  =         0.0000  RESTRAINT  =         0.0000
 DV/DL  =        76.0071
 ------------------------------------------------------------------------------

  Softcore part of the system:       5 atoms,       TEMP(K)    =         217.34
 SC_Etot=        11.8114  SC_EKtot=         3.2392  SC_EPtot   =         8.5722
 SC_BOND=         1.6215  SC_ANGLE=         6.9507  SC_DIHED   =         0.0000
 SC_14NB=         0.0000  SC_14EEL=         0.0000  SC_VDW     =         0.0000
 SC_EEL =         0.0000
 SC_RES_DIST=     0.0000  SC_RES_ANG=       0.0000  SC_RES_TORS=         0.0000
 SC_EEL_DER=      0.0315  SC_VDW_DER=      -1.4497  SC_DERIV   =        -1.4182
 ------------------------------------------------------------------------------


| TI region  2


 NSTEP =   115000   TIME(PS) =     115.000  TEMP(K) =   181.50  PRESS =     0.0
 Etot   =    -37212.7931  EKtot   =      6172.4942  EPtot      =    -43385.2873
 BOND   =      6103.1524  ANGLE   =         0.0000  DIHED      =         0.0000
 1-4 NB =         0.0000  1-4 EEL =         0.0000  VDWAALS    =      9828.1045
 EELEC  =    -59316.5441  EHBOND  =         0.0000  RESTRAINT  =         0.0000
 DV/DL  =        76.0071
 ------------------------------------------------------------------------------

 NMR restraints: Bond =    0.000   Angle =     0.000   Torsion =     0.000
===============================================================================

| TI region  1


 NSTEP =   120000   TIME(PS) =     120.000  TEMP(K) =   190.60  PRESS =     0.0
 Etot   =    -36629.2851  EKtot   =      6484.8794  EPtot      =    -43114.1645
 BOND   =      6122.9024  ANGLE   =         0.0000  DIHED      =         0.0000
 1-4 NB =         0.0000  1-4 EEL =         0.0000  VDWAALS    =      9876.9308
 EELEC  =    -59113.9977  EHBOND  =         0.0000  RESTRAINT  =         0.0000
 DV/DL  =       137.1057
 ------------------------------------------------------------------------------

  Softcore part of the system:       5 atoms,       TEMP(K)    =         339.88
 SC_Etot=        13.8054  SC_EKtot=         5.0656  SC_EPtot   =         8.7398
 SC_BOND=         1.6287  SC_ANGLE=         7.1112  SC_DIHED   =         0.0000
 SC_14NB=         0.0000  SC_14EEL=         0.0000  SC_VDW     =         0.0000
 SC_EEL =         0.0000
 SC_RES_DIST=     0.0000  SC_RES_ANG=       0.0000  SC_RES_TORS=         0.0000
 SC_EEL_DER=      0.3323  SC_VDW_DER=      -0.5058  SC_DERIV   =        -0.1735
 ------------------------------------------------------------------------------


| TI region  2


 NSTEP =   120000   TIME(PS) =     120.000  TEMP(K) =   190.54  PRESS =     0.0
 Etot   =    -36634.3507  EKtot   =      6479.8138  EPtot      =    -43114.1645
 BOND   =      6122.9024  ANGLE   =         0.0000  DIHED      =         0.0000
 1-4 NB =         0.0000  1-4 EEL =         0.0000  VDWAALS    =      9876.9308
 EELEC  =    -59113.9977  EHBOND  =         0.0000  RESTRAINT  =         0.0000
 DV/DL  =       137.1057
 ------------------------------------------------------------------------------

 NMR restraints: Bond =    0.000   Angle =     0.000   Torsion =     0.000
===============================================================================

| TI region  1


 NSTEP =   125000   TIME(PS) =     125.000  TEMP(K) =   196.33  PRESS =     0.0
 Etot   =    -36004.0934  EKtot   =      6679.6753  EPtot      =    -42683.7687
 BOND   =      6252.7259  ANGLE   =         0.0000  DIHED      =         0.0000
 1-4 NB =         0.0000  1-4 EEL =         0.0000  VDWAALS    =      9786.3728
 EELEC  =    -58722.8674  EHBOND  =         0.0000  RESTRAINT  =         0.0000
 DV/DL  =       125.3039
 ------------------------------------------------------------------------------

  Softcore part of the system:       5 atoms,       TEMP(K)    =         199.72
 SC_Etot=        10.7365  SC_EKtot=         2.9766  SC_EPtot   =         7.7599
 SC_BOND=         0.5839  SC_ANGLE=         7.1760  SC_DIHED   =         0.0000
 SC_14NB=         0.0000  SC_14EEL=         0.0000  SC_VDW     =         0.0000
 SC_EEL =         0.0000
 SC_RES_DIST=     0.0000  SC_RES_ANG=       0.0000  SC_RES_TORS=         0.0000
 SC_EEL_DER=      0.2989  SC_VDW_DER=      -1.7863  SC_DERIV   =        -1.4874
 ------------------------------------------------------------------------------


| TI region  2


 NSTEP =   125000   TIME(PS) =     125.000  TEMP(K) =   196.33  PRESS =     0.0
 Etot   =    -36007.0700  EKtot   =      6676.6987  EPtot      =    -42683.7687
 BOND   =      6252.7259  ANGLE   =         0.0000  DIHED      =         0.0000
 1-4 NB =         0.0000  1-4 EEL =         0.0000  VDWAALS    =      9786.3728
 EELEC  =    -58722.8674  EHBOND  =         0.0000  RESTRAINT  =         0.0000
 DV/DL  =       125.3039
 ------------------------------------------------------------------------------

 NMR restraints: Bond =    0.000   Angle =     0.000   Torsion =     0.000
===============================================================================

| TI region  1


 NSTEP =   130000   TIME(PS) =     130.000  TEMP(K) =   205.62  PRESS =     0.0
 Etot   =    -35319.4032  EKtot   =      6995.7271  EPtot      =    -42315.1303
 BOND   =      6347.9827  ANGLE   =         0.0000  DIHED      =         0.0000
 1-4 NB =         0.0000  1-4 EEL =         0.0000  VDWAALS    =      9531.3887
 EELEC  =    -58194.5016  EHBOND  =         0.0000  RESTRAINT  =         0.0000
 DV/DL  =       108.5202
 ------------------------------------------------------------------------------

  Softcore part of the system:       5 atoms,       TEMP(K)    =         358.59
 SC_Etot=        12.7806  SC_EKtot=         5.3444  SC_EPtot   =         7.4361
 SC_BOND=         0.3321  SC_ANGLE=         7.1040  SC_DIHED   =         0.0000
 SC_14NB=         0.0000  SC_14EEL=         0.0000  SC_VDW     =         0.0000
 SC_EEL =         0.0000
 SC_RES_DIST=     0.0000  SC_RES_ANG=       0.0000  SC_RES_TORS=         0.0000
 SC_EEL_DER=      0.3270  SC_VDW_DER=      -1.9006  SC_DERIV   =        -1.5736
 ------------------------------------------------------------------------------


| TI region  2


 NSTEP =   130000   TIME(PS) =     130.000  TEMP(K) =   205.55  PRESS =     0.0
 Etot   =    -35324.7476  EKtot   =      6990.3826  EPtot      =    -42315.1303
 BOND   =      6347.9827  ANGLE   =         0.0000  DIHED      =         0.0000
 1-4 NB =         0.0000  1-4 EEL =         0.0000  VDWAALS    =      9531.3887
 EELEC  =    -58194.5016  EHBOND  =         0.0000  RESTRAINT  =         0.0000
 DV/DL  =       108.5202
 ------------------------------------------------------------------------------

 NMR restraints: Bond =    0.000   Angle =     0.000   Torsion =     0.000
===============================================================================

| TI region  1


 NSTEP =   135000   TIME(PS) =     135.000  TEMP(K) =   215.23  PRESS =     0.0
 Etot   =    -34684.6911  EKtot   =      7322.5552  EPtot      =    -42007.2463
 BOND   =      6469.9821  ANGLE   =         0.0000  DIHED      =         0.0000
 1-4 NB =         0.0000  1-4 EEL =         0.0000  VDWAALS    =      9759.6175
 EELEC  =    -58236.8459  EHBOND  =         0.0000  RESTRAINT  =         0.0000
 DV/DL  =       162.3682
 ------------------------------------------------------------------------------

  Softcore part of the system:       5 atoms,       TEMP(K)    =         283.89
 SC_Etot=        12.0781  SC_EKtot=         4.2311  SC_EPtot   =         7.8471
 SC_BOND=         1.3206  SC_ANGLE=         6.5264  SC_DIHED   =         0.0000
 SC_14NB=         0.0000  SC_14EEL=         0.0000  SC_VDW     =         0.0000
 SC_EEL =         0.0000
 SC_RES_DIST=     0.0000  SC_RES_ANG=       0.0000  SC_RES_TORS=         0.0000
 SC_EEL_DER=      0.3634  SC_VDW_DER=      -0.7291  SC_DERIV   =        -0.3657
 ------------------------------------------------------------------------------


| TI region  2


 NSTEP =   135000   TIME(PS) =     135.000  TEMP(K) =   215.20  PRESS =     0.0
 Etot   =    -34688.9222  EKtot   =      7318.3241  EPtot      =    -42007.2463
 BOND   =      6469.9821  ANGLE   =         0.0000  DIHED      =         0.0000
 1-4 NB =         0.0000  1-4 EEL =         0.0000  VDWAALS    =      9759.6175
 EELEC  =    -58236.8459  EHBOND  =         0.0000  RESTRAINT  =         0.0000
 DV/DL  =       162.3682
 ------------------------------------------------------------------------------

 NMR restraints: Bond =    0.000   Angle =     0.000   Torsion =     0.000
===============================================================================

| TI region  1


 NSTEP =   140000   TIME(PS) =     140.000  TEMP(K) =   223.54  PRESS =     0.0
 Etot   =    -34007.1153  EKtot   =      7605.5791  EPtot      =    -41612.6944
 BOND   =      6515.4699  ANGLE   =         0.0000  DIHED      =         0.0000
 1-4 NB =         0.0000  1-4 EEL =         0.0000  VDWAALS    =      9219.7184
 EELEC  =    -57347.8826  EHBOND  =         0.0000  RESTRAINT  =         0.0000
 DV/DL  =       150.6943
 ------------------------------------------------------------------------------

  Softcore part of the system:       5 atoms,       TEMP(K)    =         210.62
 SC_Etot=        14.2535  SC_EKtot=         3.1391  SC_EPtot   =        11.1144
 SC_BOND=         4.0327  SC_ANGLE=         7.0818  SC_DIHED   =         0.0000
 SC_14NB=         0.0000  SC_14EEL=         0.0000  SC_VDW     =         0.0000
 SC_EEL =         0.0000
 SC_RES_DIST=     0.0000  SC_RES_ANG=       0.0000  SC_RES_TORS=         0.0000
 SC_EEL_DER=      0.3447  SC_VDW_DER=      -0.2211  SC_DERIV   =         0.1236
 ------------------------------------------------------------------------------


| TI region  2


 NSTEP =   140000   TIME(PS) =     140.000  TEMP(K) =   223.55  PRESS =     0.0
 Etot   =    -34010.2543  EKtot   =      7602.4400  EPtot      =    -41612.6944
 BOND   =      6515.4699  ANGLE   =         0.0000  DIHED      =         0.0000
 1-4 NB =         0.0000  1-4 EEL =         0.0000  VDWAALS    =      9219.7184
 EELEC  =    -57347.8826  EHBOND  =         0.0000  RESTRAINT  =         0.0000
 DV/DL  =       150.6943
 ------------------------------------------------------------------------------

 NMR restraints: Bond =    0.000   Angle =     0.000   Torsion =     0.000
===============================================================================

| TI region  1


 NSTEP =   145000   TIME(PS) =     145.000  TEMP(K) =   226.35  PRESS =     0.0
 Etot   =    -33457.0655  EKtot   =      7701.0215  EPtot      =    -41158.0870
 BOND   =      6601.9125  ANGLE   =         0.0000  DIHED      =         0.0000
 1-4 NB =         0.0000  1-4 EEL =         0.0000  VDWAALS    =      9222.7118
 EELEC  =    -56982.7114  EHBOND  =         0.0000  RESTRAINT  =         0.0000
 DV/DL  =       119.6759
 ------------------------------------------------------------------------------

  Softcore part of the system:       5 atoms,       TEMP(K)    =         133.42
 SC_Etot=         9.5111  SC_EKtot=         1.9885  SC_EPtot   =         7.5225
 SC_BOND=         0.4949  SC_ANGLE=         7.0276  SC_DIHED   =         0.0000
 SC_14NB=         0.0000  SC_14EEL=         0.0000  SC_VDW     =         0.0000
 SC_EEL =         0.0000
 SC_RES_DIST=     0.0000  SC_RES_ANG=       0.0000  SC_RES_TORS=         0.0000
 SC_EEL_DER=      0.2673  SC_VDW_DER=      -0.2470  SC_DERIV   =         0.0203
 ------------------------------------------------------------------------------


| TI region  2


 NSTEP =   145000   TIME(PS) =     145.000  TEMP(K) =   226.39  PRESS =     0.0
 Etot   =    -33459.0540  EKtot   =      7699.0330  EPtot      =    -41158.0870
 BOND   =      6601.9125  ANGLE   =         0.0000  DIHED      =         0.0000
 1-4 NB =         0.0000  1-4 EEL =         0.0000  VDWAALS    =      9222.7118
 EELEC  =    -56982.7114  EHBOND  =         0.0000  RESTRAINT  =         0.0000
 DV/DL  =       119.6759
 ------------------------------------------------------------------------------

 NMR restraints: Bond =    0.000   Angle =     0.000   Torsion =     0.000
===============================================================================

| TI region  1


 NSTEP =   150000   TIME(PS) =     150.000  TEMP(K) =   236.34  PRESS =     0.0
 Etot   =    -32514.2160  EKtot   =      8040.8047  EPtot      =    -40555.0207
 BOND   =      6576.1942  ANGLE   =         0.0000  DIHED      =         0.0000
 1-4 NB =         0.0000  1-4 EEL =         0.0000  VDWAALS    =      9056.0752
 EELEC  =    -56187.2901  EHBOND  =         0.0000  RESTRAINT  =         0.0000
 DV/DL  =       118.9562
 ------------------------------------------------------------------------------

  Softcore part of the system:       5 atoms,       TEMP(K)    =         153.06
 SC_Etot=        11.6322  SC_EKtot=         2.2812  SC_EPtot   =         9.3510
 SC_BOND=         1.2096  SC_ANGLE=         8.1414  SC_DIHED   =         0.0000
 SC_14NB=         0.0000  SC_14EEL=         0.0000  SC_VDW     =         0.0000
 SC_EEL =         0.0000
 SC_RES_DIST=     0.0000  SC_RES_ANG=       0.0000  SC_RES_TORS=         0.0000
 SC_EEL_DER=      0.0224  SC_VDW_DER=      -1.2247  SC_DERIV   =        -1.2023
 ------------------------------------------------------------------------------


| TI region  2


 NSTEP =   150000   TIME(PS) =     150.000  TEMP(K) =   236.37  PRESS =     0.0
 Etot   =    -32516.4973  EKtot   =      8038.5235  EPtot      =    -40555.0207
 BOND   =      6576.1942  ANGLE   =         0.0000  DIHED      =         0.0000
 1-4 NB =         0.0000  1-4 EEL =         0.0000  VDWAALS    =      9056.0752
 EELEC  =    -56187.2901  EHBOND  =         0.0000  RESTRAINT  =         0.0000
 DV/DL  =       118.9562
 ------------------------------------------------------------------------------

 NMR restraints: Bond =    0.000   Angle =     0.000   Torsion =     0.000
===============================================================================

| TI region  1


 NSTEP =   155000   TIME(PS) =     155.000  TEMP(K) =   243.94  PRESS =     0.0
 Etot   =    -31826.1798  EKtot   =      8299.6357  EPtot      =    -40125.8155
 BOND   =      6681.1637  ANGLE   =         0.0000  DIHED      =         0.0000
 1-4 NB =         0.0000  1-4 EEL =         0.0000  VDWAALS    =      8906.6090
 EELEC  =    -55713.5882  EHBOND  =         0.0000  RESTRAINT  =         0.0000
 DV/DL  =       104.0413
 ------------------------------------------------------------------------------

  Softcore part of the system:       5 atoms,       TEMP(K)    =         264.92
 SC_Etot=        10.9138  SC_EKtot=         3.9484  SC_EPtot   =         6.9654
 SC_BOND=         0.4002  SC_ANGLE=         6.5652  SC_DIHED   =         0.0000
 SC_14NB=         0.0000  SC_14EEL=         0.0000  SC_VDW     =         0.0000
 SC_EEL =         0.0000
 SC_RES_DIST=     0.0000  SC_RES_ANG=       0.0000  SC_RES_TORS=         0.0000
 SC_EEL_DER=      0.1324  SC_VDW_DER=      -1.8262  SC_DERIV   =        -1.6938
 ------------------------------------------------------------------------------


| TI region  2


 NSTEP =   155000   TIME(PS) =     155.000  TEMP(K) =   243.93  PRESS =     0.0
 Etot   =    -31830.1282  EKtot   =      8295.6874  EPtot      =    -40125.8155
 BOND   =      6681.1637  ANGLE   =         0.0000  DIHED      =         0.0000
 1-4 NB =         0.0000  1-4 EEL =         0.0000  VDWAALS    =      8906.6090
 EELEC  =    -55713.5882  EHBOND  =         0.0000  RESTRAINT  =         0.0000
 DV/DL  =       104.0413
 ------------------------------------------------------------------------------

 NMR restraints: Bond =    0.000   Angle =     0.000   Torsion =     0.000
===============================================================================

| TI region  1


 NSTEP =   160000   TIME(PS) =     160.000  TEMP(K) =   251.24  PRESS =     0.0
 Etot   =    -30832.8531  EKtot   =      8547.7061  EPtot      =    -39380.5591
 BOND   =      6823.0124  ANGLE   =         0.0000  DIHED      =         0.0000
 1-4 NB =         0.0000  1-4 EEL =         0.0000  VDWAALS    =      8678.6785
 EELEC  =    -54882.2501  EHBOND  =         0.0000  RESTRAINT  =         0.0000
 DV/DL  =       155.2416
 ------------------------------------------------------------------------------

  Softcore part of the system:       5 atoms,       TEMP(K)    =         197.14
 SC_Etot=         9.9472  SC_EKtot=         2.9381  SC_EPtot   =         7.0091
 SC_BOND=         0.2572  SC_ANGLE=         6.7518  SC_DIHED   =         0.0000
 SC_14NB=         0.0000  SC_14EEL=         0.0000  SC_VDW     =         0.0000
 SC_EEL =         0.0000
 SC_RES_DIST=     0.0000  SC_RES_ANG=       0.0000  SC_RES_TORS=         0.0000
 SC_EEL_DER=      0.9585  SC_VDW_DER=      -1.8940  SC_DERIV   =        -0.9355
 ------------------------------------------------------------------------------


| TI region  2


 NSTEP =   160000   TIME(PS) =     160.000  TEMP(K) =   251.26  PRESS =     0.0
 Etot   =    -30835.7912  EKtot   =      8544.7680  EPtot      =    -39380.5591
 BOND   =      6823.0124  ANGLE   =         0.0000  DIHED      =         0.0000
 1-4 NB =         0.0000  1-4 EEL =         0.0000  VDWAALS    =      8678.6785
 EELEC  =    -54882.2501  EHBOND  =         0.0000  RESTRAINT  =         0.0000
 DV/DL  =       155.2416
 ------------------------------------------------------------------------------

 NMR restraints: Bond =    0.000   Angle =     0.000   Torsion =     0.000
===============================================================================

| TI region  1


 NSTEP =   165000   TIME(PS) =     165.000  TEMP(K) =   259.74  PRESS =     0.0
 Etot   =    -30142.1096  EKtot   =      8837.1006  EPtot      =    -38979.2102
 BOND   =      6806.2191  ANGLE   =         0.0000  DIHED      =         0.0000
 1-4 NB =         0.0000  1-4 EEL =         0.0000  VDWAALS    =      8436.8273
 EELEC  =    -54222.2566  EHBOND  =         0.0000  RESTRAINT  =         0.0000
 DV/DL  =       133.3952
 ------------------------------------------------------------------------------

  Softcore part of the system:       5 atoms,       TEMP(K)    =         187.98
 SC_Etot=        11.2346  SC_EKtot=         2.8016  SC_EPtot   =         8.4330
 SC_BOND=         0.9047  SC_ANGLE=         7.5282  SC_DIHED   =         0.0000
 SC_14NB=         0.0000  SC_14EEL=         0.0000  SC_VDW     =         0.0000
 SC_EEL =         0.0000
 SC_RES_DIST=     0.0000  SC_RES_ANG=       0.0000  SC_RES_TORS=         0.0000
 SC_EEL_DER=      0.3531  SC_VDW_DER=      -1.0917  SC_DERIV   =        -0.7385
 ------------------------------------------------------------------------------


| TI region  2


 NSTEP =   165000   TIME(PS) =     165.000  TEMP(K) =   259.77  PRESS =     0.0
 Etot   =    -30144.9113  EKtot   =      8834.2989  EPtot      =    -38979.2102
 BOND   =      6806.2191  ANGLE   =         0.0000  DIHED      =         0.0000
 1-4 NB =         0.0000  1-4 EEL =         0.0000  VDWAALS    =      8436.8273
 EELEC  =    -54222.2566  EHBOND  =         0.0000  RESTRAINT  =         0.0000
 DV/DL  =       133.3952
 ------------------------------------------------------------------------------

 NMR restraints: Bond =    0.000   Angle =     0.000   Torsion =     0.000
===============================================================================

| TI region  1


 NSTEP =   170000   TIME(PS) =     170.000  TEMP(K) =   269.51  PRESS =     0.0
 Etot   =    -29153.0441  EKtot   =      9169.6221  EPtot      =    -38322.6661
 BOND   =      6839.9432  ANGLE   =         0.0000  DIHED      =         0.0000
 1-4 NB =         0.0000  1-4 EEL =         0.0000  VDWAALS    =      8290.7264
 EELEC  =    -53453.3357  EHBOND  =         0.0000  RESTRAINT  =         0.0000
 DV/DL  =       128.5060
 ------------------------------------------------------------------------------

  Softcore part of the system:       5 atoms,       TEMP(K)    =         181.99
 SC_Etot=        10.6177  SC_EKtot=         2.7123  SC_EPtot   =         7.9054
 SC_BOND=         0.9586  SC_ANGLE=         6.9467  SC_DIHED   =         0.0000
 SC_14NB=         0.0000  SC_14EEL=         0.0000  SC_VDW     =         0.0000
 SC_EEL =         0.0000
 SC_RES_DIST=     0.0000  SC_RES_ANG=       0.0000  SC_RES_TORS=         0.0000
 SC_EEL_DER=      0.6158  SC_VDW_DER=      -1.7903  SC_DERIV   =        -1.1744
 ------------------------------------------------------------------------------


| TI region  2


 NSTEP =   170000   TIME(PS) =     170.000  TEMP(K) =   269.55  PRESS =     0.0
 Etot   =    -29155.7564  EKtot   =      9166.9098  EPtot      =    -38322.6661
 BOND   =      6839.9432  ANGLE   =         0.0000  DIHED      =         0.0000
 1-4 NB =         0.0000  1-4 EEL =         0.0000  VDWAALS    =      8290.7264
 EELEC  =    -53453.3357  EHBOND  =         0.0000  RESTRAINT  =         0.0000
 DV/DL  =       128.5060
 ------------------------------------------------------------------------------

 NMR restraints: Bond =    0.000   Angle =     0.000   Torsion =     0.000
===============================================================================

| TI region  1


 NSTEP =   175000   TIME(PS) =     175.000  TEMP(K) =   271.24  PRESS =     0.0
 Etot   =    -28665.0929  EKtot   =      9228.2236  EPtot      =    -37893.3165
 BOND   =      6855.8959  ANGLE   =         0.0000  DIHED      =         0.0000
 1-4 NB =         0.0000  1-4 EEL =         0.0000  VDWAALS    =      8031.6090
 EELEC  =    -52780.8214  EHBOND  =         0.0000  RESTRAINT  =         0.0000
 DV/DL  =       139.5832
 ------------------------------------------------------------------------------

  Softcore part of the system:       5 atoms,       TEMP(K)    =         332.55
 SC_Etot=        14.1408  SC_EKtot=         4.9562  SC_EPtot   =         9.1846
 SC_BOND=         1.8668  SC_ANGLE=         7.3178  SC_DIHED   =         0.0000
 SC_14NB=         0.0000  SC_14EEL=         0.0000  SC_VDW     =         0.0000
 SC_EEL =         0.0000
 SC_RES_DIST=     0.0000  SC_RES_ANG=       0.0000  SC_RES_TORS=         0.0000
 SC_EEL_DER=      0.8199  SC_VDW_DER=      -1.5989  SC_DERIV   =        -0.7791
 ------------------------------------------------------------------------------


| TI region  2


 NSTEP =   175000   TIME(PS) =     175.000  TEMP(K) =   271.21  PRESS =     0.0
 Etot   =    -28670.0491  EKtot   =      9223.2674  EPtot      =    -37893.3165
 BOND   =      6855.8959  ANGLE   =         0.0000  DIHED      =         0.0000
 1-4 NB =         0.0000  1-4 EEL =         0.0000  VDWAALS    =      8031.6090
 EELEC  =    -52780.8214  EHBOND  =         0.0000  RESTRAINT  =         0.0000
 DV/DL  =       139.5832
 ------------------------------------------------------------------------------

 NMR restraints: Bond =    0.000   Angle =     0.000   Torsion =     0.000
===============================================================================

| TI region  1


 NSTEP =   180000   TIME(PS) =     180.000  TEMP(K) =   282.20  PRESS =     0.0
 Etot   =    -27512.6372  EKtot   =      9601.1904  EPtot      =    -37113.8276
 BOND   =      6944.9242  ANGLE   =         0.0000  DIHED      =         0.0000
 1-4 NB =         0.0000  1-4 EEL =         0.0000  VDWAALS    =      7756.6882
 EELEC  =    -51815.4399  EHBOND  =         0.0000  RESTRAINT  =         0.0000
 DV/DL  =        50.8421
 ------------------------------------------------------------------------------

  Softcore part of the system:       5 atoms,       TEMP(K)    =         256.27
 SC_Etot=        12.3246  SC_EKtot=         3.8194  SC_EPtot   =         8.5052
 SC_BOND=         0.1506  SC_ANGLE=         8.3545  SC_DIHED   =         0.0000
 SC_14NB=         0.0000  SC_14EEL=         0.0000  SC_VDW     =         0.0000
 SC_EEL =         0.0000
 SC_RES_DIST=     0.0000  SC_RES_ANG=       0.0000  SC_RES_TORS=         0.0000
 SC_EEL_DER=     -0.1224  SC_VDW_DER=      -1.5643  SC_DERIV   =        -1.6867
 ------------------------------------------------------------------------------


| TI region  2


 NSTEP =   180000   TIME(PS) =     180.000  TEMP(K) =   282.21  PRESS =     0.0
 Etot   =    -27516.4566  EKtot   =      9597.3710  EPtot      =    -37113.8276
 BOND   =      6944.9242  ANGLE   =         0.0000  DIHED      =         0.0000
 1-4 NB =         0.0000  1-4 EEL =         0.0000  VDWAALS    =      7756.6882
 EELEC  =    -51815.4399  EHBOND  =         0.0000  RESTRAINT  =         0.0000
 DV/DL  =        50.8421
 ------------------------------------------------------------------------------

 NMR restraints: Bond =    0.000   Angle =     0.000   Torsion =     0.000
===============================================================================

| TI region  1


 NSTEP =   185000   TIME(PS) =     185.000  TEMP(K) =   289.30  PRESS =     0.0
 Etot   =    -26885.0577  EKtot   =      9842.6055  EPtot      =    -36727.6632
 BOND   =      6988.6344  ANGLE   =         0.0000  DIHED      =         0.0000
 1-4 NB =         0.0000  1-4 EEL =         0.0000  VDWAALS    =      7855.2303
 EELEC  =    -51571.5279  EHBOND  =         0.0000  RESTRAINT  =         0.0000
 DV/DL  =       139.7921
 ------------------------------------------------------------------------------

  Softcore part of the system:       5 atoms,       TEMP(K)    =         152.72
 SC_Etot=        10.7973  SC_EKtot=         2.2761  SC_EPtot   =         8.5213
 SC_BOND=         1.8513  SC_ANGLE=         6.6700  SC_DIHED   =         0.0000
 SC_14NB=         0.0000  SC_14EEL=         0.0000  SC_VDW     =         0.0000
 SC_EEL =         0.0000
 SC_RES_DIST=     0.0000  SC_RES_ANG=       0.0000  SC_RES_TORS=         0.0000
 SC_EEL_DER=      0.4766  SC_VDW_DER=      -1.4873  SC_DERIV   =        -1.0107
 ------------------------------------------------------------------------------


| TI region  2


 NSTEP =   185000   TIME(PS) =     185.000  TEMP(K) =   289.36  PRESS =     0.0
 Etot   =    -26887.3338  EKtot   =      9840.3294  EPtot      =    -36727.6632
 BOND   =      6988.6344  ANGLE   =         0.0000  DIHED      =         0.0000
 1-4 NB =         0.0000  1-4 EEL =         0.0000  VDWAALS    =      7855.2303
 EELEC  =    -51571.5279  EHBOND  =         0.0000  RESTRAINT  =         0.0000
 DV/DL  =       139.7921
 ------------------------------------------------------------------------------

 NMR restraints: Bond =    0.000   Angle =     0.000   Torsion =     0.000
===============================================================================

| TI region  1


 NSTEP =   190000   TIME(PS) =     190.000  TEMP(K) =   298.86  PRESS =     0.0
 Etot   =    -26103.5983  EKtot   =     10168.0176  EPtot      =    -36271.6158
 BOND   =      6837.1710  ANGLE   =         0.0000  DIHED      =         0.0000
 1-4 NB =         0.0000  1-4 EEL =         0.0000  VDWAALS    =      7425.9151
 EELEC  =    -50534.7019  EHBOND  =         0.0000  RESTRAINT  =         0.0000
 DV/DL  =       114.0638
 ------------------------------------------------------------------------------

  Softcore part of the system:       5 atoms,       TEMP(K)    =         265.37
 SC_Etot=        15.9913  SC_EKtot=         3.9551  SC_EPtot   =        12.0362
 SC_BOND=         1.5121  SC_ANGLE=        10.5240  SC_DIHED   =         0.0000
 SC_14NB=         0.0000  SC_14EEL=         0.0000  SC_VDW     =         0.0000
 SC_EEL =         0.0000
 SC_RES_DIST=     0.0000  SC_RES_ANG=       0.0000  SC_RES_TORS=         0.0000
 SC_EEL_DER=      0.0893  SC_VDW_DER=      -0.8820  SC_DERIV   =        -0.7927
 ------------------------------------------------------------------------------


| TI region  2


 NSTEP =   190000   TIME(PS) =     190.000  TEMP(K) =   298.87  PRESS =     0.0
 Etot   =    -26107.5533  EKtot   =     10164.0625  EPtot      =    -36271.6158
 BOND   =      6837.1710  ANGLE   =         0.0000  DIHED      =         0.0000
 1-4 NB =         0.0000  1-4 EEL =         0.0000  VDWAALS    =      7425.9151
 EELEC  =    -50534.7019  EHBOND  =         0.0000  RESTRAINT  =         0.0000
 DV/DL  =       114.0638
 ------------------------------------------------------------------------------

 NMR restraints: Bond =    0.000   Angle =     0.000   Torsion =     0.000
===============================================================================

| TI region  1


 NSTEP =   195000   TIME(PS) =     195.000  TEMP(K) =   298.59  PRESS =     0.0
 Etot   =    -25605.8972  EKtot   =     10158.7920  EPtot      =    -35764.6892
 BOND   =      7162.0361  ANGLE   =         0.0000  DIHED      =         0.0000
 1-4 NB =         0.0000  1-4 EEL =         0.0000  VDWAALS    =      7563.8433
 EELEC  =    -50490.5687  EHBOND  =         0.0000  RESTRAINT  =         0.0000
 DV/DL  =       132.5876
 ------------------------------------------------------------------------------

  Softcore part of the system:       5 atoms,       TEMP(K)    =         223.31
 SC_Etot=        13.2031  SC_EKtot=         3.3282  SC_EPtot   =         9.8748
 SC_BOND=         1.8818  SC_ANGLE=         7.9931  SC_DIHED   =         0.0000
 SC_14NB=         0.0000  SC_14EEL=         0.0000  SC_VDW     =         0.0000
 SC_EEL =         0.0000
 SC_RES_DIST=     0.0000  SC_RES_ANG=       0.0000  SC_RES_TORS=         0.0000
 SC_EEL_DER=      0.1173  SC_VDW_DER=      -0.0894  SC_DERIV   =         0.0280
 ------------------------------------------------------------------------------


| TI region  2


 NSTEP =   195000   TIME(PS) =     195.000  TEMP(K) =   298.62  PRESS =     0.0
 Etot   =    -25609.2255  EKtot   =     10155.4637  EPtot      =    -35764.6892
 BOND   =      7162.0361  ANGLE   =         0.0000  DIHED      =         0.0000
 1-4 NB =         0.0000  1-4 EEL =         0.0000  VDWAALS    =      7563.8433
 EELEC  =    -50490.5687  EHBOND  =         0.0000  RESTRAINT  =         0.0000
 DV/DL  =       132.5876
 ------------------------------------------------------------------------------

 NMR restraints: Bond =    0.000   Angle =     0.000   Torsion =     0.000
===============================================================================

| TI region  1


 NSTEP =   200000   TIME(PS) =     200.000  TEMP(K) =   298.70  PRESS =     0.0
 Etot   =    -25738.0419  EKtot   =     10162.5928  EPtot      =    -35900.6346
 BOND   =      7025.5708  ANGLE   =         0.0000  DIHED      =         0.0000
 1-4 NB =         0.0000  1-4 EEL =         0.0000  VDWAALS    =      7595.9345
 EELEC  =    -50522.1400  EHBOND  =         0.0000  RESTRAINT  =         0.0000
 DV/DL  =       145.9309
 ------------------------------------------------------------------------------

  Softcore part of the system:       5 atoms,       TEMP(K)    =         205.65
 SC_Etot=        11.8844  SC_EKtot=         3.0650  SC_EPtot   =         8.8194
 SC_BOND=         1.8904  SC_ANGLE=         6.9290  SC_DIHED   =         0.0000
 SC_14NB=         0.0000  SC_14EEL=         0.0000  SC_VDW     =         0.0000
 SC_EEL =         0.0000
 SC_RES_DIST=     0.0000  SC_RES_ANG=       0.0000  SC_RES_TORS=         0.0000
 SC_EEL_DER=      0.0707  SC_VDW_DER=       0.0007  SC_DERIV   =         0.0715
 ------------------------------------------------------------------------------


| TI region  2


 NSTEP =   200000   TIME(PS) =     200.000  TEMP(K) =   298.74  PRESS =     0.0
 Etot   =    -25741.1069  EKtot   =     10159.5277  EPtot      =    -35900.6346
 BOND   =      7025.5708  ANGLE   =         0.0000  DIHED      =         0.0000
 1-4 NB =         0.0000  1-4 EEL =         0.0000  VDWAALS    =      7595.9345
 EELEC  =    -50522.1400  EHBOND  =         0.0000  RESTRAINT  =         0.0000
 DV/DL  =       145.9309
 ------------------------------------------------------------------------------

 NMR restraints: Bond =    0.000   Angle =     0.000   Torsion =     0.000
===============================================================================

| TI region  1


      A V E R A G E S   O V E R      40 S T E P S


 NSTEP =   200000   TIME(PS) =     200.000  TEMP(K) =   160.55  PRESS =     0.0
 Etot   =    -37848.3059  EKtot   =      5462.1947  EPtot      =    -43310.5006
 BOND   =      5791.2470  ANGLE   =         0.0000  DIHED      =         0.0000
 1-4 NB =         0.0000  1-4 EEL =         0.0000  VDWAALS    =      9686.0874
 EELEC  =    -58787.8350  EHBOND  =         0.0000  RESTRAINT  =         0.0000
 DV/DL  =       134.8020
 ------------------------------------------------------------------------------

 NMR restraints: Bond =    0.000   Angle =     0.000   Torsion =     0.000
===============================================================================
  Softcore part of the system:       5 atoms,       TEMP(K)    =         142.23
 SC_Etot=         9.9344  SC_EKtot=         2.1198  SC_EPtot   =         7.8146
 SC_BOND=         0.7705  SC_ANGLE=         7.0441  SC_DIHED   =         0.0000
 SC_14NB=         0.0000  SC_14EEL=         0.0000  SC_VDW     =         0.0000
 SC_EEL =         0.0000
 SC_RES_DIST=     0.0000  SC_RES_ANG=       0.0000  SC_RES_TORS=         0.0000
 SC_EEL_DER=      0.4105  SC_VDW_DER=      -0.9251  SC_DERIV   =        -0.5146
 ------------------------------------------------------------------------------


      R M S  F L U C T U A T I O N S


 NSTEP =   200000   TIME(PS) =     200.000  TEMP(K) =    89.87  PRESS =     0.0
 Etot   =      6912.1290  EKtot   =      3057.5950  EPtot      =      3891.8375
 BOND   =       929.1688  ANGLE   =         0.0000  DIHED      =         0.0000
 1-4 NB =         0.0000  1-4 EEL =         0.0000  VDWAALS    =      1055.8071
 EELEC  =      4072.5933  EHBOND  =         0.0000  RESTRAINT  =         0.0000
 DV/DL  =        25.7357
 ------------------------------------------------------------------------------

  Softcore part of the system:       5 atoms,       TEMP(K)    =          99.07
 SC_Etot=         2.3847  SC_EKtot=         1.4765  SC_EPtot   =         1.2200
 SC_BOND=         0.7795  SC_ANGLE=         0.7577  SC_DIHED   =         0.0000
 SC_14NB=         0.0000  SC_14EEL=         0.0000  SC_VDW     =         0.0000
 SC_EEL =         0.0000
 SC_RES_DIST=     0.0000  SC_RES_ANG=       0.0000  SC_RES_TORS=         0.0000
 SC_EEL_DER=      0.3348  SC_VDW_DER=       0.6878  SC_DERIV   =         0.6180
 ------------------------------------------------------------------------------


| TI region  2


      A V E R A G E S   O V E R      40 S T E P S


 NSTEP =   200000   TIME(PS) =     200.000  TEMP(K) =   160.55  PRESS =     0.0
 Etot   =    -37850.4257  EKtot   =      5460.0749  EPtot      =    -43310.5006
 BOND   =      5791.2470  ANGLE   =         0.0000  DIHED      =         0.0000
 1-4 NB =         0.0000  1-4 EEL =         0.0000  VDWAALS    =      9686.0874
 EELEC  =    -58787.8350  EHBOND  =         0.0000  RESTRAINT  =         0.0000
 DV/DL  =       134.8020
 ------------------------------------------------------------------------------

 NMR restraints: Bond =    0.000   Angle =     0.000   Torsion =     0.000
===============================================================================

      R M S  F L U C T U A T I O N S


 NSTEP =   200000   TIME(PS) =     200.000  TEMP(K) =    89.87  PRESS =     0.0
 Etot   =      6911.0032  EKtot   =      3056.4302  EPtot      =      3891.8375
 BOND   =       929.1688  ANGLE   =         0.0000  DIHED      =         0.0000
 1-4 NB =         0.0000  1-4 EEL =         0.0000  VDWAALS    =      1055.8071
 EELEC  =      4072.5933  EHBOND  =         0.0000  RESTRAINT  =         0.0000
 DV/DL  =        25.7357
 ------------------------------------------------------------------------------


      DV/DL, AVERAGES OVER      40 STEPS


 NSTEP =   200000   TIME(PS) =     200.000  TEMP(K) =    89.87  PRESS =     0.0
 Etot   =         0.0000  EKtot   =         0.0000  EPtot      =       134.8020
 BOND   =         0.0000  ANGLE   =         0.0000  DIHED      =         0.0000
 1-4 NB =         0.0000  1-4 EEL =         0.0000  VDWAALS    =         1.7579
 EELEC  =       133.5586  EHBOND  =         0.0000  RESTRAINT  =         0.0000
 DV/DL  =       134.8020
 ------------------------------------------------------------------------------


 NMR restraints on final step:

--------------------------------------------------------------------------------
   5.  TIMINGS
--------------------------------------------------------------------------------

|  NonSetup CPU Time in Major Routines:
|
|     Routine           Sec        %
|     ------------------------------
|     Nonbond          50.80   18.95
|     Bond              0.00    0.00
|     Angle             0.00    0.00
|     Dihedral          0.00    0.00
|     Shake             0.00    0.00
|     RunMD           216.55   80.78
|     Other             0.74    0.28
|     ------------------------------
|     Total           268.09

|  PME Nonbond Pairlist CPU Time:
|
|     Routine              Sec        %
|     ---------------------------------
|     Set Up Cit           0.00    0.00
|     Build List           0.00    0.00
|     ---------------------------------
|     Total                0.00    0.00

|  PME Direct Force CPU Time:
|
|     Routine              Sec        %
|     ---------------------------------
|     NonBonded Calc       0.00    0.00
|     Exclude Masked       0.00    0.00
|     Other                0.51    0.19
|     ---------------------------------
|     Total                0.51    0.19

|  PME Reciprocal Force CPU Time:
|
|     Routine              Sec        %
|     ---------------------------------
|     1D bspline           0.00    0.00
|     Grid Charges         0.00    0.00
|     Scalar Sum           0.00    0.00
|     Gradient Sum         0.00    0.00
|     FFT                  0.00    0.00
|     ---------------------------------
|     Total                0.00    0.00

|  Final Performance Info:
|     -----------------------------------------------------
|     Average timings for last   15000 steps:
|     Elapsed(s) =      20.64 Per Step(ms) =       1.38
|         ns/day =      62.79   seconds/ns =    1376.05
|
|     Average timings for all steps:
|     Elapsed(s) =     268.22 Per Step(ms) =       1.34
|         ns/day =      64.43   seconds/ns =    1341.09
|     -----------------------------------------------------

|  Setup CPU time:            0.59 seconds
|  NonSetup CPU time:       268.09 seconds
|  Total CPU time:          268.69 seconds     0.07 hours

|  Setup wall time:           1    seconds
|  NonSetup wall time:      268    seconds
|  Total wall time:         269    seconds     0.07 hours
