
          -------------------------------------------------------
          Amber 20 PMEMD                              2020
          -------------------------------------------------------

| PMEMD implementation of SANDER, Release 18

|  Compiled date/time: Mon Apr 27 21:19:54 2020
| Run on 09/30/2020 at 18:06:59

|   Executable path: /opt/software/Amber/20-fosscuda-2019b/amber20/bin/pmemd.cuda
| Working directory: /mnt/ls15/scratch/users/songlin3/run/solvation_amber20/po4/two_step_tip3p_PO4/step1_po4_to_vdw/0.04794
|          Hostname: lac-030

  [-O]verwriting output

File Assignments:
|   MDIN: heat.in                                                               
|  MDOUT: heat.out                                                              
| INPCRD: min.rst                                                               
|   PARM: step1.prmtop                                                          
| RESTRT: heat.rst                                                              
|   REFC: min.rst                                                               
|  MDVEL: mdvel                                                                 
|   MDEN: mden                                                                  
|  MDCRD: heat.netcdf                                                           
| MDINFO: heat.mdinfo                                                           
|  MDFRC: mdfrc                                                                 


 Here is the input file:

nvt for free MD                                                                
 &cntrl                                                                        
  imin=0,                                                                      
  irest=0,                                                                     
  ntx=1,                                                                       
  ig=-1,                                                                       
  nstlim=100000,                                                               
  dt=0.002,                                                                    
  cut=10.0,                                                                    
  ntc=2,                                                                       
  ntf=2,                                                                       
  ntb=1,                                                                       
  ntt=3,                                                                       
  gamma_ln=2.0,                                                                
  tempi=0.0,                                                                   
  temp0=300.0,                                                                 
  ntpr=5000,                                                                   
  ntwr=5000,                                                                   
  ntwx=10000,                                                                  
  ntwv=0,                                                                      
  ioutfm=1,                                                                    
  iwrap=0,                                                                     
  nmropt=1,                                                                    
  ifsc = 0, icfe=1,                                                            
  clambda=0.04794,                                                             
  timask1=':1',                                                                
  timask2=':2', crgmask = ':2',                                                
/                                                                              
&wt TYPE='TEMP0', istep1=0, istep2=90000, value1=0.0, value2=300.0 /           
&wt TYPE='TEMP0', istep1=90001, istep2=100000, value1=300.0, value2=300.0 /    
&wt TYPE='DUMPFREQ', istep1=10000, /                                           
&wt TYPE='END', /                                                              


Note: ig = -1. Setting random seed to    56451 based on wallclock time in 
      microseconds.
| irandom = 1, using AMBER's internal random number generator (default).
 
|--------------------- INFORMATION ----------------------
| GPU (CUDA) Version of PMEMD in use: NVIDIA GPU IN USE.
|                    Version 18.0.0
| 
|                      03/25/2018
| 
| Implementation by:
|                    Ross C. Walker     (SDSC)
|                    Scott Le Grand     (nVIDIA)
| 
| Version 18 performance extensions by:
|                    David Cerutti     (Rutgers)
| 
| Precision model in use:
|      [SPFP] - Single Precision Forces, 64-bit Fixed Point
|               Accumulation. (Default)
| 
|--------------------------------------------------------
 
|----------------- CITATION INFORMATION -----------------
|
|    When publishing work that utilized the CUDA version
|    of AMBER, please cite the following in addition to
|    the regular AMBER citations:
|
|  - Romelia Salomon-Ferrer; Andreas W. Goetz; Duncan
|    Poole; Scott Le Grand; Ross C. Walker "Routine
|    microsecond molecular dynamics simulations with
|    AMBER - Part II: Particle Mesh Ewald", J. Chem.
|    Theory Comput., 2013, 9 (9), pp3878-3888,
|    DOI: 10.1021/ct400314y.
|
|  - Andreas W. Goetz; Mark J. Williamson; Dong Xu;
|    Duncan Poole; Scott Le Grand; Ross C. Walker
|    "Routine microsecond molecular dynamics simulations
|    with AMBER - Part I: Generalized Born", J. Chem.
|    Theory Comput., 2012, 8 (5), pp1542-1555.
|
|  - Scott Le Grand; Andreas W. Goetz; Ross C. Walker
|    "SPFP: Speed without compromise - a mixed precision
|    model for GPU accelerated molecular dynamics
|    simulations.", Comp. Phys. Comm., 2013, 184
|    pp374-380, DOI: 10.1016/j.cpc.2012.09.022
|
|    When publishing work that utilized the CUDA version
|    of TI, BAR, MBAR or FEP please cite the following 
|    publications in addition to the regular AMBER 
|    GPU citations:
|
|  - Daniel J. Mermelstein; Charles Lin; Gard Nelson; 
|    Rachael Kretsch; J. Andrew McCammon; Ross C. Walker
|    "Fast and Flexible GPU Accelerated Binding 
|    Free Energy Calculations within the AMBER Molecular
|    Dynamics Package" J. Comp. Chem., 2018,
|    DOI: 10.1002/jcc.25187
|
|  - Tai-Sung Lee; Yuan Hu; Brad Sherborne; Zhuyan Guo;
|    Darrin M. York
|    "Toward Fast and Accurate Binding Affinity Prediction with
|    pmemdGTI: An Efficient Implementation of GPU-Accelerated
|    Thermodynamic Integration"
|    J. Chem. Theory Comput., 2017, 13 (7), 3077
|
|
|--------------------------------------------------------
 
|------------------- GPU DEVICE INFO --------------------
|
|            CUDA_VISIBLE_DEVICES: 0
|   CUDA Capable Devices Detected:      1
|           CUDA Device ID in use:      0
|                CUDA Device Name: Tesla K80
|     CUDA Device Global Mem Size:  11441 MB
| CUDA Device Num Multiprocessors:     13
|           CUDA Device Core Freq:   0.82 GHz
|
|--------------------------------------------------------
 
 
| Conditional Compilation Defines Used:
| FFTW_FFT
| BINTRAJ
| MKL
| CUDA
| EMIL

| Largest sphere to fit in unit cell has radius =    22.455

| New format PARM file being parsed.
| Version =    1.000 Date = 09/30/20 Time = 15:28:49

| Note: 1-4 EEL scale factors are being read from the topology file.

| Note: 1-4 VDW scale factors are being read from the topology file.
| Duplicated    0 dihedrals

| Duplicated    0 dihedrals

--------------------------------------------------------------------------------
   1.  RESOURCE   USE: 
--------------------------------------------------------------------------------

 getting box info from netcdf restart file
 NATOM  =   11419 NTYPES =       4 NBONH =   11409 MBONA  =       8
 NTHETH =       0 MTHETA =      12 NPHIH =       0 MPHIA  =       0
 NHPARM =       0 NPARM  =       0 NNB   =   15234 NRES   =    3805
 NBONA  =       8 NTHETA =      12 NPHIA =       0 NUMBND =       3
 NUMANG =       1 NPTRA  =       0 NATYP =       4 NPHB   =       1
 IFBOX  =       2 NMXRS  =       5 IFCAP =       0 NEXTRA =       0
 NCOPY  =       0

| Coordinate Index Table dimensions:     8    8    8
| Direct force subcell size =     6.8755    6.8755    6.8755

     BOX TYPE: TRUNCATED OCTAHEDRON

--------------------------------------------------------------------------------
   2.  CONTROL  DATA  FOR  THE  RUN
--------------------------------------------------------------------------------

default_name                                                                    

General flags:
     imin    =       0, nmropt  =       1

Nature and format of input:
     ntx     =       1, irest   =       0, ntrx    =       1

Nature and format of output:
     ntxo    =       2, ntpr    =    5000, ntrx    =       1, ntwr    =    5000
     iwrap   =       0, ntwx    =   10000, ntwv    =       0, ntwe    =       0
     ioutfm  =       1, ntwprt  =       0, idecomp =       0, rbornstat=      0

Potential function:
     ntf     =       2, ntb     =       1, igb     =       0, nsnb    =      25
     ipol    =       0, gbsa    =       0, iesp    =       0
     dielc   =   1.00000, cut     =  10.00000, intdiel =   1.00000

Frozen or restrained atoms:
     ibelly  =       0, ntr     =       0

Molecular dynamics:
     nstlim  =    100000, nscm    =      1000, nrespa  =         1
     t       =   0.00000, dt      =   0.00200, vlimit  =  -1.00000

Langevin dynamics temperature regulation:
     ig      =   56451
     temp0   = 300.00000, tempi   =   0.00000, gamma_ln=   2.00000

SHAKE:
     ntc     =       2, jfastw  =       0
     tol     =   0.00001

NMR refinement options:
     iscale  =       0, noeskp  =       1, ipnlty  =       1, mxsub   =       1
     scalm   = 100.00000, pencut  =   0.10000, tausw   =   0.10000

Free energy options:
     icfe    =       1, ifsc    =       0, klambda =       1
     clambda =  0.0479, scalpha =  0.5000, scbeta  = 12.0000
     sceeorder =       2
     dynlmb =  0.0000 logdvdl =       0

| Intermolecular bonds treatment:
|     no_intermolecular_bonds =       1

| Energy averages sample interval:
|     ene_avg_sampling =    5000

Ewald parameters:
     verbose =       0, ew_type =       0, nbflag  =       1, use_pme =       1
     vdwmeth =       1, eedmeth =       1, netfrc  =       1
     Box X =   55.004   Box Y =   55.004   Box Z =   55.004
     Alpha =  109.471   Beta  =  109.471   Gamma =  109.471
     NFFT1 =   56       NFFT2 =   56       NFFT3 =   56
     Cutoff=   10.000   Tol   =0.100E-04
     Ewald Coefficient =  0.27511
     Interpolation order =    4
     TI Mask 1 :1; matches      5 atoms
     TI Mask 2 :2; matches      5 atoms
     TI region 1:   11414 atoms
     TI region 2:   11414 atoms
Removing charge of       1.4352 from atom       6
Removing charge of      -1.1088 from atom       7
Removing charge of      -1.1088 from atom       8
Removing charge of      -1.1088 from atom       9
Removing charge of      -1.1088 from atom      10
Total charge of  -2.99999999 removed from       5 atoms
     Checking for mismatched coordinates.

--------------------------------------------------------------------------------
   3.  ATOMIC COORDINATES AND VELOCITIES
--------------------------------------------------------------------------------

default_name                                                                    
 begin time read from input coords =     0.000 ps



           Begin reading energy term weight changes/NMR restraints
 WEIGHT CHANGES:
 TEMP0         0  90000    0.000000  300.000000      0      0
 TEMP0     90001 100000  300.000000  300.000000      0      0
 DUMPFREQ  10000      0    0.000000    0.000000      0      0

 RESTRAINTS:
                          ** No restraint defined **

                  Done reading weight changes/NMR restraints


 
 Number of triangulated 3-point waters found:     3803

     Sum of charges for TI region  1 =  -2.99999999
     Skip neutralizing charges...


     Sum of charges for TI region  2 =   0.00000000
     Skip neutralizing charges...

| Dynamic Memory, Types Used:
| Reals              565983
| Integers           434108

| Nonbonded Pairs Initial Allocation:     3453962

| GPU memory information (estimate):
| KB of GPU memory in use:    101504
| KB of CPU memory in use:     24224

--------------------------------------------------------------------------------
   4.  RESULTS
--------------------------------------------------------------------------------


| TI region  1


 NSTEP =        0   TIME(PS) =       0.000  TEMP(K) =     0.00  PRESS =     0.0
 Etot   =    -34859.0242  EKtot   =         0.0000  EPtot      =    -34859.0242
 BOND   =         0.0566  ANGLE   =         6.5253  DIHED      =         0.0000
 1-4 NB =         0.0000  1-4 EEL =         0.0000  VDWAALS    =      2560.6060
 EELEC  =    -37426.2121  EHBOND  =         0.0000  RESTRAINT  =         0.0000
 DV/DL  =       272.1320
 ------------------------------------------------------------------------------


| TI region  2


 NSTEP =        0   TIME(PS) =       0.000  TEMP(K) =     0.00  PRESS =     0.0
 Etot   =    -34859.0242  EKtot   =         0.0000  EPtot      =    -34859.0242
 BOND   =         0.0566  ANGLE   =         6.5253  DIHED      =         0.0000
 1-4 NB =         0.0000  1-4 EEL =         0.0000  VDWAALS    =      2560.6060
 EELEC  =    -37426.2121  EHBOND  =         0.0000  RESTRAINT  =         0.0000
 DV/DL  =       272.1320
 ------------------------------------------------------------------------------

 NMR restraints: Bond =    0.000   Angle =     0.000   Torsion =     0.000
===============================================================================

| TI region  1


 NSTEP =     5000   TIME(PS) =      10.000  TEMP(K) =    16.12  PRESS =     0.0
 Etot   =    -45303.5639  EKtot   =       365.7504  EPtot      =    -45669.3143
 BOND   =         1.3639  ANGLE   =         6.6439  DIHED      =         0.0000
 1-4 NB =         0.0000  1-4 EEL =         0.0000  VDWAALS    =      8188.8802
 EELEC  =    -53866.2022  EHBOND  =         0.0000  RESTRAINT  =         0.0000
 DV/DL  =      1145.9796
 ------------------------------------------------------------------------------


| TI region  2


 NSTEP =     5000   TIME(PS) =      10.000  TEMP(K) =    16.12  PRESS =     0.0
 Etot   =    -45303.5639  EKtot   =       365.7504  EPtot      =    -45669.3143
 BOND   =         1.3639  ANGLE   =         6.6439  DIHED      =         0.0000
 1-4 NB =         0.0000  1-4 EEL =         0.0000  VDWAALS    =      8188.8802
 EELEC  =    -53866.2022  EHBOND  =         0.0000  RESTRAINT  =         0.0000
 DV/DL  =      1145.9796
 ------------------------------------------------------------------------------

 NMR restraints: Bond =    0.000   Angle =     0.000   Torsion =     0.000
===============================================================================

| TI region  1


 NSTEP =    10000   TIME(PS) =      20.000  TEMP(K) =    32.49  PRESS =     0.0
 Etot   =    -44615.0585  EKtot   =       737.1380  EPtot      =    -45352.1965
 BOND   =         2.0915  ANGLE   =         6.3964  DIHED      =         0.0000
 1-4 NB =         0.0000  1-4 EEL =         0.0000  VDWAALS    =      8178.1502
 EELEC  =    -53538.8346  EHBOND  =         0.0000  RESTRAINT  =         0.0000
 DV/DL  =      1144.3964
 ------------------------------------------------------------------------------


| TI region  2


 NSTEP =    10000   TIME(PS) =      20.000  TEMP(K) =    32.49  PRESS =     0.0
 Etot   =    -44615.0585  EKtot   =       737.1380  EPtot      =    -45352.1965
 BOND   =         2.0915  ANGLE   =         6.3964  DIHED      =         0.0000
 1-4 NB =         0.0000  1-4 EEL =         0.0000  VDWAALS    =      8178.1502
 EELEC  =    -53538.8346  EHBOND  =         0.0000  RESTRAINT  =         0.0000
 DV/DL  =      1144.3964
 ------------------------------------------------------------------------------

 NMR restraints: Bond =    0.000   Angle =     0.000   Torsion =     0.000
===============================================================================

| TI region  1


 NSTEP =    15000   TIME(PS) =      30.000  TEMP(K) =    49.85  PRESS =     0.0
 Etot   =    -43982.5150  EKtot   =      1130.8557  EPtot      =    -45113.3707
 BOND   =         1.7341  ANGLE   =         6.6785  DIHED      =         0.0000
 1-4 NB =         0.0000  1-4 EEL =         0.0000  VDWAALS    =      8217.1558
 EELEC  =    -53338.9391  EHBOND  =         0.0000  RESTRAINT  =         0.0000
 DV/DL  =      1142.2650
 ------------------------------------------------------------------------------


| TI region  2


 NSTEP =    15000   TIME(PS) =      30.000  TEMP(K) =    49.85  PRESS =     0.0
 Etot   =    -43982.5150  EKtot   =      1130.8557  EPtot      =    -45113.3707
 BOND   =         1.7341  ANGLE   =         6.6785  DIHED      =         0.0000
 1-4 NB =         0.0000  1-4 EEL =         0.0000  VDWAALS    =      8217.1558
 EELEC  =    -53338.9391  EHBOND  =         0.0000  RESTRAINT  =         0.0000
 DV/DL  =      1142.2650
 ------------------------------------------------------------------------------

 NMR restraints: Bond =    0.000   Angle =     0.000   Torsion =     0.000
===============================================================================

| TI region  1


 NSTEP =    20000   TIME(PS) =      40.000  TEMP(K) =    65.52  PRESS =     0.0
 Etot   =    -43391.8260  EKtot   =      1486.3746  EPtot      =    -44878.2007
 BOND   =         3.0414  ANGLE   =         6.8096  DIHED      =         0.0000
 1-4 NB =         0.0000  1-4 EEL =         0.0000  VDWAALS    =      8238.9232
 EELEC  =    -53126.9748  EHBOND  =         0.0000  RESTRAINT  =         0.0000
 DV/DL  =      1141.2771
 ------------------------------------------------------------------------------


| TI region  2


 NSTEP =    20000   TIME(PS) =      40.000  TEMP(K) =    65.52  PRESS =     0.0
 Etot   =    -43391.8260  EKtot   =      1486.3746  EPtot      =    -44878.2007
 BOND   =         3.0414  ANGLE   =         6.8096  DIHED      =         0.0000
 1-4 NB =         0.0000  1-4 EEL =         0.0000  VDWAALS    =      8238.9232
 EELEC  =    -53126.9748  EHBOND  =         0.0000  RESTRAINT  =         0.0000
 DV/DL  =      1141.2771
 ------------------------------------------------------------------------------

 NMR restraints: Bond =    0.000   Angle =     0.000   Torsion =     0.000
===============================================================================

| TI region  1


 NSTEP =    25000   TIME(PS) =      50.000  TEMP(K) =    82.91  PRESS =     0.0
 Etot   =    -42720.8420  EKtot   =      1880.8785  EPtot      =    -44601.7205
 BOND   =         1.1181  ANGLE   =         8.1373  DIHED      =         0.0000
 1-4 NB =         0.0000  1-4 EEL =         0.0000  VDWAALS    =      8275.7139
 EELEC  =    -52886.6898  EHBOND  =         0.0000  RESTRAINT  =         0.0000
 DV/DL  =      1159.8050
 ------------------------------------------------------------------------------


| TI region  2


 NSTEP =    25000   TIME(PS) =      50.000  TEMP(K) =    82.91  PRESS =     0.0
 Etot   =    -42720.8420  EKtot   =      1880.8785  EPtot      =    -44601.7205
 BOND   =         1.1181  ANGLE   =         8.1373  DIHED      =         0.0000
 1-4 NB =         0.0000  1-4 EEL =         0.0000  VDWAALS    =      8275.7139
 EELEC  =    -52886.6898  EHBOND  =         0.0000  RESTRAINT  =         0.0000
 DV/DL  =      1159.8050
 ------------------------------------------------------------------------------

 NMR restraints: Bond =    0.000   Angle =     0.000   Torsion =     0.000
===============================================================================

| TI region  1


 NSTEP =    30000   TIME(PS) =      60.000  TEMP(K) =    99.00  PRESS =     0.0
 Etot   =    -42023.0334  EKtot   =      2246.0390  EPtot      =    -44269.0724
 BOND   =         1.8991  ANGLE   =         6.4213  DIHED      =         0.0000
 1-4 NB =         0.0000  1-4 EEL =         0.0000  VDWAALS    =      8211.2097
 EELEC  =    -52488.6026  EHBOND  =         0.0000  RESTRAINT  =         0.0000
 DV/DL  =      1144.7839
 ------------------------------------------------------------------------------


| TI region  2


 NSTEP =    30000   TIME(PS) =      60.000  TEMP(K) =    99.00  PRESS =     0.0
 Etot   =    -42023.0334  EKtot   =      2246.0390  EPtot      =    -44269.0724
 BOND   =         1.8991  ANGLE   =         6.4213  DIHED      =         0.0000
 1-4 NB =         0.0000  1-4 EEL =         0.0000  VDWAALS    =      8211.2097
 EELEC  =    -52488.6026  EHBOND  =         0.0000  RESTRAINT  =         0.0000
 DV/DL  =      1144.7839
 ------------------------------------------------------------------------------

 NMR restraints: Bond =    0.000   Angle =     0.000   Torsion =     0.000
===============================================================================

| TI region  1


 NSTEP =    35000   TIME(PS) =      70.000  TEMP(K) =   116.41  PRESS =     0.0
 Etot   =    -41300.7364  EKtot   =      2640.9615  EPtot      =    -43941.6979
 BOND   =         1.4920  ANGLE   =         6.7182  DIHED      =         0.0000
 1-4 NB =         0.0000  1-4 EEL =         0.0000  VDWAALS    =      8006.8542
 EELEC  =    -51956.7623  EHBOND  =         0.0000  RESTRAINT  =         0.0000
 DV/DL  =      1158.6666
 ------------------------------------------------------------------------------


| TI region  2


 NSTEP =    35000   TIME(PS) =      70.000  TEMP(K) =   116.41  PRESS =     0.0
 Etot   =    -41300.7364  EKtot   =      2640.9615  EPtot      =    -43941.6979
 BOND   =         1.4920  ANGLE   =         6.7182  DIHED      =         0.0000
 1-4 NB =         0.0000  1-4 EEL =         0.0000  VDWAALS    =      8006.8542
 EELEC  =    -51956.7623  EHBOND  =         0.0000  RESTRAINT  =         0.0000
 DV/DL  =      1158.6666
 ------------------------------------------------------------------------------

 NMR restraints: Bond =    0.000   Angle =     0.000   Torsion =     0.000
===============================================================================

| TI region  1


 NSTEP =    40000   TIME(PS) =      80.000  TEMP(K) =   132.43  PRESS =     0.0
 Etot   =    -40625.9289  EKtot   =      3004.3535  EPtot      =    -43630.2824
 BOND   =         1.0864  ANGLE   =         7.0557  DIHED      =         0.0000
 1-4 NB =         0.0000  1-4 EEL =         0.0000  VDWAALS    =      8008.6315
 EELEC  =    -51647.0560  EHBOND  =         0.0000  RESTRAINT  =         0.0000
 DV/DL  =      1170.8121
 ------------------------------------------------------------------------------


| TI region  2


 NSTEP =    40000   TIME(PS) =      80.000  TEMP(K) =   132.43  PRESS =     0.0
 Etot   =    -40625.9289  EKtot   =      3004.3535  EPtot      =    -43630.2824
 BOND   =         1.0864  ANGLE   =         7.0557  DIHED      =         0.0000
 1-4 NB =         0.0000  1-4 EEL =         0.0000  VDWAALS    =      8008.6315
 EELEC  =    -51647.0560  EHBOND  =         0.0000  RESTRAINT  =         0.0000
 DV/DL  =      1170.8121
 ------------------------------------------------------------------------------

 NMR restraints: Bond =    0.000   Angle =     0.000   Torsion =     0.000
===============================================================================

| TI region  1


 NSTEP =    45000   TIME(PS) =      90.000  TEMP(K) =   149.06  PRESS =     0.0
 Etot   =    -39900.0762  EKtot   =      3381.6386  EPtot      =    -43281.7149
 BOND   =         3.6118  ANGLE   =         6.6898  DIHED      =         0.0000
 1-4 NB =         0.0000  1-4 EEL =         0.0000  VDWAALS    =      7850.2227
 EELEC  =    -51142.2392  EHBOND  =         0.0000  RESTRAINT  =         0.0000
 DV/DL  =      1179.1269
 ------------------------------------------------------------------------------


| TI region  2


 NSTEP =    45000   TIME(PS) =      90.000  TEMP(K) =   149.06  PRESS =     0.0
 Etot   =    -39900.0762  EKtot   =      3381.6386  EPtot      =    -43281.7149
 BOND   =         3.6118  ANGLE   =         6.6898  DIHED      =         0.0000
 1-4 NB =         0.0000  1-4 EEL =         0.0000  VDWAALS    =      7850.2227
 EELEC  =    -51142.2392  EHBOND  =         0.0000  RESTRAINT  =         0.0000
 DV/DL  =      1179.1269
 ------------------------------------------------------------------------------

 NMR restraints: Bond =    0.000   Angle =     0.000   Torsion =     0.000
===============================================================================

| TI region  1


 NSTEP =    50000   TIME(PS) =     100.000  TEMP(K) =   163.89  PRESS =     0.0
 Etot   =    -39183.4704  EKtot   =      3718.0473  EPtot      =    -42901.5177
 BOND   =         3.0857  ANGLE   =         7.5065  DIHED      =         0.0000
 1-4 NB =         0.0000  1-4 EEL =         0.0000  VDWAALS    =      7780.8499
 EELEC  =    -50692.9598  EHBOND  =         0.0000  RESTRAINT  =         0.0000
 DV/DL  =      1190.1659
 ------------------------------------------------------------------------------


| TI region  2


 NSTEP =    50000   TIME(PS) =     100.000  TEMP(K) =   163.89  PRESS =     0.0
 Etot   =    -39183.4704  EKtot   =      3718.0473  EPtot      =    -42901.5177
 BOND   =         3.0857  ANGLE   =         7.5065  DIHED      =         0.0000
 1-4 NB =         0.0000  1-4 EEL =         0.0000  VDWAALS    =      7780.8499
 EELEC  =    -50692.9598  EHBOND  =         0.0000  RESTRAINT  =         0.0000
 DV/DL  =      1190.1659
 ------------------------------------------------------------------------------

 NMR restraints: Bond =    0.000   Angle =     0.000   Torsion =     0.000
===============================================================================

| TI region  1


 NSTEP =    55000   TIME(PS) =     110.000  TEMP(K) =   183.10  PRESS =     0.0
 Etot   =    -38129.3205  EKtot   =      4154.0450  EPtot      =    -42283.3655
 BOND   =         3.1258  ANGLE   =         7.0685  DIHED      =         0.0000
 1-4 NB =         0.0000  1-4 EEL =         0.0000  VDWAALS    =      7568.3618
 EELEC  =    -49861.9215  EHBOND  =         0.0000  RESTRAINT  =         0.0000
 DV/DL  =      1163.6406
 ------------------------------------------------------------------------------


| TI region  2


 NSTEP =    55000   TIME(PS) =     110.000  TEMP(K) =   183.10  PRESS =     0.0
 Etot   =    -38129.3205  EKtot   =      4154.0450  EPtot      =    -42283.3655
 BOND   =         3.1258  ANGLE   =         7.0685  DIHED      =         0.0000
 1-4 NB =         0.0000  1-4 EEL =         0.0000  VDWAALS    =      7568.3618
 EELEC  =    -49861.9215  EHBOND  =         0.0000  RESTRAINT  =         0.0000
 DV/DL  =      1163.6406
 ------------------------------------------------------------------------------

 NMR restraints: Bond =    0.000   Angle =     0.000   Torsion =     0.000
===============================================================================

| TI region  1


 NSTEP =    60000   TIME(PS) =     120.000  TEMP(K) =   196.67  PRESS =     0.0
 Etot   =    -37312.8985  EKtot   =      4461.7678  EPtot      =    -41774.6663
 BOND   =         1.2858  ANGLE   =         6.8779  DIHED      =         0.0000
 1-4 NB =         0.0000  1-4 EEL =         0.0000  VDWAALS    =      7315.1673
 EELEC  =    -49097.9973  EHBOND  =         0.0000  RESTRAINT  =         0.0000
 DV/DL  =      1152.1724
 ------------------------------------------------------------------------------


| TI region  2


 NSTEP =    60000   TIME(PS) =     120.000  TEMP(K) =   196.67  PRESS =     0.0
 Etot   =    -37312.8985  EKtot   =      4461.7678  EPtot      =    -41774.6663
 BOND   =         1.2858  ANGLE   =         6.8779  DIHED      =         0.0000
 1-4 NB =         0.0000  1-4 EEL =         0.0000  VDWAALS    =      7315.1673
 EELEC  =    -49097.9973  EHBOND  =         0.0000  RESTRAINT  =         0.0000
 DV/DL  =      1152.1724
 ------------------------------------------------------------------------------

 NMR restraints: Bond =    0.000   Angle =     0.000   Torsion =     0.000
===============================================================================

| TI region  1


 NSTEP =    65000   TIME(PS) =     130.000  TEMP(K) =   209.07  PRESS =     0.0
 Etot   =    -36085.6881  EKtot   =      4743.0344  EPtot      =    -40828.7225
 BOND   =         3.8926  ANGLE   =        10.3608  DIHED      =         0.0000
 1-4 NB =         0.0000  1-4 EEL =         0.0000  VDWAALS    =      6933.3431
 EELEC  =    -47776.3190  EHBOND  =         0.0000  RESTRAINT  =         0.0000
 DV/DL  =      1121.7144
 ------------------------------------------------------------------------------


| TI region  2


 NSTEP =    65000   TIME(PS) =     130.000  TEMP(K) =   209.07  PRESS =     0.0
 Etot   =    -36085.6881  EKtot   =      4743.0344  EPtot      =    -40828.7225
 BOND   =         3.8926  ANGLE   =        10.3608  DIHED      =         0.0000
 1-4 NB =         0.0000  1-4 EEL =         0.0000  VDWAALS    =      6933.3431
 EELEC  =    -47776.3190  EHBOND  =         0.0000  RESTRAINT  =         0.0000
 DV/DL  =      1121.7144
 ------------------------------------------------------------------------------

 NMR restraints: Bond =    0.000   Angle =     0.000   Torsion =     0.000
===============================================================================

| TI region  1


 NSTEP =    70000   TIME(PS) =     140.000  TEMP(K) =   232.55  PRESS =     0.0
 Etot   =    -34655.4397  EKtot   =      5275.7454  EPtot      =    -39931.1851
 BOND   =         3.3955  ANGLE   =         7.3746  DIHED      =         0.0000
 1-4 NB =         0.0000  1-4 EEL =         0.0000  VDWAALS    =      6509.7111
 EELEC  =    -46451.6663  EHBOND  =         0.0000  RESTRAINT  =         0.0000
 DV/DL  =      1119.4469
 ------------------------------------------------------------------------------


| TI region  2


 NSTEP =    70000   TIME(PS) =     140.000  TEMP(K) =   232.55  PRESS =     0.0
 Etot   =    -34655.4397  EKtot   =      5275.7454  EPtot      =    -39931.1851
 BOND   =         3.3955  ANGLE   =         7.3746  DIHED      =         0.0000
 1-4 NB =         0.0000  1-4 EEL =         0.0000  VDWAALS    =      6509.7111
 EELEC  =    -46451.6663  EHBOND  =         0.0000  RESTRAINT  =         0.0000
 DV/DL  =      1119.4469
 ------------------------------------------------------------------------------

 NMR restraints: Bond =    0.000   Angle =     0.000   Torsion =     0.000
===============================================================================

| TI region  1


 NSTEP =    75000   TIME(PS) =     150.000  TEMP(K) =   248.57  PRESS =     0.0
 Etot   =    -33100.1930  EKtot   =      5639.2412  EPtot      =    -38739.4342
 BOND   =         4.0902  ANGLE   =         6.8704  DIHED      =         0.0000
 1-4 NB =         0.0000  1-4 EEL =         0.0000  VDWAALS    =      6151.2260
 EELEC  =    -44901.6209  EHBOND  =         0.0000  RESTRAINT  =         0.0000
 DV/DL  =      1135.4106
 ------------------------------------------------------------------------------


| TI region  2


 NSTEP =    75000   TIME(PS) =     150.000  TEMP(K) =   248.57  PRESS =     0.0
 Etot   =    -33100.1930  EKtot   =      5639.2412  EPtot      =    -38739.4342
 BOND   =         4.0902  ANGLE   =         6.8704  DIHED      =         0.0000
 1-4 NB =         0.0000  1-4 EEL =         0.0000  VDWAALS    =      6151.2260
 EELEC  =    -44901.6209  EHBOND  =         0.0000  RESTRAINT  =         0.0000
 DV/DL  =      1135.4106
 ------------------------------------------------------------------------------

 NMR restraints: Bond =    0.000   Angle =     0.000   Torsion =     0.000
===============================================================================

| TI region  1


 NSTEP =    80000   TIME(PS) =     160.000  TEMP(K) =   266.35  PRESS =     0.0
 Etot   =    -31922.2410  EKtot   =      6042.5363  EPtot      =    -37964.7773
 BOND   =         1.9114  ANGLE   =        10.6666  DIHED      =         0.0000
 1-4 NB =         0.0000  1-4 EEL =         0.0000  VDWAALS    =      5885.2899
 EELEC  =    -43862.6451  EHBOND  =         0.0000  RESTRAINT  =         0.0000
 DV/DL  =      1119.7113
 ------------------------------------------------------------------------------


| TI region  2


 NSTEP =    80000   TIME(PS) =     160.000  TEMP(K) =   266.35  PRESS =     0.0
 Etot   =    -31922.2410  EKtot   =      6042.5363  EPtot      =    -37964.7773
 BOND   =         1.9114  ANGLE   =        10.6666  DIHED      =         0.0000
 1-4 NB =         0.0000  1-4 EEL =         0.0000  VDWAALS    =      5885.2899
 EELEC  =    -43862.6451  EHBOND  =         0.0000  RESTRAINT  =         0.0000
 DV/DL  =      1119.7113
 ------------------------------------------------------------------------------

 NMR restraints: Bond =    0.000   Angle =     0.000   Torsion =     0.000
===============================================================================

| TI region  1


 NSTEP =    85000   TIME(PS) =     170.000  TEMP(K) =   282.86  PRESS =     0.0
 Etot   =    -30667.6155  EKtot   =      6417.1369  EPtot      =    -37084.7524
 BOND   =         2.6486  ANGLE   =         8.1728  DIHED      =         0.0000
 1-4 NB =         0.0000  1-4 EEL =         0.0000  VDWAALS    =      5565.7928
 EELEC  =    -42661.3665  EHBOND  =         0.0000  RESTRAINT  =         0.0000
 DV/DL  =      1114.5276
 ------------------------------------------------------------------------------


| TI region  2


 NSTEP =    85000   TIME(PS) =     170.000  TEMP(K) =   282.86  PRESS =     0.0
 Etot   =    -30667.6155  EKtot   =      6417.1369  EPtot      =    -37084.7524
 BOND   =         2.6486  ANGLE   =         8.1728  DIHED      =         0.0000
 1-4 NB =         0.0000  1-4 EEL =         0.0000  VDWAALS    =      5565.7928
 EELEC  =    -42661.3665  EHBOND  =         0.0000  RESTRAINT  =         0.0000
 DV/DL  =      1114.5276
 ------------------------------------------------------------------------------

 NMR restraints: Bond =    0.000   Angle =     0.000   Torsion =     0.000
===============================================================================

| TI region  1


 NSTEP =    90000   TIME(PS) =     180.000  TEMP(K) =   293.70  PRESS =     0.0
 Etot   =    -29687.3822  EKtot   =      6663.0935  EPtot      =    -36350.4757
 BOND   =         1.6202  ANGLE   =         9.5647  DIHED      =         0.0000
 1-4 NB =         0.0000  1-4 EEL =         0.0000  VDWAALS    =      5293.7652
 EELEC  =    -41655.4257  EHBOND  =         0.0000  RESTRAINT  =         0.0000
 DV/DL  =      1128.1640
 ------------------------------------------------------------------------------


| TI region  2


 NSTEP =    90000   TIME(PS) =     180.000  TEMP(K) =   293.70  PRESS =     0.0
 Etot   =    -29687.3822  EKtot   =      6663.0935  EPtot      =    -36350.4757
 BOND   =         1.6202  ANGLE   =         9.5647  DIHED      =         0.0000
 1-4 NB =         0.0000  1-4 EEL =         0.0000  VDWAALS    =      5293.7652
 EELEC  =    -41655.4257  EHBOND  =         0.0000  RESTRAINT  =         0.0000
 DV/DL  =      1128.1640
 ------------------------------------------------------------------------------

 NMR restraints: Bond =    0.000   Angle =     0.000   Torsion =     0.000
===============================================================================

| TI region  1


 NSTEP =    95000   TIME(PS) =     190.000  TEMP(K) =   306.72  PRESS =     0.0
 Etot   =    -29291.9028  EKtot   =      6958.4790  EPtot      =    -36250.3818
 BOND   =         1.7248  ANGLE   =         6.8692  DIHED      =         0.0000
 1-4 NB =         0.0000  1-4 EEL =         0.0000  VDWAALS    =      5273.2351
 EELEC  =    -41532.2109  EHBOND  =         0.0000  RESTRAINT  =         0.0000
 DV/DL  =      1159.9257
 ------------------------------------------------------------------------------


| TI region  2


 NSTEP =    95000   TIME(PS) =     190.000  TEMP(K) =   306.72  PRESS =     0.0
 Etot   =    -29291.9028  EKtot   =      6958.4790  EPtot      =    -36250.3818
 BOND   =         1.7248  ANGLE   =         6.8692  DIHED      =         0.0000
 1-4 NB =         0.0000  1-4 EEL =         0.0000  VDWAALS    =      5273.2351
 EELEC  =    -41532.2109  EHBOND  =         0.0000  RESTRAINT  =         0.0000
 DV/DL  =      1159.9257
 ------------------------------------------------------------------------------

 NMR restraints: Bond =    0.000   Angle =     0.000   Torsion =     0.000
===============================================================================

| TI region  1


 NSTEP =   100000   TIME(PS) =     200.000  TEMP(K) =   300.50  PRESS =     0.0
 Etot   =    -29430.7017  EKtot   =      6817.3549  EPtot      =    -36248.0566
 BOND   =         2.2396  ANGLE   =         8.7448  DIHED      =         0.0000
 1-4 NB =         0.0000  1-4 EEL =         0.0000  VDWAALS    =      5080.6692
 EELEC  =    -41339.7103  EHBOND  =         0.0000  RESTRAINT  =         0.0000
 DV/DL  =      1145.9804
 ------------------------------------------------------------------------------


| TI region  2


 NSTEP =   100000   TIME(PS) =     200.000  TEMP(K) =   300.50  PRESS =     0.0
 Etot   =    -29430.7017  EKtot   =      6817.3549  EPtot      =    -36248.0566
 BOND   =         2.2396  ANGLE   =         8.7448  DIHED      =         0.0000
 1-4 NB =         0.0000  1-4 EEL =         0.0000  VDWAALS    =      5080.6692
 EELEC  =    -41339.7103  EHBOND  =         0.0000  RESTRAINT  =         0.0000
 DV/DL  =      1145.9804
 ------------------------------------------------------------------------------

 NMR restraints: Bond =    0.000   Angle =     0.000   Torsion =     0.000
===============================================================================

| TI region  1


      A V E R A G E S   O V E R      20 S T E P S


 NSTEP =   100000   TIME(PS) =     200.000  TEMP(K) =   171.39  PRESS =     0.0
 Etot   =    -37666.5217  EKtot   =      3888.2236  EPtot      =    -41554.7453
 BOND   =         2.3229  ANGLE   =         7.5814  DIHED      =         0.0000
 1-4 NB =         0.0000  1-4 EEL =         0.0000  VDWAALS    =      7126.6576
 EELEC  =    -48691.3072  EHBOND  =         0.0000  RESTRAINT  =         0.0000
 DV/DL  =      1146.8986
 ------------------------------------------------------------------------------

 NMR restraints: Bond =    0.000   Angle =     0.000   Torsion =     0.000
===============================================================================

      R M S  F L U C T U A T I O N S


 NSTEP =   100000   TIME(PS) =     200.000  TEMP(K) =    92.42  PRESS =     0.0
 Etot   =      5335.8488  EKtot   =      2096.6883  EPtot      =      3274.3806
 BOND   =         0.9360  ANGLE   =         1.2622  DIHED      =         0.0000
 1-4 NB =         0.0000  1-4 EEL =         0.0000  VDWAALS    =      1144.9700
 EELEC  =      4411.4441  EHBOND  =         0.0000  RESTRAINT  =         0.0000
 DV/DL  =        19.9860
 ------------------------------------------------------------------------------


| TI region  2


      A V E R A G E S   O V E R      20 S T E P S


 NSTEP =   100000   TIME(PS) =     200.000  TEMP(K) =   171.39  PRESS =     0.0
 Etot   =    -37666.5217  EKtot   =      3888.2236  EPtot      =    -41554.7453
 BOND   =         2.3229  ANGLE   =         7.5814  DIHED      =         0.0000
 1-4 NB =         0.0000  1-4 EEL =         0.0000  VDWAALS    =      7126.6576
 EELEC  =    -48691.3072  EHBOND  =         0.0000  RESTRAINT  =         0.0000
 DV/DL  =      1146.8986
 ------------------------------------------------------------------------------

 NMR restraints: Bond =    0.000   Angle =     0.000   Torsion =     0.000
===============================================================================

      R M S  F L U C T U A T I O N S


 NSTEP =   100000   TIME(PS) =     200.000  TEMP(K) =    92.42  PRESS =     0.0
 Etot   =      5335.8488  EKtot   =      2096.6883  EPtot      =      3274.3806
 BOND   =         0.9360  ANGLE   =         1.2622  DIHED      =         0.0000
 1-4 NB =         0.0000  1-4 EEL =         0.0000  VDWAALS    =      1144.9700
 EELEC  =      4411.4441  EHBOND  =         0.0000  RESTRAINT  =         0.0000
 DV/DL  =        19.9860
 ------------------------------------------------------------------------------


      DV/DL, AVERAGES OVER      20 STEPS


 NSTEP =   100000   TIME(PS) =     200.000  TEMP(K) =    92.42  PRESS =     0.0
 Etot   =         0.0000  EKtot   =         0.0000  EPtot      =      1146.8986
 BOND   =         0.0000  ANGLE   =         0.0000  DIHED      =         0.0000
 1-4 NB =         0.0000  1-4 EEL =         0.0000  VDWAALS    =         0.0000
 EELEC  =      1146.8986  EHBOND  =         0.0000  RESTRAINT  =         0.0000
 DV/DL  =      1146.8986
 ------------------------------------------------------------------------------


 NMR restraints on final step:

--------------------------------------------------------------------------------
   5.  TIMINGS
--------------------------------------------------------------------------------

|  NonSetup CPU Time in Major Routines:
|
|     Routine           Sec        %
|     ------------------------------
|     Nonbond          27.50   18.82
|     Bond              0.00    0.00
|     Angle             0.00    0.00
|     Dihedral          0.00    0.00
|     Shake             0.39    0.27
|     RunMD           117.89   80.68
|     Other             0.34    0.23
|     ------------------------------
|     Total           146.13

|  PME Nonbond Pairlist CPU Time:
|
|     Routine              Sec        %
|     ---------------------------------
|     Set Up Cit           0.00    0.00
|     Build List           0.00    0.00
|     ---------------------------------
|     Total                0.00    0.00

|  PME Direct Force CPU Time:
|
|     Routine              Sec        %
|     ---------------------------------
|     NonBonded Calc       0.00    0.00
|     Exclude Masked       0.00    0.00
|     Other                0.23    0.16
|     ---------------------------------
|     Total                0.23    0.16

|  PME Reciprocal Force CPU Time:
|
|     Routine              Sec        %
|     ---------------------------------
|     1D bspline           0.00    0.00
|     Grid Charges         0.00    0.00
|     Scalar Sum           0.00    0.00
|     Gradient Sum         0.00    0.00
|     FFT                  0.00    0.00
|     ---------------------------------
|     Total                0.00    0.00

|  Final Performance Info:
|     -----------------------------------------------------
|     Average timings for last   10000 steps:
|     Elapsed(s) =      15.34 Per Step(ms) =       1.53
|         ns/day =     112.62   seconds/ns =     767.19
|
|     Average timings for all steps:
|     Elapsed(s) =     146.26 Per Step(ms) =       1.46
|         ns/day =     118.14   seconds/ns =     731.31
|     -----------------------------------------------------

|  Setup CPU time:            0.60 seconds
|  NonSetup CPU time:       146.13 seconds
|  Total CPU time:          146.73 seconds     0.04 hours

|  Setup wall time:           1    seconds
|  NonSetup wall time:      146    seconds
|  Total wall time:         147    seconds     0.04 hours
