
          -------------------------------------------------------
          Amber 20 PMEMD                              2020
          -------------------------------------------------------

| PMEMD implementation of SANDER, Release 18

|  Compiled date/time: Mon Apr 27 21:19:54 2020
| Run on 09/30/2020 at 18:03:19

|   Executable path: /opt/software/Amber/20-fosscuda-2019b/amber20/bin/pmemd.cuda
| Working directory: /mnt/ls15/scratch/users/songlin3/run/solvation_amber20/po4/two_step_tip3p_PO4/step1_po4_to_vdw/0.00922
|          Hostname: lac-085

  [-O]verwriting output

File Assignments:
|   MDIN: heat.in                                                               
|  MDOUT: heat.out                                                              
| INPCRD: min.rst                                                               
|   PARM: step1.prmtop                                                          
| RESTRT: heat.rst                                                              
|   REFC: min.rst                                                               
|  MDVEL: mdvel                                                                 
|   MDEN: mden                                                                  
|  MDCRD: heat.netcdf                                                           
| MDINFO: heat.mdinfo                                                           
|  MDFRC: mdfrc                                                                 


 Here is the input file:

nvt for free MD                                                                
 &cntrl                                                                        
  imin=0,                                                                      
  irest=0,                                                                     
  ntx=1,                                                                       
  ig=-1,                                                                       
  nstlim=100000,                                                               
  dt=0.002,                                                                    
  cut=10.0,                                                                    
  ntc=2,                                                                       
  ntf=2,                                                                       
  ntb=1,                                                                       
  ntt=3,                                                                       
  gamma_ln=2.0,                                                                
  tempi=0.0,                                                                   
  temp0=300.0,                                                                 
  ntpr=5000,                                                                   
  ntwr=5000,                                                                   
  ntwx=10000,                                                                  
  ntwv=0,                                                                      
  ioutfm=1,                                                                    
  iwrap=0,                                                                     
  nmropt=1,                                                                    
  ifsc = 0, icfe=1,                                                            
  clambda=0.00922,                                                             
  timask1=':1',                                                                
  timask2=':2', crgmask = ':2',                                                
/                                                                              
&wt TYPE='TEMP0', istep1=0, istep2=90000, value1=0.0, value2=300.0 /           
&wt TYPE='TEMP0', istep1=90001, istep2=100000, value1=300.0, value2=300.0 /    
&wt TYPE='DUMPFREQ', istep1=10000, /                                           
&wt TYPE='END', /                                                              


Note: ig = -1. Setting random seed to   598008 based on wallclock time in 
      microseconds.
| irandom = 1, using AMBER's internal random number generator (default).
 
|--------------------- INFORMATION ----------------------
| GPU (CUDA) Version of PMEMD in use: NVIDIA GPU IN USE.
|                    Version 18.0.0
| 
|                      03/25/2018
| 
| Implementation by:
|                    Ross C. Walker     (SDSC)
|                    Scott Le Grand     (nVIDIA)
| 
| Version 18 performance extensions by:
|                    David Cerutti     (Rutgers)
| 
| Precision model in use:
|      [SPFP] - Single Precision Forces, 64-bit Fixed Point
|               Accumulation. (Default)
| 
|--------------------------------------------------------
 
|----------------- CITATION INFORMATION -----------------
|
|    When publishing work that utilized the CUDA version
|    of AMBER, please cite the following in addition to
|    the regular AMBER citations:
|
|  - Romelia Salomon-Ferrer; Andreas W. Goetz; Duncan
|    Poole; Scott Le Grand; Ross C. Walker "Routine
|    microsecond molecular dynamics simulations with
|    AMBER - Part II: Particle Mesh Ewald", J. Chem.
|    Theory Comput., 2013, 9 (9), pp3878-3888,
|    DOI: 10.1021/ct400314y.
|
|  - Andreas W. Goetz; Mark J. Williamson; Dong Xu;
|    Duncan Poole; Scott Le Grand; Ross C. Walker
|    "Routine microsecond molecular dynamics simulations
|    with AMBER - Part I: Generalized Born", J. Chem.
|    Theory Comput., 2012, 8 (5), pp1542-1555.
|
|  - Scott Le Grand; Andreas W. Goetz; Ross C. Walker
|    "SPFP: Speed without compromise - a mixed precision
|    model for GPU accelerated molecular dynamics
|    simulations.", Comp. Phys. Comm., 2013, 184
|    pp374-380, DOI: 10.1016/j.cpc.2012.09.022
|
|    When publishing work that utilized the CUDA version
|    of TI, BAR, MBAR or FEP please cite the following 
|    publications in addition to the regular AMBER 
|    GPU citations:
|
|  - Daniel J. Mermelstein; Charles Lin; Gard Nelson; 
|    Rachael Kretsch; J. Andrew McCammon; Ross C. Walker
|    "Fast and Flexible GPU Accelerated Binding 
|    Free Energy Calculations within the AMBER Molecular
|    Dynamics Package" J. Comp. Chem., 2018,
|    DOI: 10.1002/jcc.25187
|
|  - Tai-Sung Lee; Yuan Hu; Brad Sherborne; Zhuyan Guo;
|    Darrin M. York
|    "Toward Fast and Accurate Binding Affinity Prediction with
|    pmemdGTI: An Efficient Implementation of GPU-Accelerated
|    Thermodynamic Integration"
|    J. Chem. Theory Comput., 2017, 13 (7), 3077
|
|
|--------------------------------------------------------
 
|------------------- GPU DEVICE INFO --------------------
|
|            CUDA_VISIBLE_DEVICES: 0
|   CUDA Capable Devices Detected:      1
|           CUDA Device ID in use:      0
|                CUDA Device Name: Tesla K80
|     CUDA Device Global Mem Size:  12206 MB
| CUDA Device Num Multiprocessors:     13
|           CUDA Device Core Freq:   0.82 GHz
|
|--------------------------------------------------------
 
 
| Conditional Compilation Defines Used:
| FFTW_FFT
| BINTRAJ
| MKL
| CUDA
| EMIL

| Largest sphere to fit in unit cell has radius =    22.455

| New format PARM file being parsed.
| Version =    1.000 Date = 09/30/20 Time = 15:28:49

| Note: 1-4 EEL scale factors are being read from the topology file.

| Note: 1-4 VDW scale factors are being read from the topology file.
| Duplicated    0 dihedrals

| Duplicated    0 dihedrals

--------------------------------------------------------------------------------
   1.  RESOURCE   USE: 
--------------------------------------------------------------------------------

 getting box info from netcdf restart file
 NATOM  =   11419 NTYPES =       4 NBONH =   11409 MBONA  =       8
 NTHETH =       0 MTHETA =      12 NPHIH =       0 MPHIA  =       0
 NHPARM =       0 NPARM  =       0 NNB   =   15234 NRES   =    3805
 NBONA  =       8 NTHETA =      12 NPHIA =       0 NUMBND =       3
 NUMANG =       1 NPTRA  =       0 NATYP =       4 NPHB   =       1
 IFBOX  =       2 NMXRS  =       5 IFCAP =       0 NEXTRA =       0
 NCOPY  =       0

| Coordinate Index Table dimensions:     8    8    8
| Direct force subcell size =     6.8755    6.8755    6.8755

     BOX TYPE: TRUNCATED OCTAHEDRON

--------------------------------------------------------------------------------
   2.  CONTROL  DATA  FOR  THE  RUN
--------------------------------------------------------------------------------

default_name                                                                    

General flags:
     imin    =       0, nmropt  =       1

Nature and format of input:
     ntx     =       1, irest   =       0, ntrx    =       1

Nature and format of output:
     ntxo    =       2, ntpr    =    5000, ntrx    =       1, ntwr    =    5000
     iwrap   =       0, ntwx    =   10000, ntwv    =       0, ntwe    =       0
     ioutfm  =       1, ntwprt  =       0, idecomp =       0, rbornstat=      0

Potential function:
     ntf     =       2, ntb     =       1, igb     =       0, nsnb    =      25
     ipol    =       0, gbsa    =       0, iesp    =       0
     dielc   =   1.00000, cut     =  10.00000, intdiel =   1.00000

Frozen or restrained atoms:
     ibelly  =       0, ntr     =       0

Molecular dynamics:
     nstlim  =    100000, nscm    =      1000, nrespa  =         1
     t       =   0.00000, dt      =   0.00200, vlimit  =  -1.00000

Langevin dynamics temperature regulation:
     ig      =  598008
     temp0   = 300.00000, tempi   =   0.00000, gamma_ln=   2.00000

SHAKE:
     ntc     =       2, jfastw  =       0
     tol     =   0.00001

NMR refinement options:
     iscale  =       0, noeskp  =       1, ipnlty  =       1, mxsub   =       1
     scalm   = 100.00000, pencut  =   0.10000, tausw   =   0.10000

Free energy options:
     icfe    =       1, ifsc    =       0, klambda =       1
     clambda =  0.0092, scalpha =  0.5000, scbeta  = 12.0000
     sceeorder =       2
     dynlmb =  0.0000 logdvdl =       0

| Intermolecular bonds treatment:
|     no_intermolecular_bonds =       1

| Energy averages sample interval:
|     ene_avg_sampling =    5000

Ewald parameters:
     verbose =       0, ew_type =       0, nbflag  =       1, use_pme =       1
     vdwmeth =       1, eedmeth =       1, netfrc  =       1
     Box X =   55.004   Box Y =   55.004   Box Z =   55.004
     Alpha =  109.471   Beta  =  109.471   Gamma =  109.471
     NFFT1 =   56       NFFT2 =   56       NFFT3 =   56
     Cutoff=   10.000   Tol   =0.100E-04
     Ewald Coefficient =  0.27511
     Interpolation order =    4
     TI Mask 1 :1; matches      5 atoms
     TI Mask 2 :2; matches      5 atoms
     TI region 1:   11414 atoms
     TI region 2:   11414 atoms
Removing charge of       1.4352 from atom       6
Removing charge of      -1.1088 from atom       7
Removing charge of      -1.1088 from atom       8
Removing charge of      -1.1088 from atom       9
Removing charge of      -1.1088 from atom      10
Total charge of  -2.99999999 removed from       5 atoms
     Checking for mismatched coordinates.

--------------------------------------------------------------------------------
   3.  ATOMIC COORDINATES AND VELOCITIES
--------------------------------------------------------------------------------

default_name                                                                    
 begin time read from input coords =     0.000 ps



           Begin reading energy term weight changes/NMR restraints
 WEIGHT CHANGES:
 TEMP0         0  90000    0.000000  300.000000      0      0
 TEMP0     90001 100000  300.000000  300.000000      0      0
 DUMPFREQ  10000      0    0.000000    0.000000      0      0

 RESTRAINTS:
                          ** No restraint defined **

                  Done reading weight changes/NMR restraints


 
 Number of triangulated 3-point waters found:     3803

     Sum of charges for TI region  1 =  -2.99999999
     Skip neutralizing charges...


     Sum of charges for TI region  2 =   0.00000000
     Skip neutralizing charges...

| Dynamic Memory, Types Used:
| Reals              565983
| Integers           434108

| Nonbonded Pairs Initial Allocation:     3453962

| GPU memory information (estimate):
| KB of GPU memory in use:    101504
| KB of CPU memory in use:     24224

--------------------------------------------------------------------------------
   4.  RESULTS
--------------------------------------------------------------------------------


| TI region  1


 NSTEP =        0   TIME(PS) =       0.000  TEMP(K) =     0.00  PRESS =     0.0
 Etot   =    -34872.2830  EKtot   =         0.0000  EPtot      =    -34872.2830
 BOND   =         0.0607  ANGLE   =         6.5423  DIHED      =         0.0000
 1-4 NB =         0.0000  1-4 EEL =         0.0000  VDWAALS    =      2561.8866
 EELEC  =    -37440.7725  EHBOND  =         0.0000  RESTRAINT  =         0.0000
 DV/DL  =       279.2843
 ------------------------------------------------------------------------------


| TI region  2


 NSTEP =        0   TIME(PS) =       0.000  TEMP(K) =     0.00  PRESS =     0.0
 Etot   =    -34872.2830  EKtot   =         0.0000  EPtot      =    -34872.2830
 BOND   =         0.0607  ANGLE   =         6.5423  DIHED      =         0.0000
 1-4 NB =         0.0000  1-4 EEL =         0.0000  VDWAALS    =      2561.8866
 EELEC  =    -37440.7725  EHBOND  =         0.0000  RESTRAINT  =         0.0000
 DV/DL  =       279.2843
 ------------------------------------------------------------------------------

 NMR restraints: Bond =    0.000   Angle =     0.000   Torsion =     0.000
===============================================================================

| TI region  1


 NSTEP =     5000   TIME(PS) =      10.000  TEMP(K) =    16.01  PRESS =     0.0
 Etot   =    -45315.5589  EKtot   =       363.3066  EPtot      =    -45678.8654
 BOND   =         1.1664  ANGLE   =         6.6455  DIHED      =         0.0000
 1-4 NB =         0.0000  1-4 EEL =         0.0000  VDWAALS    =      8209.0122
 EELEC  =    -53895.6895  EHBOND  =         0.0000  RESTRAINT  =         0.0000
 DV/DL  =      1151.2967
 ------------------------------------------------------------------------------


| TI region  2


 NSTEP =     5000   TIME(PS) =      10.000  TEMP(K) =    16.01  PRESS =     0.0
 Etot   =    -45315.5589  EKtot   =       363.3066  EPtot      =    -45678.8654
 BOND   =         1.1664  ANGLE   =         6.6455  DIHED      =         0.0000
 1-4 NB =         0.0000  1-4 EEL =         0.0000  VDWAALS    =      8209.0122
 EELEC  =    -53895.6895  EHBOND  =         0.0000  RESTRAINT  =         0.0000
 DV/DL  =      1151.2967
 ------------------------------------------------------------------------------

 NMR restraints: Bond =    0.000   Angle =     0.000   Torsion =     0.000
===============================================================================

| TI region  1


 NSTEP =    10000   TIME(PS) =      20.000  TEMP(K) =    32.58  PRESS =     0.0
 Etot   =    -44674.4591  EKtot   =       739.1829  EPtot      =    -45413.6419
 BOND   =         3.2568  ANGLE   =         6.7280  DIHED      =         0.0000
 1-4 NB =         0.0000  1-4 EEL =         0.0000  VDWAALS    =      8152.6981
 EELEC  =    -53576.3249  EHBOND  =         0.0000  RESTRAINT  =         0.0000
 DV/DL  =      1151.5408
 ------------------------------------------------------------------------------


| TI region  2


 NSTEP =    10000   TIME(PS) =      20.000  TEMP(K) =    32.58  PRESS =     0.0
 Etot   =    -44674.4591  EKtot   =       739.1829  EPtot      =    -45413.6419
 BOND   =         3.2568  ANGLE   =         6.7280  DIHED      =         0.0000
 1-4 NB =         0.0000  1-4 EEL =         0.0000  VDWAALS    =      8152.6981
 EELEC  =    -53576.3249  EHBOND  =         0.0000  RESTRAINT  =         0.0000
 DV/DL  =      1151.5408
 ------------------------------------------------------------------------------

 NMR restraints: Bond =    0.000   Angle =     0.000   Torsion =     0.000
===============================================================================

| TI region  1


 NSTEP =    15000   TIME(PS) =      30.000  TEMP(K) =    49.23  PRESS =     0.0
 Etot   =    -44072.3714  EKtot   =      1116.8019  EPtot      =    -45189.1733
 BOND   =         1.8168  ANGLE   =         6.7886  DIHED      =         0.0000
 1-4 NB =         0.0000  1-4 EEL =         0.0000  VDWAALS    =      8110.1937
 EELEC  =    -53307.9724  EHBOND  =         0.0000  RESTRAINT  =         0.0000
 DV/DL  =      1155.0101
 ------------------------------------------------------------------------------


| TI region  2


 NSTEP =    15000   TIME(PS) =      30.000  TEMP(K) =    49.23  PRESS =     0.0
 Etot   =    -44072.3714  EKtot   =      1116.8019  EPtot      =    -45189.1733
 BOND   =         1.8168  ANGLE   =         6.7886  DIHED      =         0.0000
 1-4 NB =         0.0000  1-4 EEL =         0.0000  VDWAALS    =      8110.1937
 EELEC  =    -53307.9724  EHBOND  =         0.0000  RESTRAINT  =         0.0000
 DV/DL  =      1155.0101
 ------------------------------------------------------------------------------

 NMR restraints: Bond =    0.000   Angle =     0.000   Torsion =     0.000
===============================================================================

| TI region  1


 NSTEP =    20000   TIME(PS) =      40.000  TEMP(K) =    67.08  PRESS =     0.0
 Etot   =    -43374.3972  EKtot   =      1521.8511  EPtot      =    -44896.2484
 BOND   =         1.5758  ANGLE   =         6.5125  DIHED      =         0.0000
 1-4 NB =         0.0000  1-4 EEL =         0.0000  VDWAALS    =      8041.4448
 EELEC  =    -52945.7814  EHBOND  =         0.0000  RESTRAINT  =         0.0000
 DV/DL  =      1156.7720
 ------------------------------------------------------------------------------


| TI region  2


 NSTEP =    20000   TIME(PS) =      40.000  TEMP(K) =    67.08  PRESS =     0.0
 Etot   =    -43374.3972  EKtot   =      1521.8511  EPtot      =    -44896.2484
 BOND   =         1.5758  ANGLE   =         6.5125  DIHED      =         0.0000
 1-4 NB =         0.0000  1-4 EEL =         0.0000  VDWAALS    =      8041.4448
 EELEC  =    -52945.7814  EHBOND  =         0.0000  RESTRAINT  =         0.0000
 DV/DL  =      1156.7720
 ------------------------------------------------------------------------------

 NMR restraints: Bond =    0.000   Angle =     0.000   Torsion =     0.000
===============================================================================

| TI region  1


 NSTEP =    25000   TIME(PS) =      50.000  TEMP(K) =    83.36  PRESS =     0.0
 Etot   =    -42754.2360  EKtot   =      1891.2643  EPtot      =    -44645.5003
 BOND   =         0.5844  ANGLE   =         7.3243  DIHED      =         0.0000
 1-4 NB =         0.0000  1-4 EEL =         0.0000  VDWAALS    =      8026.0066
 EELEC  =    -52679.4156  EHBOND  =         0.0000  RESTRAINT  =         0.0000
 DV/DL  =      1147.9014
 ------------------------------------------------------------------------------


| TI region  2


 NSTEP =    25000   TIME(PS) =      50.000  TEMP(K) =    83.36  PRESS =     0.0
 Etot   =    -42754.2360  EKtot   =      1891.2643  EPtot      =    -44645.5003
 BOND   =         0.5844  ANGLE   =         7.3243  DIHED      =         0.0000
 1-4 NB =         0.0000  1-4 EEL =         0.0000  VDWAALS    =      8026.0066
 EELEC  =    -52679.4156  EHBOND  =         0.0000  RESTRAINT  =         0.0000
 DV/DL  =      1147.9014
 ------------------------------------------------------------------------------

 NMR restraints: Bond =    0.000   Angle =     0.000   Torsion =     0.000
===============================================================================

| TI region  1


 NSTEP =    30000   TIME(PS) =      60.000  TEMP(K) =    98.33  PRESS =     0.0
 Etot   =    -42092.4477  EKtot   =      2230.7220  EPtot      =    -44323.1697
 BOND   =         2.2275  ANGLE   =         6.2879  DIHED      =         0.0000
 1-4 NB =         0.0000  1-4 EEL =         0.0000  VDWAALS    =      8075.3398
 EELEC  =    -52407.0250  EHBOND  =         0.0000  RESTRAINT  =         0.0000
 DV/DL  =      1170.1965
 ------------------------------------------------------------------------------


| TI region  2


 NSTEP =    30000   TIME(PS) =      60.000  TEMP(K) =    98.33  PRESS =     0.0
 Etot   =    -42092.4477  EKtot   =      2230.7220  EPtot      =    -44323.1697
 BOND   =         2.2275  ANGLE   =         6.2879  DIHED      =         0.0000
 1-4 NB =         0.0000  1-4 EEL =         0.0000  VDWAALS    =      8075.3398
 EELEC  =    -52407.0250  EHBOND  =         0.0000  RESTRAINT  =         0.0000
 DV/DL  =      1170.1965
 ------------------------------------------------------------------------------

 NMR restraints: Bond =    0.000   Angle =     0.000   Torsion =     0.000
===============================================================================

| TI region  1


 NSTEP =    35000   TIME(PS) =      70.000  TEMP(K) =   116.96  PRESS =     0.0
 Etot   =    -41395.3569  EKtot   =      2653.4947  EPtot      =    -44048.8516
 BOND   =         0.6887  ANGLE   =         7.4074  DIHED      =         0.0000
 1-4 NB =         0.0000  1-4 EEL =         0.0000  VDWAALS    =      7957.5267
 EELEC  =    -52014.4744  EHBOND  =         0.0000  RESTRAINT  =         0.0000
 DV/DL  =      1197.5034
 ------------------------------------------------------------------------------


| TI region  2


 NSTEP =    35000   TIME(PS) =      70.000  TEMP(K) =   116.96  PRESS =     0.0
 Etot   =    -41395.3569  EKtot   =      2653.4947  EPtot      =    -44048.8516
 BOND   =         0.6887  ANGLE   =         7.4074  DIHED      =         0.0000
 1-4 NB =         0.0000  1-4 EEL =         0.0000  VDWAALS    =      7957.5267
 EELEC  =    -52014.4744  EHBOND  =         0.0000  RESTRAINT  =         0.0000
 DV/DL  =      1197.5034
 ------------------------------------------------------------------------------

 NMR restraints: Bond =    0.000   Angle =     0.000   Torsion =     0.000
===============================================================================

| TI region  1


 NSTEP =    40000   TIME(PS) =      80.000  TEMP(K) =   132.82  PRESS =     0.0
 Etot   =    -40699.6274  EKtot   =      3013.2702  EPtot      =    -43712.8976
 BOND   =         4.0345  ANGLE   =         6.8602  DIHED      =         0.0000
 1-4 NB =         0.0000  1-4 EEL =         0.0000  VDWAALS    =      8001.5781
 EELEC  =    -51725.3705  EHBOND  =         0.0000  RESTRAINT  =         0.0000
 DV/DL  =      1153.8011
 ------------------------------------------------------------------------------


| TI region  2


 NSTEP =    40000   TIME(PS) =      80.000  TEMP(K) =   132.82  PRESS =     0.0
 Etot   =    -40699.6274  EKtot   =      3013.2702  EPtot      =    -43712.8976
 BOND   =         4.0345  ANGLE   =         6.8602  DIHED      =         0.0000
 1-4 NB =         0.0000  1-4 EEL =         0.0000  VDWAALS    =      8001.5781
 EELEC  =    -51725.3705  EHBOND  =         0.0000  RESTRAINT  =         0.0000
 DV/DL  =      1153.8011
 ------------------------------------------------------------------------------

 NMR restraints: Bond =    0.000   Angle =     0.000   Torsion =     0.000
===============================================================================

| TI region  1


 NSTEP =    45000   TIME(PS) =      90.000  TEMP(K) =   148.15  PRESS =     0.0
 Etot   =    -39971.2649  EKtot   =      3361.1335  EPtot      =    -43332.3983
 BOND   =         3.9724  ANGLE   =         7.4044  DIHED      =         0.0000
 1-4 NB =         0.0000  1-4 EEL =         0.0000  VDWAALS    =      7887.2491
 EELEC  =    -51231.0243  EHBOND  =         0.0000  RESTRAINT  =         0.0000
 DV/DL  =      1199.9149
 ------------------------------------------------------------------------------


| TI region  2


 NSTEP =    45000   TIME(PS) =      90.000  TEMP(K) =   148.15  PRESS =     0.0
 Etot   =    -39971.2649  EKtot   =      3361.1335  EPtot      =    -43332.3983
 BOND   =         3.9724  ANGLE   =         7.4044  DIHED      =         0.0000
 1-4 NB =         0.0000  1-4 EEL =         0.0000  VDWAALS    =      7887.2491
 EELEC  =    -51231.0243  EHBOND  =         0.0000  RESTRAINT  =         0.0000
 DV/DL  =      1199.9149
 ------------------------------------------------------------------------------

 NMR restraints: Bond =    0.000   Angle =     0.000   Torsion =     0.000
===============================================================================

| TI region  1


 NSTEP =    50000   TIME(PS) =     100.000  TEMP(K) =   164.96  PRESS =     0.0
 Etot   =    -39183.5700  EKtot   =      3742.3700  EPtot      =    -42925.9400
 BOND   =         8.0884  ANGLE   =         7.8702  DIHED      =         0.0000
 1-4 NB =         0.0000  1-4 EEL =         0.0000  VDWAALS    =      7768.6287
 EELEC  =    -50710.5273  EHBOND  =         0.0000  RESTRAINT  =         0.0000
 DV/DL  =      1180.0109
 ------------------------------------------------------------------------------


| TI region  2


 NSTEP =    50000   TIME(PS) =     100.000  TEMP(K) =   164.96  PRESS =     0.0
 Etot   =    -39183.5700  EKtot   =      3742.3700  EPtot      =    -42925.9400
 BOND   =         8.0884  ANGLE   =         7.8702  DIHED      =         0.0000
 1-4 NB =         0.0000  1-4 EEL =         0.0000  VDWAALS    =      7768.6287
 EELEC  =    -50710.5273  EHBOND  =         0.0000  RESTRAINT  =         0.0000
 DV/DL  =      1180.0109
 ------------------------------------------------------------------------------

 NMR restraints: Bond =    0.000   Angle =     0.000   Torsion =     0.000
===============================================================================

| TI region  1


 NSTEP =    55000   TIME(PS) =     110.000  TEMP(K) =   180.57  PRESS =     0.0
 Etot   =    -38314.1859  EKtot   =      4096.5220  EPtot      =    -42410.7078
 BOND   =         3.5764  ANGLE   =         7.8789  DIHED      =         0.0000
 1-4 NB =         0.0000  1-4 EEL =         0.0000  VDWAALS    =      7321.6831
 EELEC  =    -49743.8462  EHBOND  =         0.0000  RESTRAINT  =         0.0000
 DV/DL  =      1212.6152
 ------------------------------------------------------------------------------


| TI region  2


 NSTEP =    55000   TIME(PS) =     110.000  TEMP(K) =   180.57  PRESS =     0.0
 Etot   =    -38314.1859  EKtot   =      4096.5220  EPtot      =    -42410.7078
 BOND   =         3.5764  ANGLE   =         7.8789  DIHED      =         0.0000
 1-4 NB =         0.0000  1-4 EEL =         0.0000  VDWAALS    =      7321.6831
 EELEC  =    -49743.8462  EHBOND  =         0.0000  RESTRAINT  =         0.0000
 DV/DL  =      1212.6152
 ------------------------------------------------------------------------------

 NMR restraints: Bond =    0.000   Angle =     0.000   Torsion =     0.000
===============================================================================

| TI region  1


 NSTEP =    60000   TIME(PS) =     120.000  TEMP(K) =   195.92  PRESS =     0.0
 Etot   =    -37303.9405  EKtot   =      4444.7190  EPtot      =    -41748.6595
 BOND   =         7.9740  ANGLE   =         7.8713  DIHED      =         0.0000
 1-4 NB =         0.0000  1-4 EEL =         0.0000  VDWAALS    =      7318.6982
 EELEC  =    -49083.2030  EHBOND  =         0.0000  RESTRAINT  =         0.0000
 DV/DL  =      1186.1323
 ------------------------------------------------------------------------------


| TI region  2


 NSTEP =    60000   TIME(PS) =     120.000  TEMP(K) =   195.92  PRESS =     0.0
 Etot   =    -37303.9405  EKtot   =      4444.7190  EPtot      =    -41748.6595
 BOND   =         7.9740  ANGLE   =         7.8713  DIHED      =         0.0000
 1-4 NB =         0.0000  1-4 EEL =         0.0000  VDWAALS    =      7318.6982
 EELEC  =    -49083.2030  EHBOND  =         0.0000  RESTRAINT  =         0.0000
 DV/DL  =      1186.1323
 ------------------------------------------------------------------------------

 NMR restraints: Bond =    0.000   Angle =     0.000   Torsion =     0.000
===============================================================================

| TI region  1


 NSTEP =    65000   TIME(PS) =     130.000  TEMP(K) =   215.36  PRESS =     0.0
 Etot   =    -36190.8785  EKtot   =      4885.7426  EPtot      =    -41076.6211
 BOND   =         1.5120  ANGLE   =         8.4378  DIHED      =         0.0000
 1-4 NB =         0.0000  1-4 EEL =         0.0000  VDWAALS    =      6955.3115
 EELEC  =    -48041.8825  EHBOND  =         0.0000  RESTRAINT  =         0.0000
 DV/DL  =      1196.9947
 ------------------------------------------------------------------------------


| TI region  2


 NSTEP =    65000   TIME(PS) =     130.000  TEMP(K) =   215.36  PRESS =     0.0
 Etot   =    -36190.8785  EKtot   =      4885.7426  EPtot      =    -41076.6211
 BOND   =         1.5120  ANGLE   =         8.4378  DIHED      =         0.0000
 1-4 NB =         0.0000  1-4 EEL =         0.0000  VDWAALS    =      6955.3115
 EELEC  =    -48041.8825  EHBOND  =         0.0000  RESTRAINT  =         0.0000
 DV/DL  =      1196.9947
 ------------------------------------------------------------------------------

 NMR restraints: Bond =    0.000   Angle =     0.000   Torsion =     0.000
===============================================================================

| TI region  1


 NSTEP =    70000   TIME(PS) =     140.000  TEMP(K) =   230.96  PRESS =     0.0
 Etot   =    -34867.0408  EKtot   =      5239.6431  EPtot      =    -40106.6839
 BOND   =         3.9056  ANGLE   =         8.6568  DIHED      =         0.0000
 1-4 NB =         0.0000  1-4 EEL =         0.0000  VDWAALS    =      6404.9447
 EELEC  =    -46524.1909  EHBOND  =         0.0000  RESTRAINT  =         0.0000
 DV/DL  =      1193.8882
 ------------------------------------------------------------------------------


| TI region  2


 NSTEP =    70000   TIME(PS) =     140.000  TEMP(K) =   230.96  PRESS =     0.0
 Etot   =    -34867.0408  EKtot   =      5239.6431  EPtot      =    -40106.6839
 BOND   =         3.9056  ANGLE   =         8.6568  DIHED      =         0.0000
 1-4 NB =         0.0000  1-4 EEL =         0.0000  VDWAALS    =      6404.9447
 EELEC  =    -46524.1909  EHBOND  =         0.0000  RESTRAINT  =         0.0000
 DV/DL  =      1193.8882
 ------------------------------------------------------------------------------

 NMR restraints: Bond =    0.000   Angle =     0.000   Torsion =     0.000
===============================================================================

| TI region  1


 NSTEP =    75000   TIME(PS) =     150.000  TEMP(K) =   247.00  PRESS =     0.0
 Etot   =    -33184.7603  EKtot   =      5603.5314  EPtot      =    -38788.2917
 BOND   =         3.4854  ANGLE   =         6.5006  DIHED      =         0.0000
 1-4 NB =         0.0000  1-4 EEL =         0.0000  VDWAALS    =      5994.5186
 EELEC  =    -44792.7964  EHBOND  =         0.0000  RESTRAINT  =         0.0000
 DV/DL  =      1139.9631
 ------------------------------------------------------------------------------


| TI region  2


 NSTEP =    75000   TIME(PS) =     150.000  TEMP(K) =   247.00  PRESS =     0.0
 Etot   =    -33184.7603  EKtot   =      5603.5314  EPtot      =    -38788.2917
 BOND   =         3.4854  ANGLE   =         6.5006  DIHED      =         0.0000
 1-4 NB =         0.0000  1-4 EEL =         0.0000  VDWAALS    =      5994.5186
 EELEC  =    -44792.7964  EHBOND  =         0.0000  RESTRAINT  =         0.0000
 DV/DL  =      1139.9631
 ------------------------------------------------------------------------------

 NMR restraints: Bond =    0.000   Angle =     0.000   Torsion =     0.000
===============================================================================

| TI region  1


 NSTEP =    80000   TIME(PS) =     160.000  TEMP(K) =   264.36  PRESS =     0.0
 Etot   =    -31863.8510  EKtot   =      5997.5394  EPtot      =    -37861.3904
 BOND   =         2.6408  ANGLE   =         6.9313  DIHED      =         0.0000
 1-4 NB =         0.0000  1-4 EEL =         0.0000  VDWAALS    =      5782.7580
 EELEC  =    -43653.7206  EHBOND  =         0.0000  RESTRAINT  =         0.0000
 DV/DL  =      1200.2031
 ------------------------------------------------------------------------------


| TI region  2


 NSTEP =    80000   TIME(PS) =     160.000  TEMP(K) =   264.36  PRESS =     0.0
 Etot   =    -31863.8510  EKtot   =      5997.5394  EPtot      =    -37861.3904
 BOND   =         2.6408  ANGLE   =         6.9313  DIHED      =         0.0000
 1-4 NB =         0.0000  1-4 EEL =         0.0000  VDWAALS    =      5782.7580
 EELEC  =    -43653.7206  EHBOND  =         0.0000  RESTRAINT  =         0.0000
 DV/DL  =      1200.2031
 ------------------------------------------------------------------------------

 NMR restraints: Bond =    0.000   Angle =     0.000   Torsion =     0.000
===============================================================================

| TI region  1


 NSTEP =    85000   TIME(PS) =     170.000  TEMP(K) =   279.40  PRESS =     0.0
 Etot   =    -30705.9949  EKtot   =      6338.7659  EPtot      =    -37044.7608
 BOND   =         1.9475  ANGLE   =         7.7609  DIHED      =         0.0000
 1-4 NB =         0.0000  1-4 EEL =         0.0000  VDWAALS    =      5417.8997
 EELEC  =    -42472.3689  EHBOND  =         0.0000  RESTRAINT  =         0.0000
 DV/DL  =      1188.4473
 ------------------------------------------------------------------------------


| TI region  2


 NSTEP =    85000   TIME(PS) =     170.000  TEMP(K) =   279.40  PRESS =     0.0
 Etot   =    -30705.9949  EKtot   =      6338.7659  EPtot      =    -37044.7608
 BOND   =         1.9475  ANGLE   =         7.7609  DIHED      =         0.0000
 1-4 NB =         0.0000  1-4 EEL =         0.0000  VDWAALS    =      5417.8997
 EELEC  =    -42472.3689  EHBOND  =         0.0000  RESTRAINT  =         0.0000
 DV/DL  =      1188.4473
 ------------------------------------------------------------------------------

 NMR restraints: Bond =    0.000   Angle =     0.000   Torsion =     0.000
===============================================================================

| TI region  1


 NSTEP =    90000   TIME(PS) =     180.000  TEMP(K) =   304.08  PRESS =     0.0
 Etot   =    -29239.8596  EKtot   =      6898.6366  EPtot      =    -36138.4961
 BOND   =         0.9601  ANGLE   =         7.1165  DIHED      =         0.0000
 1-4 NB =         0.0000  1-4 EEL =         0.0000  VDWAALS    =      5292.1358
 EELEC  =    -41438.7086  EHBOND  =         0.0000  RESTRAINT  =         0.0000
 DV/DL  =      1170.0763
 ------------------------------------------------------------------------------


| TI region  2


 NSTEP =    90000   TIME(PS) =     180.000  TEMP(K) =   304.08  PRESS =     0.0
 Etot   =    -29239.8596  EKtot   =      6898.6366  EPtot      =    -36138.4961
 BOND   =         0.9601  ANGLE   =         7.1165  DIHED      =         0.0000
 1-4 NB =         0.0000  1-4 EEL =         0.0000  VDWAALS    =      5292.1358
 EELEC  =    -41438.7086  EHBOND  =         0.0000  RESTRAINT  =         0.0000
 DV/DL  =      1170.0763
 ------------------------------------------------------------------------------

 NMR restraints: Bond =    0.000   Angle =     0.000   Torsion =     0.000
===============================================================================

| TI region  1


 NSTEP =    95000   TIME(PS) =     190.000  TEMP(K) =   307.75  PRESS =     0.0
 Etot   =    -28991.8234  EKtot   =      6981.9272  EPtot      =    -35973.7506
 BOND   =         2.8279  ANGLE   =        10.1867  DIHED      =         0.0000
 1-4 NB =         0.0000  1-4 EEL =         0.0000  VDWAALS    =      5146.0106
 EELEC  =    -41132.7759  EHBOND  =         0.0000  RESTRAINT  =         0.0000
 DV/DL  =      1193.2633
 ------------------------------------------------------------------------------


| TI region  2


 NSTEP =    95000   TIME(PS) =     190.000  TEMP(K) =   307.75  PRESS =     0.0
 Etot   =    -28991.8234  EKtot   =      6981.9272  EPtot      =    -35973.7506
 BOND   =         2.8279  ANGLE   =        10.1867  DIHED      =         0.0000
 1-4 NB =         0.0000  1-4 EEL =         0.0000  VDWAALS    =      5146.0106
 EELEC  =    -41132.7759  EHBOND  =         0.0000  RESTRAINT  =         0.0000
 DV/DL  =      1193.2633
 ------------------------------------------------------------------------------

 NMR restraints: Bond =    0.000   Angle =     0.000   Torsion =     0.000
===============================================================================

| TI region  1


 NSTEP =   100000   TIME(PS) =     200.000  TEMP(K) =   296.67  PRESS =     0.0
 Etot   =    -29304.5871  EKtot   =      6730.5847  EPtot      =    -36035.1718
 BOND   =         6.3278  ANGLE   =         8.8883  DIHED      =         0.0000
 1-4 NB =         0.0000  1-4 EEL =         0.0000  VDWAALS    =      5068.5968
 EELEC  =    -41118.9847  EHBOND  =         0.0000  RESTRAINT  =         0.0000
 DV/DL  =      1171.6299
 ------------------------------------------------------------------------------


| TI region  2


 NSTEP =   100000   TIME(PS) =     200.000  TEMP(K) =   296.67  PRESS =     0.0
 Etot   =    -29304.5871  EKtot   =      6730.5847  EPtot      =    -36035.1718
 BOND   =         6.3278  ANGLE   =         8.8883  DIHED      =         0.0000
 1-4 NB =         0.0000  1-4 EEL =         0.0000  VDWAALS    =      5068.5968
 EELEC  =    -41118.9847  EHBOND  =         0.0000  RESTRAINT  =         0.0000
 DV/DL  =      1171.6299
 ------------------------------------------------------------------------------

 NMR restraints: Bond =    0.000   Angle =     0.000   Torsion =     0.000
===============================================================================

| TI region  1


      A V E R A G E S   O V E R      20 S T E P S


 NSTEP =   100000   TIME(PS) =     200.000  TEMP(K) =   171.58  PRESS =     0.0
 Etot   =    -37675.0106  EKtot   =      3892.5505  EPtot      =    -41567.5610
 BOND   =         3.1285  ANGLE   =         7.5029  DIHED      =         0.0000
 1-4 NB =         0.0000  1-4 EEL =         0.0000  VDWAALS    =      7046.6117
 EELEC  =    -48624.8041  EHBOND  =         0.0000  RESTRAINT  =         0.0000
 DV/DL  =      1175.8581
 ------------------------------------------------------------------------------

 NMR restraints: Bond =    0.000   Angle =     0.000   Torsion =     0.000
===============================================================================

      R M S  F L U C T U A T I O N S


 NSTEP =   100000   TIME(PS) =     200.000  TEMP(K) =    92.58  PRESS =     0.0
 Etot   =      5414.6827  EKtot   =      2100.3534  EPtot      =      3354.7357
 BOND   =         2.1337  ANGLE   =         0.9501  DIHED      =         0.0000
 1-4 NB =         0.0000  1-4 EEL =         0.0000  VDWAALS    =      1144.8234
 EELEC  =      4491.4626  EHBOND  =         0.0000  RESTRAINT  =         0.0000
 DV/DL  =        21.1902
 ------------------------------------------------------------------------------


| TI region  2


      A V E R A G E S   O V E R      20 S T E P S


 NSTEP =   100000   TIME(PS) =     200.000  TEMP(K) =   171.58  PRESS =     0.0
 Etot   =    -37675.0106  EKtot   =      3892.5505  EPtot      =    -41567.5610
 BOND   =         3.1285  ANGLE   =         7.5029  DIHED      =         0.0000
 1-4 NB =         0.0000  1-4 EEL =         0.0000  VDWAALS    =      7046.6117
 EELEC  =    -48624.8041  EHBOND  =         0.0000  RESTRAINT  =         0.0000
 DV/DL  =      1175.8581
 ------------------------------------------------------------------------------

 NMR restraints: Bond =    0.000   Angle =     0.000   Torsion =     0.000
===============================================================================

      R M S  F L U C T U A T I O N S


 NSTEP =   100000   TIME(PS) =     200.000  TEMP(K) =    92.58  PRESS =     0.0
 Etot   =      5414.6827  EKtot   =      2100.3534  EPtot      =      3354.7357
 BOND   =         2.1337  ANGLE   =         0.9501  DIHED      =         0.0000
 1-4 NB =         0.0000  1-4 EEL =         0.0000  VDWAALS    =      1144.8234
 EELEC  =      4491.4626  EHBOND  =         0.0000  RESTRAINT  =         0.0000
 DV/DL  =        21.1902
 ------------------------------------------------------------------------------


      DV/DL, AVERAGES OVER      20 STEPS


 NSTEP =   100000   TIME(PS) =     200.000  TEMP(K) =    92.58  PRESS =     0.0
 Etot   =         0.0000  EKtot   =         0.0000  EPtot      =      1175.8581
 BOND   =         0.0000  ANGLE   =         0.0000  DIHED      =         0.0000
 1-4 NB =         0.0000  1-4 EEL =         0.0000  VDWAALS    =         0.0000
 EELEC  =      1175.8581  EHBOND  =         0.0000  RESTRAINT  =         0.0000
 DV/DL  =      1175.8581
 ------------------------------------------------------------------------------


 NMR restraints on final step:

--------------------------------------------------------------------------------
   5.  TIMINGS
--------------------------------------------------------------------------------

|  NonSetup CPU Time in Major Routines:
|
|     Routine           Sec        %
|     ------------------------------
|     Nonbond          28.24   19.46
|     Bond              0.00    0.00
|     Angle             0.00    0.00
|     Dihedral          0.00    0.00
|     Shake             0.40    0.27
|     RunMD           116.13   80.02
|     Other             0.36    0.25
|     ------------------------------
|     Total           145.13

|  PME Nonbond Pairlist CPU Time:
|
|     Routine              Sec        %
|     ---------------------------------
|     Set Up Cit           0.00    0.00
|     Build List           0.00    0.00
|     ---------------------------------
|     Total                0.00    0.00

|  PME Direct Force CPU Time:
|
|     Routine              Sec        %
|     ---------------------------------
|     NonBonded Calc       0.00    0.00
|     Exclude Masked       0.00    0.00
|     Other                0.25    0.17
|     ---------------------------------
|     Total                0.25    0.17

|  PME Reciprocal Force CPU Time:
|
|     Routine              Sec        %
|     ---------------------------------
|     1D bspline           0.00    0.00
|     Grid Charges         0.00    0.00
|     Scalar Sum           0.00    0.00
|     Gradient Sum         0.00    0.00
|     FFT                  0.00    0.00
|     ---------------------------------
|     Total                0.00    0.00

|  Final Performance Info:
|     -----------------------------------------------------
|     Average timings for last   10000 steps:
|     Elapsed(s) =      15.29 Per Step(ms) =       1.53
|         ns/day =     113.01   seconds/ns =     764.53
|
|     Average timings for all steps:
|     Elapsed(s) =     145.33 Per Step(ms) =       1.45
|         ns/day =     118.90   seconds/ns =     726.63
|     -----------------------------------------------------

|  Setup CPU time:            0.60 seconds
|  NonSetup CPU time:       145.13 seconds
|  Total CPU time:          145.74 seconds     0.04 hours

|  Setup wall time:           0    seconds
|  NonSetup wall time:      146    seconds
|  Total wall time:         146    seconds     0.04 hours
