
          -------------------------------------------------------
          Amber 20 PMEMD                              2020
          -------------------------------------------------------

| PMEMD implementation of SANDER, Release 18

|  Compiled date/time: Mon Apr 27 21:19:54 2020
| Run on 10/06/2020 at 15:03:18

|   Executable path: /opt/software/Amber/20-fosscuda-2019b/amber20/bin/pmemd.cuda
| Working directory: /mnt/ls15/scratch/users/songlin3/run/solvation_amber20/po4/two_step_tip3p_PO4/step1_po4_to_vdw/0.68392
|          Hostname: lac-345

  [-O]verwriting output

File Assignments:
|   MDIN: heat.in                                                               
|  MDOUT: heat.out                                                              
| INPCRD: min.rst                                                               
|   PARM: step1.prmtop                                                          
| RESTRT: heat.rst                                                              
|   REFC: min.rst                                                               
|  MDVEL: mdvel                                                                 
|   MDEN: mden                                                                  
|  MDCRD: heat.netcdf                                                           
| MDINFO: heat.mdinfo                                                           
|  MDFRC: mdfrc                                                                 


 Here is the input file:

nvt for free MD                                                                
 &cntrl                                                                        
  imin=0,                                                                      
  irest=0,                                                                     
  ntx=1,                                                                       
  ig=-1,                                                                       
  nstlim=200000,                                                               
  dt=0.001,                                                                    
  cut=10.0,                                                                    
  ntc=1,                                                                       
  ntf=1,                                                                       
  ntb=1,                                                                       
  ntt=3,                                                                       
  gamma_ln=2.0,                                                                
  tempi=0.0,                                                                   
  temp0=300.0,                                                                 
  ntpr=5000,                                                                   
  ntwr=5000,                                                                   
  ntwx=10000,                                                                  
  ntwv=0,                                                                      
  ioutfm=1,                                                                    
  iwrap=0,                                                                     
  nmropt=1,                                                                    
  ifsc = 0, icfe=1,                                                            
  clambda=0.68392,                                                             
  timask1=':1',                                                                
  timask2=':2', crgmask = ':2',                                                
/                                                                              
&wt TYPE='TEMP0', istep1=0, istep2=190000, value1=0.0, value2=300.0 /          
&wt TYPE='TEMP0', istep1=190001, istep2=200000, value1=300.0, value2=300.0 /   
&wt TYPE='DUMPFREQ', istep1=10000, /                                           
&wt TYPE='END', /                                                              


Note: ig = -1. Setting random seed to   605152 based on wallclock time in 
      microseconds.
| irandom = 1, using AMBER's internal random number generator (default).
 
|--------------------- INFORMATION ----------------------
| GPU (CUDA) Version of PMEMD in use: NVIDIA GPU IN USE.
|                    Version 18.0.0
| 
|                      03/25/2018
| 
| Implementation by:
|                    Ross C. Walker     (SDSC)
|                    Scott Le Grand     (nVIDIA)
| 
| Version 18 performance extensions by:
|                    David Cerutti     (Rutgers)
| 
| Precision model in use:
|      [SPFP] - Single Precision Forces, 64-bit Fixed Point
|               Accumulation. (Default)
| 
|--------------------------------------------------------
 
|----------------- CITATION INFORMATION -----------------
|
|    When publishing work that utilized the CUDA version
|    of AMBER, please cite the following in addition to
|    the regular AMBER citations:
|
|  - Romelia Salomon-Ferrer; Andreas W. Goetz; Duncan
|    Poole; Scott Le Grand; Ross C. Walker "Routine
|    microsecond molecular dynamics simulations with
|    AMBER - Part II: Particle Mesh Ewald", J. Chem.
|    Theory Comput., 2013, 9 (9), pp3878-3888,
|    DOI: 10.1021/ct400314y.
|
|  - Andreas W. Goetz; Mark J. Williamson; Dong Xu;
|    Duncan Poole; Scott Le Grand; Ross C. Walker
|    "Routine microsecond molecular dynamics simulations
|    with AMBER - Part I: Generalized Born", J. Chem.
|    Theory Comput., 2012, 8 (5), pp1542-1555.
|
|  - Scott Le Grand; Andreas W. Goetz; Ross C. Walker
|    "SPFP: Speed without compromise - a mixed precision
|    model for GPU accelerated molecular dynamics
|    simulations.", Comp. Phys. Comm., 2013, 184
|    pp374-380, DOI: 10.1016/j.cpc.2012.09.022
|
|    When publishing work that utilized the CUDA version
|    of TI, BAR, MBAR or FEP please cite the following 
|    publications in addition to the regular AMBER 
|    GPU citations:
|
|  - Daniel J. Mermelstein; Charles Lin; Gard Nelson; 
|    Rachael Kretsch; J. Andrew McCammon; Ross C. Walker
|    "Fast and Flexible GPU Accelerated Binding 
|    Free Energy Calculations within the AMBER Molecular
|    Dynamics Package" J. Comp. Chem., 2018,
|    DOI: 10.1002/jcc.25187
|
|  - Tai-Sung Lee; Yuan Hu; Brad Sherborne; Zhuyan Guo;
|    Darrin M. York
|    "Toward Fast and Accurate Binding Affinity Prediction with
|    pmemdGTI: An Efficient Implementation of GPU-Accelerated
|    Thermodynamic Integration"
|    J. Chem. Theory Comput., 2017, 13 (7), 3077
|
|
|--------------------------------------------------------
 
|------------------- GPU DEVICE INFO --------------------
|
|            CUDA_VISIBLE_DEVICES: 0
|   CUDA Capable Devices Detected:      1
|           CUDA Device ID in use:      0
|                CUDA Device Name: Tesla K80
|     CUDA Device Global Mem Size:  11441 MB
| CUDA Device Num Multiprocessors:     13
|           CUDA Device Core Freq:   0.82 GHz
|
|--------------------------------------------------------
 
 
| Conditional Compilation Defines Used:
| FFTW_FFT
| BINTRAJ
| MKL
| CUDA
| EMIL

| Largest sphere to fit in unit cell has radius =    22.455

| New format PARM file being parsed.
| Version =    1.000 Date = 09/30/20 Time = 15:28:49

| Note: 1-4 EEL scale factors are being read from the topology file.

| Note: 1-4 VDW scale factors are being read from the topology file.
| Duplicated    0 dihedrals

| Duplicated    0 dihedrals

--------------------------------------------------------------------------------
   1.  RESOURCE   USE: 
--------------------------------------------------------------------------------

 getting box info from netcdf restart file
 NATOM  =   11419 NTYPES =       4 NBONH =   11409 MBONA  =       8
 NTHETH =       0 MTHETA =      12 NPHIH =       0 MPHIA  =       0
 NHPARM =       0 NPARM  =       0 NNB   =   15234 NRES   =    3805
 NBONA  =       8 NTHETA =      12 NPHIA =       0 NUMBND =       3
 NUMANG =       1 NPTRA  =       0 NATYP =       4 NPHB   =       1
 IFBOX  =       2 NMXRS  =       5 IFCAP =       0 NEXTRA =       0
 NCOPY  =       0

| Coordinate Index Table dimensions:     8    8    8
| Direct force subcell size =     6.8755    6.8755    6.8755

     BOX TYPE: TRUNCATED OCTAHEDRON

--------------------------------------------------------------------------------
   2.  CONTROL  DATA  FOR  THE  RUN
--------------------------------------------------------------------------------

default_name                                                                    

General flags:
     imin    =       0, nmropt  =       1

Nature and format of input:
     ntx     =       1, irest   =       0, ntrx    =       1

Nature and format of output:
     ntxo    =       2, ntpr    =    5000, ntrx    =       1, ntwr    =    5000
     iwrap   =       0, ntwx    =   10000, ntwv    =       0, ntwe    =       0
     ioutfm  =       1, ntwprt  =       0, idecomp =       0, rbornstat=      0

Potential function:
     ntf     =       1, ntb     =       1, igb     =       0, nsnb    =      25
     ipol    =       0, gbsa    =       0, iesp    =       0
     dielc   =   1.00000, cut     =  10.00000, intdiel =   1.00000

Frozen or restrained atoms:
     ibelly  =       0, ntr     =       0

Molecular dynamics:
     nstlim  =    200000, nscm    =      1000, nrespa  =         1
     t       =   0.00000, dt      =   0.00100, vlimit  =  -1.00000

Langevin dynamics temperature regulation:
     ig      =  605152
     temp0   = 300.00000, tempi   =   0.00000, gamma_ln=   2.00000

NMR refinement options:
     iscale  =       0, noeskp  =       1, ipnlty  =       1, mxsub   =       1
     scalm   = 100.00000, pencut  =   0.10000, tausw   =   0.10000

Free energy options:
     icfe    =       1, ifsc    =       0, klambda =       1
     clambda =  0.6839, scalpha =  0.5000, scbeta  = 12.0000
     sceeorder =       2
     dynlmb =  0.0000 logdvdl =       0

| Intermolecular bonds treatment:
|     no_intermolecular_bonds =       1

| Energy averages sample interval:
|     ene_avg_sampling =    5000

Ewald parameters:
     verbose =       0, ew_type =       0, nbflag  =       1, use_pme =       1
     vdwmeth =       1, eedmeth =       1, netfrc  =       1
     Box X =   55.004   Box Y =   55.004   Box Z =   55.004
     Alpha =  109.471   Beta  =  109.471   Gamma =  109.471
     NFFT1 =   56       NFFT2 =   56       NFFT3 =   56
     Cutoff=   10.000   Tol   =0.100E-04
     Ewald Coefficient =  0.27511
     Interpolation order =    4
     TI Mask 1 :1; matches      5 atoms
     TI Mask 2 :2; matches      5 atoms
     TI region 1:   11414 atoms
     TI region 2:   11414 atoms
Removing charge of       1.4352 from atom       6
Removing charge of      -1.1088 from atom       7
Removing charge of      -1.1088 from atom       8
Removing charge of      -1.1088 from atom       9
Removing charge of      -1.1088 from atom      10
Total charge of  -2.99999999 removed from       5 atoms
     Checking for mismatched coordinates.

--------------------------------------------------------------------------------
   3.  ATOMIC COORDINATES AND VELOCITIES
--------------------------------------------------------------------------------

default_name                                                                    
 begin time read from input coords =     0.000 ps



           Begin reading energy term weight changes/NMR restraints
 WEIGHT CHANGES:
 TEMP0         0 190000    0.000000  300.000000      0      0
 TEMP0    190001 200000  300.000000  300.000000      0      0
 DUMPFREQ  10000      0    0.000000    0.000000      0      0

 RESTRAINTS:
                          ** No restraint defined **

                  Done reading weight changes/NMR restraints


 
 Number of triangulated 3-point waters found:     3803

     Sum of charges for TI region  1 =  -2.99999999
     Skip neutralizing charges...


     Sum of charges for TI region  2 =   0.00000000
     Skip neutralizing charges...

| Dynamic Memory, Types Used:
| Reals              565983
| Integers           434108

| Nonbonded Pairs Initial Allocation:     3453962

| GPU memory information (estimate):
| KB of GPU memory in use:    102181
| KB of CPU memory in use:     24901

--------------------------------------------------------------------------------
   4.  RESULTS
--------------------------------------------------------------------------------


| TI region  1


 NSTEP =        0   TIME(PS) =       0.000  TEMP(K) =     0.00  PRESS =     0.0
 Etot   =    -48535.0481  EKtot   =         0.0000  EPtot      =    -48535.0481
 BOND   =      3888.1224  ANGLE   =         6.3431  DIHED      =         0.0000
 1-4 NB =         0.0000  1-4 EEL =         0.0000  VDWAALS    =     10279.3425
 EELEC  =    -62708.8560  EHBOND  =         0.0000  RESTRAINT  =         0.0000
 DV/DL  =       413.6132
 ------------------------------------------------------------------------------


| TI region  2


 NSTEP =        0   TIME(PS) =       0.000  TEMP(K) =     0.00  PRESS =     0.0
 Etot   =    -48535.0481  EKtot   =         0.0000  EPtot      =    -48535.0481
 BOND   =      3888.1224  ANGLE   =         6.3431  DIHED      =         0.0000
 1-4 NB =         0.0000  1-4 EEL =         0.0000  VDWAALS    =     10279.3425
 EELEC  =    -62708.8560  EHBOND  =         0.0000  RESTRAINT  =         0.0000
 DV/DL  =       413.6132
 ------------------------------------------------------------------------------

 NMR restraints: Bond =    0.000   Angle =     0.000   Torsion =     0.000
===============================================================================

| TI region  1


 NSTEP =     5000   TIME(PS) =       5.000  TEMP(K) =     7.43  PRESS =     0.0
 Etot   =    -48391.4175  EKtot   =       252.8814  EPtot      =    -48644.2989
 BOND   =      4052.6995  ANGLE   =         6.3349  DIHED      =         0.0000
 1-4 NB =         0.0000  1-4 EEL =         0.0000  VDWAALS    =     10655.2563
 EELEC  =    -63358.5895  EHBOND  =         0.0000  RESTRAINT  =         0.0000
 DV/DL  =       423.9311
 ------------------------------------------------------------------------------


| TI region  2


 NSTEP =     5000   TIME(PS) =       5.000  TEMP(K) =     7.43  PRESS =     0.0
 Etot   =    -48391.4181  EKtot   =       252.8808  EPtot      =    -48644.2989
 BOND   =      4052.6995  ANGLE   =         6.3349  DIHED      =         0.0000
 1-4 NB =         0.0000  1-4 EEL =         0.0000  VDWAALS    =     10655.2563
 EELEC  =    -63358.5895  EHBOND  =         0.0000  RESTRAINT  =         0.0000
 DV/DL  =       423.9311
 ------------------------------------------------------------------------------

 NMR restraints: Bond =    0.000   Angle =     0.000   Torsion =     0.000
===============================================================================

| TI region  1


 NSTEP =    10000   TIME(PS) =      10.000  TEMP(K) =    15.10  PRESS =     0.0
 Etot   =    -47998.4159  EKtot   =       513.8087  EPtot      =    -48512.2246
 BOND   =      4162.9498  ANGLE   =         6.4674  DIHED      =         0.0000
 1-4 NB =         0.0000  1-4 EEL =         0.0000  VDWAALS    =     10745.8595
 EELEC  =    -63427.5013  EHBOND  =         0.0000  RESTRAINT  =         0.0000
 DV/DL  =       437.6570
 ------------------------------------------------------------------------------


| TI region  2


 NSTEP =    10000   TIME(PS) =      10.000  TEMP(K) =    15.10  PRESS =     0.0
 Etot   =    -47998.4110  EKtot   =       513.8136  EPtot      =    -48512.2246
 BOND   =      4162.9498  ANGLE   =         6.4674  DIHED      =         0.0000
 1-4 NB =         0.0000  1-4 EEL =         0.0000  VDWAALS    =     10745.8595
 EELEC  =    -63427.5013  EHBOND  =         0.0000  RESTRAINT  =         0.0000
 DV/DL  =       437.6570
 ------------------------------------------------------------------------------

 NMR restraints: Bond =    0.000   Angle =     0.000   Torsion =     0.000
===============================================================================

| TI region  1


 NSTEP =    15000   TIME(PS) =      15.000  TEMP(K) =    22.95  PRESS =     0.0
 Etot   =    -47522.0931  EKtot   =       780.7056  EPtot      =    -48302.7988
 BOND   =      4209.7970  ANGLE   =         6.3653  DIHED      =         0.0000
 1-4 NB =         0.0000  1-4 EEL =         0.0000  VDWAALS    =     10713.0212
 EELEC  =    -63231.9822  EHBOND  =         0.0000  RESTRAINT  =         0.0000
 DV/DL  =       442.1978
 ------------------------------------------------------------------------------


| TI region  2


 NSTEP =    15000   TIME(PS) =      15.000  TEMP(K) =    22.95  PRESS =     0.0
 Etot   =    -47522.0850  EKtot   =       780.7138  EPtot      =    -48302.7988
 BOND   =      4209.7970  ANGLE   =         6.3653  DIHED      =         0.0000
 1-4 NB =         0.0000  1-4 EEL =         0.0000  VDWAALS    =     10713.0212
 EELEC  =    -63231.9822  EHBOND  =         0.0000  RESTRAINT  =         0.0000
 DV/DL  =       442.1978
 ------------------------------------------------------------------------------

 NMR restraints: Bond =    0.000   Angle =     0.000   Torsion =     0.000
===============================================================================

| TI region  1


 NSTEP =    20000   TIME(PS) =      20.000  TEMP(K) =    31.04  PRESS =     0.0
 Etot   =    -47037.4854  EKtot   =      1055.9572  EPtot      =    -48093.4426
 BOND   =      4318.4576  ANGLE   =         6.7102  DIHED      =         0.0000
 1-4 NB =         0.0000  1-4 EEL =         0.0000  VDWAALS    =     10676.2344
 EELEC  =    -63094.8448  EHBOND  =         0.0000  RESTRAINT  =         0.0000
 DV/DL  =       445.7948
 ------------------------------------------------------------------------------


| TI region  2


 NSTEP =    20000   TIME(PS) =      20.000  TEMP(K) =    31.04  PRESS =     0.0
 Etot   =    -47037.4722  EKtot   =      1055.9704  EPtot      =    -48093.4426
 BOND   =      4318.4576  ANGLE   =         6.7102  DIHED      =         0.0000
 1-4 NB =         0.0000  1-4 EEL =         0.0000  VDWAALS    =     10676.2344
 EELEC  =    -63094.8448  EHBOND  =         0.0000  RESTRAINT  =         0.0000
 DV/DL  =       445.7948
 ------------------------------------------------------------------------------

 NMR restraints: Bond =    0.000   Angle =     0.000   Torsion =     0.000
===============================================================================

| TI region  1


 NSTEP =    25000   TIME(PS) =      25.000  TEMP(K) =    38.50  PRESS =     0.0
 Etot   =    -46594.8215  EKtot   =      1309.8171  EPtot      =    -47904.6385
 BOND   =      4495.1315  ANGLE   =         6.7725  DIHED      =         0.0000
 1-4 NB =         0.0000  1-4 EEL =         0.0000  VDWAALS    =     10682.9146
 EELEC  =    -63089.4572  EHBOND  =         0.0000  RESTRAINT  =         0.0000
 DV/DL  =       446.1826
 ------------------------------------------------------------------------------


| TI region  2


 NSTEP =    25000   TIME(PS) =      25.000  TEMP(K) =    38.50  PRESS =     0.0
 Etot   =    -46594.8218  EKtot   =      1309.8167  EPtot      =    -47904.6385
 BOND   =      4495.1315  ANGLE   =         6.7725  DIHED      =         0.0000
 1-4 NB =         0.0000  1-4 EEL =         0.0000  VDWAALS    =     10682.9146
 EELEC  =    -63089.4572  EHBOND  =         0.0000  RESTRAINT  =         0.0000
 DV/DL  =       446.1826
 ------------------------------------------------------------------------------

 NMR restraints: Bond =    0.000   Angle =     0.000   Torsion =     0.000
===============================================================================

| TI region  1


 NSTEP =    30000   TIME(PS) =      30.000  TEMP(K) =    46.13  PRESS =     0.0
 Etot   =    -46111.3166  EKtot   =      1569.6040  EPtot      =    -47680.9207
 BOND   =      4544.9987  ANGLE   =         6.3221  DIHED      =         0.0000
 1-4 NB =         0.0000  1-4 EEL =         0.0000  VDWAALS    =     10719.7481
 EELEC  =    -62951.9895  EHBOND  =         0.0000  RESTRAINT  =         0.0000
 DV/DL  =       450.8132
 ------------------------------------------------------------------------------


| TI region  2


 NSTEP =    30000   TIME(PS) =      30.000  TEMP(K) =    46.13  PRESS =     0.0
 Etot   =    -46111.2833  EKtot   =      1569.6373  EPtot      =    -47680.9207
 BOND   =      4544.9987  ANGLE   =         6.3221  DIHED      =         0.0000
 1-4 NB =         0.0000  1-4 EEL =         0.0000  VDWAALS    =     10719.7481
 EELEC  =    -62951.9895  EHBOND  =         0.0000  RESTRAINT  =         0.0000
 DV/DL  =       450.8132
 ------------------------------------------------------------------------------

 NMR restraints: Bond =    0.000   Angle =     0.000   Torsion =     0.000
===============================================================================

| TI region  1


 NSTEP =    35000   TIME(PS) =      35.000  TEMP(K) =    53.81  PRESS =     0.0
 Etot   =    -45638.0241  EKtot   =      1830.6051  EPtot      =    -47468.6292
 BOND   =      4700.2318  ANGLE   =         6.7978  DIHED      =         0.0000
 1-4 NB =         0.0000  1-4 EEL =         0.0000  VDWAALS    =     10782.4315
 EELEC  =    -62958.0904  EHBOND  =         0.0000  RESTRAINT  =         0.0000
 DV/DL  =       445.4627
 ------------------------------------------------------------------------------


| TI region  2


 NSTEP =    35000   TIME(PS) =      35.000  TEMP(K) =    53.81  PRESS =     0.0
 Etot   =    -45638.0341  EKtot   =      1830.5952  EPtot      =    -47468.6292
 BOND   =      4700.2318  ANGLE   =         6.7978  DIHED      =         0.0000
 1-4 NB =         0.0000  1-4 EEL =         0.0000  VDWAALS    =     10782.4315
 EELEC  =    -62958.0904  EHBOND  =         0.0000  RESTRAINT  =         0.0000
 DV/DL  =       445.4627
 ------------------------------------------------------------------------------

 NMR restraints: Bond =    0.000   Angle =     0.000   Torsion =     0.000
===============================================================================

| TI region  1


 NSTEP =    40000   TIME(PS) =      40.000  TEMP(K) =    62.71  PRESS =     0.0
 Etot   =    -45133.8766  EKtot   =      2133.7246  EPtot      =    -47267.6012
 BOND   =      4768.8778  ANGLE   =         6.5608  DIHED      =         0.0000
 1-4 NB =         0.0000  1-4 EEL =         0.0000  VDWAALS    =     10753.1260
 EELEC  =    -62796.1657  EHBOND  =         0.0000  RESTRAINT  =         0.0000
 DV/DL  =       443.9842
 ------------------------------------------------------------------------------


| TI region  2


 NSTEP =    40000   TIME(PS) =      40.000  TEMP(K) =    62.71  PRESS =     0.0
 Etot   =    -45133.8927  EKtot   =      2133.7086  EPtot      =    -47267.6012
 BOND   =      4768.8778  ANGLE   =         6.5608  DIHED      =         0.0000
 1-4 NB =         0.0000  1-4 EEL =         0.0000  VDWAALS    =     10753.1260
 EELEC  =    -62796.1657  EHBOND  =         0.0000  RESTRAINT  =         0.0000
 DV/DL  =       443.9842
 ------------------------------------------------------------------------------

 NMR restraints: Bond =    0.000   Angle =     0.000   Torsion =     0.000
===============================================================================

| TI region  1


 NSTEP =    45000   TIME(PS) =      45.000  TEMP(K) =    69.87  PRESS =     0.0
 Etot   =    -44667.3498  EKtot   =      2377.2263  EPtot      =    -47044.5761
 BOND   =      4860.9307  ANGLE   =         6.3664  DIHED      =         0.0000
 1-4 NB =         0.0000  1-4 EEL =         0.0000  VDWAALS    =     10688.0655
 EELEC  =    -62599.9387  EHBOND  =         0.0000  RESTRAINT  =         0.0000
 DV/DL  =       432.7133
 ------------------------------------------------------------------------------


| TI region  2


 NSTEP =    45000   TIME(PS) =      45.000  TEMP(K) =    69.87  PRESS =     0.0
 Etot   =    -44667.3778  EKtot   =      2377.1983  EPtot      =    -47044.5761
 BOND   =      4860.9307  ANGLE   =         6.3664  DIHED      =         0.0000
 1-4 NB =         0.0000  1-4 EEL =         0.0000  VDWAALS    =     10688.0655
 EELEC  =    -62599.9387  EHBOND  =         0.0000  RESTRAINT  =         0.0000
 DV/DL  =       432.7133
 ------------------------------------------------------------------------------

 NMR restraints: Bond =    0.000   Angle =     0.000   Torsion =     0.000
===============================================================================

| TI region  1


 NSTEP =    50000   TIME(PS) =      50.000  TEMP(K) =    78.42  PRESS =     0.0
 Etot   =    -44092.0535  EKtot   =      2668.0635  EPtot      =    -46760.1170
 BOND   =      4986.2475  ANGLE   =         6.4744  DIHED      =         0.0000
 1-4 NB =         0.0000  1-4 EEL =         0.0000  VDWAALS    =     10742.6892
 EELEC  =    -62495.5282  EHBOND  =         0.0000  RESTRAINT  =         0.0000
 DV/DL  =       456.9941
 ------------------------------------------------------------------------------


| TI region  2


 NSTEP =    50000   TIME(PS) =      50.000  TEMP(K) =    78.42  PRESS =     0.0
 Etot   =    -44092.0723  EKtot   =      2668.0447  EPtot      =    -46760.1170
 BOND   =      4986.2475  ANGLE   =         6.4744  DIHED      =         0.0000
 1-4 NB =         0.0000  1-4 EEL =         0.0000  VDWAALS    =     10742.6892
 EELEC  =    -62495.5282  EHBOND  =         0.0000  RESTRAINT  =         0.0000
 DV/DL  =       456.9941
 ------------------------------------------------------------------------------

 NMR restraints: Bond =    0.000   Angle =     0.000   Torsion =     0.000
===============================================================================

| TI region  1


 NSTEP =    55000   TIME(PS) =      55.000  TEMP(K) =    86.23  PRESS =     0.0
 Etot   =    -43680.9434  EKtot   =      2933.9414  EPtot      =    -46614.8848
 BOND   =      5088.2878  ANGLE   =         6.7224  DIHED      =         0.0000
 1-4 NB =         0.0000  1-4 EEL =         0.0000  VDWAALS    =     10715.2488
 EELEC  =    -62425.1438  EHBOND  =         0.0000  RESTRAINT  =         0.0000
 DV/DL  =       465.0865
 ------------------------------------------------------------------------------


| TI region  2


 NSTEP =    55000   TIME(PS) =      55.000  TEMP(K) =    86.24  PRESS =     0.0
 Etot   =    -43680.9081  EKtot   =      2933.9767  EPtot      =    -46614.8848
 BOND   =      5088.2878  ANGLE   =         6.7224  DIHED      =         0.0000
 1-4 NB =         0.0000  1-4 EEL =         0.0000  VDWAALS    =     10715.2488
 EELEC  =    -62425.1438  EHBOND  =         0.0000  RESTRAINT  =         0.0000
 DV/DL  =       465.0865
 ------------------------------------------------------------------------------

 NMR restraints: Bond =    0.000   Angle =     0.000   Torsion =     0.000
===============================================================================

| TI region  1


 NSTEP =    60000   TIME(PS) =      60.000  TEMP(K) =    92.93  PRESS =     0.0
 Etot   =    -43205.1613  EKtot   =      3161.8761  EPtot      =    -46367.0374
 BOND   =      5194.3490  ANGLE   =         6.8975  DIHED      =         0.0000
 1-4 NB =         0.0000  1-4 EEL =         0.0000  VDWAALS    =     10721.3400
 EELEC  =    -62289.6239  EHBOND  =         0.0000  RESTRAINT  =         0.0000
 DV/DL  =       472.4841
 ------------------------------------------------------------------------------


| TI region  2


 NSTEP =    60000   TIME(PS) =      60.000  TEMP(K) =    92.93  PRESS =     0.0
 Etot   =    -43205.1432  EKtot   =      3161.8942  EPtot      =    -46367.0374
 BOND   =      5194.3490  ANGLE   =         6.8975  DIHED      =         0.0000
 1-4 NB =         0.0000  1-4 EEL =         0.0000  VDWAALS    =     10721.3400
 EELEC  =    -62289.6239  EHBOND  =         0.0000  RESTRAINT  =         0.0000
 DV/DL  =       472.4841
 ------------------------------------------------------------------------------

 NMR restraints: Bond =    0.000   Angle =     0.000   Torsion =     0.000
===============================================================================

| TI region  1


 NSTEP =    65000   TIME(PS) =      65.000  TEMP(K) =   101.68  PRESS =     0.0
 Etot   =    -42713.1411  EKtot   =      3459.2658  EPtot      =    -46172.4069
 BOND   =      5202.5159  ANGLE   =         6.4097  DIHED      =         0.0000
 1-4 NB =         0.0000  1-4 EEL =         0.0000  VDWAALS    =     10620.5298
 EELEC  =    -62001.8623  EHBOND  =         0.0000  RESTRAINT  =         0.0000
 DV/DL  =       474.5342
 ------------------------------------------------------------------------------


| TI region  2


 NSTEP =    65000   TIME(PS) =      65.000  TEMP(K) =   101.68  PRESS =     0.0
 Etot   =    -42713.1236  EKtot   =      3459.2832  EPtot      =    -46172.4069
 BOND   =      5202.5159  ANGLE   =         6.4097  DIHED      =         0.0000
 1-4 NB =         0.0000  1-4 EEL =         0.0000  VDWAALS    =     10620.5298
 EELEC  =    -62001.8623  EHBOND  =         0.0000  RESTRAINT  =         0.0000
 DV/DL  =       474.5342
 ------------------------------------------------------------------------------

 NMR restraints: Bond =    0.000   Angle =     0.000   Torsion =     0.000
===============================================================================

| TI region  1


 NSTEP =    70000   TIME(PS) =      70.000  TEMP(K) =   110.45  PRESS =     0.0
 Etot   =    -42193.3453  EKtot   =      3757.6788  EPtot      =    -45951.0241
 BOND   =      5352.8514  ANGLE   =         8.0628  DIHED      =         0.0000
 1-4 NB =         0.0000  1-4 EEL =         0.0000  VDWAALS    =     10675.7848
 EELEC  =    -61987.7230  EHBOND  =         0.0000  RESTRAINT  =         0.0000
 DV/DL  =       447.2574
 ------------------------------------------------------------------------------


| TI region  2


 NSTEP =    70000   TIME(PS) =      70.000  TEMP(K) =   110.45  PRESS =     0.0
 Etot   =    -42193.3369  EKtot   =      3757.6872  EPtot      =    -45951.0241
 BOND   =      5352.8514  ANGLE   =         8.0628  DIHED      =         0.0000
 1-4 NB =         0.0000  1-4 EEL =         0.0000  VDWAALS    =     10675.7848
 EELEC  =    -61987.7230  EHBOND  =         0.0000  RESTRAINT  =         0.0000
 DV/DL  =       447.2574
 ------------------------------------------------------------------------------

 NMR restraints: Bond =    0.000   Angle =     0.000   Torsion =     0.000
===============================================================================

| TI region  1


 NSTEP =    75000   TIME(PS) =      75.000  TEMP(K) =   119.10  PRESS =     0.0
 Etot   =    -41603.3155  EKtot   =      4052.1668  EPtot      =    -45655.4823
 BOND   =      5463.6484  ANGLE   =         7.4391  DIHED      =         0.0000
 1-4 NB =         0.0000  1-4 EEL =         0.0000  VDWAALS    =     10607.5970
 EELEC  =    -61734.1669  EHBOND  =         0.0000  RESTRAINT  =         0.0000
 DV/DL  =       479.0134
 ------------------------------------------------------------------------------


| TI region  2


 NSTEP =    75000   TIME(PS) =      75.000  TEMP(K) =   119.10  PRESS =     0.0
 Etot   =    -41603.3549  EKtot   =      4052.1274  EPtot      =    -45655.4823
 BOND   =      5463.6484  ANGLE   =         7.4391  DIHED      =         0.0000
 1-4 NB =         0.0000  1-4 EEL =         0.0000  VDWAALS    =     10607.5970
 EELEC  =    -61734.1669  EHBOND  =         0.0000  RESTRAINT  =         0.0000
 DV/DL  =       479.0134
 ------------------------------------------------------------------------------

 NMR restraints: Bond =    0.000   Angle =     0.000   Torsion =     0.000
===============================================================================

| TI region  1


 NSTEP =    80000   TIME(PS) =      80.000  TEMP(K) =   123.60  PRESS =     0.0
 Etot   =    -41200.6957  EKtot   =      4205.0619  EPtot      =    -45405.7576
 BOND   =      5453.7974  ANGLE   =         6.7779  DIHED      =         0.0000
 1-4 NB =         0.0000  1-4 EEL =         0.0000  VDWAALS    =     10451.4985
 EELEC  =    -61317.8313  EHBOND  =         0.0000  RESTRAINT  =         0.0000
 DV/DL  =       477.6506
 ------------------------------------------------------------------------------


| TI region  2


 NSTEP =    80000   TIME(PS) =      80.000  TEMP(K) =   123.60  PRESS =     0.0
 Etot   =    -41200.7191  EKtot   =      4205.0385  EPtot      =    -45405.7576
 BOND   =      5453.7974  ANGLE   =         6.7779  DIHED      =         0.0000
 1-4 NB =         0.0000  1-4 EEL =         0.0000  VDWAALS    =     10451.4985
 EELEC  =    -61317.8313  EHBOND  =         0.0000  RESTRAINT  =         0.0000
 DV/DL  =       477.6506
 ------------------------------------------------------------------------------

 NMR restraints: Bond =    0.000   Angle =     0.000   Torsion =     0.000
===============================================================================

| TI region  1


 NSTEP =    85000   TIME(PS) =      85.000  TEMP(K) =   134.75  PRESS =     0.0
 Etot   =    -40640.8021  EKtot   =      4584.6368  EPtot      =    -45225.4389
 BOND   =      5591.2481  ANGLE   =         6.9409  DIHED      =         0.0000
 1-4 NB =         0.0000  1-4 EEL =         0.0000  VDWAALS    =     10305.5634
 EELEC  =    -61129.1912  EHBOND  =         0.0000  RESTRAINT  =         0.0000
 DV/DL  =       429.3978
 ------------------------------------------------------------------------------


| TI region  2


 NSTEP =    85000   TIME(PS) =      85.000  TEMP(K) =   134.75  PRESS =     0.0
 Etot   =    -40640.8196  EKtot   =      4584.6192  EPtot      =    -45225.4389
 BOND   =      5591.2481  ANGLE   =         6.9409  DIHED      =         0.0000
 1-4 NB =         0.0000  1-4 EEL =         0.0000  VDWAALS    =     10305.5634
 EELEC  =    -61129.1912  EHBOND  =         0.0000  RESTRAINT  =         0.0000
 DV/DL  =       429.3978
 ------------------------------------------------------------------------------

 NMR restraints: Bond =    0.000   Angle =     0.000   Torsion =     0.000
===============================================================================

| TI region  1


 NSTEP =    90000   TIME(PS) =      90.000  TEMP(K) =   137.60  PRESS =     0.0
 Etot   =    -40308.0300  EKtot   =      4681.5518  EPtot      =    -44989.5818
 BOND   =      5691.6318  ANGLE   =         6.7346  DIHED      =         0.0000
 1-4 NB =         0.0000  1-4 EEL =         0.0000  VDWAALS    =     10374.4839
 EELEC  =    -61062.4321  EHBOND  =         0.0000  RESTRAINT  =         0.0000
 DV/DL  =       400.6005
 ------------------------------------------------------------------------------


| TI region  2


 NSTEP =    90000   TIME(PS) =      90.000  TEMP(K) =   137.60  PRESS =     0.0
 Etot   =    -40308.0124  EKtot   =      4681.5694  EPtot      =    -44989.5818
 BOND   =      5691.6318  ANGLE   =         6.7346  DIHED      =         0.0000
 1-4 NB =         0.0000  1-4 EEL =         0.0000  VDWAALS    =     10374.4839
 EELEC  =    -61062.4321  EHBOND  =         0.0000  RESTRAINT  =         0.0000
 DV/DL  =       400.6005
 ------------------------------------------------------------------------------

 NMR restraints: Bond =    0.000   Angle =     0.000   Torsion =     0.000
===============================================================================

| TI region  1


 NSTEP =    95000   TIME(PS) =      95.000  TEMP(K) =   149.47  PRESS =     0.0
 Etot   =    -39609.9361  EKtot   =      5085.3357  EPtot      =    -44695.2719
 BOND   =      5819.6763  ANGLE   =         7.4524  DIHED      =         0.0000
 1-4 NB =         0.0000  1-4 EEL =         0.0000  VDWAALS    =     10291.4788
 EELEC  =    -60813.8794  EHBOND  =         0.0000  RESTRAINT  =         0.0000
 DV/DL  =       426.2748
 ------------------------------------------------------------------------------


| TI region  2


 NSTEP =    95000   TIME(PS) =      95.000  TEMP(K) =   149.47  PRESS =     0.0
 Etot   =    -39609.9030  EKtot   =      5085.3689  EPtot      =    -44695.2719
 BOND   =      5819.6763  ANGLE   =         7.4524  DIHED      =         0.0000
 1-4 NB =         0.0000  1-4 EEL =         0.0000  VDWAALS    =     10291.4788
 EELEC  =    -60813.8794  EHBOND  =         0.0000  RESTRAINT  =         0.0000
 DV/DL  =       426.2748
 ------------------------------------------------------------------------------

 NMR restraints: Bond =    0.000   Angle =     0.000   Torsion =     0.000
===============================================================================

| TI region  1


 NSTEP =   100000   TIME(PS) =     100.000  TEMP(K) =   157.31  PRESS =     0.0
 Etot   =    -39036.9130  EKtot   =      5352.1936  EPtot      =    -44389.1066
 BOND   =      5993.9484  ANGLE   =         6.4122  DIHED      =         0.0000
 1-4 NB =         0.0000  1-4 EEL =         0.0000  VDWAALS    =     10324.5002
 EELEC  =    -60713.9674  EHBOND  =         0.0000  RESTRAINT  =         0.0000
 DV/DL  =       407.6792
 ------------------------------------------------------------------------------


| TI region  2


 NSTEP =   100000   TIME(PS) =     100.000  TEMP(K) =   157.31  PRESS =     0.0
 Etot   =    -39036.9370  EKtot   =      5352.1696  EPtot      =    -44389.1066
 BOND   =      5993.9484  ANGLE   =         6.4122  DIHED      =         0.0000
 1-4 NB =         0.0000  1-4 EEL =         0.0000  VDWAALS    =     10324.5002
 EELEC  =    -60713.9674  EHBOND  =         0.0000  RESTRAINT  =         0.0000
 DV/DL  =       407.6792
 ------------------------------------------------------------------------------

 NMR restraints: Bond =    0.000   Angle =     0.000   Torsion =     0.000
===============================================================================

| TI region  1


 NSTEP =   105000   TIME(PS) =     105.000  TEMP(K) =   165.74  PRESS =     0.0
 Etot   =    -38450.1411  EKtot   =      5638.9190  EPtot      =    -44089.0601
 BOND   =      5976.1287  ANGLE   =         7.9293  DIHED      =         0.0000
 1-4 NB =         0.0000  1-4 EEL =         0.0000  VDWAALS    =     10259.1474
 EELEC  =    -60332.2655  EHBOND  =         0.0000  RESTRAINT  =         0.0000
 DV/DL  =       463.2319
 ------------------------------------------------------------------------------


| TI region  2


 NSTEP =   105000   TIME(PS) =     105.000  TEMP(K) =   165.74  PRESS =     0.0
 Etot   =    -38450.1673  EKtot   =      5638.8928  EPtot      =    -44089.0601
 BOND   =      5976.1287  ANGLE   =         7.9293  DIHED      =         0.0000
 1-4 NB =         0.0000  1-4 EEL =         0.0000  VDWAALS    =     10259.1474
 EELEC  =    -60332.2655  EHBOND  =         0.0000  RESTRAINT  =         0.0000
 DV/DL  =       463.2319
 ------------------------------------------------------------------------------

 NMR restraints: Bond =    0.000   Angle =     0.000   Torsion =     0.000
===============================================================================

| TI region  1


 NSTEP =   110000   TIME(PS) =     110.000  TEMP(K) =   174.80  PRESS =     0.0
 Etot   =    -37827.0676  EKtot   =      5947.1478  EPtot      =    -43774.2154
 BOND   =      6057.8368  ANGLE   =         6.7523  DIHED      =         0.0000
 1-4 NB =         0.0000  1-4 EEL =         0.0000  VDWAALS    =     10205.5811
 EELEC  =    -60044.3857  EHBOND  =         0.0000  RESTRAINT  =         0.0000
 DV/DL  =       485.0662
 ------------------------------------------------------------------------------


| TI region  2


 NSTEP =   110000   TIME(PS) =     110.000  TEMP(K) =   174.80  PRESS =     0.0
 Etot   =    -37827.1442  EKtot   =      5947.0712  EPtot      =    -43774.2154
 BOND   =      6057.8368  ANGLE   =         6.7523  DIHED      =         0.0000
 1-4 NB =         0.0000  1-4 EEL =         0.0000  VDWAALS    =     10205.5811
 EELEC  =    -60044.3857  EHBOND  =         0.0000  RESTRAINT  =         0.0000
 DV/DL  =       485.0662
 ------------------------------------------------------------------------------

 NMR restraints: Bond =    0.000   Angle =     0.000   Torsion =     0.000
===============================================================================

| TI region  1


 NSTEP =   115000   TIME(PS) =     115.000  TEMP(K) =   179.67  PRESS =     0.0
 Etot   =    -37437.8416  EKtot   =      6112.6969  EPtot      =    -43550.5385
 BOND   =      6065.8180  ANGLE   =         6.7076  DIHED      =         0.0000
 1-4 NB =         0.0000  1-4 EEL =         0.0000  VDWAALS    =     10019.6962
 EELEC  =    -59642.7603  EHBOND  =         0.0000  RESTRAINT  =         0.0000
 DV/DL  =       451.2540
 ------------------------------------------------------------------------------


| TI region  2


 NSTEP =   115000   TIME(PS) =     115.000  TEMP(K) =   179.66  PRESS =     0.0
 Etot   =    -37437.8875  EKtot   =      6112.6510  EPtot      =    -43550.5385
 BOND   =      6065.8180  ANGLE   =         6.7076  DIHED      =         0.0000
 1-4 NB =         0.0000  1-4 EEL =         0.0000  VDWAALS    =     10019.6962
 EELEC  =    -59642.7603  EHBOND  =         0.0000  RESTRAINT  =         0.0000
 DV/DL  =       451.2540
 ------------------------------------------------------------------------------

 NMR restraints: Bond =    0.000   Angle =     0.000   Torsion =     0.000
===============================================================================

| TI region  1


 NSTEP =   120000   TIME(PS) =     120.000  TEMP(K) =   188.95  PRESS =     0.0
 Etot   =    -36752.2159  EKtot   =      6428.5956  EPtot      =    -43180.8115
 BOND   =      6118.3420  ANGLE   =         6.9562  DIHED      =         0.0000
 1-4 NB =         0.0000  1-4 EEL =         0.0000  VDWAALS    =      9948.7730
 EELEC  =    -59254.8828  EHBOND  =         0.0000  RESTRAINT  =         0.0000
 DV/DL  =       458.2087
 ------------------------------------------------------------------------------


| TI region  2


 NSTEP =   120000   TIME(PS) =     120.000  TEMP(K) =   188.95  PRESS =     0.0
 Etot   =    -36752.2106  EKtot   =      6428.6009  EPtot      =    -43180.8115
 BOND   =      6118.3420  ANGLE   =         6.9562  DIHED      =         0.0000
 1-4 NB =         0.0000  1-4 EEL =         0.0000  VDWAALS    =      9948.7730
 EELEC  =    -59254.8828  EHBOND  =         0.0000  RESTRAINT  =         0.0000
 DV/DL  =       458.2087
 ------------------------------------------------------------------------------

 NMR restraints: Bond =    0.000   Angle =     0.000   Torsion =     0.000
===============================================================================

| TI region  1


 NSTEP =   125000   TIME(PS) =     125.000  TEMP(K) =   198.96  PRESS =     0.0
 Etot   =    -36003.8480  EKtot   =      6769.2732  EPtot      =    -42773.1212
 BOND   =      6347.3357  ANGLE   =         7.5167  DIHED      =         0.0000
 1-4 NB =         0.0000  1-4 EEL =         0.0000  VDWAALS    =      9947.3351
 EELEC  =    -59075.3087  EHBOND  =         0.0000  RESTRAINT  =         0.0000
 DV/DL  =       442.7007
 ------------------------------------------------------------------------------


| TI region  2


 NSTEP =   125000   TIME(PS) =     125.000  TEMP(K) =   198.96  PRESS =     0.0
 Etot   =    -36003.8551  EKtot   =      6769.2661  EPtot      =    -42773.1212
 BOND   =      6347.3357  ANGLE   =         7.5167  DIHED      =         0.0000
 1-4 NB =         0.0000  1-4 EEL =         0.0000  VDWAALS    =      9947.3351
 EELEC  =    -59075.3087  EHBOND  =         0.0000  RESTRAINT  =         0.0000
 DV/DL  =       442.7007
 ------------------------------------------------------------------------------

 NMR restraints: Bond =    0.000   Angle =     0.000   Torsion =     0.000
===============================================================================

| TI region  1


 NSTEP =   130000   TIME(PS) =     130.000  TEMP(K) =   201.94  PRESS =     0.0
 Etot   =    -35581.7979  EKtot   =      6870.6360  EPtot      =    -42452.4339
 BOND   =      6441.1736  ANGLE   =         6.5321  DIHED      =         0.0000
 1-4 NB =         0.0000  1-4 EEL =         0.0000  VDWAALS    =      9748.1913
 EELEC  =    -58648.3308  EHBOND  =         0.0000  RESTRAINT  =         0.0000
 DV/DL  =       453.0183
 ------------------------------------------------------------------------------


| TI region  2


 NSTEP =   130000   TIME(PS) =     130.000  TEMP(K) =   201.94  PRESS =     0.0
 Etot   =    -35581.7941  EKtot   =      6870.6398  EPtot      =    -42452.4339
 BOND   =      6441.1736  ANGLE   =         6.5321  DIHED      =         0.0000
 1-4 NB =         0.0000  1-4 EEL =         0.0000  VDWAALS    =      9748.1913
 EELEC  =    -58648.3308  EHBOND  =         0.0000  RESTRAINT  =         0.0000
 DV/DL  =       453.0183
 ------------------------------------------------------------------------------

 NMR restraints: Bond =    0.000   Angle =     0.000   Torsion =     0.000
===============================================================================

| TI region  1


 NSTEP =   135000   TIME(PS) =     135.000  TEMP(K) =   207.40  PRESS =     0.0
 Etot   =    -35088.1144  EKtot   =      7056.3480  EPtot      =    -42144.4625
 BOND   =      6434.2706  ANGLE   =         6.7034  DIHED      =         0.0000
 1-4 NB =         0.0000  1-4 EEL =         0.0000  VDWAALS    =      9576.1104
 EELEC  =    -58161.5468  EHBOND  =         0.0000  RESTRAINT  =         0.0000
 DV/DL  =       429.7774
 ------------------------------------------------------------------------------


| TI region  2


 NSTEP =   135000   TIME(PS) =     135.000  TEMP(K) =   207.40  PRESS =     0.0
 Etot   =    -35088.0660  EKtot   =      7056.3965  EPtot      =    -42144.4625
 BOND   =      6434.2706  ANGLE   =         6.7034  DIHED      =         0.0000
 1-4 NB =         0.0000  1-4 EEL =         0.0000  VDWAALS    =      9576.1104
 EELEC  =    -58161.5468  EHBOND  =         0.0000  RESTRAINT  =         0.0000
 DV/DL  =       429.7774
 ------------------------------------------------------------------------------

 NMR restraints: Bond =    0.000   Angle =     0.000   Torsion =     0.000
===============================================================================

| TI region  1


 NSTEP =   140000   TIME(PS) =     140.000  TEMP(K) =   222.51  PRESS =     0.0
 Etot   =    -34121.8321  EKtot   =      7570.3834  EPtot      =    -41692.2155
 BOND   =      6631.3297  ANGLE   =         7.3301  DIHED      =         0.0000
 1-4 NB =         0.0000  1-4 EEL =         0.0000  VDWAALS    =      9355.6511
 EELEC  =    -57686.5265  EHBOND  =         0.0000  RESTRAINT  =         0.0000
 DV/DL  =       430.5397
 ------------------------------------------------------------------------------


| TI region  2


 NSTEP =   140000   TIME(PS) =     140.000  TEMP(K) =   222.51  PRESS =     0.0
 Etot   =    -34121.8155  EKtot   =      7570.4000  EPtot      =    -41692.2155
 BOND   =      6631.3297  ANGLE   =         7.3301  DIHED      =         0.0000
 1-4 NB =         0.0000  1-4 EEL =         0.0000  VDWAALS    =      9355.6511
 EELEC  =    -57686.5265  EHBOND  =         0.0000  RESTRAINT  =         0.0000
 DV/DL  =       430.5397
 ------------------------------------------------------------------------------

 NMR restraints: Bond =    0.000   Angle =     0.000   Torsion =     0.000
===============================================================================

| TI region  1


 NSTEP =   145000   TIME(PS) =     145.000  TEMP(K) =   230.10  PRESS =     0.0
 Etot   =    -33432.9964  EKtot   =      7828.5231  EPtot      =    -41261.5194
 BOND   =      6707.9056  ANGLE   =         8.0150  DIHED      =         0.0000
 1-4 NB =         0.0000  1-4 EEL =         0.0000  VDWAALS    =      9349.9570
 EELEC  =    -57327.3971  EHBOND  =         0.0000  RESTRAINT  =         0.0000
 DV/DL  =       425.6752
 ------------------------------------------------------------------------------


| TI region  2


 NSTEP =   145000   TIME(PS) =     145.000  TEMP(K) =   230.10  PRESS =     0.0
 Etot   =    -33433.0061  EKtot   =      7828.5134  EPtot      =    -41261.5194
 BOND   =      6707.9056  ANGLE   =         8.0150  DIHED      =         0.0000
 1-4 NB =         0.0000  1-4 EEL =         0.0000  VDWAALS    =      9349.9570
 EELEC  =    -57327.3971  EHBOND  =         0.0000  RESTRAINT  =         0.0000
 DV/DL  =       425.6752
 ------------------------------------------------------------------------------

 NMR restraints: Bond =    0.000   Angle =     0.000   Torsion =     0.000
===============================================================================

| TI region  1


 NSTEP =   150000   TIME(PS) =     150.000  TEMP(K) =   238.72  PRESS =     0.0
 Etot   =    -32685.4145  EKtot   =      8121.9073  EPtot      =    -40807.3218
 BOND   =      6742.4282  ANGLE   =         7.2419  DIHED      =         0.0000
 1-4 NB =         0.0000  1-4 EEL =         0.0000  VDWAALS    =      9209.9422
 EELEC  =    -56766.9340  EHBOND  =         0.0000  RESTRAINT  =         0.0000
 DV/DL  =       429.8345
 ------------------------------------------------------------------------------


| TI region  2


 NSTEP =   150000   TIME(PS) =     150.000  TEMP(K) =   238.72  PRESS =     0.0
 Etot   =    -32685.4728  EKtot   =      8121.8490  EPtot      =    -40807.3218
 BOND   =      6742.4282  ANGLE   =         7.2419  DIHED      =         0.0000
 1-4 NB =         0.0000  1-4 EEL =         0.0000  VDWAALS    =      9209.9422
 EELEC  =    -56766.9340  EHBOND  =         0.0000  RESTRAINT  =         0.0000
 DV/DL  =       429.8345
 ------------------------------------------------------------------------------

 NMR restraints: Bond =    0.000   Angle =     0.000   Torsion =     0.000
===============================================================================

| TI region  1


 NSTEP =   155000   TIME(PS) =     155.000  TEMP(K) =   240.20  PRESS =     0.0
 Etot   =    -32152.0610  EKtot   =      8172.2888  EPtot      =    -40324.3498
 BOND   =      6789.1877  ANGLE   =         7.8943  DIHED      =         0.0000
 1-4 NB =         0.0000  1-4 EEL =         0.0000  VDWAALS    =      8919.9978
 EELEC  =    -56041.4296  EHBOND  =         0.0000  RESTRAINT  =         0.0000
 DV/DL  =       442.9228
 ------------------------------------------------------------------------------


| TI region  2


 NSTEP =   155000   TIME(PS) =     155.000  TEMP(K) =   240.20  PRESS =     0.0
 Etot   =    -32152.0781  EKtot   =      8172.2717  EPtot      =    -40324.3498
 BOND   =      6789.1877  ANGLE   =         7.8943  DIHED      =         0.0000
 1-4 NB =         0.0000  1-4 EEL =         0.0000  VDWAALS    =      8919.9978
 EELEC  =    -56041.4296  EHBOND  =         0.0000  RESTRAINT  =         0.0000
 DV/DL  =       442.9228
 ------------------------------------------------------------------------------

 NMR restraints: Bond =    0.000   Angle =     0.000   Torsion =     0.000
===============================================================================

| TI region  1


 NSTEP =   160000   TIME(PS) =     160.000  TEMP(K) =   249.88  PRESS =     0.0
 Etot   =    -30927.8444  EKtot   =      8501.7495  EPtot      =    -39429.5940
 BOND   =      6758.8602  ANGLE   =         7.6221  DIHED      =         0.0000
 1-4 NB =         0.0000  1-4 EEL =         0.0000  VDWAALS    =      8773.1260
 EELEC  =    -54969.2022  EHBOND  =         0.0000  RESTRAINT  =         0.0000
 DV/DL  =       481.6390
 ------------------------------------------------------------------------------


| TI region  2


 NSTEP =   160000   TIME(PS) =     160.000  TEMP(K) =   249.88  PRESS =     0.0
 Etot   =    -30927.8767  EKtot   =      8501.7173  EPtot      =    -39429.5940
 BOND   =      6758.8602  ANGLE   =         7.6221  DIHED      =         0.0000
 1-4 NB =         0.0000  1-4 EEL =         0.0000  VDWAALS    =      8773.1260
 EELEC  =    -54969.2022  EHBOND  =         0.0000  RESTRAINT  =         0.0000
 DV/DL  =       481.6390
 ------------------------------------------------------------------------------

 NMR restraints: Bond =    0.000   Angle =     0.000   Torsion =     0.000
===============================================================================

| TI region  1


 NSTEP =   165000   TIME(PS) =     165.000  TEMP(K) =   264.18  PRESS =     0.0
 Etot   =    -29850.9530  EKtot   =      8988.2890  EPtot      =    -38839.2420
 BOND   =      6869.9989  ANGLE   =         6.9602  DIHED      =         0.0000
 1-4 NB =         0.0000  1-4 EEL =         0.0000  VDWAALS    =      8611.9223
 EELEC  =    -54328.1234  EHBOND  =         0.0000  RESTRAINT  =         0.0000
 DV/DL  =       404.7695
 ------------------------------------------------------------------------------


| TI region  2


 NSTEP =   165000   TIME(PS) =     165.000  TEMP(K) =   264.19  PRESS =     0.0
 Etot   =    -29850.9456  EKtot   =      8988.2964  EPtot      =    -38839.2420
 BOND   =      6869.9989  ANGLE   =         6.9602  DIHED      =         0.0000
 1-4 NB =         0.0000  1-4 EEL =         0.0000  VDWAALS    =      8611.9223
 EELEC  =    -54328.1234  EHBOND  =         0.0000  RESTRAINT  =         0.0000
 DV/DL  =       404.7695
 ------------------------------------------------------------------------------

 NMR restraints: Bond =    0.000   Angle =     0.000   Torsion =     0.000
===============================================================================

| TI region  1


 NSTEP =   170000   TIME(PS) =     170.000  TEMP(K) =   266.29  PRESS =     0.0
 Etot   =    -29255.5832  EKtot   =      9059.8326  EPtot      =    -38315.4158
 BOND   =      6845.1016  ANGLE   =         7.2676  DIHED      =         0.0000
 1-4 NB =         0.0000  1-4 EEL =         0.0000  VDWAALS    =      8298.3149
 EELEC  =    -53466.0999  EHBOND  =         0.0000  RESTRAINT  =         0.0000
 DV/DL  =       412.5802
 ------------------------------------------------------------------------------


| TI region  2


 NSTEP =   170000   TIME(PS) =     170.000  TEMP(K) =   266.29  PRESS =     0.0
 Etot   =    -29255.6208  EKtot   =      9059.7950  EPtot      =    -38315.4158
 BOND   =      6845.1016  ANGLE   =         7.2676  DIHED      =         0.0000
 1-4 NB =         0.0000  1-4 EEL =         0.0000  VDWAALS    =      8298.3149
 EELEC  =    -53466.0999  EHBOND  =         0.0000  RESTRAINT  =         0.0000
 DV/DL  =       412.5802
 ------------------------------------------------------------------------------

 NMR restraints: Bond =    0.000   Angle =     0.000   Torsion =     0.000
===============================================================================

| TI region  1


 NSTEP =   175000   TIME(PS) =     175.000  TEMP(K) =   273.70  PRESS =     0.0
 Etot   =    -28573.7217  EKtot   =      9312.1089  EPtot      =    -37885.8307
 BOND   =      6970.1935  ANGLE   =         7.8153  DIHED      =         0.0000
 1-4 NB =         0.0000  1-4 EEL =         0.0000  VDWAALS    =      7960.6346
 EELEC  =    -52824.4740  EHBOND  =         0.0000  RESTRAINT  =         0.0000
 DV/DL  =       448.3357
 ------------------------------------------------------------------------------


| TI region  2


 NSTEP =   175000   TIME(PS) =     175.000  TEMP(K) =   273.70  PRESS =     0.0
 Etot   =    -28573.7691  EKtot   =      9312.0615  EPtot      =    -37885.8307
 BOND   =      6970.1935  ANGLE   =         7.8153  DIHED      =         0.0000
 1-4 NB =         0.0000  1-4 EEL =         0.0000  VDWAALS    =      7960.6346
 EELEC  =    -52824.4740  EHBOND  =         0.0000  RESTRAINT  =         0.0000
 DV/DL  =       448.3357
 ------------------------------------------------------------------------------

 NMR restraints: Bond =    0.000   Angle =     0.000   Torsion =     0.000
===============================================================================

| TI region  1


 NSTEP =   180000   TIME(PS) =     180.000  TEMP(K) =   283.58  PRESS =     0.0
 Etot   =    -27670.1461  EKtot   =      9648.1108  EPtot      =    -37318.2569
 BOND   =      6918.2592  ANGLE   =         8.0795  DIHED      =         0.0000
 1-4 NB =         0.0000  1-4 EEL =         0.0000  VDWAALS    =      7851.9654
 EELEC  =    -52096.5609  EHBOND  =         0.0000  RESTRAINT  =         0.0000
 DV/DL  =       435.0267
 ------------------------------------------------------------------------------


| TI region  2


 NSTEP =   180000   TIME(PS) =     180.000  TEMP(K) =   283.58  PRESS =     0.0
 Etot   =    -27670.1421  EKtot   =      9648.1147  EPtot      =    -37318.2569
 BOND   =      6918.2592  ANGLE   =         8.0795  DIHED      =         0.0000
 1-4 NB =         0.0000  1-4 EEL =         0.0000  VDWAALS    =      7851.9654
 EELEC  =    -52096.5609  EHBOND  =         0.0000  RESTRAINT  =         0.0000
 DV/DL  =       435.0267
 ------------------------------------------------------------------------------

 NMR restraints: Bond =    0.000   Angle =     0.000   Torsion =     0.000
===============================================================================

| TI region  1


 NSTEP =   185000   TIME(PS) =     185.000  TEMP(K) =   291.09  PRESS =     0.0
 Etot   =    -26840.8397  EKtot   =      9903.5755  EPtot      =    -36744.4152
 BOND   =      7102.1055  ANGLE   =         7.2061  DIHED      =         0.0000
 1-4 NB =         0.0000  1-4 EEL =         0.0000  VDWAALS    =      7715.6626
 EELEC  =    -51569.3894  EHBOND  =         0.0000  RESTRAINT  =         0.0000
 DV/DL  =       485.9107
 ------------------------------------------------------------------------------


| TI region  2


 NSTEP =   185000   TIME(PS) =     185.000  TEMP(K) =   291.09  PRESS =     0.0
 Etot   =    -26840.7026  EKtot   =      9903.7126  EPtot      =    -36744.4152
 BOND   =      7102.1055  ANGLE   =         7.2061  DIHED      =         0.0000
 1-4 NB =         0.0000  1-4 EEL =         0.0000  VDWAALS    =      7715.6626
 EELEC  =    -51569.3894  EHBOND  =         0.0000  RESTRAINT  =         0.0000
 DV/DL  =       485.9107
 ------------------------------------------------------------------------------

 NMR restraints: Bond =    0.000   Angle =     0.000   Torsion =     0.000
===============================================================================

| TI region  1


 NSTEP =   190000   TIME(PS) =     190.000  TEMP(K) =   296.13  PRESS =     0.0
 Etot   =    -26189.0032  EKtot   =     10075.0156  EPtot      =    -36264.0187
 BOND   =      6970.9007  ANGLE   =         6.6183  DIHED      =         0.0000
 1-4 NB =         0.0000  1-4 EEL =         0.0000  VDWAALS    =      7672.3070
 EELEC  =    -50913.8448  EHBOND  =         0.0000  RESTRAINT  =         0.0000
 DV/DL  =       436.2242
 ------------------------------------------------------------------------------


| TI region  2


 NSTEP =   190000   TIME(PS) =     190.000  TEMP(K) =   296.13  PRESS =     0.0
 Etot   =    -26188.8280  EKtot   =     10075.1908  EPtot      =    -36264.0187
 BOND   =      6970.9007  ANGLE   =         6.6183  DIHED      =         0.0000
 1-4 NB =         0.0000  1-4 EEL =         0.0000  VDWAALS    =      7672.3070
 EELEC  =    -50913.8448  EHBOND  =         0.0000  RESTRAINT  =         0.0000
 DV/DL  =       436.2242
 ------------------------------------------------------------------------------

 NMR restraints: Bond =    0.000   Angle =     0.000   Torsion =     0.000
===============================================================================

| TI region  1


 NSTEP =   195000   TIME(PS) =     195.000  TEMP(K) =   300.10  PRESS =     0.0
 Etot   =    -25948.2138  EKtot   =     10210.2477  EPtot      =    -36158.4615
 BOND   =      7069.7664  ANGLE   =         9.3705  DIHED      =         0.0000
 1-4 NB =         0.0000  1-4 EEL =         0.0000  VDWAALS    =      7719.8399
 EELEC  =    -50957.4384  EHBOND  =         0.0000  RESTRAINT  =         0.0000
 DV/DL  =       412.5328
 ------------------------------------------------------------------------------


| TI region  2


 NSTEP =   195000   TIME(PS) =     195.000  TEMP(K) =   300.11  PRESS =     0.0
 Etot   =    -25948.0671  EKtot   =     10210.3944  EPtot      =    -36158.4615
 BOND   =      7069.7664  ANGLE   =         9.3705  DIHED      =         0.0000
 1-4 NB =         0.0000  1-4 EEL =         0.0000  VDWAALS    =      7719.8399
 EELEC  =    -50957.4384  EHBOND  =         0.0000  RESTRAINT  =         0.0000
 DV/DL  =       412.5328
 ------------------------------------------------------------------------------

 NMR restraints: Bond =    0.000   Angle =     0.000   Torsion =     0.000
===============================================================================

| TI region  1


 NSTEP =   200000   TIME(PS) =     200.000  TEMP(K) =   298.98  PRESS =     0.0
 Etot   =    -25949.2420  EKtot   =     10172.2662  EPtot      =    -36121.5082
 BOND   =      7033.2296  ANGLE   =         7.0190  DIHED      =         0.0000
 1-4 NB =         0.0000  1-4 EEL =         0.0000  VDWAALS    =      7501.0694
 EELEC  =    -50662.8262  EHBOND  =         0.0000  RESTRAINT  =         0.0000
 DV/DL  =       471.3339
 ------------------------------------------------------------------------------


| TI region  2


 NSTEP =   200000   TIME(PS) =     200.000  TEMP(K) =   298.99  PRESS =     0.0
 Etot   =    -25949.1330  EKtot   =     10172.3752  EPtot      =    -36121.5082
 BOND   =      7033.2296  ANGLE   =         7.0190  DIHED      =         0.0000
 1-4 NB =         0.0000  1-4 EEL =         0.0000  VDWAALS    =      7501.0694
 EELEC  =    -50662.8262  EHBOND  =         0.0000  RESTRAINT  =         0.0000
 DV/DL  =       471.3339
 ------------------------------------------------------------------------------

 NMR restraints: Bond =    0.000   Angle =     0.000   Torsion =     0.000
===============================================================================

| TI region  1


      A V E R A G E S   O V E R      40 S T E P S


 NSTEP =   200000   TIME(PS) =     200.000  TEMP(K) =   160.30  PRESS =     0.0
 Etot   =    -37952.9504  EKtot   =      5453.8504  EPtot      =    -43406.8008
 BOND   =      5820.0612  ANGLE   =         7.0640  DIHED      =         0.0000
 1-4 NB =         0.0000  1-4 EEL =         0.0000  VDWAALS    =      9772.3149
 EELEC  =    -59006.2409  EHBOND  =         0.0000  RESTRAINT  =         0.0000
 DV/DL  =       445.1573
 ------------------------------------------------------------------------------

 NMR restraints: Bond =    0.000   Angle =     0.000   Torsion =     0.000
===============================================================================

      R M S  F L U C T U A T I O N S


 NSTEP =   200000   TIME(PS) =     200.000  TEMP(K) =    90.07  PRESS =     0.0
 Etot   =      6911.4575  EKtot   =      3064.5228  EPtot      =      3882.7622
 BOND   =       949.1082  ANGLE   =         0.6439  DIHED      =         0.0000
 1-4 NB =         0.0000  1-4 EEL =         0.0000  VDWAALS    =      1073.5998
 EELEC  =      4064.9400  EHBOND  =         0.0000  RESTRAINT  =         0.0000
 DV/DL  =        22.3295
 ------------------------------------------------------------------------------


| TI region  2


      A V E R A G E S   O V E R      40 S T E P S


 NSTEP =   200000   TIME(PS) =     200.000  TEMP(K) =   160.30  PRESS =     0.0
 Etot   =    -37952.9427  EKtot   =      5453.8581  EPtot      =    -43406.8008
 BOND   =      5820.0612  ANGLE   =         7.0640  DIHED      =         0.0000
 1-4 NB =         0.0000  1-4 EEL =         0.0000  VDWAALS    =      9772.3149
 EELEC  =    -59006.2409  EHBOND  =         0.0000  RESTRAINT  =         0.0000
 DV/DL  =       445.1573
 ------------------------------------------------------------------------------

 NMR restraints: Bond =    0.000   Angle =     0.000   Torsion =     0.000
===============================================================================

      R M S  F L U C T U A T I O N S


 NSTEP =   200000   TIME(PS) =     200.000  TEMP(K) =    90.07  PRESS =     0.0
 Etot   =      6911.4765  EKtot   =      3064.5387  EPtot      =      3882.7622
 BOND   =       949.1082  ANGLE   =         0.6439  DIHED      =         0.0000
 1-4 NB =         0.0000  1-4 EEL =         0.0000  VDWAALS    =      1073.5998
 EELEC  =      4064.9400  EHBOND  =         0.0000  RESTRAINT  =         0.0000
 DV/DL  =        22.3295
 ------------------------------------------------------------------------------


      DV/DL, AVERAGES OVER      40 STEPS


 NSTEP =   200000   TIME(PS) =     200.000  TEMP(K) =    90.07  PRESS =     0.0
 Etot   =         0.0000  EKtot   =         0.0000  EPtot      =       445.1573
 BOND   =         0.0019  ANGLE   =        -0.0016  DIHED      =         0.0000
 1-4 NB =         0.0000  1-4 EEL =         0.0000  VDWAALS    =        -0.0002
 EELEC  =       445.1572  EHBOND  =         0.0000  RESTRAINT  =         0.0000
 DV/DL  =       445.1573
 ------------------------------------------------------------------------------


 NMR restraints on final step:

--------------------------------------------------------------------------------
   5.  TIMINGS
--------------------------------------------------------------------------------

|  NonSetup CPU Time in Major Routines:
|
|     Routine           Sec        %
|     ------------------------------
|     Nonbond          49.33   18.05
|     Bond              0.00    0.00
|     Angle             0.00    0.00
|     Dihedral          0.00    0.00
|     Shake             0.00    0.00
|     RunMD           223.37   81.71
|     Other             0.67    0.24
|     ------------------------------
|     Total           273.37

|  PME Nonbond Pairlist CPU Time:
|
|     Routine              Sec        %
|     ---------------------------------
|     Set Up Cit           0.00    0.00
|     Build List           0.00    0.00
|     ---------------------------------
|     Total                0.00    0.00

|  PME Direct Force CPU Time:
|
|     Routine              Sec        %
|     ---------------------------------
|     NonBonded Calc       0.00    0.00
|     Exclude Masked       0.00    0.00
|     Other                0.46    0.17
|     ---------------------------------
|     Total                0.46    0.17

|  PME Reciprocal Force CPU Time:
|
|     Routine              Sec        %
|     ---------------------------------
|     1D bspline           0.00    0.00
|     Grid Charges         0.00    0.00
|     Scalar Sum           0.00    0.00
|     Gradient Sum         0.00    0.00
|     FFT                  0.00    0.00
|     ---------------------------------
|     Total                0.00    0.00

|  Final Performance Info:
|     -----------------------------------------------------
|     Average timings for last   15000 steps:
|     Elapsed(s) =      21.20 Per Step(ms) =       1.41
|         ns/day =      61.13   seconds/ns =    1413.46
|
|     Average timings for all steps:
|     Elapsed(s) =     273.82 Per Step(ms) =       1.37
|         ns/day =      63.11   seconds/ns =    1369.11
|     -----------------------------------------------------

|  Setup CPU time:            0.55 seconds
|  NonSetup CPU time:       273.37 seconds
|  Total CPU time:          273.92 seconds     0.08 hours

|  Setup wall time:           0    seconds
|  NonSetup wall time:      274    seconds
|  Total wall time:         274    seconds     0.08 hours
