
          -------------------------------------------------------
          Amber 20 PMEMD                              2020
          -------------------------------------------------------

| PMEMD implementation of SANDER, Release 18

|  Compiled date/time: Mon Apr 27 21:19:54 2020
| Run on 09/30/2020 at 18:06:36

|   Executable path: /opt/software/Amber/20-fosscuda-2019b/amber20/bin/pmemd.cuda
| Working directory: /mnt/ls15/scratch/users/songlin3/run/solvation_amber20/po4/two_step_tip3p_PO4/step1_po4_to_vdw/0.20634
|          Hostname: lac-142

  [-O]verwriting output

File Assignments:
|   MDIN: heat.in                                                               
|  MDOUT: heat.out                                                              
| INPCRD: min.rst                                                               
|   PARM: step1.prmtop                                                          
| RESTRT: heat.rst                                                              
|   REFC: min.rst                                                               
|  MDVEL: mdvel                                                                 
|   MDEN: mden                                                                  
|  MDCRD: heat.netcdf                                                           
| MDINFO: heat.mdinfo                                                           
|  MDFRC: mdfrc                                                                 


 Here is the input file:

nvt for free MD                                                                
 &cntrl                                                                        
  imin=0,                                                                      
  irest=0,                                                                     
  ntx=1,                                                                       
  ig=-1,                                                                       
  nstlim=100000,                                                               
  dt=0.002,                                                                    
  cut=10.0,                                                                    
  ntc=2,                                                                       
  ntf=2,                                                                       
  ntb=1,                                                                       
  ntt=3,                                                                       
  gamma_ln=2.0,                                                                
  tempi=0.0,                                                                   
  temp0=300.0,                                                                 
  ntpr=5000,                                                                   
  ntwr=5000,                                                                   
  ntwx=10000,                                                                  
  ntwv=0,                                                                      
  ioutfm=1,                                                                    
  iwrap=0,                                                                     
  nmropt=1,                                                                    
  ifsc = 0, icfe=1,                                                            
  clambda=0.20634,                                                             
  timask1=':1',                                                                
  timask2=':2', crgmask = ':2',                                                
/                                                                              
&wt TYPE='TEMP0', istep1=0, istep2=90000, value1=0.0, value2=300.0 /           
&wt TYPE='TEMP0', istep1=90001, istep2=100000, value1=300.0, value2=300.0 /    
&wt TYPE='DUMPFREQ', istep1=10000, /                                           
&wt TYPE='END', /                                                              


Note: ig = -1. Setting random seed to   728701 based on wallclock time in 
      microseconds.
| irandom = 1, using AMBER's internal random number generator (default).
 
|--------------------- INFORMATION ----------------------
| GPU (CUDA) Version of PMEMD in use: NVIDIA GPU IN USE.
|                    Version 18.0.0
| 
|                      03/25/2018
| 
| Implementation by:
|                    Ross C. Walker     (SDSC)
|                    Scott Le Grand     (nVIDIA)
| 
| Version 18 performance extensions by:
|                    David Cerutti     (Rutgers)
| 
| Precision model in use:
|      [SPFP] - Single Precision Forces, 64-bit Fixed Point
|               Accumulation. (Default)
| 
|--------------------------------------------------------
 
|----------------- CITATION INFORMATION -----------------
|
|    When publishing work that utilized the CUDA version
|    of AMBER, please cite the following in addition to
|    the regular AMBER citations:
|
|  - Romelia Salomon-Ferrer; Andreas W. Goetz; Duncan
|    Poole; Scott Le Grand; Ross C. Walker "Routine
|    microsecond molecular dynamics simulations with
|    AMBER - Part II: Particle Mesh Ewald", J. Chem.
|    Theory Comput., 2013, 9 (9), pp3878-3888,
|    DOI: 10.1021/ct400314y.
|
|  - Andreas W. Goetz; Mark J. Williamson; Dong Xu;
|    Duncan Poole; Scott Le Grand; Ross C. Walker
|    "Routine microsecond molecular dynamics simulations
|    with AMBER - Part I: Generalized Born", J. Chem.
|    Theory Comput., 2012, 8 (5), pp1542-1555.
|
|  - Scott Le Grand; Andreas W. Goetz; Ross C. Walker
|    "SPFP: Speed without compromise - a mixed precision
|    model for GPU accelerated molecular dynamics
|    simulations.", Comp. Phys. Comm., 2013, 184
|    pp374-380, DOI: 10.1016/j.cpc.2012.09.022
|
|    When publishing work that utilized the CUDA version
|    of TI, BAR, MBAR or FEP please cite the following 
|    publications in addition to the regular AMBER 
|    GPU citations:
|
|  - Daniel J. Mermelstein; Charles Lin; Gard Nelson; 
|    Rachael Kretsch; J. Andrew McCammon; Ross C. Walker
|    "Fast and Flexible GPU Accelerated Binding 
|    Free Energy Calculations within the AMBER Molecular
|    Dynamics Package" J. Comp. Chem., 2018,
|    DOI: 10.1002/jcc.25187
|
|  - Tai-Sung Lee; Yuan Hu; Brad Sherborne; Zhuyan Guo;
|    Darrin M. York
|    "Toward Fast and Accurate Binding Affinity Prediction with
|    pmemdGTI: An Efficient Implementation of GPU-Accelerated
|    Thermodynamic Integration"
|    J. Chem. Theory Comput., 2017, 13 (7), 3077
|
|
|--------------------------------------------------------
 
|------------------- GPU DEVICE INFO --------------------
|
|            CUDA_VISIBLE_DEVICES: 0
|   CUDA Capable Devices Detected:      1
|           CUDA Device ID in use:      0
|                CUDA Device Name: Tesla K80
|     CUDA Device Global Mem Size:  11441 MB
| CUDA Device Num Multiprocessors:     13
|           CUDA Device Core Freq:   0.82 GHz
|
|--------------------------------------------------------
 
 
| Conditional Compilation Defines Used:
| FFTW_FFT
| BINTRAJ
| MKL
| CUDA
| EMIL

| Largest sphere to fit in unit cell has radius =    22.455

| New format PARM file being parsed.
| Version =    1.000 Date = 09/30/20 Time = 15:28:49

| Note: 1-4 EEL scale factors are being read from the topology file.

| Note: 1-4 VDW scale factors are being read from the topology file.
| Duplicated    0 dihedrals

| Duplicated    0 dihedrals

--------------------------------------------------------------------------------
   1.  RESOURCE   USE: 
--------------------------------------------------------------------------------

 getting box info from netcdf restart file
 NATOM  =   11419 NTYPES =       4 NBONH =   11409 MBONA  =       8
 NTHETH =       0 MTHETA =      12 NPHIH =       0 MPHIA  =       0
 NHPARM =       0 NPARM  =       0 NNB   =   15234 NRES   =    3805
 NBONA  =       8 NTHETA =      12 NPHIA =       0 NUMBND =       3
 NUMANG =       1 NPTRA  =       0 NATYP =       4 NPHB   =       1
 IFBOX  =       2 NMXRS  =       5 IFCAP =       0 NEXTRA =       0
 NCOPY  =       0

| Coordinate Index Table dimensions:     8    8    8
| Direct force subcell size =     6.8755    6.8755    6.8755

     BOX TYPE: TRUNCATED OCTAHEDRON

--------------------------------------------------------------------------------
   2.  CONTROL  DATA  FOR  THE  RUN
--------------------------------------------------------------------------------

default_name                                                                    

General flags:
     imin    =       0, nmropt  =       1

Nature and format of input:
     ntx     =       1, irest   =       0, ntrx    =       1

Nature and format of output:
     ntxo    =       2, ntpr    =    5000, ntrx    =       1, ntwr    =    5000
     iwrap   =       0, ntwx    =   10000, ntwv    =       0, ntwe    =       0
     ioutfm  =       1, ntwprt  =       0, idecomp =       0, rbornstat=      0

Potential function:
     ntf     =       2, ntb     =       1, igb     =       0, nsnb    =      25
     ipol    =       0, gbsa    =       0, iesp    =       0
     dielc   =   1.00000, cut     =  10.00000, intdiel =   1.00000

Frozen or restrained atoms:
     ibelly  =       0, ntr     =       0

Molecular dynamics:
     nstlim  =    100000, nscm    =      1000, nrespa  =         1
     t       =   0.00000, dt      =   0.00200, vlimit  =  -1.00000

Langevin dynamics temperature regulation:
     ig      =  728701
     temp0   = 300.00000, tempi   =   0.00000, gamma_ln=   2.00000

SHAKE:
     ntc     =       2, jfastw  =       0
     tol     =   0.00001

NMR refinement options:
     iscale  =       0, noeskp  =       1, ipnlty  =       1, mxsub   =       1
     scalm   = 100.00000, pencut  =   0.10000, tausw   =   0.10000

Free energy options:
     icfe    =       1, ifsc    =       0, klambda =       1
     clambda =  0.2063, scalpha =  0.5000, scbeta  = 12.0000
     sceeorder =       2
     dynlmb =  0.0000 logdvdl =       0

| Intermolecular bonds treatment:
|     no_intermolecular_bonds =       1

| Energy averages sample interval:
|     ene_avg_sampling =    5000

Ewald parameters:
     verbose =       0, ew_type =       0, nbflag  =       1, use_pme =       1
     vdwmeth =       1, eedmeth =       1, netfrc  =       1
     Box X =   55.004   Box Y =   55.004   Box Z =   55.004
     Alpha =  109.471   Beta  =  109.471   Gamma =  109.471
     NFFT1 =   56       NFFT2 =   56       NFFT3 =   56
     Cutoff=   10.000   Tol   =0.100E-04
     Ewald Coefficient =  0.27511
     Interpolation order =    4
     TI Mask 1 :1; matches      5 atoms
     TI Mask 2 :2; matches      5 atoms
     TI region 1:   11414 atoms
     TI region 2:   11414 atoms
Removing charge of       1.4352 from atom       6
Removing charge of      -1.1088 from atom       7
Removing charge of      -1.1088 from atom       8
Removing charge of      -1.1088 from atom       9
Removing charge of      -1.1088 from atom      10
Total charge of  -2.99999999 removed from       5 atoms
     Checking for mismatched coordinates.

--------------------------------------------------------------------------------
   3.  ATOMIC COORDINATES AND VELOCITIES
--------------------------------------------------------------------------------

default_name                                                                    
 begin time read from input coords =     0.000 ps



           Begin reading energy term weight changes/NMR restraints
 WEIGHT CHANGES:
 TEMP0         0  90000    0.000000  300.000000      0      0
 TEMP0     90001 100000  300.000000  300.000000      0      0
 DUMPFREQ  10000      0    0.000000    0.000000      0      0

 RESTRAINTS:
                          ** No restraint defined **

                  Done reading weight changes/NMR restraints


 
 Number of triangulated 3-point waters found:     3803

     Sum of charges for TI region  1 =  -2.99999999
     Skip neutralizing charges...


     Sum of charges for TI region  2 =   0.00000000
     Skip neutralizing charges...

| Dynamic Memory, Types Used:
| Reals              565983
| Integers           434108

| Nonbonded Pairs Initial Allocation:     3453962

| GPU memory information (estimate):
| KB of GPU memory in use:    101504
| KB of CPU memory in use:     24224

--------------------------------------------------------------------------------
   4.  RESULTS
--------------------------------------------------------------------------------


| TI region  1


 NSTEP =        0   TIME(PS) =       0.000  TEMP(K) =     0.00  PRESS =     0.0
 Etot   =    -34810.1902  EKtot   =         0.0000  EPtot      =    -34810.1902
 BOND   =         0.0414  ANGLE   =         6.4580  DIHED      =         0.0000
 1-4 NB =         0.0000  1-4 EEL =         0.0000  VDWAALS    =      2556.6271
 EELEC  =    -37373.3167  EHBOND  =         0.0000  RESTRAINT  =         0.0000
 DV/DL  =       242.5619
 ------------------------------------------------------------------------------


| TI region  2


 NSTEP =        0   TIME(PS) =       0.000  TEMP(K) =     0.00  PRESS =     0.0
 Etot   =    -34810.1902  EKtot   =         0.0000  EPtot      =    -34810.1902
 BOND   =         0.0414  ANGLE   =         6.4580  DIHED      =         0.0000
 1-4 NB =         0.0000  1-4 EEL =         0.0000  VDWAALS    =      2556.6271
 EELEC  =    -37373.3167  EHBOND  =         0.0000  RESTRAINT  =         0.0000
 DV/DL  =       242.5619
 ------------------------------------------------------------------------------

 NMR restraints: Bond =    0.000   Angle =     0.000   Torsion =     0.000
===============================================================================

| TI region  1


 NSTEP =     5000   TIME(PS) =      10.000  TEMP(K) =    16.10  PRESS =     0.0
 Etot   =    -45040.4991  EKtot   =       365.1544  EPtot      =    -45405.6535
 BOND   =         0.7084  ANGLE   =         6.3732  DIHED      =         0.0000
 1-4 NB =         0.0000  1-4 EEL =         0.0000  VDWAALS    =      8181.9556
 EELEC  =    -53594.6906  EHBOND  =         0.0000  RESTRAINT  =         0.0000
 DV/DL  =       951.8481
 ------------------------------------------------------------------------------


| TI region  2


 NSTEP =     5000   TIME(PS) =      10.000  TEMP(K) =    16.10  PRESS =     0.0
 Etot   =    -45040.4991  EKtot   =       365.1544  EPtot      =    -45405.6535
 BOND   =         0.7084  ANGLE   =         6.3732  DIHED      =         0.0000
 1-4 NB =         0.0000  1-4 EEL =         0.0000  VDWAALS    =      8181.9556
 EELEC  =    -53594.6906  EHBOND  =         0.0000  RESTRAINT  =         0.0000
 DV/DL  =       951.8481
 ------------------------------------------------------------------------------

 NMR restraints: Bond =    0.000   Angle =     0.000   Torsion =     0.000
===============================================================================

| TI region  1


 NSTEP =    10000   TIME(PS) =      20.000  TEMP(K) =    32.45  PRESS =     0.0
 Etot   =    -44446.9042  EKtot   =       736.1880  EPtot      =    -45183.0923
 BOND   =         1.2616  ANGLE   =         6.6260  DIHED      =         0.0000
 1-4 NB =         0.0000  1-4 EEL =         0.0000  VDWAALS    =      8295.7543
 EELEC  =    -53486.7342  EHBOND  =         0.0000  RESTRAINT  =         0.0000
 DV/DL  =       949.8911
 ------------------------------------------------------------------------------


| TI region  2


 NSTEP =    10000   TIME(PS) =      20.000  TEMP(K) =    32.45  PRESS =     0.0
 Etot   =    -44446.9042  EKtot   =       736.1880  EPtot      =    -45183.0923
 BOND   =         1.2616  ANGLE   =         6.6260  DIHED      =         0.0000
 1-4 NB =         0.0000  1-4 EEL =         0.0000  VDWAALS    =      8295.7543
 EELEC  =    -53486.7342  EHBOND  =         0.0000  RESTRAINT  =         0.0000
 DV/DL  =       949.8911
 ------------------------------------------------------------------------------

 NMR restraints: Bond =    0.000   Angle =     0.000   Torsion =     0.000
===============================================================================

| TI region  1


 NSTEP =    15000   TIME(PS) =      30.000  TEMP(K) =    48.83  PRESS =     0.0
 Etot   =    -43812.7009  EKtot   =      1107.7062  EPtot      =    -44920.4071
 BOND   =         0.5904  ANGLE   =         6.5812  DIHED      =         0.0000
 1-4 NB =         0.0000  1-4 EEL =         0.0000  VDWAALS    =      8259.5897
 EELEC  =    -53187.1684  EHBOND  =         0.0000  RESTRAINT  =         0.0000
 DV/DL  =       966.5522
 ------------------------------------------------------------------------------


| TI region  2


 NSTEP =    15000   TIME(PS) =      30.000  TEMP(K) =    48.83  PRESS =     0.0
 Etot   =    -43812.7009  EKtot   =      1107.7062  EPtot      =    -44920.4071
 BOND   =         0.5904  ANGLE   =         6.5812  DIHED      =         0.0000
 1-4 NB =         0.0000  1-4 EEL =         0.0000  VDWAALS    =      8259.5897
 EELEC  =    -53187.1684  EHBOND  =         0.0000  RESTRAINT  =         0.0000
 DV/DL  =       966.5522
 ------------------------------------------------------------------------------

 NMR restraints: Bond =    0.000   Angle =     0.000   Torsion =     0.000
===============================================================================

| TI region  1


 NSTEP =    20000   TIME(PS) =      40.000  TEMP(K) =    66.15  PRESS =     0.0
 Etot   =    -43138.9414  EKtot   =      1500.7277  EPtot      =    -44639.6691
 BOND   =         0.6578  ANGLE   =         6.6208  DIHED      =         0.0000
 1-4 NB =         0.0000  1-4 EEL =         0.0000  VDWAALS    =      8265.8271
 EELEC  =    -52912.7748  EHBOND  =         0.0000  RESTRAINT  =         0.0000
 DV/DL  =       939.9290
 ------------------------------------------------------------------------------


| TI region  2


 NSTEP =    20000   TIME(PS) =      40.000  TEMP(K) =    66.15  PRESS =     0.0
 Etot   =    -43138.9414  EKtot   =      1500.7277  EPtot      =    -44639.6691
 BOND   =         0.6578  ANGLE   =         6.6208  DIHED      =         0.0000
 1-4 NB =         0.0000  1-4 EEL =         0.0000  VDWAALS    =      8265.8271
 EELEC  =    -52912.7748  EHBOND  =         0.0000  RESTRAINT  =         0.0000
 DV/DL  =       939.9290
 ------------------------------------------------------------------------------

 NMR restraints: Bond =    0.000   Angle =     0.000   Torsion =     0.000
===============================================================================

| TI region  1


 NSTEP =    25000   TIME(PS) =      50.000  TEMP(K) =    81.90  PRESS =     0.0
 Etot   =    -42551.2025  EKtot   =      1857.9590  EPtot      =    -44409.1615
 BOND   =         1.2940  ANGLE   =         7.2489  DIHED      =         0.0000
 1-4 NB =         0.0000  1-4 EEL =         0.0000  VDWAALS    =      8166.8274
 EELEC  =    -52584.5318  EHBOND  =         0.0000  RESTRAINT  =         0.0000
 DV/DL  =       954.5357
 ------------------------------------------------------------------------------


| TI region  2


 NSTEP =    25000   TIME(PS) =      50.000  TEMP(K) =    81.90  PRESS =     0.0
 Etot   =    -42551.2025  EKtot   =      1857.9590  EPtot      =    -44409.1615
 BOND   =         1.2940  ANGLE   =         7.2489  DIHED      =         0.0000
 1-4 NB =         0.0000  1-4 EEL =         0.0000  VDWAALS    =      8166.8274
 EELEC  =    -52584.5318  EHBOND  =         0.0000  RESTRAINT  =         0.0000
 DV/DL  =       954.5357
 ------------------------------------------------------------------------------

 NMR restraints: Bond =    0.000   Angle =     0.000   Torsion =     0.000
===============================================================================

| TI region  1


 NSTEP =    30000   TIME(PS) =      60.000  TEMP(K) =    99.56  PRESS =     0.0
 Etot   =    -41979.9190  EKtot   =      2258.7243  EPtot      =    -44238.6433
 BOND   =         1.1351  ANGLE   =         6.6177  DIHED      =         0.0000
 1-4 NB =         0.0000  1-4 EEL =         0.0000  VDWAALS    =      8219.8532
 EELEC  =    -52466.2494  EHBOND  =         0.0000  RESTRAINT  =         0.0000
 DV/DL  =       950.4244
 ------------------------------------------------------------------------------


| TI region  2


 NSTEP =    30000   TIME(PS) =      60.000  TEMP(K) =    99.56  PRESS =     0.0
 Etot   =    -41979.9190  EKtot   =      2258.7243  EPtot      =    -44238.6433
 BOND   =         1.1351  ANGLE   =         6.6177  DIHED      =         0.0000
 1-4 NB =         0.0000  1-4 EEL =         0.0000  VDWAALS    =      8219.8532
 EELEC  =    -52466.2494  EHBOND  =         0.0000  RESTRAINT  =         0.0000
 DV/DL  =       950.4244
 ------------------------------------------------------------------------------

 NMR restraints: Bond =    0.000   Angle =     0.000   Torsion =     0.000
===============================================================================

| TI region  1


 NSTEP =    35000   TIME(PS) =      70.000  TEMP(K) =   115.16  PRESS =     0.0
 Etot   =    -41248.0652  EKtot   =      2612.5309  EPtot      =    -43860.5960
 BOND   =         0.6702  ANGLE   =         6.5820  DIHED      =         0.0000
 1-4 NB =         0.0000  1-4 EEL =         0.0000  VDWAALS    =      8090.0324
 EELEC  =    -51957.8805  EHBOND  =         0.0000  RESTRAINT  =         0.0000
 DV/DL  =       930.7957
 ------------------------------------------------------------------------------


| TI region  2


 NSTEP =    35000   TIME(PS) =      70.000  TEMP(K) =   115.16  PRESS =     0.0
 Etot   =    -41248.0652  EKtot   =      2612.5309  EPtot      =    -43860.5960
 BOND   =         0.6702  ANGLE   =         6.5820  DIHED      =         0.0000
 1-4 NB =         0.0000  1-4 EEL =         0.0000  VDWAALS    =      8090.0324
 EELEC  =    -51957.8805  EHBOND  =         0.0000  RESTRAINT  =         0.0000
 DV/DL  =       930.7957
 ------------------------------------------------------------------------------

 NMR restraints: Bond =    0.000   Angle =     0.000   Torsion =     0.000
===============================================================================

| TI region  1


 NSTEP =    40000   TIME(PS) =      80.000  TEMP(K) =   129.40  PRESS =     0.0
 Etot   =    -40560.6409  EKtot   =      2935.6414  EPtot      =    -43496.2823
 BOND   =         0.6601  ANGLE   =         7.3150  DIHED      =         0.0000
 1-4 NB =         0.0000  1-4 EEL =         0.0000  VDWAALS    =      7927.9204
 EELEC  =    -51432.1779  EHBOND  =         0.0000  RESTRAINT  =         0.0000
 DV/DL  =       930.1383
 ------------------------------------------------------------------------------


| TI region  2


 NSTEP =    40000   TIME(PS) =      80.000  TEMP(K) =   129.40  PRESS =     0.0
 Etot   =    -40560.6409  EKtot   =      2935.6414  EPtot      =    -43496.2823
 BOND   =         0.6601  ANGLE   =         7.3150  DIHED      =         0.0000
 1-4 NB =         0.0000  1-4 EEL =         0.0000  VDWAALS    =      7927.9204
 EELEC  =    -51432.1779  EHBOND  =         0.0000  RESTRAINT  =         0.0000
 DV/DL  =       930.1383
 ------------------------------------------------------------------------------

 NMR restraints: Bond =    0.000   Angle =     0.000   Torsion =     0.000
===============================================================================

| TI region  1


 NSTEP =    45000   TIME(PS) =      90.000  TEMP(K) =   148.77  PRESS =     0.0
 Etot   =    -39833.0027  EKtot   =      3375.0711  EPtot      =    -43208.0738
 BOND   =         1.7301  ANGLE   =         7.3054  DIHED      =         0.0000
 1-4 NB =         0.0000  1-4 EEL =         0.0000  VDWAALS    =      7838.4685
 EELEC  =    -51055.5777  EHBOND  =         0.0000  RESTRAINT  =         0.0000
 DV/DL  =       940.1376
 ------------------------------------------------------------------------------


| TI region  2


 NSTEP =    45000   TIME(PS) =      90.000  TEMP(K) =   148.77  PRESS =     0.0
 Etot   =    -39833.0027  EKtot   =      3375.0711  EPtot      =    -43208.0738
 BOND   =         1.7301  ANGLE   =         7.3054  DIHED      =         0.0000
 1-4 NB =         0.0000  1-4 EEL =         0.0000  VDWAALS    =      7838.4685
 EELEC  =    -51055.5777  EHBOND  =         0.0000  RESTRAINT  =         0.0000
 DV/DL  =       940.1376
 ------------------------------------------------------------------------------

 NMR restraints: Bond =    0.000   Angle =     0.000   Torsion =     0.000
===============================================================================

| TI region  1


 NSTEP =    50000   TIME(PS) =     100.000  TEMP(K) =   164.88  PRESS =     0.0
 Etot   =    -39018.1490  EKtot   =      3740.5602  EPtot      =    -42758.7093
 BOND   =         0.1451  ANGLE   =         7.4888  DIHED      =         0.0000
 1-4 NB =         0.0000  1-4 EEL =         0.0000  VDWAALS    =      7609.4807
 EELEC  =    -50375.8239  EHBOND  =         0.0000  RESTRAINT  =         0.0000
 DV/DL  =       931.2572
 ------------------------------------------------------------------------------


| TI region  2


 NSTEP =    50000   TIME(PS) =     100.000  TEMP(K) =   164.88  PRESS =     0.0
 Etot   =    -39018.1490  EKtot   =      3740.5602  EPtot      =    -42758.7093
 BOND   =         0.1451  ANGLE   =         7.4888  DIHED      =         0.0000
 1-4 NB =         0.0000  1-4 EEL =         0.0000  VDWAALS    =      7609.4807
 EELEC  =    -50375.8239  EHBOND  =         0.0000  RESTRAINT  =         0.0000
 DV/DL  =       931.2572
 ------------------------------------------------------------------------------

 NMR restraints: Bond =    0.000   Angle =     0.000   Torsion =     0.000
===============================================================================

| TI region  1


 NSTEP =    55000   TIME(PS) =     110.000  TEMP(K) =   183.91  PRESS =     0.0
 Etot   =    -38075.7447  EKtot   =      4172.3399  EPtot      =    -42248.0846
 BOND   =         3.8428  ANGLE   =         6.9723  DIHED      =         0.0000
 1-4 NB =         0.0000  1-4 EEL =         0.0000  VDWAALS    =      7391.4427
 EELEC  =    -49650.3422  EHBOND  =         0.0000  RESTRAINT  =         0.0000
 DV/DL  =       976.0750
 ------------------------------------------------------------------------------


| TI region  2


 NSTEP =    55000   TIME(PS) =     110.000  TEMP(K) =   183.91  PRESS =     0.0
 Etot   =    -38075.7447  EKtot   =      4172.3399  EPtot      =    -42248.0846
 BOND   =         3.8428  ANGLE   =         6.9723  DIHED      =         0.0000
 1-4 NB =         0.0000  1-4 EEL =         0.0000  VDWAALS    =      7391.4427
 EELEC  =    -49650.3422  EHBOND  =         0.0000  RESTRAINT  =         0.0000
 DV/DL  =       976.0750
 ------------------------------------------------------------------------------

 NMR restraints: Bond =    0.000   Angle =     0.000   Torsion =     0.000
===============================================================================

| TI region  1


 NSTEP =    60000   TIME(PS) =     120.000  TEMP(K) =   200.85  PRESS =     0.0
 Etot   =    -37061.8620  EKtot   =      4556.6790  EPtot      =    -41618.5410
 BOND   =         1.7247  ANGLE   =         7.0342  DIHED      =         0.0000
 1-4 NB =         0.0000  1-4 EEL =         0.0000  VDWAALS    =      7305.5162
 EELEC  =    -48932.8161  EHBOND  =         0.0000  RESTRAINT  =         0.0000
 DV/DL  =       965.5326
 ------------------------------------------------------------------------------


| TI region  2


 NSTEP =    60000   TIME(PS) =     120.000  TEMP(K) =   200.85  PRESS =     0.0
 Etot   =    -37061.8620  EKtot   =      4556.6790  EPtot      =    -41618.5410
 BOND   =         1.7247  ANGLE   =         7.0342  DIHED      =         0.0000
 1-4 NB =         0.0000  1-4 EEL =         0.0000  VDWAALS    =      7305.5162
 EELEC  =    -48932.8161  EHBOND  =         0.0000  RESTRAINT  =         0.0000
 DV/DL  =       965.5326
 ------------------------------------------------------------------------------

 NMR restraints: Bond =    0.000   Angle =     0.000   Torsion =     0.000
===============================================================================

| TI region  1


 NSTEP =    65000   TIME(PS) =     130.000  TEMP(K) =   215.14  PRESS =     0.0
 Etot   =    -35744.7546  EKtot   =      4880.8928  EPtot      =    -40625.6475
 BOND   =         1.5911  ANGLE   =         7.4643  DIHED      =         0.0000
 1-4 NB =         0.0000  1-4 EEL =         0.0000  VDWAALS    =      6720.8709
 EELEC  =    -47355.5737  EHBOND  =         0.0000  RESTRAINT  =         0.0000
 DV/DL  =      1002.1843
 ------------------------------------------------------------------------------


| TI region  2


 NSTEP =    65000   TIME(PS) =     130.000  TEMP(K) =   215.14  PRESS =     0.0
 Etot   =    -35744.7546  EKtot   =      4880.8928  EPtot      =    -40625.6475
 BOND   =         1.5911  ANGLE   =         7.4643  DIHED      =         0.0000
 1-4 NB =         0.0000  1-4 EEL =         0.0000  VDWAALS    =      6720.8709
 EELEC  =    -47355.5737  EHBOND  =         0.0000  RESTRAINT  =         0.0000
 DV/DL  =      1002.1843
 ------------------------------------------------------------------------------

 NMR restraints: Bond =    0.000   Angle =     0.000   Torsion =     0.000
===============================================================================

| TI region  1


 NSTEP =    70000   TIME(PS) =     140.000  TEMP(K) =   231.61  PRESS =     0.0
 Etot   =    -34463.5271  EKtot   =      5254.4312  EPtot      =    -39717.9583
 BOND   =         2.3905  ANGLE   =         7.9287  DIHED      =         0.0000
 1-4 NB =         0.0000  1-4 EEL =         0.0000  VDWAALS    =      6430.4491
 EELEC  =    -46158.7266  EHBOND  =         0.0000  RESTRAINT  =         0.0000
 DV/DL  =       961.4687
 ------------------------------------------------------------------------------


| TI region  2


 NSTEP =    70000   TIME(PS) =     140.000  TEMP(K) =   231.61  PRESS =     0.0
 Etot   =    -34463.5271  EKtot   =      5254.4312  EPtot      =    -39717.9583
 BOND   =         2.3905  ANGLE   =         7.9287  DIHED      =         0.0000
 1-4 NB =         0.0000  1-4 EEL =         0.0000  VDWAALS    =      6430.4491
 EELEC  =    -46158.7266  EHBOND  =         0.0000  RESTRAINT  =         0.0000
 DV/DL  =       961.4687
 ------------------------------------------------------------------------------

 NMR restraints: Bond =    0.000   Angle =     0.000   Torsion =     0.000
===============================================================================

| TI region  1


 NSTEP =    75000   TIME(PS) =     150.000  TEMP(K) =   245.80  PRESS =     0.0
 Etot   =    -33226.3409  EKtot   =      5576.4331  EPtot      =    -38802.7740
 BOND   =         2.0076  ANGLE   =         9.2681  DIHED      =         0.0000
 1-4 NB =         0.0000  1-4 EEL =         0.0000  VDWAALS    =      6207.8787
 EELEC  =    -45021.9284  EHBOND  =         0.0000  RESTRAINT  =         0.0000
 DV/DL  =       983.2813
 ------------------------------------------------------------------------------


| TI region  2


 NSTEP =    75000   TIME(PS) =     150.000  TEMP(K) =   245.80  PRESS =     0.0
 Etot   =    -33226.3409  EKtot   =      5576.4331  EPtot      =    -38802.7740
 BOND   =         2.0076  ANGLE   =         9.2681  DIHED      =         0.0000
 1-4 NB =         0.0000  1-4 EEL =         0.0000  VDWAALS    =      6207.8787
 EELEC  =    -45021.9284  EHBOND  =         0.0000  RESTRAINT  =         0.0000
 DV/DL  =       983.2813
 ------------------------------------------------------------------------------

 NMR restraints: Bond =    0.000   Angle =     0.000   Torsion =     0.000
===============================================================================

| TI region  1


 NSTEP =    80000   TIME(PS) =     160.000  TEMP(K) =   263.78  PRESS =     0.0
 Etot   =    -31557.1277  EKtot   =      5984.3952  EPtot      =    -37541.5229
 BOND   =         3.0167  ANGLE   =         6.5879  DIHED      =         0.0000
 1-4 NB =         0.0000  1-4 EEL =         0.0000  VDWAALS    =      5620.5804
 EELEC  =    -43171.7079  EHBOND  =         0.0000  RESTRAINT  =         0.0000
 DV/DL  =       979.5596
 ------------------------------------------------------------------------------


| TI region  2


 NSTEP =    80000   TIME(PS) =     160.000  TEMP(K) =   263.78  PRESS =     0.0
 Etot   =    -31557.1277  EKtot   =      5984.3952  EPtot      =    -37541.5229
 BOND   =         3.0167  ANGLE   =         6.5879  DIHED      =         0.0000
 1-4 NB =         0.0000  1-4 EEL =         0.0000  VDWAALS    =      5620.5804
 EELEC  =    -43171.7079  EHBOND  =         0.0000  RESTRAINT  =         0.0000
 DV/DL  =       979.5596
 ------------------------------------------------------------------------------

 NMR restraints: Bond =    0.000   Angle =     0.000   Torsion =     0.000
===============================================================================

| TI region  1


 NSTEP =    85000   TIME(PS) =     170.000  TEMP(K) =   283.20  PRESS =     0.0
 Etot   =    -30361.7855  EKtot   =      6424.8542  EPtot      =    -36786.6397
 BOND   =         0.6650  ANGLE   =         9.1119  DIHED      =         0.0000
 1-4 NB =         0.0000  1-4 EEL =         0.0000  VDWAALS    =      5555.3806
 EELEC  =    -42351.7972  EHBOND  =         0.0000  RESTRAINT  =         0.0000
 DV/DL  =       999.6571
 ------------------------------------------------------------------------------


| TI region  2


 NSTEP =    85000   TIME(PS) =     170.000  TEMP(K) =   283.20  PRESS =     0.0
 Etot   =    -30361.7855  EKtot   =      6424.8542  EPtot      =    -36786.6397
 BOND   =         0.6650  ANGLE   =         9.1119  DIHED      =         0.0000
 1-4 NB =         0.0000  1-4 EEL =         0.0000  VDWAALS    =      5555.3806
 EELEC  =    -42351.7972  EHBOND  =         0.0000  RESTRAINT  =         0.0000
 DV/DL  =       999.6571
 ------------------------------------------------------------------------------

 NMR restraints: Bond =    0.000   Angle =     0.000   Torsion =     0.000
===============================================================================

| TI region  1


 NSTEP =    90000   TIME(PS) =     180.000  TEMP(K) =   298.31  PRESS =     0.0
 Etot   =    -29199.5990  EKtot   =      6767.5976  EPtot      =    -35967.1966
 BOND   =         0.6264  ANGLE   =         8.5957  DIHED      =         0.0000
 1-4 NB =         0.0000  1-4 EEL =         0.0000  VDWAALS    =      5081.5298
 EELEC  =    -41057.9485  EHBOND  =         0.0000  RESTRAINT  =         0.0000
 DV/DL  =       961.3494
 ------------------------------------------------------------------------------


| TI region  2


 NSTEP =    90000   TIME(PS) =     180.000  TEMP(K) =   298.31  PRESS =     0.0
 Etot   =    -29199.5990  EKtot   =      6767.5976  EPtot      =    -35967.1966
 BOND   =         0.6264  ANGLE   =         8.5957  DIHED      =         0.0000
 1-4 NB =         0.0000  1-4 EEL =         0.0000  VDWAALS    =      5081.5298
 EELEC  =    -41057.9485  EHBOND  =         0.0000  RESTRAINT  =         0.0000
 DV/DL  =       961.3494
 ------------------------------------------------------------------------------

 NMR restraints: Bond =    0.000   Angle =     0.000   Torsion =     0.000
===============================================================================

| TI region  1


 NSTEP =    95000   TIME(PS) =     190.000  TEMP(K) =   294.88  PRESS =     0.0
 Etot   =    -29343.4809  EKtot   =      6689.8258  EPtot      =    -36033.3067
 BOND   =         1.0560  ANGLE   =         7.1876  DIHED      =         0.0000
 1-4 NB =         0.0000  1-4 EEL =         0.0000  VDWAALS    =      5262.5816
 EELEC  =    -41304.1319  EHBOND  =         0.0000  RESTRAINT  =         0.0000
 DV/DL  =       978.5805
 ------------------------------------------------------------------------------


| TI region  2


 NSTEP =    95000   TIME(PS) =     190.000  TEMP(K) =   294.88  PRESS =     0.0
 Etot   =    -29343.4809  EKtot   =      6689.8258  EPtot      =    -36033.3067
 BOND   =         1.0560  ANGLE   =         7.1876  DIHED      =         0.0000
 1-4 NB =         0.0000  1-4 EEL =         0.0000  VDWAALS    =      5262.5816
 EELEC  =    -41304.1319  EHBOND  =         0.0000  RESTRAINT  =         0.0000
 DV/DL  =       978.5805
 ------------------------------------------------------------------------------

 NMR restraints: Bond =    0.000   Angle =     0.000   Torsion =     0.000
===============================================================================

| TI region  1


 NSTEP =   100000   TIME(PS) =     200.000  TEMP(K) =   298.59  PRESS =     0.0
 Etot   =    -29046.1827  EKtot   =      6774.1129  EPtot      =    -35820.2956
 BOND   =         1.4641  ANGLE   =         9.4100  DIHED      =         0.0000
 1-4 NB =         0.0000  1-4 EEL =         0.0000  VDWAALS    =      5285.2685
 EELEC  =    -41116.4383  EHBOND  =         0.0000  RESTRAINT  =         0.0000
 DV/DL  =       976.6037
 ------------------------------------------------------------------------------


| TI region  2


 NSTEP =   100000   TIME(PS) =     200.000  TEMP(K) =   298.59  PRESS =     0.0
 Etot   =    -29046.1827  EKtot   =      6774.1129  EPtot      =    -35820.2956
 BOND   =         1.4641  ANGLE   =         9.4100  DIHED      =         0.0000
 1-4 NB =         0.0000  1-4 EEL =         0.0000  VDWAALS    =      5285.2685
 EELEC  =    -41116.4383  EHBOND  =         0.0000  RESTRAINT  =         0.0000
 DV/DL  =       976.6037
 ------------------------------------------------------------------------------

 NMR restraints: Bond =    0.000   Angle =     0.000   Torsion =     0.000
===============================================================================

| TI region  1


      A V E R A G E S   O V E R      20 S T E P S


 NSTEP =   100000   TIME(PS) =     200.000  TEMP(K) =   170.96  PRESS =     0.0
 Etot   =    -37485.5215  EKtot   =      3878.5912  EPtot      =    -41364.1128
 BOND   =         1.3619  ANGLE   =         7.4160  DIHED      =         0.0000
 1-4 NB =         0.0000  1-4 EEL =         0.0000  VDWAALS    =      7085.8604
 EELEC  =    -48458.7510  EHBOND  =         0.0000  RESTRAINT  =         0.0000
 DV/DL  =       961.4901
 ------------------------------------------------------------------------------

 NMR restraints: Bond =    0.000   Angle =     0.000   Torsion =     0.000
===============================================================================

      R M S  F L U C T U A T I O N S


 NSTEP =   100000   TIME(PS) =     200.000  TEMP(K) =    91.88  PRESS =     0.0
 Etot   =      5374.7687  EKtot   =      2084.4683  EPtot      =      3335.1115
 BOND   =         0.8903  ANGLE   =         0.9341  DIHED      =         0.0000
 1-4 NB =         0.0000  1-4 EEL =         0.0000  VDWAALS    =      1161.8127
 EELEC  =      4491.7809  EHBOND  =         0.0000  RESTRAINT  =         0.0000
 DV/DL  =        21.0328
 ------------------------------------------------------------------------------


| TI region  2


      A V E R A G E S   O V E R      20 S T E P S


 NSTEP =   100000   TIME(PS) =     200.000  TEMP(K) =   170.96  PRESS =     0.0
 Etot   =    -37485.5215  EKtot   =      3878.5912  EPtot      =    -41364.1128
 BOND   =         1.3619  ANGLE   =         7.4160  DIHED      =         0.0000
 1-4 NB =         0.0000  1-4 EEL =         0.0000  VDWAALS    =      7085.8604
 EELEC  =    -48458.7510  EHBOND  =         0.0000  RESTRAINT  =         0.0000
 DV/DL  =       961.4901
 ------------------------------------------------------------------------------

 NMR restraints: Bond =    0.000   Angle =     0.000   Torsion =     0.000
===============================================================================

      R M S  F L U C T U A T I O N S


 NSTEP =   100000   TIME(PS) =     200.000  TEMP(K) =    91.88  PRESS =     0.0
 Etot   =      5374.7687  EKtot   =      2084.4683  EPtot      =      3335.1115
 BOND   =         0.8903  ANGLE   =         0.9341  DIHED      =         0.0000
 1-4 NB =         0.0000  1-4 EEL =         0.0000  VDWAALS    =      1161.8127
 EELEC  =      4491.7809  EHBOND  =         0.0000  RESTRAINT  =         0.0000
 DV/DL  =        21.0328
 ------------------------------------------------------------------------------


      DV/DL, AVERAGES OVER      20 STEPS


 NSTEP =   100000   TIME(PS) =     200.000  TEMP(K) =    91.88  PRESS =     0.0
 Etot   =         0.0000  EKtot   =         0.0000  EPtot      =       961.4901
 BOND   =         0.0000  ANGLE   =         0.0000  DIHED      =         0.0000
 1-4 NB =         0.0000  1-4 EEL =         0.0000  VDWAALS    =         0.0000
 EELEC  =       961.4901  EHBOND  =         0.0000  RESTRAINT  =         0.0000
 DV/DL  =       961.4901
 ------------------------------------------------------------------------------


 NMR restraints on final step:

--------------------------------------------------------------------------------
   5.  TIMINGS
--------------------------------------------------------------------------------

|  NonSetup CPU Time in Major Routines:
|
|     Routine           Sec        %
|     ------------------------------
|     Nonbond          28.44   20.00
|     Bond              0.00    0.00
|     Angle             0.00    0.00
|     Dihedral          0.00    0.00
|     Shake             0.39    0.27
|     RunMD           112.96   79.46
|     Other             0.38    0.27
|     ------------------------------
|     Total           142.16

|  PME Nonbond Pairlist CPU Time:
|
|     Routine              Sec        %
|     ---------------------------------
|     Set Up Cit           0.00    0.00
|     Build List           0.00    0.00
|     ---------------------------------
|     Total                0.00    0.00

|  PME Direct Force CPU Time:
|
|     Routine              Sec        %
|     ---------------------------------
|     NonBonded Calc       0.00    0.00
|     Exclude Masked       0.00    0.00
|     Other                0.25    0.18
|     ---------------------------------
|     Total                0.25    0.18

|  PME Reciprocal Force CPU Time:
|
|     Routine              Sec        %
|     ---------------------------------
|     1D bspline           0.00    0.00
|     Grid Charges         0.00    0.00
|     Scalar Sum           0.00    0.00
|     Gradient Sum         0.00    0.00
|     FFT                  0.00    0.00
|     ---------------------------------
|     Total                0.00    0.00

|  Final Performance Info:
|     -----------------------------------------------------
|     Average timings for last   10000 steps:
|     Elapsed(s) =      14.83 Per Step(ms) =       1.48
|         ns/day =     116.50   seconds/ns =     741.65
|
|     Average timings for all steps:
|     Elapsed(s) =     142.23 Per Step(ms) =       1.42
|         ns/day =     121.49   seconds/ns =     711.16
|     -----------------------------------------------------

|  Setup CPU time:            0.61 seconds
|  NonSetup CPU time:       142.16 seconds
|  Total CPU time:          142.77 seconds     0.04 hours

|  Setup wall time:           0    seconds
|  NonSetup wall time:      143    seconds
|  Total wall time:         143    seconds     0.04 hours
