
          -------------------------------------------------------
          Amber 20 PMEMD                              2020
          -------------------------------------------------------

| PMEMD implementation of SANDER, Release 18

|  Compiled date/time: Mon Apr 27 21:19:54 2020
| Run on 09/30/2020 at 18:27:54

|   Executable path: /opt/software/Amber/20-fosscuda-2019b/amber20/bin/pmemd.cuda
| Working directory: /mnt/ls15/scratch/users/songlin3/run/solvation_amber20/po4/one_step_tip3p_PO4/po4_to_dummy/0.88495
|          Hostname: nvf-001

  [-O]verwriting output

File Assignments:
|   MDIN: heat.in                                                               
|  MDOUT: heat.out                                                              
| INPCRD: min.rst                                                               
|   PARM: step1_dummy.prmtop                                                    
| RESTRT: heat.rst                                                              
|   REFC: min.rst                                                               
|  MDVEL: mdvel                                                                 
|   MDEN: mden                                                                  
|  MDCRD: heat.netcdf                                                           
| MDINFO: heat.mdinfo                                                           
|  MDFRC: mdfrc                                                                 


 Here is the input file:

nvt for free MD                                                                
 &cntrl                                                                        
  imin=0,                                                                      
  irest=0,                                                                     
  ntx=1,                                                                       
  ig=-1,                                                                       
  nstlim=100000,                                                               
  dt=0.002,                                                                    
  cut=10.0,                                                                    
  ntc=2,                                                                       
  ntf=2,                                                                       
  ntb=1,                                                                       
  ntt=3,                                                                       
  gamma_ln=2.0,                                                                
  tempi=0.0,                                                                   
  temp0=300.0,                                                                 
  ntpr=5000,                                                                   
  ntwr=5000,                                                                   
  ntwx=10000,                                                                  
  ntwv=0,                                                                      
  ioutfm=1,                                                                    
  iwrap=0,                                                                     
  nmropt=1,                                                                    
  ifsc = 0, icfe=1,                                                            
  clambda=0.88495,                                                             
  timask1=':1',                                                                
  timask2=':2',                                                                
/                                                                              
&wt TYPE='TEMP0', istep1=0, istep2=90000, value1=0.0, value2=300.0 /           
&wt TYPE='TEMP0', istep1=90001, istep2=100000, value1=300.0, value2=300.0 /    
&wt TYPE='DUMPFREQ', istep1=10000, /                                           
&wt TYPE='END', /                                                              


Note: ig = -1. Setting random seed to   949059 based on wallclock time in 
      microseconds.
| irandom = 1, using AMBER's internal random number generator (default).
 
|--------------------- INFORMATION ----------------------
| GPU (CUDA) Version of PMEMD in use: NVIDIA GPU IN USE.
|                    Version 18.0.0
| 
|                      03/25/2018
| 
| Implementation by:
|                    Ross C. Walker     (SDSC)
|                    Scott Le Grand     (nVIDIA)
| 
| Version 18 performance extensions by:
|                    David Cerutti     (Rutgers)
| 
| Precision model in use:
|      [SPFP] - Single Precision Forces, 64-bit Fixed Point
|               Accumulation. (Default)
| 
|--------------------------------------------------------
 
|----------------- CITATION INFORMATION -----------------
|
|    When publishing work that utilized the CUDA version
|    of AMBER, please cite the following in addition to
|    the regular AMBER citations:
|
|  - Romelia Salomon-Ferrer; Andreas W. Goetz; Duncan
|    Poole; Scott Le Grand; Ross C. Walker "Routine
|    microsecond molecular dynamics simulations with
|    AMBER - Part II: Particle Mesh Ewald", J. Chem.
|    Theory Comput., 2013, 9 (9), pp3878-3888,
|    DOI: 10.1021/ct400314y.
|
|  - Andreas W. Goetz; Mark J. Williamson; Dong Xu;
|    Duncan Poole; Scott Le Grand; Ross C. Walker
|    "Routine microsecond molecular dynamics simulations
|    with AMBER - Part I: Generalized Born", J. Chem.
|    Theory Comput., 2012, 8 (5), pp1542-1555.
|
|  - Scott Le Grand; Andreas W. Goetz; Ross C. Walker
|    "SPFP: Speed without compromise - a mixed precision
|    model for GPU accelerated molecular dynamics
|    simulations.", Comp. Phys. Comm., 2013, 184
|    pp374-380, DOI: 10.1016/j.cpc.2012.09.022
|
|    When publishing work that utilized the CUDA version
|    of TI, BAR, MBAR or FEP please cite the following 
|    publications in addition to the regular AMBER 
|    GPU citations:
|
|  - Daniel J. Mermelstein; Charles Lin; Gard Nelson; 
|    Rachael Kretsch; J. Andrew McCammon; Ross C. Walker
|    "Fast and Flexible GPU Accelerated Binding 
|    Free Energy Calculations within the AMBER Molecular
|    Dynamics Package" J. Comp. Chem., 2018,
|    DOI: 10.1002/jcc.25187
|
|  - Tai-Sung Lee; Yuan Hu; Brad Sherborne; Zhuyan Guo;
|    Darrin M. York
|    "Toward Fast and Accurate Binding Affinity Prediction with
|    pmemdGTI: An Efficient Implementation of GPU-Accelerated
|    Thermodynamic Integration"
|    J. Chem. Theory Comput., 2017, 13 (7), 3077
|
|
|--------------------------------------------------------
 
|------------------- GPU DEVICE INFO --------------------
|
|            CUDA_VISIBLE_DEVICES: 0
|   CUDA Capable Devices Detected:      1
|           CUDA Device ID in use:      0
|                CUDA Device Name: Tesla V100S-PCIE-32GB
|     CUDA Device Global Mem Size:  32510 MB
| CUDA Device Num Multiprocessors:     80
|           CUDA Device Core Freq:   1.60 GHz
|
|--------------------------------------------------------
 
 
| Conditional Compilation Defines Used:
| FFTW_FFT
| BINTRAJ
| MKL
| CUDA
| EMIL

| Largest sphere to fit in unit cell has radius =    22.455

| New format PARM file being parsed.
| Version =    1.000 Date = 09/30/20 Time = 15:53:13

| Note: 1-4 EEL scale factors are being read from the topology file.

| Note: 1-4 VDW scale factors are being read from the topology file.
| Duplicated    0 dihedrals

| Duplicated    0 dihedrals

--------------------------------------------------------------------------------
   1.  RESOURCE   USE: 
--------------------------------------------------------------------------------

 getting box info from netcdf restart file
 NATOM  =   11419 NTYPES =       6 NBONH =   11409 MBONA  =       8
 NTHETH =       0 MTHETA =      12 NPHIH =       0 MPHIA  =       0
 NHPARM =       0 NPARM  =       0 NNB   =   15234 NRES   =    3805
 NBONA  =       8 NTHETA =      12 NPHIA =       0 NUMBND =       3
 NUMANG =       1 NPTRA  =       0 NATYP =       4 NPHB   =       1
 IFBOX  =       2 NMXRS  =       5 IFCAP =       0 NEXTRA =       0
 NCOPY  =       0

| Coordinate Index Table dimensions:     8    8    8
| Direct force subcell size =     6.8755    6.8755    6.8755

     BOX TYPE: TRUNCATED OCTAHEDRON

--------------------------------------------------------------------------------
   2.  CONTROL  DATA  FOR  THE  RUN
--------------------------------------------------------------------------------

default_name                                                                    

General flags:
     imin    =       0, nmropt  =       1

Nature and format of input:
     ntx     =       1, irest   =       0, ntrx    =       1

Nature and format of output:
     ntxo    =       2, ntpr    =    5000, ntrx    =       1, ntwr    =    5000
     iwrap   =       0, ntwx    =   10000, ntwv    =       0, ntwe    =       0
     ioutfm  =       1, ntwprt  =       0, idecomp =       0, rbornstat=      0

Potential function:
     ntf     =       2, ntb     =       1, igb     =       0, nsnb    =      25
     ipol    =       0, gbsa    =       0, iesp    =       0
     dielc   =   1.00000, cut     =  10.00000, intdiel =   1.00000

Frozen or restrained atoms:
     ibelly  =       0, ntr     =       0

Molecular dynamics:
     nstlim  =    100000, nscm    =      1000, nrespa  =         1
     t       =   0.00000, dt      =   0.00200, vlimit  =  -1.00000

Langevin dynamics temperature regulation:
     ig      =  949059
     temp0   = 300.00000, tempi   =   0.00000, gamma_ln=   2.00000

SHAKE:
     ntc     =       2, jfastw  =       0
     tol     =   0.00001

NMR refinement options:
     iscale  =       0, noeskp  =       1, ipnlty  =       1, mxsub   =       1
     scalm   = 100.00000, pencut  =   0.10000, tausw   =   0.10000

Free energy options:
     icfe    =       1, ifsc    =       0, klambda =       1
     clambda =  0.8850, scalpha =  0.5000, scbeta  = 12.0000
     sceeorder =       2
     dynlmb =  0.0000 logdvdl =       0

| Intermolecular bonds treatment:
|     no_intermolecular_bonds =       1

| Energy averages sample interval:
|     ene_avg_sampling =    5000

Ewald parameters:
     verbose =       0, ew_type =       0, nbflag  =       1, use_pme =       1
     vdwmeth =       1, eedmeth =       1, netfrc  =       1
     Box X =   55.004   Box Y =   55.004   Box Z =   55.004
     Alpha =  109.471   Beta  =  109.471   Gamma =  109.471
     NFFT1 =   56       NFFT2 =   56       NFFT3 =   56
     Cutoff=   10.000   Tol   =0.100E-04
     Ewald Coefficient =  0.27511
     Interpolation order =    4
     TI Mask 1 :1; matches      5 atoms
     TI Mask 2 :2; matches      5 atoms
     TI region 1:   11414 atoms
     TI region 2:   11414 atoms
     Checking for mismatched coordinates.

--------------------------------------------------------------------------------
   3.  ATOMIC COORDINATES AND VELOCITIES
--------------------------------------------------------------------------------

default_name                                                                    
 begin time read from input coords =     0.000 ps



           Begin reading energy term weight changes/NMR restraints
 WEIGHT CHANGES:
 TEMP0         0  90000    0.000000  300.000000      0      0
 TEMP0     90001 100000  300.000000  300.000000      0      0
 DUMPFREQ  10000      0    0.000000    0.000000      0      0

 RESTRAINTS:
                          ** No restraint defined **

                  Done reading weight changes/NMR restraints


 
 Number of triangulated 3-point waters found:     3803

     Sum of charges for TI region  1 =  -2.99999999
     Skip neutralizing charges...


     Sum of charges for TI region  2 =   0.00000000
     Skip neutralizing charges...

| Dynamic Memory, Types Used:
| Reals              566056
| Integers           434130

| Nonbonded Pairs Initial Allocation:     3453962

| GPU memory information (estimate):
| KB of GPU memory in use:    104187
| KB of CPU memory in use:     26907

--------------------------------------------------------------------------------
   4.  RESULTS
--------------------------------------------------------------------------------


| TI region  1


 NSTEP =        0   TIME(PS) =       0.000  TEMP(K) =     0.00  PRESS =     0.0
 Etot   =    -34662.4327  EKtot   =         0.0000  EPtot      =    -34662.4327
 BOND   =         0.0010  ANGLE   =         6.2649  DIHED      =         0.0000
 1-4 NB =         0.0000  1-4 EEL =         0.0000  VDWAALS    =      2545.4527
 EELEC  =    -37214.1513  EHBOND  =         0.0000  RESTRAINT  =         0.0000
 DV/DL  =       118.0714
 ------------------------------------------------------------------------------


| TI region  2


 NSTEP =        0   TIME(PS) =       0.000  TEMP(K) =     0.00  PRESS =     0.0
 Etot   =    -34662.4327  EKtot   =         0.0000  EPtot      =    -34662.4327
 BOND   =         0.0010  ANGLE   =         6.2649  DIHED      =         0.0000
 1-4 NB =         0.0000  1-4 EEL =         0.0000  VDWAALS    =      2545.4527
 EELEC  =    -37214.1513  EHBOND  =         0.0000  RESTRAINT  =         0.0000
 DV/DL  =       118.0714
 ------------------------------------------------------------------------------

 NMR restraints: Bond =    0.000   Angle =     0.000   Torsion =     0.000
===============================================================================

| TI region  1


 NSTEP =     5000   TIME(PS) =      10.000  TEMP(K) =    15.60  PRESS =     0.0
 Etot   =    -44602.0075  EKtot   =       353.8917  EPtot      =    -44955.8992
 BOND   =         0.0535  ANGLE   =         6.2752  DIHED      =         0.0000
 1-4 NB =         0.0000  1-4 EEL =         0.0000  VDWAALS    =      8106.0493
 EELEC  =    -53068.2772  EHBOND  =         0.0000  RESTRAINT  =         0.0000
 DV/DL  =       244.6534
 ------------------------------------------------------------------------------


| TI region  2


 NSTEP =     5000   TIME(PS) =      10.000  TEMP(K) =    15.60  PRESS =     0.0
 Etot   =    -44602.0075  EKtot   =       353.8917  EPtot      =    -44955.8992
 BOND   =         0.0535  ANGLE   =         6.2752  DIHED      =         0.0000
 1-4 NB =         0.0000  1-4 EEL =         0.0000  VDWAALS    =      8106.0493
 EELEC  =    -53068.2772  EHBOND  =         0.0000  RESTRAINT  =         0.0000
 DV/DL  =       244.6534
 ------------------------------------------------------------------------------

 NMR restraints: Bond =    0.000   Angle =     0.000   Torsion =     0.000
===============================================================================

| TI region  1


 NSTEP =    10000   TIME(PS) =      20.000  TEMP(K) =    32.73  PRESS =     0.0
 Etot   =    -43929.8656  EKtot   =       742.4691  EPtot      =    -44672.3348
 BOND   =         0.0264  ANGLE   =         6.3342  DIHED      =         0.0000
 1-4 NB =         0.0000  1-4 EEL =         0.0000  VDWAALS    =      8073.1151
 EELEC  =    -52751.8105  EHBOND  =         0.0000  RESTRAINT  =         0.0000
 DV/DL  =       268.4758
 ------------------------------------------------------------------------------


| TI region  2


 NSTEP =    10000   TIME(PS) =      20.000  TEMP(K) =    32.73  PRESS =     0.0
 Etot   =    -43929.8656  EKtot   =       742.4691  EPtot      =    -44672.3348
 BOND   =         0.0264  ANGLE   =         6.3342  DIHED      =         0.0000
 1-4 NB =         0.0000  1-4 EEL =         0.0000  VDWAALS    =      8073.1151
 EELEC  =    -52751.8105  EHBOND  =         0.0000  RESTRAINT  =         0.0000
 DV/DL  =       268.4758
 ------------------------------------------------------------------------------

 NMR restraints: Bond =    0.000   Angle =     0.000   Torsion =     0.000
===============================================================================

| TI region  1


 NSTEP =    15000   TIME(PS) =      30.000  TEMP(K) =    49.93  PRESS =     0.0
 Etot   =    -43335.4704  EKtot   =      1132.6993  EPtot      =    -44468.1697
 BOND   =         0.2237  ANGLE   =         6.3741  DIHED      =         0.0000
 1-4 NB =         0.0000  1-4 EEL =         0.0000  VDWAALS    =      8077.2028
 EELEC  =    -52551.9704  EHBOND  =         0.0000  RESTRAINT  =         0.0000
 DV/DL  =       274.5792
 ------------------------------------------------------------------------------


| TI region  2


 NSTEP =    15000   TIME(PS) =      30.000  TEMP(K) =    49.93  PRESS =     0.0
 Etot   =    -43335.4704  EKtot   =      1132.6993  EPtot      =    -44468.1697
 BOND   =         0.2237  ANGLE   =         6.3741  DIHED      =         0.0000
 1-4 NB =         0.0000  1-4 EEL =         0.0000  VDWAALS    =      8077.2028
 EELEC  =    -52551.9704  EHBOND  =         0.0000  RESTRAINT  =         0.0000
 DV/DL  =       274.5792
 ------------------------------------------------------------------------------

 NMR restraints: Bond =    0.000   Angle =     0.000   Torsion =     0.000
===============================================================================

| TI region  1


 NSTEP =    20000   TIME(PS) =      40.000  TEMP(K) =    66.25  PRESS =     0.0
 Etot   =    -42752.6230  EKtot   =      1502.9012  EPtot      =    -44255.5242
 BOND   =         0.1151  ANGLE   =         6.5777  DIHED      =         0.0000
 1-4 NB =         0.0000  1-4 EEL =         0.0000  VDWAALS    =      8119.9269
 EELEC  =    -52382.1439  EHBOND  =         0.0000  RESTRAINT  =         0.0000
 DV/DL  =       265.3005
 ------------------------------------------------------------------------------


| TI region  2


 NSTEP =    20000   TIME(PS) =      40.000  TEMP(K) =    66.25  PRESS =     0.0
 Etot   =    -42752.6230  EKtot   =      1502.9012  EPtot      =    -44255.5242
 BOND   =         0.1151  ANGLE   =         6.5777  DIHED      =         0.0000
 1-4 NB =         0.0000  1-4 EEL =         0.0000  VDWAALS    =      8119.9269
 EELEC  =    -52382.1439  EHBOND  =         0.0000  RESTRAINT  =         0.0000
 DV/DL  =       265.3005
 ------------------------------------------------------------------------------

 NMR restraints: Bond =    0.000   Angle =     0.000   Torsion =     0.000
===============================================================================

| TI region  1


 NSTEP =    25000   TIME(PS) =      50.000  TEMP(K) =    83.75  PRESS =     0.0
 Etot   =    -42043.0959  EKtot   =      1900.0066  EPtot      =    -43943.1025
 BOND   =         0.2643  ANGLE   =         7.0738  DIHED      =         0.0000
 1-4 NB =         0.0000  1-4 EEL =         0.0000  VDWAALS    =      7986.5721
 EELEC  =    -51937.0127  EHBOND  =         0.0000  RESTRAINT  =         0.0000
 DV/DL  =       253.8892
 ------------------------------------------------------------------------------


| TI region  2


 NSTEP =    25000   TIME(PS) =      50.000  TEMP(K) =    83.75  PRESS =     0.0
 Etot   =    -42043.0959  EKtot   =      1900.0066  EPtot      =    -43943.1025
 BOND   =         0.2643  ANGLE   =         7.0738  DIHED      =         0.0000
 1-4 NB =         0.0000  1-4 EEL =         0.0000  VDWAALS    =      7986.5721
 EELEC  =    -51937.0127  EHBOND  =         0.0000  RESTRAINT  =         0.0000
 DV/DL  =       253.8892
 ------------------------------------------------------------------------------

 NMR restraints: Bond =    0.000   Angle =     0.000   Torsion =     0.000
===============================================================================

| TI region  1


 NSTEP =    30000   TIME(PS) =      60.000  TEMP(K) =   100.63  PRESS =     0.0
 Etot   =    -41414.8446  EKtot   =      2282.9912  EPtot      =    -43697.8358
 BOND   =         0.1647  ANGLE   =         7.1514  DIHED      =         0.0000
 1-4 NB =         0.0000  1-4 EEL =         0.0000  VDWAALS    =      7982.4676
 EELEC  =    -51687.6195  EHBOND  =         0.0000  RESTRAINT  =         0.0000
 DV/DL  =       234.2445
 ------------------------------------------------------------------------------


| TI region  2


 NSTEP =    30000   TIME(PS) =      60.000  TEMP(K) =   100.63  PRESS =     0.0
 Etot   =    -41414.8446  EKtot   =      2282.9912  EPtot      =    -43697.8358
 BOND   =         0.1647  ANGLE   =         7.1514  DIHED      =         0.0000
 1-4 NB =         0.0000  1-4 EEL =         0.0000  VDWAALS    =      7982.4676
 EELEC  =    -51687.6195  EHBOND  =         0.0000  RESTRAINT  =         0.0000
 DV/DL  =       234.2445
 ------------------------------------------------------------------------------

 NMR restraints: Bond =    0.000   Angle =     0.000   Torsion =     0.000
===============================================================================

| TI region  1


 NSTEP =    35000   TIME(PS) =      70.000  TEMP(K) =   116.77  PRESS =     0.0
 Etot   =    -40747.3588  EKtot   =      2649.1680  EPtot      =    -43396.5269
 BOND   =         0.1236  ANGLE   =         6.9383  DIHED      =         0.0000
 1-4 NB =         0.0000  1-4 EEL =         0.0000  VDWAALS    =      7980.1695
 EELEC  =    -51383.7582  EHBOND  =         0.0000  RESTRAINT  =         0.0000
 DV/DL  =       233.0986
 ------------------------------------------------------------------------------


| TI region  2


 NSTEP =    35000   TIME(PS) =      70.000  TEMP(K) =   116.77  PRESS =     0.0
 Etot   =    -40747.3588  EKtot   =      2649.1680  EPtot      =    -43396.5269
 BOND   =         0.1236  ANGLE   =         6.9383  DIHED      =         0.0000
 1-4 NB =         0.0000  1-4 EEL =         0.0000  VDWAALS    =      7980.1695
 EELEC  =    -51383.7582  EHBOND  =         0.0000  RESTRAINT  =         0.0000
 DV/DL  =       233.0986
 ------------------------------------------------------------------------------

 NMR restraints: Bond =    0.000   Angle =     0.000   Torsion =     0.000
===============================================================================

| TI region  1


 NSTEP =    40000   TIME(PS) =      80.000  TEMP(K) =   131.73  PRESS =     0.0
 Etot   =    -40068.3508  EKtot   =      2988.5320  EPtot      =    -43056.8828
 BOND   =         0.2371  ANGLE   =         7.8538  DIHED      =         0.0000
 1-4 NB =         0.0000  1-4 EEL =         0.0000  VDWAALS    =      7909.4922
 EELEC  =    -50974.4658  EHBOND  =         0.0000  RESTRAINT  =         0.0000
 DV/DL  =       231.2103
 ------------------------------------------------------------------------------


| TI region  2


 NSTEP =    40000   TIME(PS) =      80.000  TEMP(K) =   131.73  PRESS =     0.0
 Etot   =    -40068.3508  EKtot   =      2988.5320  EPtot      =    -43056.8828
 BOND   =         0.2371  ANGLE   =         7.8538  DIHED      =         0.0000
 1-4 NB =         0.0000  1-4 EEL =         0.0000  VDWAALS    =      7909.4922
 EELEC  =    -50974.4658  EHBOND  =         0.0000  RESTRAINT  =         0.0000
 DV/DL  =       231.2103
 ------------------------------------------------------------------------------

 NMR restraints: Bond =    0.000   Angle =     0.000   Torsion =     0.000
===============================================================================

| TI region  1


 NSTEP =    45000   TIME(PS) =      90.000  TEMP(K) =   150.17  PRESS =     0.0
 Etot   =    -39269.5906  EKtot   =      3406.8451  EPtot      =    -42676.4357
 BOND   =         0.1947  ANGLE   =         7.7995  DIHED      =         0.0000
 1-4 NB =         0.0000  1-4 EEL =         0.0000  VDWAALS    =      7778.7547
 EELEC  =    -50463.1845  EHBOND  =         0.0000  RESTRAINT  =         0.0000
 DV/DL  =       234.2761
 ------------------------------------------------------------------------------


| TI region  2


 NSTEP =    45000   TIME(PS) =      90.000  TEMP(K) =   150.17  PRESS =     0.0
 Etot   =    -39269.5906  EKtot   =      3406.8451  EPtot      =    -42676.4357
 BOND   =         0.1947  ANGLE   =         7.7995  DIHED      =         0.0000
 1-4 NB =         0.0000  1-4 EEL =         0.0000  VDWAALS    =      7778.7547
 EELEC  =    -50463.1845  EHBOND  =         0.0000  RESTRAINT  =         0.0000
 DV/DL  =       234.2761
 ------------------------------------------------------------------------------

 NMR restraints: Bond =    0.000   Angle =     0.000   Torsion =     0.000
===============================================================================

| TI region  1


 NSTEP =    50000   TIME(PS) =     100.000  TEMP(K) =   168.84  PRESS =     0.0
 Etot   =    -38476.4700  EKtot   =      3830.3492  EPtot      =    -42306.8192
 BOND   =         0.7643  ANGLE   =         8.1817  DIHED      =         0.0000
 1-4 NB =         0.0000  1-4 EEL =         0.0000  VDWAALS    =      7827.9529
 EELEC  =    -50143.7181  EHBOND  =         0.0000  RESTRAINT  =         0.0000
 DV/DL  =       255.9243
 ------------------------------------------------------------------------------


| TI region  2


 NSTEP =    50000   TIME(PS) =     100.000  TEMP(K) =   168.84  PRESS =     0.0
 Etot   =    -38476.4700  EKtot   =      3830.3492  EPtot      =    -42306.8192
 BOND   =         0.7643  ANGLE   =         8.1817  DIHED      =         0.0000
 1-4 NB =         0.0000  1-4 EEL =         0.0000  VDWAALS    =      7827.9529
 EELEC  =    -50143.7181  EHBOND  =         0.0000  RESTRAINT  =         0.0000
 DV/DL  =       255.9243
 ------------------------------------------------------------------------------

 NMR restraints: Bond =    0.000   Angle =     0.000   Torsion =     0.000
===============================================================================

| TI region  1


 NSTEP =    55000   TIME(PS) =     110.000  TEMP(K) =   182.89  PRESS =     0.0
 Etot   =    -37748.4163  EKtot   =      4149.1055  EPtot      =    -41897.5217
 BOND   =         1.1459  ANGLE   =         6.6734  DIHED      =         0.0000
 1-4 NB =         0.0000  1-4 EEL =         0.0000  VDWAALS    =      7516.6045
 EELEC  =    -49421.9456  EHBOND  =         0.0000  RESTRAINT  =         0.0000
 DV/DL  =       282.4974
 ------------------------------------------------------------------------------


| TI region  2


 NSTEP =    55000   TIME(PS) =     110.000  TEMP(K) =   182.89  PRESS =     0.0
 Etot   =    -37748.4163  EKtot   =      4149.1055  EPtot      =    -41897.5217
 BOND   =         1.1459  ANGLE   =         6.6734  DIHED      =         0.0000
 1-4 NB =         0.0000  1-4 EEL =         0.0000  VDWAALS    =      7516.6045
 EELEC  =    -49421.9456  EHBOND  =         0.0000  RESTRAINT  =         0.0000
 DV/DL  =       282.4974
 ------------------------------------------------------------------------------

 NMR restraints: Bond =    0.000   Angle =     0.000   Torsion =     0.000
===============================================================================

| TI region  1


 NSTEP =    60000   TIME(PS) =     120.000  TEMP(K) =   192.13  PRESS =     0.0
 Etot   =    -36792.4597  EKtot   =      4358.7409  EPtot      =    -41151.2006
 BOND   =         0.2160  ANGLE   =         6.8226  DIHED      =         0.0000
 1-4 NB =         0.0000  1-4 EEL =         0.0000  VDWAALS    =      7231.8145
 EELEC  =    -48390.0538  EHBOND  =         0.0000  RESTRAINT  =         0.0000
 DV/DL  =       250.2286
 ------------------------------------------------------------------------------


| TI region  2


 NSTEP =    60000   TIME(PS) =     120.000  TEMP(K) =   192.13  PRESS =     0.0
 Etot   =    -36792.4597  EKtot   =      4358.7409  EPtot      =    -41151.2006
 BOND   =         0.2160  ANGLE   =         6.8226  DIHED      =         0.0000
 1-4 NB =         0.0000  1-4 EEL =         0.0000  VDWAALS    =      7231.8145
 EELEC  =    -48390.0538  EHBOND  =         0.0000  RESTRAINT  =         0.0000
 DV/DL  =       250.2286
 ------------------------------------------------------------------------------

 NMR restraints: Bond =    0.000   Angle =     0.000   Torsion =     0.000
===============================================================================

| TI region  1


 NSTEP =    65000   TIME(PS) =     130.000  TEMP(K) =   218.31  PRESS =     0.0
 Etot   =    -35518.3096  EKtot   =      4952.8259  EPtot      =    -40471.1355
 BOND   =         0.1761  ANGLE   =         7.7525  DIHED      =         0.0000
 1-4 NB =         0.0000  1-4 EEL =         0.0000  VDWAALS    =      7045.7206
 EELEC  =    -47524.7847  EHBOND  =         0.0000  RESTRAINT  =         0.0000
 DV/DL  =       272.4971
 ------------------------------------------------------------------------------


| TI region  2


 NSTEP =    65000   TIME(PS) =     130.000  TEMP(K) =   218.31  PRESS =     0.0
 Etot   =    -35518.3096  EKtot   =      4952.8259  EPtot      =    -40471.1355
 BOND   =         0.1761  ANGLE   =         7.7525  DIHED      =         0.0000
 1-4 NB =         0.0000  1-4 EEL =         0.0000  VDWAALS    =      7045.7206
 EELEC  =    -47524.7847  EHBOND  =         0.0000  RESTRAINT  =         0.0000
 DV/DL  =       272.4971
 ------------------------------------------------------------------------------

 NMR restraints: Bond =    0.000   Angle =     0.000   Torsion =     0.000
===============================================================================

| TI region  1


 NSTEP =    70000   TIME(PS) =     140.000  TEMP(K) =   233.48  PRESS =     0.0
 Etot   =    -34005.4477  EKtot   =      5296.9662  EPtot      =    -39302.4139
 BOND   =         0.0967  ANGLE   =         8.2304  DIHED      =         0.0000
 1-4 NB =         0.0000  1-4 EEL =         0.0000  VDWAALS    =      6594.3804
 EELEC  =    -45905.1214  EHBOND  =         0.0000  RESTRAINT  =         0.0000
 DV/DL  =       217.3080
 ------------------------------------------------------------------------------


| TI region  2


 NSTEP =    70000   TIME(PS) =     140.000  TEMP(K) =   233.48  PRESS =     0.0
 Etot   =    -34005.4477  EKtot   =      5296.9662  EPtot      =    -39302.4139
 BOND   =         0.0967  ANGLE   =         8.2304  DIHED      =         0.0000
 1-4 NB =         0.0000  1-4 EEL =         0.0000  VDWAALS    =      6594.3804
 EELEC  =    -45905.1214  EHBOND  =         0.0000  RESTRAINT  =         0.0000
 DV/DL  =       217.3080
 ------------------------------------------------------------------------------

 NMR restraints: Bond =    0.000   Angle =     0.000   Torsion =     0.000
===============================================================================

| TI region  1


 NSTEP =    75000   TIME(PS) =     150.000  TEMP(K) =   247.57  PRESS =     0.0
 Etot   =    -32527.9555  EKtot   =      5616.4930  EPtot      =    -38144.4485
 BOND   =         0.6286  ANGLE   =         7.6160  DIHED      =         0.0000
 1-4 NB =         0.0000  1-4 EEL =         0.0000  VDWAALS    =      6045.3952
 EELEC  =    -44198.0883  EHBOND  =         0.0000  RESTRAINT  =         0.0000
 DV/DL  =       230.6341
 ------------------------------------------------------------------------------


| TI region  2


 NSTEP =    75000   TIME(PS) =     150.000  TEMP(K) =   247.57  PRESS =     0.0
 Etot   =    -32527.9555  EKtot   =      5616.4930  EPtot      =    -38144.4485
 BOND   =         0.6286  ANGLE   =         7.6160  DIHED      =         0.0000
 1-4 NB =         0.0000  1-4 EEL =         0.0000  VDWAALS    =      6045.3952
 EELEC  =    -44198.0883  EHBOND  =         0.0000  RESTRAINT  =         0.0000
 DV/DL  =       230.6341
 ------------------------------------------------------------------------------

 NMR restraints: Bond =    0.000   Angle =     0.000   Torsion =     0.000
===============================================================================

| TI region  1


 NSTEP =    80000   TIME(PS) =     160.000  TEMP(K) =   263.87  PRESS =     0.0
 Etot   =    -31312.9671  EKtot   =      5986.4160  EPtot      =    -37299.3831
 BOND   =         0.3395  ANGLE   =         7.6030  DIHED      =         0.0000
 1-4 NB =         0.0000  1-4 EEL =         0.0000  VDWAALS    =      5737.7895
 EELEC  =    -43045.1151  EHBOND  =         0.0000  RESTRAINT  =         0.0000
 DV/DL  =       218.6700
 ------------------------------------------------------------------------------


| TI region  2


 NSTEP =    80000   TIME(PS) =     160.000  TEMP(K) =   263.87  PRESS =     0.0
 Etot   =    -31312.9671  EKtot   =      5986.4160  EPtot      =    -37299.3831
 BOND   =         0.3395  ANGLE   =         7.6030  DIHED      =         0.0000
 1-4 NB =         0.0000  1-4 EEL =         0.0000  VDWAALS    =      5737.7895
 EELEC  =    -43045.1151  EHBOND  =         0.0000  RESTRAINT  =         0.0000
 DV/DL  =       218.6700
 ------------------------------------------------------------------------------

 NMR restraints: Bond =    0.000   Angle =     0.000   Torsion =     0.000
===============================================================================

| TI region  1


 NSTEP =    85000   TIME(PS) =     170.000  TEMP(K) =   282.51  PRESS =     0.0
 Etot   =    -30011.9798  EKtot   =      6409.2846  EPtot      =    -36421.2644
 BOND   =         2.9479  ANGLE   =         6.5576  DIHED      =         0.0000
 1-4 NB =         0.0000  1-4 EEL =         0.0000  VDWAALS    =      5576.8184
 EELEC  =    -42007.5884  EHBOND  =         0.0000  RESTRAINT  =         0.0000
 DV/DL  =       244.1662
 ------------------------------------------------------------------------------


| TI region  2


 NSTEP =    85000   TIME(PS) =     170.000  TEMP(K) =   282.51  PRESS =     0.0
 Etot   =    -30011.9798  EKtot   =      6409.2846  EPtot      =    -36421.2644
 BOND   =         2.9479  ANGLE   =         6.5576  DIHED      =         0.0000
 1-4 NB =         0.0000  1-4 EEL =         0.0000  VDWAALS    =      5576.8184
 EELEC  =    -42007.5884  EHBOND  =         0.0000  RESTRAINT  =         0.0000
 DV/DL  =       244.1662
 ------------------------------------------------------------------------------

 NMR restraints: Bond =    0.000   Angle =     0.000   Torsion =     0.000
===============================================================================

| TI region  1


 NSTEP =    90000   TIME(PS) =     180.000  TEMP(K) =   294.45  PRESS =     0.0
 Etot   =    -29083.5585  EKtot   =      6680.0484  EPtot      =    -35763.6069
 BOND   =         2.3331  ANGLE   =         8.8886  DIHED      =         0.0000
 1-4 NB =         0.0000  1-4 EEL =         0.0000  VDWAALS    =      5351.7749
 EELEC  =    -41126.6035  EHBOND  =         0.0000  RESTRAINT  =         0.0000
 DV/DL  =       228.6613
 ------------------------------------------------------------------------------


| TI region  2


 NSTEP =    90000   TIME(PS) =     180.000  TEMP(K) =   294.45  PRESS =     0.0
 Etot   =    -29083.5585  EKtot   =      6680.0484  EPtot      =    -35763.6069
 BOND   =         2.3331  ANGLE   =         8.8886  DIHED      =         0.0000
 1-4 NB =         0.0000  1-4 EEL =         0.0000  VDWAALS    =      5351.7749
 EELEC  =    -41126.6035  EHBOND  =         0.0000  RESTRAINT  =         0.0000
 DV/DL  =       228.6613
 ------------------------------------------------------------------------------

 NMR restraints: Bond =    0.000   Angle =     0.000   Torsion =     0.000
===============================================================================

| TI region  1


 NSTEP =    95000   TIME(PS) =     190.000  TEMP(K) =   301.06  PRESS =     0.0
 Etot   =    -28757.2858  EKtot   =      6830.1074  EPtot      =    -35587.3932
 BOND   =         2.4997  ANGLE   =         7.2783  DIHED      =         0.0000
 1-4 NB =         0.0000  1-4 EEL =         0.0000  VDWAALS    =      5272.1915
 EELEC  =    -40869.3627  EHBOND  =         0.0000  RESTRAINT  =         0.0000
 DV/DL  =       270.4678
 ------------------------------------------------------------------------------


| TI region  2


 NSTEP =    95000   TIME(PS) =     190.000  TEMP(K) =   301.06  PRESS =     0.0
 Etot   =    -28757.2858  EKtot   =      6830.1074  EPtot      =    -35587.3932
 BOND   =         2.4997  ANGLE   =         7.2783  DIHED      =         0.0000
 1-4 NB =         0.0000  1-4 EEL =         0.0000  VDWAALS    =      5272.1915
 EELEC  =    -40869.3627  EHBOND  =         0.0000  RESTRAINT  =         0.0000
 DV/DL  =       270.4678
 ------------------------------------------------------------------------------

 NMR restraints: Bond =    0.000   Angle =     0.000   Torsion =     0.000
===============================================================================

| TI region  1


 NSTEP =   100000   TIME(PS) =     200.000  TEMP(K) =   303.59  PRESS =     0.0
 Etot   =    -28692.0447  EKtot   =      6887.4568  EPtot      =    -35579.5015
 BOND   =         0.5426  ANGLE   =         8.1301  DIHED      =         0.0000
 1-4 NB =         0.0000  1-4 EEL =         0.0000  VDWAALS    =      5144.4657
 EELEC  =    -40732.6398  EHBOND  =         0.0000  RESTRAINT  =         0.0000
 DV/DL  =       242.8788
 ------------------------------------------------------------------------------


| TI region  2


 NSTEP =   100000   TIME(PS) =     200.000  TEMP(K) =   303.59  PRESS =     0.0
 Etot   =    -28692.0447  EKtot   =      6887.4568  EPtot      =    -35579.5015
 BOND   =         0.5426  ANGLE   =         8.1301  DIHED      =         0.0000
 1-4 NB =         0.0000  1-4 EEL =         0.0000  VDWAALS    =      5144.4657
 EELEC  =    -40732.6398  EHBOND  =         0.0000  RESTRAINT  =         0.0000
 DV/DL  =       242.8788
 ------------------------------------------------------------------------------

 NMR restraints: Bond =    0.000   Angle =     0.000   Torsion =     0.000
===============================================================================

| TI region  1


      A V E R A G E S   O V E R      20 S T E P S


 NSTEP =   100000   TIME(PS) =     200.000  TEMP(K) =   171.81  PRESS =     0.0
 Etot   =    -37054.5051  EKtot   =      3897.8649  EPtot      =    -40952.3700
 BOND   =         0.6547  ANGLE   =         7.3056  DIHED      =         0.0000
 1-4 NB =         0.0000  1-4 EEL =         0.0000  VDWAALS    =      7067.9329
 EELEC  =    -48028.2632  EHBOND  =         0.0000  RESTRAINT  =         0.0000
 DV/DL  =       247.6831
 ------------------------------------------------------------------------------

 NMR restraints: Bond =    0.000   Angle =     0.000   Torsion =     0.000
===============================================================================

      R M S  F L U C T U A T I O N S


 NSTEP =   100000   TIME(PS) =     200.000  TEMP(K) =    92.13  PRESS =     0.0
 Etot   =      5325.7467  EKtot   =      2090.1491  EPtot      =      3279.1030
 BOND   =         0.8623  ANGLE   =         0.7261  DIHED      =         0.0000
 1-4 NB =         0.0000  1-4 EEL =         0.0000  VDWAALS    =      1092.6520
 EELEC  =      4363.7162  EHBOND  =         0.0000  RESTRAINT  =         0.0000
 DV/DL  =        19.0156
 ------------------------------------------------------------------------------


| TI region  2


      A V E R A G E S   O V E R      20 S T E P S


 NSTEP =   100000   TIME(PS) =     200.000  TEMP(K) =   171.81  PRESS =     0.0
 Etot   =    -37054.5051  EKtot   =      3897.8649  EPtot      =    -40952.3700
 BOND   =         0.6547  ANGLE   =         7.3056  DIHED      =         0.0000
 1-4 NB =         0.0000  1-4 EEL =         0.0000  VDWAALS    =      7067.9329
 EELEC  =    -48028.2632  EHBOND  =         0.0000  RESTRAINT  =         0.0000
 DV/DL  =       247.6831
 ------------------------------------------------------------------------------

 NMR restraints: Bond =    0.000   Angle =     0.000   Torsion =     0.000
===============================================================================

      R M S  F L U C T U A T I O N S


 NSTEP =   100000   TIME(PS) =     200.000  TEMP(K) =    92.13  PRESS =     0.0
 Etot   =      5325.7467  EKtot   =      2090.1491  EPtot      =      3279.1030
 BOND   =         0.8623  ANGLE   =         0.7261  DIHED      =         0.0000
 1-4 NB =         0.0000  1-4 EEL =         0.0000  VDWAALS    =      1092.6520
 EELEC  =      4363.7162  EHBOND  =         0.0000  RESTRAINT  =         0.0000
 DV/DL  =        19.0156
 ------------------------------------------------------------------------------


      DV/DL, AVERAGES OVER      20 STEPS


 NSTEP =   100000   TIME(PS) =     200.000  TEMP(K) =    92.13  PRESS =     0.0
 Etot   =         0.0000  EKtot   =         0.0000  EPtot      =       247.6831
 BOND   =         0.0000  ANGLE   =         0.0000  DIHED      =         0.0000
 1-4 NB =         0.0000  1-4 EEL =         0.0000  VDWAALS    =        -5.1669
 EELEC  =       252.8500  EHBOND  =         0.0000  RESTRAINT  =         0.0000
 DV/DL  =       247.6831
 ------------------------------------------------------------------------------


 NMR restraints on final step:

--------------------------------------------------------------------------------
   5.  TIMINGS
--------------------------------------------------------------------------------

|  NonSetup CPU Time in Major Routines:
|
|     Routine           Sec        %
|     ------------------------------
|     Nonbond          18.94   42.81
|     Bond              0.00    0.00
|     Angle             0.00    0.00
|     Dihedral          0.00    0.00
|     Shake             0.30    0.67
|     RunMD            24.82   56.10
|     Other             0.19    0.43
|     ------------------------------
|     Total            44.24

|  PME Nonbond Pairlist CPU Time:
|
|     Routine              Sec        %
|     ---------------------------------
|     Set Up Cit           0.00    0.00
|     Build List           0.00    0.00
|     ---------------------------------
|     Total                0.00    0.00

|  PME Direct Force CPU Time:
|
|     Routine              Sec        %
|     ---------------------------------
|     NonBonded Calc       0.00    0.00
|     Exclude Masked       0.00    0.00
|     Other                0.13    0.29
|     ---------------------------------
|     Total                0.13    0.29

|  PME Reciprocal Force CPU Time:
|
|     Routine              Sec        %
|     ---------------------------------
|     1D bspline           0.00    0.00
|     Grid Charges         0.00    0.00
|     Scalar Sum           0.00    0.00
|     Gradient Sum         0.00    0.00
|     FFT                  0.00    0.00
|     ---------------------------------
|     Total                0.00    0.00

|  Final Performance Info:
|     -----------------------------------------------------
|     Average timings for last  100000 steps:
|     Elapsed(s) =      44.40 Per Step(ms) =       0.44
|         ns/day =     389.17   seconds/ns =     222.01
|
|     Average timings for all steps:
|     Elapsed(s) =      44.40 Per Step(ms) =       0.44
|         ns/day =     389.17   seconds/ns =     222.01
|     -----------------------------------------------------

|  Setup CPU time:            0.49 seconds
|  NonSetup CPU time:        44.24 seconds
|  Total CPU time:           44.73 seconds     0.01 hours

|  Setup wall time:           0    seconds
|  NonSetup wall time:       45    seconds
|  Total wall time:          45    seconds     0.01 hours
