
          -------------------------------------------------------
          Amber 20 PMEMD                              2020
          -------------------------------------------------------

| PMEMD implementation of SANDER, Release 18

|  Compiled date/time: Mon Apr 27 21:19:54 2020
| Run on 09/30/2020 at 18:02:37

|   Executable path: /opt/software/Amber/20-fosscuda-2019b/amber20/bin/pmemd.cuda
| Working directory: /mnt/ls15/scratch/users/songlin3/run/solvation_amber20/po4/two_step_tip3p_PO4/step2_vdw_to_nothing/0.95206
|          Hostname: lac-084

  [-O]verwriting output

File Assignments:
|   MDIN: min.in                                                                
|  MDOUT: min.out                                                               
| INPCRD: step2.inpcrd                                                          
|   PARM: step2.prmtop                                                          
| RESTRT: min.rst                                                               
|   REFC: step2.inpcrd                                                          
|  MDVEL: mdvel                                                                 
|   MDEN: mden                                                                  
|  MDCRD: min.netcdf                                                            
| MDINFO: min.mdinfo                                                            
|  MDFRC: mdfrc                                                                 


 Here is the input file:

minimization                                                                   
 &cntrl                                                                        
  imin=1,                                                                      
  ntmin=2,                                                                     
  maxcyc=20000,                                                                
  cut=10.0,                                                                    
  ntc=1,                                                                       
  ntf=1,                                                                       
  ntb=1,                                                                       
  ntpr=5000,                                                                   
  ntwr=5000,                                                                   
  ntwx=2000,                                                                   
  ioutfm=1,                                                                    
  iwrap=0,                                                                     
  ifsc = 1, icfe=1,                                                            
  clambda=0.95206,                                                             
  timask1=':1', scmask1=':1', scmask2='',                                      
  timask2='', crgmask = ':1',                                                  
/                                                                              


Note: ig = -1. Setting random seed to   580588 based on wallclock time in 
      microseconds.
| irandom = 1, using AMBER's internal random number generator (default).
 
|--------------------- INFORMATION ----------------------
| GPU (CUDA) Version of PMEMD in use: NVIDIA GPU IN USE.
|                    Version 18.0.0
| 
|                      03/25/2018
| 
| Implementation by:
|                    Ross C. Walker     (SDSC)
|                    Scott Le Grand     (nVIDIA)
| 
| Version 18 performance extensions by:
|                    David Cerutti     (Rutgers)
| 
| Precision model in use:
|      [SPFP] - Single Precision Forces, 64-bit Fixed Point
|               Accumulation. (Default)
| 
|--------------------------------------------------------
 
|----------------- CITATION INFORMATION -----------------
|
|    When publishing work that utilized the CUDA version
|    of AMBER, please cite the following in addition to
|    the regular AMBER citations:
|
|  - Romelia Salomon-Ferrer; Andreas W. Goetz; Duncan
|    Poole; Scott Le Grand; Ross C. Walker "Routine
|    microsecond molecular dynamics simulations with
|    AMBER - Part II: Particle Mesh Ewald", J. Chem.
|    Theory Comput., 2013, 9 (9), pp3878-3888,
|    DOI: 10.1021/ct400314y.
|
|  - Andreas W. Goetz; Mark J. Williamson; Dong Xu;
|    Duncan Poole; Scott Le Grand; Ross C. Walker
|    "Routine microsecond molecular dynamics simulations
|    with AMBER - Part I: Generalized Born", J. Chem.
|    Theory Comput., 2012, 8 (5), pp1542-1555.
|
|  - Scott Le Grand; Andreas W. Goetz; Ross C. Walker
|    "SPFP: Speed without compromise - a mixed precision
|    model for GPU accelerated molecular dynamics
|    simulations.", Comp. Phys. Comm., 2013, 184
|    pp374-380, DOI: 10.1016/j.cpc.2012.09.022
|
|    When publishing work that utilized the CUDA version
|    of TI, BAR, MBAR or FEP please cite the following 
|    publications in addition to the regular AMBER 
|    GPU citations:
|
|  - Daniel J. Mermelstein; Charles Lin; Gard Nelson; 
|    Rachael Kretsch; J. Andrew McCammon; Ross C. Walker
|    "Fast and Flexible GPU Accelerated Binding 
|    Free Energy Calculations within the AMBER Molecular
|    Dynamics Package" J. Comp. Chem., 2018,
|    DOI: 10.1002/jcc.25187
|
|  - Tai-Sung Lee; Yuan Hu; Brad Sherborne; Zhuyan Guo;
|    Darrin M. York
|    "Toward Fast and Accurate Binding Affinity Prediction with
|    pmemdGTI: An Efficient Implementation of GPU-Accelerated
|    Thermodynamic Integration"
|    J. Chem. Theory Comput., 2017, 13 (7), 3077
|
|
|--------------------------------------------------------
 
|------------------- GPU DEVICE INFO --------------------
|
|            CUDA_VISIBLE_DEVICES: 0
|   CUDA Capable Devices Detected:      1
|           CUDA Device ID in use:      0
|                CUDA Device Name: Tesla K80
|     CUDA Device Global Mem Size:  12206 MB
| CUDA Device Num Multiprocessors:     13
|           CUDA Device Core Freq:   0.82 GHz
|
|--------------------------------------------------------
 
 
| Conditional Compilation Defines Used:
| FFTW_FFT
| BINTRAJ
| MKL
| CUDA
| EMIL

| Largest sphere to fit in unit cell has radius =    22.455

| New format PARM file being parsed.
| Version =    1.000 Date = 09/30/20 Time = 15:27:28

| Note: 1-4 EEL scale factors are being read from the topology file.

| Note: 1-4 VDW scale factors are being read from the topology file.
| Duplicated    0 dihedrals

| Duplicated    0 dihedrals

--------------------------------------------------------------------------------
   1.  RESOURCE   USE: 
--------------------------------------------------------------------------------

 getting new box info from bottom of inpcrd
 NATOM  =   11414 NTYPES =       4 NBONH =   11409 MBONA  =       4
 NTHETH =       0 MTHETA =       6 NPHIH =       0 MPHIA  =       0
 NHPARM =       0 NPARM  =       0 NNB   =   15223 NRES   =    3804
 NBONA  =       4 NTHETA =       6 NPHIA =       0 NUMBND =       3
 NUMANG =       1 NPTRA  =       0 NATYP =       4 NPHB   =       1
 IFBOX  =       2 NMXRS  =       5 IFCAP =       0 NEXTRA =       0
 NCOPY  =       0

| Coordinate Index Table dimensions:     8    8    8
| Direct force subcell size =     6.8755    6.8755    6.8755

     BOX TYPE: TRUNCATED OCTAHEDRON

--------------------------------------------------------------------------------
   2.  CONTROL  DATA  FOR  THE  RUN
--------------------------------------------------------------------------------

default_name                                                                    

General flags:
     imin    =       1, nmropt  =       0

Nature and format of input:
     ntx     =       1, irest   =       0, ntrx    =       1

Nature and format of output:
     ntxo    =       2, ntpr    =    5000, ntrx    =       1, ntwr    =    5000
     iwrap   =       0, ntwx    =    2000, ntwv    =       0, ntwe    =       0
     ioutfm  =       1, ntwprt  =       0, idecomp =       0, rbornstat=      0

Potential function:
     ntf     =       1, ntb     =       1, igb     =       0, nsnb    =      25
     ipol    =       0, gbsa    =       0, iesp    =       0
     dielc   =   1.00000, cut     =  10.00000, intdiel =   1.00000

Frozen or restrained atoms:
     ibelly  =       0, ntr     =       0

Energy minimization:
     maxcyc  =   20000, ncyc    =      10, ntmin   =       2
     dx0     =   0.01000, drms    =   0.00010

Free energy options:
     icfe    =       1, ifsc    =       1, klambda =       1
     clambda =  0.9521, scalpha =  0.5000, scbeta  = 12.0000
     sceeorder =       2
     dynlmb =  0.0000 logdvdl =       0

| Intermolecular bonds treatment:
|     no_intermolecular_bonds =       1

| Energy averages sample interval:
|     ene_avg_sampling =       1

Ewald parameters:
     verbose =       0, ew_type =       0, nbflag  =       1, use_pme =       1
     vdwmeth =       1, eedmeth =       1, netfrc  =       0
     Box X =   55.004   Box Y =   55.004   Box Z =   55.004
     Alpha =  109.471   Beta  =  109.471   Gamma =  109.471
     NFFT1 =   56       NFFT2 =   56       NFFT3 =   56
     Cutoff=   10.000   Tol   =0.100E-04
     Ewald Coefficient =  0.27511
     Interpolation order =    4
     TI Mask 1 :1; matches      5 atoms
     TI Mask 2  matches      0 atoms
     TI region 1:   11414 atoms
     TI region 2:   11409 atoms
     SC Mask 1 :1; matches      5 atoms
Removing charge of       1.4352 from atom       1
Removing charge of      -1.1088 from atom       2
Removing charge of      -1.1088 from atom       3
Removing charge of      -1.1088 from atom       4
Removing charge of      -1.1088 from atom       5
Total charge of  -2.99999999 removed from       5 atoms
    No charge on TI atoms. Skipping extra recip sum.

--------------------------------------------------------------------------------
   3.  ATOMIC COORDINATES AND VELOCITIES
--------------------------------------------------------------------------------

default_name                                                                    
 begin time read from input coords =     0.000 ps

 
 Number of triangulated 3-point waters found:     3803
 Number of shake restraints removed in TI region  1 :        0
 Number of shake restraints removed in TI region  2 :        0

     Sum of charges for TI region  1 =   0.00000000
     Skip neutralizing charges...


     Sum of charges for TI region  2 =   0.00000000
     Skip neutralizing charges...

| Dynamic Memory, Types Used:
| Reals              531530
| Integers           433795

| Nonbonded Pairs Initial Allocation:     3452449

| GPU memory information (estimate):
| KB of GPU memory in use:     67747
| KB of CPU memory in use:     24739

--------------------------------------------------------------------------------
   4.  RESULTS
--------------------------------------------------------------------------------


| TI region  1



   NSTEP       ENERGY          RMS            GMAX         NAME    NUMBER
      1      -2.6211E+04     2.1041E+02     1.1379E+04     O       10575

 BOND    =        0.1835  ANGLE   =        0.0000  DIHED      =        0.0000
 VDWAALS =    11127.0826  EEL     =   -37337.8005  HBOND      =        0.0000
 1-4 VDW =        0.0000  1-4 EEL =        0.0000  RESTRAINT  =        0.0000
 DV/DL  =         5.0286
  Softcore part of the system:       5 atoms,       TEMP(K)    =           0.00
 SC_Etot=         0.0000  SC_EKtot=         0.0000  SC_EPtot   =        19.9929
 SC_BOND=        13.7336  SC_ANGLE=         6.2593  SC_DIHED   =         0.0000
 SC_14NB=         0.0000  SC_14EEL=         0.0000  SC_VDW     =         0.0000
 SC_EEL =         0.0000
 SC_RES_DIST=     0.0000  SC_RES_ANG=       0.0000  SC_RES_TORS=         0.0000
 SC_EEL_DER=      0.0000  SC_VDW_DER=       0.0063  SC_DERIV   =         0.0063
 ------------------------------------------------------------------------------


| TI region  2



   NSTEP       ENERGY          RMS            GMAX         NAME    NUMBER
      1      -2.6211E+04     2.1041E+02     1.1379E+04     O       10575

 BOND    =        0.1835  ANGLE   =        0.0000  DIHED      =        0.0000
 VDWAALS =    11127.0826  EEL     =   -37337.8005  HBOND      =        0.0000
 1-4 VDW =        0.0000  1-4 EEL =        0.0000  RESTRAINT  =        0.0000
 DV/DL  =         5.0286

| TI region  1



   NSTEP       ENERGY          RMS            GMAX         NAME    NUMBER
   5000      -4.7305E+04     2.4670E-01     2.1107E+00     H2      10991

 BOND    =     3612.0614  ANGLE   =        0.0000  DIHED      =        0.0000
 VDWAALS =     9284.4382  EEL     =   -60201.9423  HBOND      =        0.0000
 1-4 VDW =        0.0000  1-4 EEL =        0.0000  RESTRAINT  =        0.0000
 DV/DL  =         4.1715
  Softcore part of the system:       5 atoms,       TEMP(K)    =           0.00
 SC_Etot=         0.0000  SC_EKtot=         0.0000  SC_EPtot   =         6.2592
 SC_BOND=         0.0000  SC_ANGLE=         6.2592  SC_DIHED   =         0.0000
 SC_14NB=         0.0000  SC_14EEL=         0.0000  SC_VDW     =         0.0000
 SC_EEL =         0.0000
 SC_RES_DIST=     0.0000  SC_RES_ANG=       0.0000  SC_RES_TORS=         0.0000
 SC_EEL_DER=      0.0000  SC_VDW_DER=       0.0037  SC_DERIV   =         0.0037
 ------------------------------------------------------------------------------


| TI region  2



   NSTEP       ENERGY          RMS            GMAX         NAME    NUMBER
   5000      -4.7305E+04     2.4670E-01     2.1107E+00     H2      10991

 BOND    =     3612.0614  ANGLE   =        0.0000  DIHED      =        0.0000
 VDWAALS =     9284.4382  EEL     =   -60201.9423  HBOND      =        0.0000
 1-4 VDW =        0.0000  1-4 EEL =        0.0000  RESTRAINT  =        0.0000
 DV/DL  =         4.1715

| TI region  1



   NSTEP       ENERGY          RMS            GMAX         NAME    NUMBER
  10000      -4.7834E+04     1.2569E-01     2.1692E+00     H2      10991

 BOND    =     3733.3688  ANGLE   =        0.0000  DIHED      =        0.0000
 VDWAALS =     9735.3252  EEL     =   -61302.5025  HBOND      =        0.0000
 1-4 VDW =        0.0000  1-4 EEL =        0.0000  RESTRAINT  =        0.0000
 DV/DL  =         4.0966
  Softcore part of the system:       5 atoms,       TEMP(K)    =           0.00
 SC_Etot=         0.0000  SC_EKtot=         0.0000  SC_EPtot   =         6.2592
 SC_BOND=         0.0000  SC_ANGLE=         6.2592  SC_DIHED   =         0.0000
 SC_14NB=         0.0000  SC_14EEL=         0.0000  SC_VDW     =         0.0000
 SC_EEL =         0.0000
 SC_RES_DIST=     0.0000  SC_RES_ANG=       0.0000  SC_RES_TORS=         0.0000
 SC_EEL_DER=      0.0000  SC_VDW_DER=       0.0036  SC_DERIV   =         0.0036
 ------------------------------------------------------------------------------


| TI region  2



   NSTEP       ENERGY          RMS            GMAX         NAME    NUMBER
  10000      -4.7834E+04     1.2569E-01     2.1692E+00     H2      10991

 BOND    =     3733.3688  ANGLE   =        0.0000  DIHED      =        0.0000
 VDWAALS =     9735.3252  EEL     =   -61302.5025  HBOND      =        0.0000
 1-4 VDW =        0.0000  1-4 EEL =        0.0000  RESTRAINT  =        0.0000
 DV/DL  =         4.0966

| TI region  1



   NSTEP       ENERGY          RMS            GMAX         NAME    NUMBER
  15000      -4.8094E+04     1.6584E-01     4.2880E+00     H2      10991

 BOND    =     3814.0751  ANGLE   =        0.0000  DIHED      =        0.0000
 VDWAALS =     9940.0840  EEL     =   -61848.5093  HBOND      =        0.0000
 1-4 VDW =        0.0000  1-4 EEL =        0.0000  RESTRAINT  =        0.0000
 DV/DL  =         3.9342
  Softcore part of the system:       5 atoms,       TEMP(K)    =           0.00
 SC_Etot=         0.0000  SC_EKtot=         0.0000  SC_EPtot   =         6.2592
 SC_BOND=         0.0000  SC_ANGLE=         6.2592  SC_DIHED   =         0.0000
 SC_14NB=         0.0000  SC_14EEL=         0.0000  SC_VDW     =         0.0000
 SC_EEL =         0.0000
 SC_RES_DIST=     0.0000  SC_RES_ANG=       0.0000  SC_RES_TORS=         0.0000
 SC_EEL_DER=      0.0000  SC_VDW_DER=       0.0030  SC_DERIV   =         0.0030
 ------------------------------------------------------------------------------


| TI region  2



   NSTEP       ENERGY          RMS            GMAX         NAME    NUMBER
  15000      -4.8094E+04     1.6584E-01     4.2880E+00     H2      10991

 BOND    =     3814.0751  ANGLE   =        0.0000  DIHED      =        0.0000
 VDWAALS =     9940.0840  EEL     =   -61848.5093  HBOND      =        0.0000
 1-4 VDW =        0.0000  1-4 EEL =        0.0000  RESTRAINT  =        0.0000
 DV/DL  =         3.9342

| TI region  1



   NSTEP       ENERGY          RMS            GMAX         NAME    NUMBER
  20000      -4.8291E+04     8.9665E-02     2.8650E+00     H2      10991

 BOND    =     3832.6039  ANGLE   =        0.0000  DIHED      =        0.0000
 VDWAALS =    10107.9799  EEL     =   -62231.6083  HBOND      =        0.0000
 1-4 VDW =        0.0000  1-4 EEL =        0.0000  RESTRAINT  =        0.0000
 DV/DL  =         3.9359
  Softcore part of the system:       5 atoms,       TEMP(K)    =           0.00
 SC_Etot=         0.0000  SC_EKtot=         0.0000  SC_EPtot   =         6.2592
 SC_BOND=         0.0000  SC_ANGLE=         6.2592  SC_DIHED   =         0.0000
 SC_14NB=         0.0000  SC_14EEL=         0.0000  SC_VDW     =         0.0000
 SC_EEL =         0.0000
 SC_RES_DIST=     0.0000  SC_RES_ANG=       0.0000  SC_RES_TORS=         0.0000
 SC_EEL_DER=      0.0000  SC_VDW_DER=       0.0031  SC_DERIV   =         0.0031
 ------------------------------------------------------------------------------


| TI region  2



   NSTEP       ENERGY          RMS            GMAX         NAME    NUMBER
  20000      -4.8291E+04     8.9665E-02     2.8650E+00     H2      10991

 BOND    =     3832.6039  ANGLE   =        0.0000  DIHED      =        0.0000
 VDWAALS =    10107.9799  EEL     =   -62231.6083  HBOND      =        0.0000
 1-4 VDW =        0.0000  1-4 EEL =        0.0000  RESTRAINT  =        0.0000
 DV/DL  =         3.9359


  Maximum number of minimization cycles reached.


                    FINAL RESULTS


| TI region  1



   NSTEP       ENERGY          RMS            GMAX         NAME    NUMBER
  20000      -4.8291E+04     8.9665E-02     2.8650E+00     H2      10991

 BOND    =     3832.6039  ANGLE   =        0.0000  DIHED      =        0.0000
 VDWAALS =    10107.9799  EEL     =   -62231.6083  HBOND      =        0.0000
 1-4 VDW =        0.0000  1-4 EEL =        0.0000  RESTRAINT  =        0.0000
 DV/DL  =         3.9359
  Softcore part of the system:       5 atoms,       TEMP(K)    =           0.00
 SC_Etot=         0.0000  SC_EKtot=         0.0000  SC_EPtot   =         6.2592
 SC_BOND=         0.0000  SC_ANGLE=         6.2592  SC_DIHED   =         0.0000
 SC_14NB=         0.0000  SC_14EEL=         0.0000  SC_VDW     =         0.0000
 SC_EEL =         0.0000
 SC_RES_DIST=     0.0000  SC_RES_ANG=       0.0000  SC_RES_TORS=         0.0000
 SC_EEL_DER=      0.0000  SC_VDW_DER=       0.0031  SC_DERIV   =         0.0031
 ------------------------------------------------------------------------------


| TI region  2



   NSTEP       ENERGY          RMS            GMAX         NAME    NUMBER
  20000      -4.8291E+04     8.9665E-02     2.8650E+00     H2      10991

 BOND    =     3832.6039  ANGLE   =        0.0000  DIHED      =        0.0000
 VDWAALS =    10107.9799  EEL     =   -62231.6083  HBOND      =        0.0000
 1-4 VDW =        0.0000  1-4 EEL =        0.0000  RESTRAINT  =        0.0000
 DV/DL  =         3.9359
--------------------------------------------------------------------------------
   5.  TIMINGS
--------------------------------------------------------------------------------

|  NonSetup CPU Time in Major Routines:
|
|     Routine           Sec        %
|     ------------------------------
|     Nonbond          25.96   61.77
|     Bond              0.00    0.00
|     Angle             0.00    0.00
|     Dihedral          0.00    0.00
|     Shake             0.00    0.00
|     Other            16.07   38.23
|     ------------------------------
|     Total            42.03

|  PME Nonbond Pairlist CPU Time:
|
|     Routine              Sec        %
|     ---------------------------------
|     Set Up Cit           0.00    0.00
|     Build List           0.00    0.00
|     ---------------------------------
|     Total                0.00    0.00

|  PME Direct Force CPU Time:
|
|     Routine              Sec        %
|     ---------------------------------
|     NonBonded Calc       0.00    0.00
|     Exclude Masked       0.00    0.00
|     Other                0.10    0.23
|     ---------------------------------
|     Total                0.10    0.23

|  PME Reciprocal Force CPU Time:
|
|     Routine              Sec        %
|     ---------------------------------
|     1D bspline           0.00    0.00
|     Grid Charges         0.00    0.00
|     Scalar Sum           0.00    0.00
|     Gradient Sum         0.00    0.00
|     FFT                  0.00    0.00
|     ---------------------------------
|     Total                0.00    0.00

|  Setup CPU time:            1.01 seconds
|  NonSetup CPU time:        42.03 seconds
|  Total CPU time:           43.04 seconds     0.01 hours

|  Setup wall time:           1    seconds
|  NonSetup wall time:       42    seconds
|  Total wall time:          43    seconds     0.01 hours
