
          -------------------------------------------------------
          Amber 20 PMEMD                              2020
          -------------------------------------------------------

| PMEMD implementation of SANDER, Release 18

|  Compiled date/time: Mon Apr 27 21:19:54 2020
| Run on 09/30/2020 at 18:28:34

|   Executable path: /opt/software/Amber/20-fosscuda-2019b/amber20/bin/pmemd.cuda
| Working directory: /mnt/ls15/scratch/users/songlin3/run/solvation_amber20/po4/one_step_tip3p_PO4/po4_to_dummy/0.11505
|          Hostname: lac-084

  [-O]verwriting output

File Assignments:
|   MDIN: heat.in                                                               
|  MDOUT: heat.out                                                              
| INPCRD: min.rst                                                               
|   PARM: step1_dummy.prmtop                                                    
| RESTRT: heat.rst                                                              
|   REFC: min.rst                                                               
|  MDVEL: mdvel                                                                 
|   MDEN: mden                                                                  
|  MDCRD: heat.netcdf                                                           
| MDINFO: heat.mdinfo                                                           
|  MDFRC: mdfrc                                                                 


 Here is the input file:

nvt for free MD                                                                
 &cntrl                                                                        
  imin=0,                                                                      
  irest=0,                                                                     
  ntx=1,                                                                       
  ig=-1,                                                                       
  nstlim=100000,                                                               
  dt=0.002,                                                                    
  cut=10.0,                                                                    
  ntc=2,                                                                       
  ntf=2,                                                                       
  ntb=1,                                                                       
  ntt=3,                                                                       
  gamma_ln=2.0,                                                                
  tempi=0.0,                                                                   
  temp0=300.0,                                                                 
  ntpr=5000,                                                                   
  ntwr=5000,                                                                   
  ntwx=10000,                                                                  
  ntwv=0,                                                                      
  ioutfm=1,                                                                    
  iwrap=0,                                                                     
  nmropt=1,                                                                    
  ifsc = 0, icfe=1,                                                            
  clambda=0.11505,                                                             
  timask1=':1',                                                                
  timask2=':2',                                                                
/                                                                              
&wt TYPE='TEMP0', istep1=0, istep2=90000, value1=0.0, value2=300.0 /           
&wt TYPE='TEMP0', istep1=90001, istep2=100000, value1=300.0, value2=300.0 /    
&wt TYPE='DUMPFREQ', istep1=10000, /                                           
&wt TYPE='END', /                                                              


Note: ig = -1. Setting random seed to   149799 based on wallclock time in 
      microseconds.
| irandom = 1, using AMBER's internal random number generator (default).
 
|--------------------- INFORMATION ----------------------
| GPU (CUDA) Version of PMEMD in use: NVIDIA GPU IN USE.
|                    Version 18.0.0
| 
|                      03/25/2018
| 
| Implementation by:
|                    Ross C. Walker     (SDSC)
|                    Scott Le Grand     (nVIDIA)
| 
| Version 18 performance extensions by:
|                    David Cerutti     (Rutgers)
| 
| Precision model in use:
|      [SPFP] - Single Precision Forces, 64-bit Fixed Point
|               Accumulation. (Default)
| 
|--------------------------------------------------------
 
|----------------- CITATION INFORMATION -----------------
|
|    When publishing work that utilized the CUDA version
|    of AMBER, please cite the following in addition to
|    the regular AMBER citations:
|
|  - Romelia Salomon-Ferrer; Andreas W. Goetz; Duncan
|    Poole; Scott Le Grand; Ross C. Walker "Routine
|    microsecond molecular dynamics simulations with
|    AMBER - Part II: Particle Mesh Ewald", J. Chem.
|    Theory Comput., 2013, 9 (9), pp3878-3888,
|    DOI: 10.1021/ct400314y.
|
|  - Andreas W. Goetz; Mark J. Williamson; Dong Xu;
|    Duncan Poole; Scott Le Grand; Ross C. Walker
|    "Routine microsecond molecular dynamics simulations
|    with AMBER - Part I: Generalized Born", J. Chem.
|    Theory Comput., 2012, 8 (5), pp1542-1555.
|
|  - Scott Le Grand; Andreas W. Goetz; Ross C. Walker
|    "SPFP: Speed without compromise - a mixed precision
|    model for GPU accelerated molecular dynamics
|    simulations.", Comp. Phys. Comm., 2013, 184
|    pp374-380, DOI: 10.1016/j.cpc.2012.09.022
|
|    When publishing work that utilized the CUDA version
|    of TI, BAR, MBAR or FEP please cite the following 
|    publications in addition to the regular AMBER 
|    GPU citations:
|
|  - Daniel J. Mermelstein; Charles Lin; Gard Nelson; 
|    Rachael Kretsch; J. Andrew McCammon; Ross C. Walker
|    "Fast and Flexible GPU Accelerated Binding 
|    Free Energy Calculations within the AMBER Molecular
|    Dynamics Package" J. Comp. Chem., 2018,
|    DOI: 10.1002/jcc.25187
|
|  - Tai-Sung Lee; Yuan Hu; Brad Sherborne; Zhuyan Guo;
|    Darrin M. York
|    "Toward Fast and Accurate Binding Affinity Prediction with
|    pmemdGTI: An Efficient Implementation of GPU-Accelerated
|    Thermodynamic Integration"
|    J. Chem. Theory Comput., 2017, 13 (7), 3077
|
|
|--------------------------------------------------------
 
|------------------- GPU DEVICE INFO --------------------
|
|            CUDA_VISIBLE_DEVICES: 0
|   CUDA Capable Devices Detected:      1
|           CUDA Device ID in use:      0
|                CUDA Device Name: Tesla K80
|     CUDA Device Global Mem Size:  12206 MB
| CUDA Device Num Multiprocessors:     13
|           CUDA Device Core Freq:   0.82 GHz
|
|--------------------------------------------------------
 
 
| Conditional Compilation Defines Used:
| FFTW_FFT
| BINTRAJ
| MKL
| CUDA
| EMIL

| Largest sphere to fit in unit cell has radius =    22.455

| New format PARM file being parsed.
| Version =    1.000 Date = 09/30/20 Time = 15:53:13

| Note: 1-4 EEL scale factors are being read from the topology file.

| Note: 1-4 VDW scale factors are being read from the topology file.
| Duplicated    0 dihedrals

| Duplicated    0 dihedrals

--------------------------------------------------------------------------------
   1.  RESOURCE   USE: 
--------------------------------------------------------------------------------

 getting box info from netcdf restart file
 NATOM  =   11419 NTYPES =       6 NBONH =   11409 MBONA  =       8
 NTHETH =       0 MTHETA =      12 NPHIH =       0 MPHIA  =       0
 NHPARM =       0 NPARM  =       0 NNB   =   15234 NRES   =    3805
 NBONA  =       8 NTHETA =      12 NPHIA =       0 NUMBND =       3
 NUMANG =       1 NPTRA  =       0 NATYP =       4 NPHB   =       1
 IFBOX  =       2 NMXRS  =       5 IFCAP =       0 NEXTRA =       0
 NCOPY  =       0

| Coordinate Index Table dimensions:     8    8    8
| Direct force subcell size =     6.8755    6.8755    6.8755

     BOX TYPE: TRUNCATED OCTAHEDRON

--------------------------------------------------------------------------------
   2.  CONTROL  DATA  FOR  THE  RUN
--------------------------------------------------------------------------------

default_name                                                                    

General flags:
     imin    =       0, nmropt  =       1

Nature and format of input:
     ntx     =       1, irest   =       0, ntrx    =       1

Nature and format of output:
     ntxo    =       2, ntpr    =    5000, ntrx    =       1, ntwr    =    5000
     iwrap   =       0, ntwx    =   10000, ntwv    =       0, ntwe    =       0
     ioutfm  =       1, ntwprt  =       0, idecomp =       0, rbornstat=      0

Potential function:
     ntf     =       2, ntb     =       1, igb     =       0, nsnb    =      25
     ipol    =       0, gbsa    =       0, iesp    =       0
     dielc   =   1.00000, cut     =  10.00000, intdiel =   1.00000

Frozen or restrained atoms:
     ibelly  =       0, ntr     =       0

Molecular dynamics:
     nstlim  =    100000, nscm    =      1000, nrespa  =         1
     t       =   0.00000, dt      =   0.00200, vlimit  =  -1.00000

Langevin dynamics temperature regulation:
     ig      =  149799
     temp0   = 300.00000, tempi   =   0.00000, gamma_ln=   2.00000

SHAKE:
     ntc     =       2, jfastw  =       0
     tol     =   0.00001

NMR refinement options:
     iscale  =       0, noeskp  =       1, ipnlty  =       1, mxsub   =       1
     scalm   = 100.00000, pencut  =   0.10000, tausw   =   0.10000

Free energy options:
     icfe    =       1, ifsc    =       0, klambda =       1
     clambda =  0.1150, scalpha =  0.5000, scbeta  = 12.0000
     sceeorder =       2
     dynlmb =  0.0000 logdvdl =       0

| Intermolecular bonds treatment:
|     no_intermolecular_bonds =       1

| Energy averages sample interval:
|     ene_avg_sampling =    5000

Ewald parameters:
     verbose =       0, ew_type =       0, nbflag  =       1, use_pme =       1
     vdwmeth =       1, eedmeth =       1, netfrc  =       1
     Box X =   55.004   Box Y =   55.004   Box Z =   55.004
     Alpha =  109.471   Beta  =  109.471   Gamma =  109.471
     NFFT1 =   56       NFFT2 =   56       NFFT3 =   56
     Cutoff=   10.000   Tol   =0.100E-04
     Ewald Coefficient =  0.27511
     Interpolation order =    4
     TI Mask 1 :1; matches      5 atoms
     TI Mask 2 :2; matches      5 atoms
     TI region 1:   11414 atoms
     TI region 2:   11414 atoms
     Checking for mismatched coordinates.

--------------------------------------------------------------------------------
   3.  ATOMIC COORDINATES AND VELOCITIES
--------------------------------------------------------------------------------

default_name                                                                    
 begin time read from input coords =     0.000 ps



           Begin reading energy term weight changes/NMR restraints
 WEIGHT CHANGES:
 TEMP0         0  90000    0.000000  300.000000      0      0
 TEMP0     90001 100000  300.000000  300.000000      0      0
 DUMPFREQ  10000      0    0.000000    0.000000      0      0

 RESTRAINTS:
                          ** No restraint defined **

                  Done reading weight changes/NMR restraints


 
 Number of triangulated 3-point waters found:     3803

     Sum of charges for TI region  1 =  -2.99999999
     Skip neutralizing charges...


     Sum of charges for TI region  2 =   0.00000000
     Skip neutralizing charges...

| Dynamic Memory, Types Used:
| Reals              566056
| Integers           434130

| Nonbonded Pairs Initial Allocation:     3453962

| GPU memory information (estimate):
| KB of GPU memory in use:    101505
| KB of CPU memory in use:     24225

--------------------------------------------------------------------------------
   4.  RESULTS
--------------------------------------------------------------------------------


| TI region  1


 NSTEP =        0   TIME(PS) =       0.000  TEMP(K) =     0.00  PRESS =     0.0
 Etot   =    -34837.0826  EKtot   =         0.0000  EPtot      =    -34837.0826
 BOND   =         0.0499  ANGLE   =         6.4969  DIHED      =         0.0000
 1-4 NB =         0.0000  1-4 EEL =         0.0000  VDWAALS    =      2559.3960
 EELEC  =    -37403.0255  EHBOND  =         0.0000  RESTRAINT  =         0.0000
 DV/DL  =       264.0437
 ------------------------------------------------------------------------------


| TI region  2


 NSTEP =        0   TIME(PS) =       0.000  TEMP(K) =     0.00  PRESS =     0.0
 Etot   =    -34837.0826  EKtot   =         0.0000  EPtot      =    -34837.0826
 BOND   =         0.0499  ANGLE   =         6.4969  DIHED      =         0.0000
 1-4 NB =         0.0000  1-4 EEL =         0.0000  VDWAALS    =      2559.3960
 EELEC  =    -37403.0255  EHBOND  =         0.0000  RESTRAINT  =         0.0000
 DV/DL  =       264.0437
 ------------------------------------------------------------------------------

 NMR restraints: Bond =    0.000   Angle =     0.000   Torsion =     0.000
===============================================================================

| TI region  1


 NSTEP =     5000   TIME(PS) =      10.000  TEMP(K) =    15.93  PRESS =     0.0
 Etot   =    -45186.5461  EKtot   =       361.3542  EPtot      =    -45547.9004
 BOND   =         1.0829  ANGLE   =         6.7622  DIHED      =         0.0000
 1-4 NB =         0.0000  1-4 EEL =         0.0000  VDWAALS    =      8229.8573
 EELEC  =    -53785.6028  EHBOND  =         0.0000  RESTRAINT  =         0.0000
 DV/DL  =      1004.9360
 ------------------------------------------------------------------------------


| TI region  2


 NSTEP =     5000   TIME(PS) =      10.000  TEMP(K) =    15.93  PRESS =     0.0
 Etot   =    -45186.5461  EKtot   =       361.3542  EPtot      =    -45547.9004
 BOND   =         1.0829  ANGLE   =         6.7622  DIHED      =         0.0000
 1-4 NB =         0.0000  1-4 EEL =         0.0000  VDWAALS    =      8229.8573
 EELEC  =    -53785.6028  EHBOND  =         0.0000  RESTRAINT  =         0.0000
 DV/DL  =      1004.9360
 ------------------------------------------------------------------------------

 NMR restraints: Bond =    0.000   Angle =     0.000   Torsion =     0.000
===============================================================================

| TI region  1


 NSTEP =    10000   TIME(PS) =      20.000  TEMP(K) =    32.45  PRESS =     0.0
 Etot   =    -44549.6735  EKtot   =       736.1908  EPtot      =    -45285.8644
 BOND   =         1.7198  ANGLE   =         6.5443  DIHED      =         0.0000
 1-4 NB =         0.0000  1-4 EEL =         0.0000  VDWAALS    =      8284.6048
 EELEC  =    -53578.7333  EHBOND  =         0.0000  RESTRAINT  =         0.0000
 DV/DL  =      1005.2079
 ------------------------------------------------------------------------------


| TI region  2


 NSTEP =    10000   TIME(PS) =      20.000  TEMP(K) =    32.45  PRESS =     0.0
 Etot   =    -44549.6735  EKtot   =       736.1908  EPtot      =    -45285.8644
 BOND   =         1.7198  ANGLE   =         6.5443  DIHED      =         0.0000
 1-4 NB =         0.0000  1-4 EEL =         0.0000  VDWAALS    =      8284.6048
 EELEC  =    -53578.7333  EHBOND  =         0.0000  RESTRAINT  =         0.0000
 DV/DL  =      1005.2079
 ------------------------------------------------------------------------------

 NMR restraints: Bond =    0.000   Angle =     0.000   Torsion =     0.000
===============================================================================

| TI region  1


 NSTEP =    15000   TIME(PS) =      30.000  TEMP(K) =    48.52  PRESS =     0.0
 Etot   =    -43980.1171  EKtot   =      1100.8203  EPtot      =    -45080.9374
 BOND   =         1.1435  ANGLE   =         7.1351  DIHED      =         0.0000
 1-4 NB =         0.0000  1-4 EEL =         0.0000  VDWAALS    =      8338.6004
 EELEC  =    -53427.8164  EHBOND  =         0.0000  RESTRAINT  =         0.0000
 DV/DL  =      1015.0081
 ------------------------------------------------------------------------------


| TI region  2


 NSTEP =    15000   TIME(PS) =      30.000  TEMP(K) =    48.52  PRESS =     0.0
 Etot   =    -43980.1171  EKtot   =      1100.8203  EPtot      =    -45080.9374
 BOND   =         1.1435  ANGLE   =         7.1351  DIHED      =         0.0000
 1-4 NB =         0.0000  1-4 EEL =         0.0000  VDWAALS    =      8338.6004
 EELEC  =    -53427.8164  EHBOND  =         0.0000  RESTRAINT  =         0.0000
 DV/DL  =      1015.0081
 ------------------------------------------------------------------------------

 NMR restraints: Bond =    0.000   Angle =     0.000   Torsion =     0.000
===============================================================================

| TI region  1


 NSTEP =    20000   TIME(PS) =      40.000  TEMP(K) =    66.45  PRESS =     0.0
 Etot   =    -43233.6864  EKtot   =      1507.4477  EPtot      =    -44741.1340
 BOND   =         2.3621  ANGLE   =         7.4418  DIHED      =         0.0000
 1-4 NB =         0.0000  1-4 EEL =         0.0000  VDWAALS    =      8219.1564
 EELEC  =    -52970.0944  EHBOND  =         0.0000  RESTRAINT  =         0.0000
 DV/DL  =      1027.9295
 ------------------------------------------------------------------------------


| TI region  2


 NSTEP =    20000   TIME(PS) =      40.000  TEMP(K) =    66.45  PRESS =     0.0
 Etot   =    -43233.6864  EKtot   =      1507.4477  EPtot      =    -44741.1340
 BOND   =         2.3621  ANGLE   =         7.4418  DIHED      =         0.0000
 1-4 NB =         0.0000  1-4 EEL =         0.0000  VDWAALS    =      8219.1564
 EELEC  =    -52970.0944  EHBOND  =         0.0000  RESTRAINT  =         0.0000
 DV/DL  =      1027.9295
 ------------------------------------------------------------------------------

 NMR restraints: Bond =    0.000   Angle =     0.000   Torsion =     0.000
===============================================================================

| TI region  1


 NSTEP =    25000   TIME(PS) =      50.000  TEMP(K) =    80.89  PRESS =     0.0
 Etot   =    -42671.7189  EKtot   =      1835.1080  EPtot      =    -44506.8268
 BOND   =         1.5512  ANGLE   =         6.8116  DIHED      =         0.0000
 1-4 NB =         0.0000  1-4 EEL =         0.0000  VDWAALS    =      8143.0555
 EELEC  =    -52658.2452  EHBOND  =         0.0000  RESTRAINT  =         0.0000
 DV/DL  =      1040.7978
 ------------------------------------------------------------------------------


| TI region  2


 NSTEP =    25000   TIME(PS) =      50.000  TEMP(K) =    80.89  PRESS =     0.0
 Etot   =    -42671.7189  EKtot   =      1835.1080  EPtot      =    -44506.8268
 BOND   =         1.5512  ANGLE   =         6.8116  DIHED      =         0.0000
 1-4 NB =         0.0000  1-4 EEL =         0.0000  VDWAALS    =      8143.0555
 EELEC  =    -52658.2452  EHBOND  =         0.0000  RESTRAINT  =         0.0000
 DV/DL  =      1040.7978
 ------------------------------------------------------------------------------

 NMR restraints: Bond =    0.000   Angle =     0.000   Torsion =     0.000
===============================================================================

| TI region  1


 NSTEP =    30000   TIME(PS) =      60.000  TEMP(K) =    99.20  PRESS =     0.0
 Etot   =    -41958.3245  EKtot   =      2250.5658  EPtot      =    -44208.8903
 BOND   =         1.2088  ANGLE   =         6.4113  DIHED      =         0.0000
 1-4 NB =         0.0000  1-4 EEL =         0.0000  VDWAALS    =      8088.4987
 EELEC  =    -52305.0091  EHBOND  =         0.0000  RESTRAINT  =         0.0000
 DV/DL  =      1030.9243
 ------------------------------------------------------------------------------


| TI region  2


 NSTEP =    30000   TIME(PS) =      60.000  TEMP(K) =    99.20  PRESS =     0.0
 Etot   =    -41958.3245  EKtot   =      2250.5658  EPtot      =    -44208.8903
 BOND   =         1.2088  ANGLE   =         6.4113  DIHED      =         0.0000
 1-4 NB =         0.0000  1-4 EEL =         0.0000  VDWAALS    =      8088.4987
 EELEC  =    -52305.0091  EHBOND  =         0.0000  RESTRAINT  =         0.0000
 DV/DL  =      1030.9243
 ------------------------------------------------------------------------------

 NMR restraints: Bond =    0.000   Angle =     0.000   Torsion =     0.000
===============================================================================

| TI region  1


 NSTEP =    35000   TIME(PS) =      70.000  TEMP(K) =   115.93  PRESS =     0.0
 Etot   =    -41321.7393  EKtot   =      2630.0513  EPtot      =    -43951.7906
 BOND   =         0.9057  ANGLE   =         6.5256  DIHED      =         0.0000
 1-4 NB =         0.0000  1-4 EEL =         0.0000  VDWAALS    =      8018.9067
 EELEC  =    -51978.1285  EHBOND  =         0.0000  RESTRAINT  =         0.0000
 DV/DL  =      1038.4684
 ------------------------------------------------------------------------------


| TI region  2


 NSTEP =    35000   TIME(PS) =      70.000  TEMP(K) =   115.93  PRESS =     0.0
 Etot   =    -41321.7393  EKtot   =      2630.0513  EPtot      =    -43951.7906
 BOND   =         0.9057  ANGLE   =         6.5256  DIHED      =         0.0000
 1-4 NB =         0.0000  1-4 EEL =         0.0000  VDWAALS    =      8018.9067
 EELEC  =    -51978.1285  EHBOND  =         0.0000  RESTRAINT  =         0.0000
 DV/DL  =      1038.4684
 ------------------------------------------------------------------------------

 NMR restraints: Bond =    0.000   Angle =     0.000   Torsion =     0.000
===============================================================================

| TI region  1


 NSTEP =    40000   TIME(PS) =      80.000  TEMP(K) =   133.37  PRESS =     0.0
 Etot   =    -40653.6574  EKtot   =      3025.7913  EPtot      =    -43679.4488
 BOND   =         0.9235  ANGLE   =         6.5478  DIHED      =         0.0000
 1-4 NB =         0.0000  1-4 EEL =         0.0000  VDWAALS    =      7997.1755
 EELEC  =    -51684.0956  EHBOND  =         0.0000  RESTRAINT  =         0.0000
 DV/DL  =      1035.3120
 ------------------------------------------------------------------------------


| TI region  2


 NSTEP =    40000   TIME(PS) =      80.000  TEMP(K) =   133.37  PRESS =     0.0
 Etot   =    -40653.6574  EKtot   =      3025.7913  EPtot      =    -43679.4488
 BOND   =         0.9235  ANGLE   =         6.5478  DIHED      =         0.0000
 1-4 NB =         0.0000  1-4 EEL =         0.0000  VDWAALS    =      7997.1755
 EELEC  =    -51684.0956  EHBOND  =         0.0000  RESTRAINT  =         0.0000
 DV/DL  =      1035.3120
 ------------------------------------------------------------------------------

 NMR restraints: Bond =    0.000   Angle =     0.000   Torsion =     0.000
===============================================================================

| TI region  1


 NSTEP =    45000   TIME(PS) =      90.000  TEMP(K) =   154.02  PRESS =     0.0
 Etot   =    -39807.4375  EKtot   =      3494.1580  EPtot      =    -43301.5955
 BOND   =         1.0916  ANGLE   =         6.3772  DIHED      =         0.0000
 1-4 NB =         0.0000  1-4 EEL =         0.0000  VDWAALS    =      7886.2826
 EELEC  =    -51195.3469  EHBOND  =         0.0000  RESTRAINT  =         0.0000
 DV/DL  =      1070.8430
 ------------------------------------------------------------------------------


| TI region  2


 NSTEP =    45000   TIME(PS) =      90.000  TEMP(K) =   154.02  PRESS =     0.0
 Etot   =    -39807.4375  EKtot   =      3494.1580  EPtot      =    -43301.5955
 BOND   =         1.0916  ANGLE   =         6.3772  DIHED      =         0.0000
 1-4 NB =         0.0000  1-4 EEL =         0.0000  VDWAALS    =      7886.2826
 EELEC  =    -51195.3469  EHBOND  =         0.0000  RESTRAINT  =         0.0000
 DV/DL  =      1070.8430
 ------------------------------------------------------------------------------

 NMR restraints: Bond =    0.000   Angle =     0.000   Torsion =     0.000
===============================================================================

| TI region  1


 NSTEP =    50000   TIME(PS) =     100.000  TEMP(K) =   164.24  PRESS =     0.0
 Etot   =    -39168.6806  EKtot   =      3726.1431  EPtot      =    -42894.8237
 BOND   =         0.7496  ANGLE   =         7.2986  DIHED      =         0.0000
 1-4 NB =         0.0000  1-4 EEL =         0.0000  VDWAALS    =      7691.7163
 EELEC  =    -50594.5881  EHBOND  =         0.0000  RESTRAINT  =         0.0000
 DV/DL  =      1052.3242
 ------------------------------------------------------------------------------


| TI region  2


 NSTEP =    50000   TIME(PS) =     100.000  TEMP(K) =   164.24  PRESS =     0.0
 Etot   =    -39168.6806  EKtot   =      3726.1431  EPtot      =    -42894.8237
 BOND   =         0.7496  ANGLE   =         7.2986  DIHED      =         0.0000
 1-4 NB =         0.0000  1-4 EEL =         0.0000  VDWAALS    =      7691.7163
 EELEC  =    -50594.5881  EHBOND  =         0.0000  RESTRAINT  =         0.0000
 DV/DL  =      1052.3242
 ------------------------------------------------------------------------------

 NMR restraints: Bond =    0.000   Angle =     0.000   Torsion =     0.000
===============================================================================

| TI region  1


 NSTEP =    55000   TIME(PS) =     110.000  TEMP(K) =   183.65  PRESS =     0.0
 Etot   =    -38190.6848  EKtot   =      4166.4529  EPtot      =    -42357.1376
 BOND   =         1.1648  ANGLE   =         6.7290  DIHED      =         0.0000
 1-4 NB =         0.0000  1-4 EEL =         0.0000  VDWAALS    =      7583.1768
 EELEC  =    -49948.2082  EHBOND  =         0.0000  RESTRAINT  =         0.0000
 DV/DL  =      1043.3823
 ------------------------------------------------------------------------------


| TI region  2


 NSTEP =    55000   TIME(PS) =     110.000  TEMP(K) =   183.65  PRESS =     0.0
 Etot   =    -38190.6848  EKtot   =      4166.4529  EPtot      =    -42357.1376
 BOND   =         1.1648  ANGLE   =         6.7290  DIHED      =         0.0000
 1-4 NB =         0.0000  1-4 EEL =         0.0000  VDWAALS    =      7583.1768
 EELEC  =    -49948.2082  EHBOND  =         0.0000  RESTRAINT  =         0.0000
 DV/DL  =      1043.3823
 ------------------------------------------------------------------------------

 NMR restraints: Bond =    0.000   Angle =     0.000   Torsion =     0.000
===============================================================================

| TI region  1


 NSTEP =    60000   TIME(PS) =     120.000  TEMP(K) =   199.12  PRESS =     0.0
 Etot   =    -37276.4038  EKtot   =      4517.4804  EPtot      =    -41793.8842
 BOND   =         2.8779  ANGLE   =         7.8823  DIHED      =         0.0000
 1-4 NB =         0.0000  1-4 EEL =         0.0000  VDWAALS    =      7332.3520
 EELEC  =    -49136.9963  EHBOND  =         0.0000  RESTRAINT  =         0.0000
 DV/DL  =      1058.2510
 ------------------------------------------------------------------------------


| TI region  2


 NSTEP =    60000   TIME(PS) =     120.000  TEMP(K) =   199.12  PRESS =     0.0
 Etot   =    -37276.4038  EKtot   =      4517.4804  EPtot      =    -41793.8842
 BOND   =         2.8779  ANGLE   =         7.8823  DIHED      =         0.0000
 1-4 NB =         0.0000  1-4 EEL =         0.0000  VDWAALS    =      7332.3520
 EELEC  =    -49136.9963  EHBOND  =         0.0000  RESTRAINT  =         0.0000
 DV/DL  =      1058.2510
 ------------------------------------------------------------------------------

 NMR restraints: Bond =    0.000   Angle =     0.000   Torsion =     0.000
===============================================================================

| TI region  1


 NSTEP =    65000   TIME(PS) =     130.000  TEMP(K) =   210.85  PRESS =     0.0
 Etot   =    -36095.3293  EKtot   =      4783.4305  EPtot      =    -40878.7598
 BOND   =         1.0764  ANGLE   =         7.8091  DIHED      =         0.0000
 1-4 NB =         0.0000  1-4 EEL =         0.0000  VDWAALS    =      7026.7737
 EELEC  =    -47914.4189  EHBOND  =         0.0000  RESTRAINT  =         0.0000
 DV/DL  =      1070.3565
 ------------------------------------------------------------------------------


| TI region  2


 NSTEP =    65000   TIME(PS) =     130.000  TEMP(K) =   210.85  PRESS =     0.0
 Etot   =    -36095.3293  EKtot   =      4783.4305  EPtot      =    -40878.7598
 BOND   =         1.0764  ANGLE   =         7.8091  DIHED      =         0.0000
 1-4 NB =         0.0000  1-4 EEL =         0.0000  VDWAALS    =      7026.7737
 EELEC  =    -47914.4189  EHBOND  =         0.0000  RESTRAINT  =         0.0000
 DV/DL  =      1070.3565
 ------------------------------------------------------------------------------

 NMR restraints: Bond =    0.000   Angle =     0.000   Torsion =     0.000
===============================================================================

| TI region  1


 NSTEP =    70000   TIME(PS) =     140.000  TEMP(K) =   234.36  PRESS =     0.0
 Etot   =    -34338.9218  EKtot   =      5316.8206  EPtot      =    -39655.7424
 BOND   =         2.9175  ANGLE   =         9.8313  DIHED      =         0.0000
 1-4 NB =         0.0000  1-4 EEL =         0.0000  VDWAALS    =      6356.7537
 EELEC  =    -46025.2449  EHBOND  =         0.0000  RESTRAINT  =         0.0000
 DV/DL  =      1070.6790
 ------------------------------------------------------------------------------


| TI region  2


 NSTEP =    70000   TIME(PS) =     140.000  TEMP(K) =   234.36  PRESS =     0.0
 Etot   =    -34338.9218  EKtot   =      5316.8206  EPtot      =    -39655.7424
 BOND   =         2.9175  ANGLE   =         9.8313  DIHED      =         0.0000
 1-4 NB =         0.0000  1-4 EEL =         0.0000  VDWAALS    =      6356.7537
 EELEC  =    -46025.2449  EHBOND  =         0.0000  RESTRAINT  =         0.0000
 DV/DL  =      1070.6790
 ------------------------------------------------------------------------------

 NMR restraints: Bond =    0.000   Angle =     0.000   Torsion =     0.000
===============================================================================

| TI region  1


 NSTEP =    75000   TIME(PS) =     150.000  TEMP(K) =   244.14  PRESS =     0.0
 Etot   =    -33374.5663  EKtot   =      5538.6470  EPtot      =    -38913.2133
 BOND   =         1.1433  ANGLE   =         8.7600  DIHED      =         0.0000
 1-4 NB =         0.0000  1-4 EEL =         0.0000  VDWAALS    =      6121.9957
 EELEC  =    -45045.1124  EHBOND  =         0.0000  RESTRAINT  =         0.0000
 DV/DL  =      1001.8143
 ------------------------------------------------------------------------------


| TI region  2


 NSTEP =    75000   TIME(PS) =     150.000  TEMP(K) =   244.14  PRESS =     0.0
 Etot   =    -33374.5663  EKtot   =      5538.6470  EPtot      =    -38913.2133
 BOND   =         1.1433  ANGLE   =         8.7600  DIHED      =         0.0000
 1-4 NB =         0.0000  1-4 EEL =         0.0000  VDWAALS    =      6121.9957
 EELEC  =    -45045.1124  EHBOND  =         0.0000  RESTRAINT  =         0.0000
 DV/DL  =      1001.8143
 ------------------------------------------------------------------------------

 NMR restraints: Bond =    0.000   Angle =     0.000   Torsion =     0.000
===============================================================================

| TI region  1


 NSTEP =    80000   TIME(PS) =     160.000  TEMP(K) =   267.10  PRESS =     0.0
 Etot   =    -31815.1297  EKtot   =      6059.5647  EPtot      =    -37874.6944
 BOND   =         0.2383  ANGLE   =         7.7464  DIHED      =         0.0000
 1-4 NB =         0.0000  1-4 EEL =         0.0000  VDWAALS    =      5915.8294
 EELEC  =    -43798.5084  EHBOND  =         0.0000  RESTRAINT  =         0.0000
 DV/DL  =      1038.9606
 ------------------------------------------------------------------------------


| TI region  2


 NSTEP =    80000   TIME(PS) =     160.000  TEMP(K) =   267.10  PRESS =     0.0
 Etot   =    -31815.1297  EKtot   =      6059.5647  EPtot      =    -37874.6944
 BOND   =         0.2383  ANGLE   =         7.7464  DIHED      =         0.0000
 1-4 NB =         0.0000  1-4 EEL =         0.0000  VDWAALS    =      5915.8294
 EELEC  =    -43798.5084  EHBOND  =         0.0000  RESTRAINT  =         0.0000
 DV/DL  =      1038.9606
 ------------------------------------------------------------------------------

 NMR restraints: Bond =    0.000   Angle =     0.000   Torsion =     0.000
===============================================================================

| TI region  1


 NSTEP =    85000   TIME(PS) =     170.000  TEMP(K) =   280.43  PRESS =     0.0
 Etot   =    -30543.0298  EKtot   =      6362.0738  EPtot      =    -36905.1036
 BOND   =         1.7596  ANGLE   =         8.3745  DIHED      =         0.0000
 1-4 NB =         0.0000  1-4 EEL =         0.0000  VDWAALS    =      5581.8669
 EELEC  =    -42497.1046  EHBOND  =         0.0000  RESTRAINT  =         0.0000
 DV/DL  =      1053.7391
 ------------------------------------------------------------------------------


| TI region  2


 NSTEP =    85000   TIME(PS) =     170.000  TEMP(K) =   280.43  PRESS =     0.0
 Etot   =    -30543.0298  EKtot   =      6362.0738  EPtot      =    -36905.1036
 BOND   =         1.7596  ANGLE   =         8.3745  DIHED      =         0.0000
 1-4 NB =         0.0000  1-4 EEL =         0.0000  VDWAALS    =      5581.8669
 EELEC  =    -42497.1046  EHBOND  =         0.0000  RESTRAINT  =         0.0000
 DV/DL  =      1053.7391
 ------------------------------------------------------------------------------

 NMR restraints: Bond =    0.000   Angle =     0.000   Torsion =     0.000
===============================================================================

| TI region  1


 NSTEP =    90000   TIME(PS) =     180.000  TEMP(K) =   301.01  PRESS =     0.0
 Etot   =    -29432.2174  EKtot   =      6829.0372  EPtot      =    -36261.2546
 BOND   =         3.0418  ANGLE   =         7.1315  DIHED      =         0.0000
 1-4 NB =         0.0000  1-4 EEL =         0.0000  VDWAALS    =      5223.4276
 EELEC  =    -41494.8556  EHBOND  =         0.0000  RESTRAINT  =         0.0000
 DV/DL  =      1042.6265
 ------------------------------------------------------------------------------


| TI region  2


 NSTEP =    90000   TIME(PS) =     180.000  TEMP(K) =   301.01  PRESS =     0.0
 Etot   =    -29432.2174  EKtot   =      6829.0372  EPtot      =    -36261.2546
 BOND   =         3.0418  ANGLE   =         7.1315  DIHED      =         0.0000
 1-4 NB =         0.0000  1-4 EEL =         0.0000  VDWAALS    =      5223.4276
 EELEC  =    -41494.8556  EHBOND  =         0.0000  RESTRAINT  =         0.0000
 DV/DL  =      1042.6265
 ------------------------------------------------------------------------------

 NMR restraints: Bond =    0.000   Angle =     0.000   Torsion =     0.000
===============================================================================

| TI region  1


 NSTEP =    95000   TIME(PS) =     190.000  TEMP(K) =   302.63  PRESS =     0.0
 Etot   =    -28980.7933  EKtot   =      6865.7641  EPtot      =    -35846.5574
 BOND   =         0.4347  ANGLE   =         7.3557  DIHED      =         0.0000
 1-4 NB =         0.0000  1-4 EEL =         0.0000  VDWAALS    =      5177.2176
 EELEC  =    -41031.5653  EHBOND  =         0.0000  RESTRAINT  =         0.0000
 DV/DL  =      1089.9395
 ------------------------------------------------------------------------------


| TI region  2


 NSTEP =    95000   TIME(PS) =     190.000  TEMP(K) =   302.63  PRESS =     0.0
 Etot   =    -28980.7933  EKtot   =      6865.7641  EPtot      =    -35846.5574
 BOND   =         0.4347  ANGLE   =         7.3557  DIHED      =         0.0000
 1-4 NB =         0.0000  1-4 EEL =         0.0000  VDWAALS    =      5177.2176
 EELEC  =    -41031.5653  EHBOND  =         0.0000  RESTRAINT  =         0.0000
 DV/DL  =      1089.9395
 ------------------------------------------------------------------------------

 NMR restraints: Bond =    0.000   Angle =     0.000   Torsion =     0.000
===============================================================================

| TI region  1


 NSTEP =   100000   TIME(PS) =     200.000  TEMP(K) =   297.48  PRESS =     0.0
 Etot   =    -29361.6815  EKtot   =      6748.7776  EPtot      =    -36110.4591
 BOND   =         2.5840  ANGLE   =         7.0597  DIHED      =         0.0000
 1-4 NB =         0.0000  1-4 EEL =         0.0000  VDWAALS    =      5072.2922
 EELEC  =    -41192.3950  EHBOND  =         0.0000  RESTRAINT  =         0.0000
 DV/DL  =      1027.1901
 ------------------------------------------------------------------------------


| TI region  2


 NSTEP =   100000   TIME(PS) =     200.000  TEMP(K) =   297.48  PRESS =     0.0
 Etot   =    -29361.6815  EKtot   =      6748.7776  EPtot      =    -36110.4591
 BOND   =         2.5840  ANGLE   =         7.0597  DIHED      =         0.0000
 1-4 NB =         0.0000  1-4 EEL =         0.0000  VDWAALS    =      5072.2922
 EELEC  =    -41192.3950  EHBOND  =         0.0000  RESTRAINT  =         0.0000
 DV/DL  =      1027.1901
 ------------------------------------------------------------------------------

 NMR restraints: Bond =    0.000   Angle =     0.000   Torsion =     0.000
===============================================================================

| TI region  1


      A V E R A G E S   O V E R      20 S T E P S


 NSTEP =   100000   TIME(PS) =     200.000  TEMP(K) =   171.59  PRESS =     0.0
 Etot   =    -37597.0170  EKtot   =      3892.7840  EPtot      =    -41489.8009
 BOND   =         1.4989  ANGLE   =         7.3267  DIHED      =         0.0000
 1-4 NB =         0.0000  1-4 EEL =         0.0000  VDWAALS    =      7114.4770
 EELEC  =    -48613.1035  EHBOND  =         0.0000  RESTRAINT  =         0.0000
 DV/DL  =      1040.9345
 ------------------------------------------------------------------------------

 NMR restraints: Bond =    0.000   Angle =     0.000   Torsion =     0.000
===============================================================================

      R M S  F L U C T U A T I O N S


 NSTEP =   100000   TIME(PS) =     200.000  TEMP(K) =    92.35  PRESS =     0.0
 Etot   =      5370.6156  EKtot   =      2095.0905  EPtot      =      3319.5223
 BOND   =         0.8145  ANGLE   =         0.8615  DIHED      =         0.0000
 1-4 NB =         0.0000  1-4 EEL =         0.0000  VDWAALS    =      1161.5510
 EELEC  =      4476.0116  EHBOND  =         0.0000  RESTRAINT  =         0.0000
 DV/DL  =        23.3704
 ------------------------------------------------------------------------------


| TI region  2


      A V E R A G E S   O V E R      20 S T E P S


 NSTEP =   100000   TIME(PS) =     200.000  TEMP(K) =   171.59  PRESS =     0.0
 Etot   =    -37597.0170  EKtot   =      3892.7840  EPtot      =    -41489.8009
 BOND   =         1.4989  ANGLE   =         7.3267  DIHED      =         0.0000
 1-4 NB =         0.0000  1-4 EEL =         0.0000  VDWAALS    =      7114.4770
 EELEC  =    -48613.1035  EHBOND  =         0.0000  RESTRAINT  =         0.0000
 DV/DL  =      1040.9345
 ------------------------------------------------------------------------------

 NMR restraints: Bond =    0.000   Angle =     0.000   Torsion =     0.000
===============================================================================

      R M S  F L U C T U A T I O N S


 NSTEP =   100000   TIME(PS) =     200.000  TEMP(K) =    92.35  PRESS =     0.0
 Etot   =      5370.6156  EKtot   =      2095.0905  EPtot      =      3319.5223
 BOND   =         0.8145  ANGLE   =         0.8615  DIHED      =         0.0000
 1-4 NB =         0.0000  1-4 EEL =         0.0000  VDWAALS    =      1161.5510
 EELEC  =      4476.0116  EHBOND  =         0.0000  RESTRAINT  =         0.0000
 DV/DL  =        23.3704
 ------------------------------------------------------------------------------


      DV/DL, AVERAGES OVER      20 STEPS


 NSTEP =   100000   TIME(PS) =     200.000  TEMP(K) =    92.35  PRESS =     0.0
 Etot   =         0.0000  EKtot   =         0.0000  EPtot      =      1040.9345
 BOND   =         0.0000  ANGLE   =         0.0000  DIHED      =         0.0000
 1-4 NB =         0.0000  1-4 EEL =         0.0000  VDWAALS    =       -41.9622
 EELEC  =      1082.8967  EHBOND  =         0.0000  RESTRAINT  =         0.0000
 DV/DL  =      1040.9345
 ------------------------------------------------------------------------------


 NMR restraints on final step:

--------------------------------------------------------------------------------
   5.  TIMINGS
--------------------------------------------------------------------------------

|  NonSetup CPU Time in Major Routines:
|
|     Routine           Sec        %
|     ------------------------------
|     Nonbond          47.81   31.39
|     Bond              0.00    0.00
|     Angle             0.00    0.00
|     Dihedral          0.00    0.00
|     Shake             0.76    0.50
|     RunMD           103.15   67.72
|     Other             0.60    0.40
|     ------------------------------
|     Total           152.32

|  PME Nonbond Pairlist CPU Time:
|
|     Routine              Sec        %
|     ---------------------------------
|     Set Up Cit           0.00    0.00
|     Build List           0.00    0.00
|     ---------------------------------
|     Total                0.00    0.00

|  PME Direct Force CPU Time:
|
|     Routine              Sec        %
|     ---------------------------------
|     NonBonded Calc       0.00    0.00
|     Exclude Masked       0.00    0.00
|     Other                0.38    0.25
|     ---------------------------------
|     Total                0.38    0.25

|  PME Reciprocal Force CPU Time:
|
|     Routine              Sec        %
|     ---------------------------------
|     1D bspline           0.00    0.00
|     Grid Charges         0.00    0.00
|     Scalar Sum           0.00    0.00
|     Gradient Sum         0.00    0.00
|     FFT                  0.00    0.00
|     ---------------------------------
|     Total                0.00    0.00

|  Final Performance Info:
|     -----------------------------------------------------
|     Average timings for last   15000 steps:
|     Elapsed(s) =      23.95 Per Step(ms) =       1.60
|         ns/day =     108.21   seconds/ns =     798.45
|
|     Average timings for all steps:
|     Elapsed(s) =     152.44 Per Step(ms) =       1.52
|         ns/day =     113.36   seconds/ns =     762.20
|     -----------------------------------------------------

|  Setup CPU time:            0.99 seconds
|  NonSetup CPU time:       152.32 seconds
|  Total CPU time:          153.31 seconds     0.04 hours

|  Setup wall time:           1    seconds
|  NonSetup wall time:      153    seconds
|  Total wall time:         154    seconds     0.04 hours
