
          -------------------------------------------------------
          Amber 20 PMEMD                              2020
          -------------------------------------------------------

| PMEMD implementation of SANDER, Release 18

|  Compiled date/time: Mon Apr 27 21:19:54 2020
| Run on 09/30/2020 at 18:28:19

|   Executable path: /opt/software/Amber/20-fosscuda-2019b/amber20/bin/pmemd.cuda
| Working directory: /mnt/ls15/scratch/users/songlin3/run/solvation_amber20/po4/one_step_tip3p_PO4/po4_to_dummy/0.00922
|          Hostname: lac-192

  [-O]verwriting output

File Assignments:
|   MDIN: heat.in                                                               
|  MDOUT: heat.out                                                              
| INPCRD: min.rst                                                               
|   PARM: step1_dummy.prmtop                                                    
| RESTRT: heat.rst                                                              
|   REFC: min.rst                                                               
|  MDVEL: mdvel                                                                 
|   MDEN: mden                                                                  
|  MDCRD: heat.netcdf                                                           
| MDINFO: heat.mdinfo                                                           
|  MDFRC: mdfrc                                                                 


 Here is the input file:

nvt for free MD                                                                
 &cntrl                                                                        
  imin=0,                                                                      
  irest=0,                                                                     
  ntx=1,                                                                       
  ig=-1,                                                                       
  nstlim=100000,                                                               
  dt=0.002,                                                                    
  cut=10.0,                                                                    
  ntc=2,                                                                       
  ntf=2,                                                                       
  ntb=1,                                                                       
  ntt=3,                                                                       
  gamma_ln=2.0,                                                                
  tempi=0.0,                                                                   
  temp0=300.0,                                                                 
  ntpr=5000,                                                                   
  ntwr=5000,                                                                   
  ntwx=10000,                                                                  
  ntwv=0,                                                                      
  ioutfm=1,                                                                    
  iwrap=0,                                                                     
  nmropt=1,                                                                    
  ifsc = 0, icfe=1,                                                            
  clambda=0.00922,                                                             
  timask1=':1',                                                                
  timask2=':2',                                                                
/                                                                              
&wt TYPE='TEMP0', istep1=0, istep2=90000, value1=0.0, value2=300.0 /           
&wt TYPE='TEMP0', istep1=90001, istep2=100000, value1=300.0, value2=300.0 /    
&wt TYPE='DUMPFREQ', istep1=10000, /                                           
&wt TYPE='END', /                                                              


Note: ig = -1. Setting random seed to   597588 based on wallclock time in 
      microseconds.
| irandom = 1, using AMBER's internal random number generator (default).
 
|--------------------- INFORMATION ----------------------
| GPU (CUDA) Version of PMEMD in use: NVIDIA GPU IN USE.
|                    Version 18.0.0
| 
|                      03/25/2018
| 
| Implementation by:
|                    Ross C. Walker     (SDSC)
|                    Scott Le Grand     (nVIDIA)
| 
| Version 18 performance extensions by:
|                    David Cerutti     (Rutgers)
| 
| Precision model in use:
|      [SPFP] - Single Precision Forces, 64-bit Fixed Point
|               Accumulation. (Default)
| 
|--------------------------------------------------------
 
|----------------- CITATION INFORMATION -----------------
|
|    When publishing work that utilized the CUDA version
|    of AMBER, please cite the following in addition to
|    the regular AMBER citations:
|
|  - Romelia Salomon-Ferrer; Andreas W. Goetz; Duncan
|    Poole; Scott Le Grand; Ross C. Walker "Routine
|    microsecond molecular dynamics simulations with
|    AMBER - Part II: Particle Mesh Ewald", J. Chem.
|    Theory Comput., 2013, 9 (9), pp3878-3888,
|    DOI: 10.1021/ct400314y.
|
|  - Andreas W. Goetz; Mark J. Williamson; Dong Xu;
|    Duncan Poole; Scott Le Grand; Ross C. Walker
|    "Routine microsecond molecular dynamics simulations
|    with AMBER - Part I: Generalized Born", J. Chem.
|    Theory Comput., 2012, 8 (5), pp1542-1555.
|
|  - Scott Le Grand; Andreas W. Goetz; Ross C. Walker
|    "SPFP: Speed without compromise - a mixed precision
|    model for GPU accelerated molecular dynamics
|    simulations.", Comp. Phys. Comm., 2013, 184
|    pp374-380, DOI: 10.1016/j.cpc.2012.09.022
|
|    When publishing work that utilized the CUDA version
|    of TI, BAR, MBAR or FEP please cite the following 
|    publications in addition to the regular AMBER 
|    GPU citations:
|
|  - Daniel J. Mermelstein; Charles Lin; Gard Nelson; 
|    Rachael Kretsch; J. Andrew McCammon; Ross C. Walker
|    "Fast and Flexible GPU Accelerated Binding 
|    Free Energy Calculations within the AMBER Molecular
|    Dynamics Package" J. Comp. Chem., 2018,
|    DOI: 10.1002/jcc.25187
|
|  - Tai-Sung Lee; Yuan Hu; Brad Sherborne; Zhuyan Guo;
|    Darrin M. York
|    "Toward Fast and Accurate Binding Affinity Prediction with
|    pmemdGTI: An Efficient Implementation of GPU-Accelerated
|    Thermodynamic Integration"
|    J. Chem. Theory Comput., 2017, 13 (7), 3077
|
|
|--------------------------------------------------------
 
|------------------- GPU DEVICE INFO --------------------
|
|            CUDA_VISIBLE_DEVICES: 0
|   CUDA Capable Devices Detected:      1
|           CUDA Device ID in use:      0
|                CUDA Device Name: Tesla K80
|     CUDA Device Global Mem Size:  11441 MB
| CUDA Device Num Multiprocessors:     13
|           CUDA Device Core Freq:   0.82 GHz
|
|--------------------------------------------------------
 
 
| Conditional Compilation Defines Used:
| FFTW_FFT
| BINTRAJ
| MKL
| CUDA
| EMIL

| Largest sphere to fit in unit cell has radius =    22.455

| New format PARM file being parsed.
| Version =    1.000 Date = 09/30/20 Time = 15:53:13

| Note: 1-4 EEL scale factors are being read from the topology file.

| Note: 1-4 VDW scale factors are being read from the topology file.
| Duplicated    0 dihedrals

| Duplicated    0 dihedrals

--------------------------------------------------------------------------------
   1.  RESOURCE   USE: 
--------------------------------------------------------------------------------

 getting box info from netcdf restart file
 NATOM  =   11419 NTYPES =       6 NBONH =   11409 MBONA  =       8
 NTHETH =       0 MTHETA =      12 NPHIH =       0 MPHIA  =       0
 NHPARM =       0 NPARM  =       0 NNB   =   15234 NRES   =    3805
 NBONA  =       8 NTHETA =      12 NPHIA =       0 NUMBND =       3
 NUMANG =       1 NPTRA  =       0 NATYP =       4 NPHB   =       1
 IFBOX  =       2 NMXRS  =       5 IFCAP =       0 NEXTRA =       0
 NCOPY  =       0

| Coordinate Index Table dimensions:     8    8    8
| Direct force subcell size =     6.8755    6.8755    6.8755

     BOX TYPE: TRUNCATED OCTAHEDRON

--------------------------------------------------------------------------------
   2.  CONTROL  DATA  FOR  THE  RUN
--------------------------------------------------------------------------------

default_name                                                                    

General flags:
     imin    =       0, nmropt  =       1

Nature and format of input:
     ntx     =       1, irest   =       0, ntrx    =       1

Nature and format of output:
     ntxo    =       2, ntpr    =    5000, ntrx    =       1, ntwr    =    5000
     iwrap   =       0, ntwx    =   10000, ntwv    =       0, ntwe    =       0
     ioutfm  =       1, ntwprt  =       0, idecomp =       0, rbornstat=      0

Potential function:
     ntf     =       2, ntb     =       1, igb     =       0, nsnb    =      25
     ipol    =       0, gbsa    =       0, iesp    =       0
     dielc   =   1.00000, cut     =  10.00000, intdiel =   1.00000

Frozen or restrained atoms:
     ibelly  =       0, ntr     =       0

Molecular dynamics:
     nstlim  =    100000, nscm    =      1000, nrespa  =         1
     t       =   0.00000, dt      =   0.00200, vlimit  =  -1.00000

Langevin dynamics temperature regulation:
     ig      =  597588
     temp0   = 300.00000, tempi   =   0.00000, gamma_ln=   2.00000

SHAKE:
     ntc     =       2, jfastw  =       0
     tol     =   0.00001

NMR refinement options:
     iscale  =       0, noeskp  =       1, ipnlty  =       1, mxsub   =       1
     scalm   = 100.00000, pencut  =   0.10000, tausw   =   0.10000

Free energy options:
     icfe    =       1, ifsc    =       0, klambda =       1
     clambda =  0.0092, scalpha =  0.5000, scbeta  = 12.0000
     sceeorder =       2
     dynlmb =  0.0000 logdvdl =       0

| Intermolecular bonds treatment:
|     no_intermolecular_bonds =       1

| Energy averages sample interval:
|     ene_avg_sampling =    5000

Ewald parameters:
     verbose =       0, ew_type =       0, nbflag  =       1, use_pme =       1
     vdwmeth =       1, eedmeth =       1, netfrc  =       1
     Box X =   55.004   Box Y =   55.004   Box Z =   55.004
     Alpha =  109.471   Beta  =  109.471   Gamma =  109.471
     NFFT1 =   56       NFFT2 =   56       NFFT3 =   56
     Cutoff=   10.000   Tol   =0.100E-04
     Ewald Coefficient =  0.27511
     Interpolation order =    4
     TI Mask 1 :1; matches      5 atoms
     TI Mask 2 :2; matches      5 atoms
     TI region 1:   11414 atoms
     TI region 2:   11414 atoms
     Checking for mismatched coordinates.

--------------------------------------------------------------------------------
   3.  ATOMIC COORDINATES AND VELOCITIES
--------------------------------------------------------------------------------

default_name                                                                    
 begin time read from input coords =     0.000 ps



           Begin reading energy term weight changes/NMR restraints
 WEIGHT CHANGES:
 TEMP0         0  90000    0.000000  300.000000      0      0
 TEMP0     90001 100000  300.000000  300.000000      0      0
 DUMPFREQ  10000      0    0.000000    0.000000      0      0

 RESTRAINTS:
                          ** No restraint defined **

                  Done reading weight changes/NMR restraints


 
 Number of triangulated 3-point waters found:     3803

     Sum of charges for TI region  1 =  -2.99999999
     Skip neutralizing charges...


     Sum of charges for TI region  2 =   0.00000000
     Skip neutralizing charges...

| Dynamic Memory, Types Used:
| Reals              566056
| Integers           434130

| Nonbonded Pairs Initial Allocation:     3453962

| GPU memory information (estimate):
| KB of GPU memory in use:    101505
| KB of CPU memory in use:     24225

--------------------------------------------------------------------------------
   4.  RESULTS
--------------------------------------------------------------------------------


| TI region  1


 NSTEP =        0   TIME(PS) =       0.000  TEMP(K) =     0.00  PRESS =     0.0
 Etot   =    -34872.0599  EKtot   =         0.0000  EPtot      =    -34872.0599
 BOND   =         0.0607  ANGLE   =         6.5423  DIHED      =         0.0000
 1-4 NB =         0.0000  1-4 EEL =         0.0000  VDWAALS    =      2561.7985
 EELEC  =    -37440.4614  EHBOND  =         0.0000  RESTRAINT  =         0.0000
 DV/DL  =       283.5953
 ------------------------------------------------------------------------------


| TI region  2


 NSTEP =        0   TIME(PS) =       0.000  TEMP(K) =     0.00  PRESS =     0.0
 Etot   =    -34872.0599  EKtot   =         0.0000  EPtot      =    -34872.0599
 BOND   =         0.0607  ANGLE   =         6.5423  DIHED      =         0.0000
 1-4 NB =         0.0000  1-4 EEL =         0.0000  VDWAALS    =      2561.7985
 EELEC  =    -37440.4614  EHBOND  =         0.0000  RESTRAINT  =         0.0000
 DV/DL  =       283.5953
 ------------------------------------------------------------------------------

 NMR restraints: Bond =    0.000   Angle =     0.000   Torsion =     0.000
===============================================================================

| TI region  1


 NSTEP =     5000   TIME(PS) =      10.000  TEMP(K) =    15.76  PRESS =     0.0
 Etot   =    -45362.6409  EKtot   =       357.5061  EPtot      =    -45720.1470
 BOND   =         2.1702  ANGLE   =         6.8374  DIHED      =         0.0000
 1-4 NB =         0.0000  1-4 EEL =         0.0000  VDWAALS    =      8170.3307
 EELEC  =    -53899.4853  EHBOND  =         0.0000  RESTRAINT  =         0.0000
 DV/DL  =      1084.0402
 ------------------------------------------------------------------------------


| TI region  2


 NSTEP =     5000   TIME(PS) =      10.000  TEMP(K) =    15.76  PRESS =     0.0
 Etot   =    -45362.6409  EKtot   =       357.5061  EPtot      =    -45720.1470
 BOND   =         2.1702  ANGLE   =         6.8374  DIHED      =         0.0000
 1-4 NB =         0.0000  1-4 EEL =         0.0000  VDWAALS    =      8170.3307
 EELEC  =    -53899.4853  EHBOND  =         0.0000  RESTRAINT  =         0.0000
 DV/DL  =      1084.0402
 ------------------------------------------------------------------------------

 NMR restraints: Bond =    0.000   Angle =     0.000   Torsion =     0.000
===============================================================================

| TI region  1


 NSTEP =    10000   TIME(PS) =      20.000  TEMP(K) =    32.68  PRESS =     0.0
 Etot   =    -44723.6215  EKtot   =       741.4388  EPtot      =    -45465.0603
 BOND   =         1.6145  ANGLE   =         6.5023  DIHED      =         0.0000
 1-4 NB =         0.0000  1-4 EEL =         0.0000  VDWAALS    =      8258.0194
 EELEC  =    -53731.1965  EHBOND  =         0.0000  RESTRAINT  =         0.0000
 DV/DL  =      1078.5105
 ------------------------------------------------------------------------------


| TI region  2


 NSTEP =    10000   TIME(PS) =      20.000  TEMP(K) =    32.68  PRESS =     0.0
 Etot   =    -44723.6215  EKtot   =       741.4388  EPtot      =    -45465.0603
 BOND   =         1.6145  ANGLE   =         6.5023  DIHED      =         0.0000
 1-4 NB =         0.0000  1-4 EEL =         0.0000  VDWAALS    =      8258.0194
 EELEC  =    -53731.1965  EHBOND  =         0.0000  RESTRAINT  =         0.0000
 DV/DL  =      1078.5105
 ------------------------------------------------------------------------------

 NMR restraints: Bond =    0.000   Angle =     0.000   Torsion =     0.000
===============================================================================

| TI region  1


 NSTEP =    15000   TIME(PS) =      30.000  TEMP(K) =    49.12  PRESS =     0.0
 Etot   =    -44110.6188  EKtot   =      1114.4123  EPtot      =    -45225.0311
 BOND   =         2.1327  ANGLE   =         6.4267  DIHED      =         0.0000
 1-4 NB =         0.0000  1-4 EEL =         0.0000  VDWAALS    =      8272.3799
 EELEC  =    -53505.9703  EHBOND  =         0.0000  RESTRAINT  =         0.0000
 DV/DL  =      1070.8172
 ------------------------------------------------------------------------------


| TI region  2


 NSTEP =    15000   TIME(PS) =      30.000  TEMP(K) =    49.12  PRESS =     0.0
 Etot   =    -44110.6188  EKtot   =      1114.4123  EPtot      =    -45225.0311
 BOND   =         2.1327  ANGLE   =         6.4267  DIHED      =         0.0000
 1-4 NB =         0.0000  1-4 EEL =         0.0000  VDWAALS    =      8272.3799
 EELEC  =    -53505.9703  EHBOND  =         0.0000  RESTRAINT  =         0.0000
 DV/DL  =      1070.8172
 ------------------------------------------------------------------------------

 NMR restraints: Bond =    0.000   Angle =     0.000   Torsion =     0.000
===============================================================================

| TI region  1


 NSTEP =    20000   TIME(PS) =      40.000  TEMP(K) =    66.12  PRESS =     0.0
 Etot   =    -43451.7557  EKtot   =      1500.0309  EPtot      =    -44951.7867
 BOND   =         1.3068  ANGLE   =         7.5907  DIHED      =         0.0000
 1-4 NB =         0.0000  1-4 EEL =         0.0000  VDWAALS    =      8234.4787
 EELEC  =    -53195.1629  EHBOND  =         0.0000  RESTRAINT  =         0.0000
 DV/DL  =      1088.9546
 ------------------------------------------------------------------------------


| TI region  2


 NSTEP =    20000   TIME(PS) =      40.000  TEMP(K) =    66.12  PRESS =     0.0
 Etot   =    -43451.7557  EKtot   =      1500.0309  EPtot      =    -44951.7867
 BOND   =         1.3068  ANGLE   =         7.5907  DIHED      =         0.0000
 1-4 NB =         0.0000  1-4 EEL =         0.0000  VDWAALS    =      8234.4787
 EELEC  =    -53195.1629  EHBOND  =         0.0000  RESTRAINT  =         0.0000
 DV/DL  =      1088.9546
 ------------------------------------------------------------------------------

 NMR restraints: Bond =    0.000   Angle =     0.000   Torsion =     0.000
===============================================================================

| TI region  1


 NSTEP =    25000   TIME(PS) =      50.000  TEMP(K) =    83.59  PRESS =     0.0
 Etot   =    -42745.1230  EKtot   =      1896.4761  EPtot      =    -44641.5990
 BOND   =         1.3662  ANGLE   =         6.7884  DIHED      =         0.0000
 1-4 NB =         0.0000  1-4 EEL =         0.0000  VDWAALS    =      8191.1076
 EELEC  =    -52840.8612  EHBOND  =         0.0000  RESTRAINT  =         0.0000
 DV/DL  =      1061.0267
 ------------------------------------------------------------------------------


| TI region  2


 NSTEP =    25000   TIME(PS) =      50.000  TEMP(K) =    83.59  PRESS =     0.0
 Etot   =    -42745.1230  EKtot   =      1896.4761  EPtot      =    -44641.5990
 BOND   =         1.3662  ANGLE   =         6.7884  DIHED      =         0.0000
 1-4 NB =         0.0000  1-4 EEL =         0.0000  VDWAALS    =      8191.1076
 EELEC  =    -52840.8612  EHBOND  =         0.0000  RESTRAINT  =         0.0000
 DV/DL  =      1061.0267
 ------------------------------------------------------------------------------

 NMR restraints: Bond =    0.000   Angle =     0.000   Torsion =     0.000
===============================================================================

| TI region  1


 NSTEP =    30000   TIME(PS) =      60.000  TEMP(K) =    98.98  PRESS =     0.0
 Etot   =    -42132.0606  EKtot   =      2245.5118  EPtot      =    -44377.5724
 BOND   =         3.4603  ANGLE   =         6.6854  DIHED      =         0.0000
 1-4 NB =         0.0000  1-4 EEL =         0.0000  VDWAALS    =      8100.4932
 EELEC  =    -52488.2113  EHBOND  =         0.0000  RESTRAINT  =         0.0000
 DV/DL  =      1100.5360
 ------------------------------------------------------------------------------


| TI region  2


 NSTEP =    30000   TIME(PS) =      60.000  TEMP(K) =    98.98  PRESS =     0.0
 Etot   =    -42132.0606  EKtot   =      2245.5118  EPtot      =    -44377.5724
 BOND   =         3.4603  ANGLE   =         6.6854  DIHED      =         0.0000
 1-4 NB =         0.0000  1-4 EEL =         0.0000  VDWAALS    =      8100.4932
 EELEC  =    -52488.2113  EHBOND  =         0.0000  RESTRAINT  =         0.0000
 DV/DL  =      1100.5360
 ------------------------------------------------------------------------------

 NMR restraints: Bond =    0.000   Angle =     0.000   Torsion =     0.000
===============================================================================

| TI region  1


 NSTEP =    35000   TIME(PS) =      70.000  TEMP(K) =   116.82  PRESS =     0.0
 Etot   =    -41399.4851  EKtot   =      2650.1671  EPtot      =    -44049.6523
 BOND   =         2.6297  ANGLE   =         6.8705  DIHED      =         0.0000
 1-4 NB =         0.0000  1-4 EEL =         0.0000  VDWAALS    =      8135.6250
 EELEC  =    -52194.7774  EHBOND  =         0.0000  RESTRAINT  =         0.0000
 DV/DL  =      1150.0043
 ------------------------------------------------------------------------------


| TI region  2


 NSTEP =    35000   TIME(PS) =      70.000  TEMP(K) =   116.82  PRESS =     0.0
 Etot   =    -41399.4851  EKtot   =      2650.1671  EPtot      =    -44049.6523
 BOND   =         2.6297  ANGLE   =         6.8705  DIHED      =         0.0000
 1-4 NB =         0.0000  1-4 EEL =         0.0000  VDWAALS    =      8135.6250
 EELEC  =    -52194.7774  EHBOND  =         0.0000  RESTRAINT  =         0.0000
 DV/DL  =      1150.0043
 ------------------------------------------------------------------------------

 NMR restraints: Bond =    0.000   Angle =     0.000   Torsion =     0.000
===============================================================================

| TI region  1


 NSTEP =    40000   TIME(PS) =      80.000  TEMP(K) =   131.11  PRESS =     0.0
 Etot   =    -40747.1624  EKtot   =      2974.4903  EPtot      =    -43721.6527
 BOND   =         2.3944  ANGLE   =         6.5187  DIHED      =         0.0000
 1-4 NB =         0.0000  1-4 EEL =         0.0000  VDWAALS    =      7904.2144
 EELEC  =    -51634.7803  EHBOND  =         0.0000  RESTRAINT  =         0.0000
 DV/DL  =      1160.4665
 ------------------------------------------------------------------------------


| TI region  2


 NSTEP =    40000   TIME(PS) =      80.000  TEMP(K) =   131.11  PRESS =     0.0
 Etot   =    -40747.1624  EKtot   =      2974.4903  EPtot      =    -43721.6527
 BOND   =         2.3944  ANGLE   =         6.5187  DIHED      =         0.0000
 1-4 NB =         0.0000  1-4 EEL =         0.0000  VDWAALS    =      7904.2144
 EELEC  =    -51634.7803  EHBOND  =         0.0000  RESTRAINT  =         0.0000
 DV/DL  =      1160.4665
 ------------------------------------------------------------------------------

 NMR restraints: Bond =    0.000   Angle =     0.000   Torsion =     0.000
===============================================================================

| TI region  1


 NSTEP =    45000   TIME(PS) =      90.000  TEMP(K) =   149.73  PRESS =     0.0
 Etot   =    -39885.8705  EKtot   =      3396.9296  EPtot      =    -43282.8001
 BOND   =         1.9862  ANGLE   =         7.1925  DIHED      =         0.0000
 1-4 NB =         0.0000  1-4 EEL =         0.0000  VDWAALS    =      7866.5131
 EELEC  =    -51158.4919  EHBOND  =         0.0000  RESTRAINT  =         0.0000
 DV/DL  =      1146.2170
 ------------------------------------------------------------------------------


| TI region  2


 NSTEP =    45000   TIME(PS) =      90.000  TEMP(K) =   149.73  PRESS =     0.0
 Etot   =    -39885.8705  EKtot   =      3396.9296  EPtot      =    -43282.8001
 BOND   =         1.9862  ANGLE   =         7.1925  DIHED      =         0.0000
 1-4 NB =         0.0000  1-4 EEL =         0.0000  VDWAALS    =      7866.5131
 EELEC  =    -51158.4919  EHBOND  =         0.0000  RESTRAINT  =         0.0000
 DV/DL  =      1146.2170
 ------------------------------------------------------------------------------

 NMR restraints: Bond =    0.000   Angle =     0.000   Torsion =     0.000
===============================================================================

| TI region  1


 NSTEP =    50000   TIME(PS) =     100.000  TEMP(K) =   167.92  PRESS =     0.0
 Etot   =    -39171.0101  EKtot   =      3809.6278  EPtot      =    -42980.6378
 BOND   =         4.0956  ANGLE   =         9.3311  DIHED      =         0.0000
 1-4 NB =         0.0000  1-4 EEL =         0.0000  VDWAALS    =      7638.9741
 EELEC  =    -50633.0387  EHBOND  =         0.0000  RESTRAINT  =         0.0000
 DV/DL  =      1135.3543
 ------------------------------------------------------------------------------


| TI region  2


 NSTEP =    50000   TIME(PS) =     100.000  TEMP(K) =   167.92  PRESS =     0.0
 Etot   =    -39171.0101  EKtot   =      3809.6278  EPtot      =    -42980.6378
 BOND   =         4.0956  ANGLE   =         9.3311  DIHED      =         0.0000
 1-4 NB =         0.0000  1-4 EEL =         0.0000  VDWAALS    =      7638.9741
 EELEC  =    -50633.0387  EHBOND  =         0.0000  RESTRAINT  =         0.0000
 DV/DL  =      1135.3543
 ------------------------------------------------------------------------------

 NMR restraints: Bond =    0.000   Angle =     0.000   Torsion =     0.000
===============================================================================

| TI region  1


 NSTEP =    55000   TIME(PS) =     110.000  TEMP(K) =   182.05  PRESS =     0.0
 Etot   =    -38266.4594  EKtot   =      4130.0898  EPtot      =    -42396.5491
 BOND   =         1.6419  ANGLE   =         7.0115  DIHED      =         0.0000
 1-4 NB =         0.0000  1-4 EEL =         0.0000  VDWAALS    =      7597.0750
 EELEC  =    -50002.2776  EHBOND  =         0.0000  RESTRAINT  =         0.0000
 DV/DL  =      1152.0709
 ------------------------------------------------------------------------------


| TI region  2


 NSTEP =    55000   TIME(PS) =     110.000  TEMP(K) =   182.05  PRESS =     0.0
 Etot   =    -38266.4594  EKtot   =      4130.0898  EPtot      =    -42396.5491
 BOND   =         1.6419  ANGLE   =         7.0115  DIHED      =         0.0000
 1-4 NB =         0.0000  1-4 EEL =         0.0000  VDWAALS    =      7597.0750
 EELEC  =    -50002.2776  EHBOND  =         0.0000  RESTRAINT  =         0.0000
 DV/DL  =      1152.0709
 ------------------------------------------------------------------------------

 NMR restraints: Bond =    0.000   Angle =     0.000   Torsion =     0.000
===============================================================================

| TI region  1


 NSTEP =    60000   TIME(PS) =     120.000  TEMP(K) =   200.52  PRESS =     0.0
 Etot   =    -37323.7444  EKtot   =      4549.1923  EPtot      =    -41872.9367
 BOND   =         2.8284  ANGLE   =         7.5751  DIHED      =         0.0000
 1-4 NB =         0.0000  1-4 EEL =         0.0000  VDWAALS    =      7263.6291
 EELEC  =    -49146.9693  EHBOND  =         0.0000  RESTRAINT  =         0.0000
 DV/DL  =      1119.7398
 ------------------------------------------------------------------------------


| TI region  2


 NSTEP =    60000   TIME(PS) =     120.000  TEMP(K) =   200.52  PRESS =     0.0
 Etot   =    -37323.7444  EKtot   =      4549.1923  EPtot      =    -41872.9367
 BOND   =         2.8284  ANGLE   =         7.5751  DIHED      =         0.0000
 1-4 NB =         0.0000  1-4 EEL =         0.0000  VDWAALS    =      7263.6291
 EELEC  =    -49146.9693  EHBOND  =         0.0000  RESTRAINT  =         0.0000
 DV/DL  =      1119.7398
 ------------------------------------------------------------------------------

 NMR restraints: Bond =    0.000   Angle =     0.000   Torsion =     0.000
===============================================================================

| TI region  1


 NSTEP =    65000   TIME(PS) =     130.000  TEMP(K) =   215.06  PRESS =     0.0
 Etot   =    -36091.3814  EKtot   =      4878.9405  EPtot      =    -40970.3219
 BOND   =         5.6068  ANGLE   =         7.5116  DIHED      =         0.0000
 1-4 NB =         0.0000  1-4 EEL =         0.0000  VDWAALS    =      6815.1435
 EELEC  =    -47798.5839  EHBOND  =         0.0000  RESTRAINT  =         0.0000
 DV/DL  =      1154.6793
 ------------------------------------------------------------------------------


| TI region  2


 NSTEP =    65000   TIME(PS) =     130.000  TEMP(K) =   215.06  PRESS =     0.0
 Etot   =    -36091.3814  EKtot   =      4878.9405  EPtot      =    -40970.3219
 BOND   =         5.6068  ANGLE   =         7.5116  DIHED      =         0.0000
 1-4 NB =         0.0000  1-4 EEL =         0.0000  VDWAALS    =      6815.1435
 EELEC  =    -47798.5839  EHBOND  =         0.0000  RESTRAINT  =         0.0000
 DV/DL  =      1154.6793
 ------------------------------------------------------------------------------

 NMR restraints: Bond =    0.000   Angle =     0.000   Torsion =     0.000
===============================================================================

| TI region  1


 NSTEP =    70000   TIME(PS) =     140.000  TEMP(K) =   231.06  PRESS =     0.0
 Etot   =    -34752.3518  EKtot   =      5242.0558  EPtot      =    -39994.4076
 BOND   =         2.9918  ANGLE   =         7.0810  DIHED      =         0.0000
 1-4 NB =         0.0000  1-4 EEL =         0.0000  VDWAALS    =      6583.8321
 EELEC  =    -46588.3126  EHBOND  =         0.0000  RESTRAINT  =         0.0000
 DV/DL  =      1123.1104
 ------------------------------------------------------------------------------


| TI region  2


 NSTEP =    70000   TIME(PS) =     140.000  TEMP(K) =   231.06  PRESS =     0.0
 Etot   =    -34752.3518  EKtot   =      5242.0558  EPtot      =    -39994.4076
 BOND   =         2.9918  ANGLE   =         7.0810  DIHED      =         0.0000
 1-4 NB =         0.0000  1-4 EEL =         0.0000  VDWAALS    =      6583.8321
 EELEC  =    -46588.3126  EHBOND  =         0.0000  RESTRAINT  =         0.0000
 DV/DL  =      1123.1104
 ------------------------------------------------------------------------------

 NMR restraints: Bond =    0.000   Angle =     0.000   Torsion =     0.000
===============================================================================

| TI region  1


 NSTEP =    75000   TIME(PS) =     150.000  TEMP(K) =   246.14  PRESS =     0.0
 Etot   =    -33234.8001  EKtot   =      5584.2306  EPtot      =    -38819.0306
 BOND   =         3.7468  ANGLE   =         8.1573  DIHED      =         0.0000
 1-4 NB =         0.0000  1-4 EEL =         0.0000  VDWAALS    =      6136.1343
 EELEC  =    -44967.0691  EHBOND  =         0.0000  RESTRAINT  =         0.0000
 DV/DL  =      1116.8299
 ------------------------------------------------------------------------------


| TI region  2


 NSTEP =    75000   TIME(PS) =     150.000  TEMP(K) =   246.14  PRESS =     0.0
 Etot   =    -33234.8001  EKtot   =      5584.2306  EPtot      =    -38819.0306
 BOND   =         3.7468  ANGLE   =         8.1573  DIHED      =         0.0000
 1-4 NB =         0.0000  1-4 EEL =         0.0000  VDWAALS    =      6136.1343
 EELEC  =    -44967.0691  EHBOND  =         0.0000  RESTRAINT  =         0.0000
 DV/DL  =      1116.8299
 ------------------------------------------------------------------------------

 NMR restraints: Bond =    0.000   Angle =     0.000   Torsion =     0.000
===============================================================================

| TI region  1


 NSTEP =    80000   TIME(PS) =     160.000  TEMP(K) =   267.11  PRESS =     0.0
 Etot   =    -31940.6859  EKtot   =      6059.8903  EPtot      =    -38000.5762
 BOND   =         2.3249  ANGLE   =         9.5088  DIHED      =         0.0000
 1-4 NB =         0.0000  1-4 EEL =         0.0000  VDWAALS    =      5834.1241
 EELEC  =    -43846.5340  EHBOND  =         0.0000  RESTRAINT  =         0.0000
 DV/DL  =      1175.7796
 ------------------------------------------------------------------------------


| TI region  2


 NSTEP =    80000   TIME(PS) =     160.000  TEMP(K) =   267.11  PRESS =     0.0
 Etot   =    -31940.6859  EKtot   =      6059.8903  EPtot      =    -38000.5762
 BOND   =         2.3249  ANGLE   =         9.5088  DIHED      =         0.0000
 1-4 NB =         0.0000  1-4 EEL =         0.0000  VDWAALS    =      5834.1241
 EELEC  =    -43846.5340  EHBOND  =         0.0000  RESTRAINT  =         0.0000
 DV/DL  =      1175.7796
 ------------------------------------------------------------------------------

 NMR restraints: Bond =    0.000   Angle =     0.000   Torsion =     0.000
===============================================================================

| TI region  1


 NSTEP =    85000   TIME(PS) =     170.000  TEMP(K) =   286.20  PRESS =     0.0
 Etot   =    -30612.8656  EKtot   =      6492.9282  EPtot      =    -37105.7938
 BOND   =         4.6950  ANGLE   =         6.9708  DIHED      =         0.0000
 1-4 NB =         0.0000  1-4 EEL =         0.0000  VDWAALS    =      5407.3147
 EELEC  =    -42524.7743  EHBOND  =         0.0000  RESTRAINT  =         0.0000
 DV/DL  =      1128.3172
 ------------------------------------------------------------------------------


| TI region  2


 NSTEP =    85000   TIME(PS) =     170.000  TEMP(K) =   286.20  PRESS =     0.0
 Etot   =    -30612.8656  EKtot   =      6492.9282  EPtot      =    -37105.7938
 BOND   =         4.6950  ANGLE   =         6.9708  DIHED      =         0.0000
 1-4 NB =         0.0000  1-4 EEL =         0.0000  VDWAALS    =      5407.3147
 EELEC  =    -42524.7743  EHBOND  =         0.0000  RESTRAINT  =         0.0000
 DV/DL  =      1128.3172
 ------------------------------------------------------------------------------

 NMR restraints: Bond =    0.000   Angle =     0.000   Torsion =     0.000
===============================================================================

| TI region  1


 NSTEP =    90000   TIME(PS) =     180.000  TEMP(K) =   298.34  PRESS =     0.0
 Etot   =    -29540.9183  EKtot   =      6768.2618  EPtot      =    -36309.1801
 BOND   =         5.1228  ANGLE   =         7.9041  DIHED      =         0.0000
 1-4 NB =         0.0000  1-4 EEL =         0.0000  VDWAALS    =      5131.2230
 EELEC  =    -41453.4299  EHBOND  =         0.0000  RESTRAINT  =         0.0000
 DV/DL  =      1152.0716
 ------------------------------------------------------------------------------


| TI region  2


 NSTEP =    90000   TIME(PS) =     180.000  TEMP(K) =   298.34  PRESS =     0.0
 Etot   =    -29540.9183  EKtot   =      6768.2618  EPtot      =    -36309.1801
 BOND   =         5.1228  ANGLE   =         7.9041  DIHED      =         0.0000
 1-4 NB =         0.0000  1-4 EEL =         0.0000  VDWAALS    =      5131.2230
 EELEC  =    -41453.4299  EHBOND  =         0.0000  RESTRAINT  =         0.0000
 DV/DL  =      1152.0716
 ------------------------------------------------------------------------------

 NMR restraints: Bond =    0.000   Angle =     0.000   Torsion =     0.000
===============================================================================

| TI region  1


 NSTEP =    95000   TIME(PS) =     190.000  TEMP(K) =   301.23  PRESS =     0.0
 Etot   =    -29605.3950  EKtot   =      6834.0161  EPtot      =    -36439.4111
 BOND   =         1.6700  ANGLE   =         6.7942  DIHED      =         0.0000
 1-4 NB =         0.0000  1-4 EEL =         0.0000  VDWAALS    =      5333.3705
 EELEC  =    -41781.2457  EHBOND  =         0.0000  RESTRAINT  =         0.0000
 DV/DL  =      1121.6428
 ------------------------------------------------------------------------------


| TI region  2


 NSTEP =    95000   TIME(PS) =     190.000  TEMP(K) =   301.23  PRESS =     0.0
 Etot   =    -29605.3950  EKtot   =      6834.0161  EPtot      =    -36439.4111
 BOND   =         1.6700  ANGLE   =         6.7942  DIHED      =         0.0000
 1-4 NB =         0.0000  1-4 EEL =         0.0000  VDWAALS    =      5333.3705
 EELEC  =    -41781.2457  EHBOND  =         0.0000  RESTRAINT  =         0.0000
 DV/DL  =      1121.6428
 ------------------------------------------------------------------------------

 NMR restraints: Bond =    0.000   Angle =     0.000   Torsion =     0.000
===============================================================================

| TI region  1


 NSTEP =   100000   TIME(PS) =     200.000  TEMP(K) =   298.40  PRESS =     0.0
 Etot   =    -29522.0449  EKtot   =      6769.6949  EPtot      =    -36291.7397
 BOND   =         2.5087  ANGLE   =         7.4221  DIHED      =         0.0000
 1-4 NB =         0.0000  1-4 EEL =         0.0000  VDWAALS    =      5339.3279
 EELEC  =    -41640.9984  EHBOND  =         0.0000  RESTRAINT  =         0.0000
 DV/DL  =      1115.4452
 ------------------------------------------------------------------------------


| TI region  2


 NSTEP =   100000   TIME(PS) =     200.000  TEMP(K) =   298.40  PRESS =     0.0
 Etot   =    -29522.0449  EKtot   =      6769.6949  EPtot      =    -36291.7397
 BOND   =         2.5087  ANGLE   =         7.4221  DIHED      =         0.0000
 1-4 NB =         0.0000  1-4 EEL =         0.0000  VDWAALS    =      5339.3279
 EELEC  =    -41640.9984  EHBOND  =         0.0000  RESTRAINT  =         0.0000
 DV/DL  =      1115.4452
 ------------------------------------------------------------------------------

 NMR restraints: Bond =    0.000   Angle =     0.000   Torsion =     0.000
===============================================================================

| TI region  1


      A V E R A G E S   O V E R      20 S T E P S


 NSTEP =   100000   TIME(PS) =     200.000  TEMP(K) =   171.90  PRESS =     0.0
 Etot   =    -37730.9998  EKtot   =      3899.7946  EPtot      =    -41630.7943
 BOND   =         2.8147  ANGLE   =         7.3340  DIHED      =         0.0000
 1-4 NB =         0.0000  1-4 EEL =         0.0000  VDWAALS    =      7110.6655
 EELEC  =    -48751.6085  EHBOND  =         0.0000  RESTRAINT  =         0.0000
 DV/DL  =      1121.7807
 ------------------------------------------------------------------------------

 NMR restraints: Bond =    0.000   Angle =     0.000   Torsion =     0.000
===============================================================================

      R M S  F L U C T U A T I O N S


 NSTEP =   100000   TIME(PS) =     200.000  TEMP(K) =    92.46  PRESS =     0.0
 Etot   =      5344.4488  EKtot   =      2097.6874  EPtot      =      3285.1948
 BOND   =         1.2294  ANGLE   =         0.8323  DIHED      =         0.0000
 1-4 NB =         0.0000  1-4 EEL =         0.0000  VDWAALS    =      1141.2668
 EELEC  =      4419.8750  EHBOND  =         0.0000  RESTRAINT  =         0.0000
 DV/DL  =        31.7293
 ------------------------------------------------------------------------------


| TI region  2


      A V E R A G E S   O V E R      20 S T E P S


 NSTEP =   100000   TIME(PS) =     200.000  TEMP(K) =   171.90  PRESS =     0.0
 Etot   =    -37730.9998  EKtot   =      3899.7946  EPtot      =    -41630.7943
 BOND   =         2.8147  ANGLE   =         7.3340  DIHED      =         0.0000
 1-4 NB =         0.0000  1-4 EEL =         0.0000  VDWAALS    =      7110.6655
 EELEC  =    -48751.6085  EHBOND  =         0.0000  RESTRAINT  =         0.0000
 DV/DL  =      1121.7807
 ------------------------------------------------------------------------------

 NMR restraints: Bond =    0.000   Angle =     0.000   Torsion =     0.000
===============================================================================

      R M S  F L U C T U A T I O N S


 NSTEP =   100000   TIME(PS) =     200.000  TEMP(K) =    92.46  PRESS =     0.0
 Etot   =      5344.4488  EKtot   =      2097.6874  EPtot      =      3285.1948
 BOND   =         1.2294  ANGLE   =         0.8323  DIHED      =         0.0000
 1-4 NB =         0.0000  1-4 EEL =         0.0000  VDWAALS    =      1141.2668
 EELEC  =      4419.8750  EHBOND  =         0.0000  RESTRAINT  =         0.0000
 DV/DL  =        31.7293
 ------------------------------------------------------------------------------


      DV/DL, AVERAGES OVER      20 STEPS


 NSTEP =   100000   TIME(PS) =     200.000  TEMP(K) =    92.46  PRESS =     0.0
 Etot   =         0.0000  EKtot   =         0.0000  EPtot      =      1121.7807
 BOND   =         0.0000  ANGLE   =         0.0000  DIHED      =         0.0000
 1-4 NB =         0.0000  1-4 EEL =         0.0000  VDWAALS    =       -44.1974
 EELEC  =      1165.9781  EHBOND  =         0.0000  RESTRAINT  =         0.0000
 DV/DL  =      1121.7807
 ------------------------------------------------------------------------------


 NMR restraints on final step:

--------------------------------------------------------------------------------
   5.  TIMINGS
--------------------------------------------------------------------------------

|  NonSetup CPU Time in Major Routines:
|
|     Routine           Sec        %
|     ------------------------------
|     Nonbond          26.68   18.28
|     Bond              0.00    0.00
|     Angle             0.00    0.00
|     Dihedral          0.00    0.00
|     Shake             0.35    0.24
|     RunMD           118.61   81.25
|     Other             0.33    0.23
|     ------------------------------
|     Total           145.97

|  PME Nonbond Pairlist CPU Time:
|
|     Routine              Sec        %
|     ---------------------------------
|     Set Up Cit           0.00    0.00
|     Build List           0.00    0.00
|     ---------------------------------
|     Total                0.00    0.00

|  PME Direct Force CPU Time:
|
|     Routine              Sec        %
|     ---------------------------------
|     NonBonded Calc       0.00    0.00
|     Exclude Masked       0.00    0.00
|     Other                0.22    0.15
|     ---------------------------------
|     Total                0.22    0.15

|  PME Reciprocal Force CPU Time:
|
|     Routine              Sec        %
|     ---------------------------------
|     1D bspline           0.00    0.00
|     Grid Charges         0.00    0.00
|     Scalar Sum           0.00    0.00
|     Gradient Sum         0.00    0.00
|     FFT                  0.00    0.00
|     ---------------------------------
|     Total                0.00    0.00

|  Final Performance Info:
|     -----------------------------------------------------
|     Average timings for last   15000 steps:
|     Elapsed(s) =      22.94 Per Step(ms) =       1.53
|         ns/day =     113.01   seconds/ns =     764.55
|
|     Average timings for all steps:
|     Elapsed(s) =     146.10 Per Step(ms) =       1.46
|         ns/day =     118.28   seconds/ns =     730.49
|     -----------------------------------------------------

|  Setup CPU time:            0.55 seconds
|  NonSetup CPU time:       145.97 seconds
|  Total CPU time:          146.52 seconds     0.04 hours

|  Setup wall time:           0    seconds
|  NonSetup wall time:      146    seconds
|  Total wall time:         146    seconds     0.04 hours
