
          -------------------------------------------------------
          Amber 20 PMEMD                              2020
          -------------------------------------------------------

| PMEMD implementation of SANDER, Release 18

|  Compiled date/time: Mon Apr 27 21:19:54 2020
| Run on 09/30/2020 at 18:27:53

|   Executable path: /opt/software/Amber/20-fosscuda-2019b/amber20/bin/pmemd.cuda
| Working directory: /mnt/ls15/scratch/users/songlin3/run/solvation_amber20/po4/one_step_tip3p_PO4/po4_to_dummy/0.79366
|          Hostname: nvf-001

  [-O]verwriting output

File Assignments:
|   MDIN: heat.in                                                               
|  MDOUT: heat.out                                                              
| INPCRD: min.rst                                                               
|   PARM: step1_dummy.prmtop                                                    
| RESTRT: heat.rst                                                              
|   REFC: min.rst                                                               
|  MDVEL: mdvel                                                                 
|   MDEN: mden                                                                  
|  MDCRD: heat.netcdf                                                           
| MDINFO: heat.mdinfo                                                           
|  MDFRC: mdfrc                                                                 


 Here is the input file:

nvt for free MD                                                                
 &cntrl                                                                        
  imin=0,                                                                      
  irest=0,                                                                     
  ntx=1,                                                                       
  ig=-1,                                                                       
  nstlim=100000,                                                               
  dt=0.002,                                                                    
  cut=10.0,                                                                    
  ntc=2,                                                                       
  ntf=2,                                                                       
  ntb=1,                                                                       
  ntt=3,                                                                       
  gamma_ln=2.0,                                                                
  tempi=0.0,                                                                   
  temp0=300.0,                                                                 
  ntpr=5000,                                                                   
  ntwr=5000,                                                                   
  ntwx=10000,                                                                  
  ntwv=0,                                                                      
  ioutfm=1,                                                                    
  iwrap=0,                                                                     
  nmropt=1,                                                                    
  ifsc = 0, icfe=1,                                                            
  clambda=0.79366,                                                             
  timask1=':1',                                                                
  timask2=':2',                                                                
/                                                                              
&wt TYPE='TEMP0', istep1=0, istep2=90000, value1=0.0, value2=300.0 /           
&wt TYPE='TEMP0', istep1=90001, istep2=100000, value1=300.0, value2=300.0 /    
&wt TYPE='DUMPFREQ', istep1=10000, /                                           
&wt TYPE='END', /                                                              


Note: ig = -1. Setting random seed to   975546 based on wallclock time in 
      microseconds.
| irandom = 1, using AMBER's internal random number generator (default).
 
|--------------------- INFORMATION ----------------------
| GPU (CUDA) Version of PMEMD in use: NVIDIA GPU IN USE.
|                    Version 18.0.0
| 
|                      03/25/2018
| 
| Implementation by:
|                    Ross C. Walker     (SDSC)
|                    Scott Le Grand     (nVIDIA)
| 
| Version 18 performance extensions by:
|                    David Cerutti     (Rutgers)
| 
| Precision model in use:
|      [SPFP] - Single Precision Forces, 64-bit Fixed Point
|               Accumulation. (Default)
| 
|--------------------------------------------------------
 
|----------------- CITATION INFORMATION -----------------
|
|    When publishing work that utilized the CUDA version
|    of AMBER, please cite the following in addition to
|    the regular AMBER citations:
|
|  - Romelia Salomon-Ferrer; Andreas W. Goetz; Duncan
|    Poole; Scott Le Grand; Ross C. Walker "Routine
|    microsecond molecular dynamics simulations with
|    AMBER - Part II: Particle Mesh Ewald", J. Chem.
|    Theory Comput., 2013, 9 (9), pp3878-3888,
|    DOI: 10.1021/ct400314y.
|
|  - Andreas W. Goetz; Mark J. Williamson; Dong Xu;
|    Duncan Poole; Scott Le Grand; Ross C. Walker
|    "Routine microsecond molecular dynamics simulations
|    with AMBER - Part I: Generalized Born", J. Chem.
|    Theory Comput., 2012, 8 (5), pp1542-1555.
|
|  - Scott Le Grand; Andreas W. Goetz; Ross C. Walker
|    "SPFP: Speed without compromise - a mixed precision
|    model for GPU accelerated molecular dynamics
|    simulations.", Comp. Phys. Comm., 2013, 184
|    pp374-380, DOI: 10.1016/j.cpc.2012.09.022
|
|    When publishing work that utilized the CUDA version
|    of TI, BAR, MBAR or FEP please cite the following 
|    publications in addition to the regular AMBER 
|    GPU citations:
|
|  - Daniel J. Mermelstein; Charles Lin; Gard Nelson; 
|    Rachael Kretsch; J. Andrew McCammon; Ross C. Walker
|    "Fast and Flexible GPU Accelerated Binding 
|    Free Energy Calculations within the AMBER Molecular
|    Dynamics Package" J. Comp. Chem., 2018,
|    DOI: 10.1002/jcc.25187
|
|  - Tai-Sung Lee; Yuan Hu; Brad Sherborne; Zhuyan Guo;
|    Darrin M. York
|    "Toward Fast and Accurate Binding Affinity Prediction with
|    pmemdGTI: An Efficient Implementation of GPU-Accelerated
|    Thermodynamic Integration"
|    J. Chem. Theory Comput., 2017, 13 (7), 3077
|
|
|--------------------------------------------------------
 
|------------------- GPU DEVICE INFO --------------------
|
|            CUDA_VISIBLE_DEVICES: 0
|   CUDA Capable Devices Detected:      1
|           CUDA Device ID in use:      0
|                CUDA Device Name: Tesla V100S-PCIE-32GB
|     CUDA Device Global Mem Size:  32510 MB
| CUDA Device Num Multiprocessors:     80
|           CUDA Device Core Freq:   1.60 GHz
|
|--------------------------------------------------------
 
 
| Conditional Compilation Defines Used:
| FFTW_FFT
| BINTRAJ
| MKL
| CUDA
| EMIL

| Largest sphere to fit in unit cell has radius =    22.455

| New format PARM file being parsed.
| Version =    1.000 Date = 09/30/20 Time = 15:53:13

| Note: 1-4 EEL scale factors are being read from the topology file.

| Note: 1-4 VDW scale factors are being read from the topology file.
| Duplicated    0 dihedrals

| Duplicated    0 dihedrals

--------------------------------------------------------------------------------
   1.  RESOURCE   USE: 
--------------------------------------------------------------------------------

 getting box info from netcdf restart file
 NATOM  =   11419 NTYPES =       6 NBONH =   11409 MBONA  =       8
 NTHETH =       0 MTHETA =      12 NPHIH =       0 MPHIA  =       0
 NHPARM =       0 NPARM  =       0 NNB   =   15234 NRES   =    3805
 NBONA  =       8 NTHETA =      12 NPHIA =       0 NUMBND =       3
 NUMANG =       1 NPTRA  =       0 NATYP =       4 NPHB   =       1
 IFBOX  =       2 NMXRS  =       5 IFCAP =       0 NEXTRA =       0
 NCOPY  =       0

| Coordinate Index Table dimensions:     8    8    8
| Direct force subcell size =     6.8755    6.8755    6.8755

     BOX TYPE: TRUNCATED OCTAHEDRON

--------------------------------------------------------------------------------
   2.  CONTROL  DATA  FOR  THE  RUN
--------------------------------------------------------------------------------

default_name                                                                    

General flags:
     imin    =       0, nmropt  =       1

Nature and format of input:
     ntx     =       1, irest   =       0, ntrx    =       1

Nature and format of output:
     ntxo    =       2, ntpr    =    5000, ntrx    =       1, ntwr    =    5000
     iwrap   =       0, ntwx    =   10000, ntwv    =       0, ntwe    =       0
     ioutfm  =       1, ntwprt  =       0, idecomp =       0, rbornstat=      0

Potential function:
     ntf     =       2, ntb     =       1, igb     =       0, nsnb    =      25
     ipol    =       0, gbsa    =       0, iesp    =       0
     dielc   =   1.00000, cut     =  10.00000, intdiel =   1.00000

Frozen or restrained atoms:
     ibelly  =       0, ntr     =       0

Molecular dynamics:
     nstlim  =    100000, nscm    =      1000, nrespa  =         1
     t       =   0.00000, dt      =   0.00200, vlimit  =  -1.00000

Langevin dynamics temperature regulation:
     ig      =  975546
     temp0   = 300.00000, tempi   =   0.00000, gamma_ln=   2.00000

SHAKE:
     ntc     =       2, jfastw  =       0
     tol     =   0.00001

NMR refinement options:
     iscale  =       0, noeskp  =       1, ipnlty  =       1, mxsub   =       1
     scalm   = 100.00000, pencut  =   0.10000, tausw   =   0.10000

Free energy options:
     icfe    =       1, ifsc    =       0, klambda =       1
     clambda =  0.7937, scalpha =  0.5000, scbeta  = 12.0000
     sceeorder =       2
     dynlmb =  0.0000 logdvdl =       0

| Intermolecular bonds treatment:
|     no_intermolecular_bonds =       1

| Energy averages sample interval:
|     ene_avg_sampling =    5000

Ewald parameters:
     verbose =       0, ew_type =       0, nbflag  =       1, use_pme =       1
     vdwmeth =       1, eedmeth =       1, netfrc  =       1
     Box X =   55.004   Box Y =   55.004   Box Z =   55.004
     Alpha =  109.471   Beta  =  109.471   Gamma =  109.471
     NFFT1 =   56       NFFT2 =   56       NFFT3 =   56
     Cutoff=   10.000   Tol   =0.100E-04
     Ewald Coefficient =  0.27511
     Interpolation order =    4
     TI Mask 1 :1; matches      5 atoms
     TI Mask 2 :2; matches      5 atoms
     TI region 1:   11414 atoms
     TI region 2:   11414 atoms
     Checking for mismatched coordinates.

--------------------------------------------------------------------------------
   3.  ATOMIC COORDINATES AND VELOCITIES
--------------------------------------------------------------------------------

default_name                                                                    
 begin time read from input coords =     0.000 ps



           Begin reading energy term weight changes/NMR restraints
 WEIGHT CHANGES:
 TEMP0         0  90000    0.000000  300.000000      0      0
 TEMP0     90001 100000  300.000000  300.000000      0      0
 DUMPFREQ  10000      0    0.000000    0.000000      0      0

 RESTRAINTS:
                          ** No restraint defined **

                  Done reading weight changes/NMR restraints


 
 Number of triangulated 3-point waters found:     3803

     Sum of charges for TI region  1 =  -2.99999999
     Skip neutralizing charges...


     Sum of charges for TI region  2 =   0.00000000
     Skip neutralizing charges...

| Dynamic Memory, Types Used:
| Reals              566056
| Integers           434130

| Nonbonded Pairs Initial Allocation:     3453962

| GPU memory information (estimate):
| KB of GPU memory in use:    104187
| KB of CPU memory in use:     26907

--------------------------------------------------------------------------------
   4.  RESULTS
--------------------------------------------------------------------------------


| TI region  1


 NSTEP =        0   TIME(PS) =       0.000  TEMP(K) =     0.00  PRESS =     0.0
 Etot   =    -34675.7435  EKtot   =         0.0000  EPtot      =    -34675.7435
 BOND   =         0.0033  ANGLE   =         6.2767  DIHED      =         0.0000
 1-4 NB =         0.0000  1-4 EEL =         0.0000  VDWAALS    =      2546.7606
 EELEC  =    -37228.7841  EHBOND  =         0.0000  RESTRAINT  =         0.0000
 DV/DL  =       135.8019
 ------------------------------------------------------------------------------


| TI region  2


 NSTEP =        0   TIME(PS) =       0.000  TEMP(K) =     0.00  PRESS =     0.0
 Etot   =    -34675.7435  EKtot   =         0.0000  EPtot      =    -34675.7435
 BOND   =         0.0033  ANGLE   =         6.2767  DIHED      =         0.0000
 1-4 NB =         0.0000  1-4 EEL =         0.0000  VDWAALS    =      2546.7606
 EELEC  =    -37228.7841  EHBOND  =         0.0000  RESTRAINT  =         0.0000
 DV/DL  =       135.8019
 ------------------------------------------------------------------------------

 NMR restraints: Bond =    0.000   Angle =     0.000   Torsion =     0.000
===============================================================================

| TI region  1


 NSTEP =     5000   TIME(PS) =      10.000  TEMP(K) =    16.08  PRESS =     0.0
 Etot   =    -44635.3858  EKtot   =       364.7127  EPtot      =    -45000.0985
 BOND   =         0.1136  ANGLE   =         6.2910  DIHED      =         0.0000
 1-4 NB =         0.0000  1-4 EEL =         0.0000  VDWAALS    =      8210.1671
 EELEC  =    -53216.6702  EHBOND  =         0.0000  RESTRAINT  =         0.0000
 DV/DL  =       313.8970
 ------------------------------------------------------------------------------


| TI region  2


 NSTEP =     5000   TIME(PS) =      10.000  TEMP(K) =    16.08  PRESS =     0.0
 Etot   =    -44635.3858  EKtot   =       364.7127  EPtot      =    -45000.0985
 BOND   =         0.1136  ANGLE   =         6.2910  DIHED      =         0.0000
 1-4 NB =         0.0000  1-4 EEL =         0.0000  VDWAALS    =      8210.1671
 EELEC  =    -53216.6702  EHBOND  =         0.0000  RESTRAINT  =         0.0000
 DV/DL  =       313.8970
 ------------------------------------------------------------------------------

 NMR restraints: Bond =    0.000   Angle =     0.000   Torsion =     0.000
===============================================================================

| TI region  1


 NSTEP =    10000   TIME(PS) =      20.000  TEMP(K) =    32.34  PRESS =     0.0
 Etot   =    -43994.2374  EKtot   =       733.7416  EPtot      =    -44727.9790
 BOND   =         0.0769  ANGLE   =         6.4378  DIHED      =         0.0000
 1-4 NB =         0.0000  1-4 EEL =         0.0000  VDWAALS    =      8193.2830
 EELEC  =    -52927.7768  EHBOND  =         0.0000  RESTRAINT  =         0.0000
 DV/DL  =       308.6632
 ------------------------------------------------------------------------------


| TI region  2


 NSTEP =    10000   TIME(PS) =      20.000  TEMP(K) =    32.34  PRESS =     0.0
 Etot   =    -43994.2374  EKtot   =       733.7416  EPtot      =    -44727.9790
 BOND   =         0.0769  ANGLE   =         6.4378  DIHED      =         0.0000
 1-4 NB =         0.0000  1-4 EEL =         0.0000  VDWAALS    =      8193.2830
 EELEC  =    -52927.7768  EHBOND  =         0.0000  RESTRAINT  =         0.0000
 DV/DL  =       308.6632
 ------------------------------------------------------------------------------

 NMR restraints: Bond =    0.000   Angle =     0.000   Torsion =     0.000
===============================================================================

| TI region  1


 NSTEP =    15000   TIME(PS) =      30.000  TEMP(K) =    49.84  PRESS =     0.0
 Etot   =    -43325.0591  EKtot   =      1130.6230  EPtot      =    -44455.6820
 BOND   =         0.2576  ANGLE   =         6.5975  DIHED      =         0.0000
 1-4 NB =         0.0000  1-4 EEL =         0.0000  VDWAALS    =      8181.9327
 EELEC  =    -52644.4699  EHBOND  =         0.0000  RESTRAINT  =         0.0000
 DV/DL  =       316.2212
 ------------------------------------------------------------------------------


| TI region  2


 NSTEP =    15000   TIME(PS) =      30.000  TEMP(K) =    49.84  PRESS =     0.0
 Etot   =    -43325.0591  EKtot   =      1130.6230  EPtot      =    -44455.6820
 BOND   =         0.2576  ANGLE   =         6.5975  DIHED      =         0.0000
 1-4 NB =         0.0000  1-4 EEL =         0.0000  VDWAALS    =      8181.9327
 EELEC  =    -52644.4699  EHBOND  =         0.0000  RESTRAINT  =         0.0000
 DV/DL  =       316.2212
 ------------------------------------------------------------------------------

 NMR restraints: Bond =    0.000   Angle =     0.000   Torsion =     0.000
===============================================================================

| TI region  1


 NSTEP =    20000   TIME(PS) =      40.000  TEMP(K) =    65.83  PRESS =     0.0
 Etot   =    -42673.0840  EKtot   =      1493.4860  EPtot      =    -44166.5700
 BOND   =         0.5478  ANGLE   =         6.4488  DIHED      =         0.0000
 1-4 NB =         0.0000  1-4 EEL =         0.0000  VDWAALS    =      8050.9304
 EELEC  =    -52224.4970  EHBOND  =         0.0000  RESTRAINT  =         0.0000
 DV/DL  =       336.6210
 ------------------------------------------------------------------------------


| TI region  2


 NSTEP =    20000   TIME(PS) =      40.000  TEMP(K) =    65.83  PRESS =     0.0
 Etot   =    -42673.0840  EKtot   =      1493.4860  EPtot      =    -44166.5700
 BOND   =         0.5478  ANGLE   =         6.4488  DIHED      =         0.0000
 1-4 NB =         0.0000  1-4 EEL =         0.0000  VDWAALS    =      8050.9304
 EELEC  =    -52224.4970  EHBOND  =         0.0000  RESTRAINT  =         0.0000
 DV/DL  =       336.6210
 ------------------------------------------------------------------------------

 NMR restraints: Bond =    0.000   Angle =     0.000   Torsion =     0.000
===============================================================================

| TI region  1


 NSTEP =    25000   TIME(PS) =      50.000  TEMP(K) =    83.14  PRESS =     0.0
 Etot   =    -42016.0645  EKtot   =      1886.2805  EPtot      =    -43902.3450
 BOND   =         0.6592  ANGLE   =         6.3817  DIHED      =         0.0000
 1-4 NB =         0.0000  1-4 EEL =         0.0000  VDWAALS    =      8092.5060
 EELEC  =    -52001.8918  EHBOND  =         0.0000  RESTRAINT  =         0.0000
 DV/DL  =       319.3608
 ------------------------------------------------------------------------------


| TI region  2


 NSTEP =    25000   TIME(PS) =      50.000  TEMP(K) =    83.14  PRESS =     0.0
 Etot   =    -42016.0645  EKtot   =      1886.2805  EPtot      =    -43902.3450
 BOND   =         0.6592  ANGLE   =         6.3817  DIHED      =         0.0000
 1-4 NB =         0.0000  1-4 EEL =         0.0000  VDWAALS    =      8092.5060
 EELEC  =    -52001.8918  EHBOND  =         0.0000  RESTRAINT  =         0.0000
 DV/DL  =       319.3608
 ------------------------------------------------------------------------------

 NMR restraints: Bond =    0.000   Angle =     0.000   Torsion =     0.000
===============================================================================

| TI region  1


 NSTEP =    30000   TIME(PS) =      60.000  TEMP(K) =    99.34  PRESS =     0.0
 Etot   =    -41380.6290  EKtot   =      2253.5954  EPtot      =    -43634.2244
 BOND   =         0.5398  ANGLE   =         6.5669  DIHED      =         0.0000
 1-4 NB =         0.0000  1-4 EEL =         0.0000  VDWAALS    =      7963.2004
 EELEC  =    -51604.5315  EHBOND  =         0.0000  RESTRAINT  =         0.0000
 DV/DL  =       367.2234
 ------------------------------------------------------------------------------


| TI region  2


 NSTEP =    30000   TIME(PS) =      60.000  TEMP(K) =    99.34  PRESS =     0.0
 Etot   =    -41380.6290  EKtot   =      2253.5954  EPtot      =    -43634.2244
 BOND   =         0.5398  ANGLE   =         6.5669  DIHED      =         0.0000
 1-4 NB =         0.0000  1-4 EEL =         0.0000  VDWAALS    =      7963.2004
 EELEC  =    -51604.5315  EHBOND  =         0.0000  RESTRAINT  =         0.0000
 DV/DL  =       367.2234
 ------------------------------------------------------------------------------

 NMR restraints: Bond =    0.000   Angle =     0.000   Torsion =     0.000
===============================================================================

| TI region  1


 NSTEP =    35000   TIME(PS) =      70.000  TEMP(K) =   114.87  PRESS =     0.0
 Etot   =    -40767.1652  EKtot   =      2606.0326  EPtot      =    -43373.1978
 BOND   =         0.2774  ANGLE   =         6.6717  DIHED      =         0.0000
 1-4 NB =         0.0000  1-4 EEL =         0.0000  VDWAALS    =      8063.6997
 EELEC  =    -51443.8465  EHBOND  =         0.0000  RESTRAINT  =         0.0000
 DV/DL  =       349.1068
 ------------------------------------------------------------------------------


| TI region  2


 NSTEP =    35000   TIME(PS) =      70.000  TEMP(K) =   114.87  PRESS =     0.0
 Etot   =    -40767.1652  EKtot   =      2606.0326  EPtot      =    -43373.1978
 BOND   =         0.2774  ANGLE   =         6.6717  DIHED      =         0.0000
 1-4 NB =         0.0000  1-4 EEL =         0.0000  VDWAALS    =      8063.6997
 EELEC  =    -51443.8465  EHBOND  =         0.0000  RESTRAINT  =         0.0000
 DV/DL  =       349.1068
 ------------------------------------------------------------------------------

 NMR restraints: Bond =    0.000   Angle =     0.000   Torsion =     0.000
===============================================================================

| TI region  1


 NSTEP =    40000   TIME(PS) =      80.000  TEMP(K) =   132.88  PRESS =     0.0
 Etot   =    -40113.5205  EKtot   =      3014.6750  EPtot      =    -43128.1956
 BOND   =         0.3902  ANGLE   =         6.4796  DIHED      =         0.0000
 1-4 NB =         0.0000  1-4 EEL =         0.0000  VDWAALS    =      7966.7227
 EELEC  =    -51101.7881  EHBOND  =         0.0000  RESTRAINT  =         0.0000
 DV/DL  =       351.1569
 ------------------------------------------------------------------------------


| TI region  2


 NSTEP =    40000   TIME(PS) =      80.000  TEMP(K) =   132.88  PRESS =     0.0
 Etot   =    -40113.5205  EKtot   =      3014.6750  EPtot      =    -43128.1956
 BOND   =         0.3902  ANGLE   =         6.4796  DIHED      =         0.0000
 1-4 NB =         0.0000  1-4 EEL =         0.0000  VDWAALS    =      7966.7227
 EELEC  =    -51101.7881  EHBOND  =         0.0000  RESTRAINT  =         0.0000
 DV/DL  =       351.1569
 ------------------------------------------------------------------------------

 NMR restraints: Bond =    0.000   Angle =     0.000   Torsion =     0.000
===============================================================================

| TI region  1


 NSTEP =    45000   TIME(PS) =      90.000  TEMP(K) =   149.66  PRESS =     0.0
 Etot   =    -39361.7201  EKtot   =      3395.2862  EPtot      =    -42757.0063
 BOND   =         0.4528  ANGLE   =         7.1964  DIHED      =         0.0000
 1-4 NB =         0.0000  1-4 EEL =         0.0000  VDWAALS    =      7765.6634
 EELEC  =    -50530.3189  EHBOND  =         0.0000  RESTRAINT  =         0.0000
 DV/DL  =       325.9605
 ------------------------------------------------------------------------------


| TI region  2


 NSTEP =    45000   TIME(PS) =      90.000  TEMP(K) =   149.66  PRESS =     0.0
 Etot   =    -39361.7201  EKtot   =      3395.2862  EPtot      =    -42757.0063
 BOND   =         0.4528  ANGLE   =         7.1964  DIHED      =         0.0000
 1-4 NB =         0.0000  1-4 EEL =         0.0000  VDWAALS    =      7765.6634
 EELEC  =    -50530.3189  EHBOND  =         0.0000  RESTRAINT  =         0.0000
 DV/DL  =       325.9605
 ------------------------------------------------------------------------------

 NMR restraints: Bond =    0.000   Angle =     0.000   Torsion =     0.000
===============================================================================

| TI region  1


 NSTEP =    50000   TIME(PS) =     100.000  TEMP(K) =   163.54  PRESS =     0.0
 Etot   =    -38542.5147  EKtot   =      3710.1033  EPtot      =    -42252.6180
 BOND   =         0.4419  ANGLE   =         6.8714  DIHED      =         0.0000
 1-4 NB =         0.0000  1-4 EEL =         0.0000  VDWAALS    =      7638.8283
 EELEC  =    -49898.7595  EHBOND  =         0.0000  RESTRAINT  =         0.0000
 DV/DL  =       308.8320
 ------------------------------------------------------------------------------


| TI region  2


 NSTEP =    50000   TIME(PS) =     100.000  TEMP(K) =   163.54  PRESS =     0.0
 Etot   =    -38542.5147  EKtot   =      3710.1033  EPtot      =    -42252.6180
 BOND   =         0.4419  ANGLE   =         6.8714  DIHED      =         0.0000
 1-4 NB =         0.0000  1-4 EEL =         0.0000  VDWAALS    =      7638.8283
 EELEC  =    -49898.7595  EHBOND  =         0.0000  RESTRAINT  =         0.0000
 DV/DL  =       308.8320
 ------------------------------------------------------------------------------

 NMR restraints: Bond =    0.000   Angle =     0.000   Torsion =     0.000
===============================================================================

| TI region  1


 NSTEP =    55000   TIME(PS) =     110.000  TEMP(K) =   181.37  PRESS =     0.0
 Etot   =    -37659.1123  EKtot   =      4114.7960  EPtot      =    -41773.9083
 BOND   =         0.5447  ANGLE   =         7.6294  DIHED      =         0.0000
 1-4 NB =         0.0000  1-4 EEL =         0.0000  VDWAALS    =      7511.9329
 EELEC  =    -49294.0154  EHBOND  =         0.0000  RESTRAINT  =         0.0000
 DV/DL  =       339.0060
 ------------------------------------------------------------------------------


| TI region  2


 NSTEP =    55000   TIME(PS) =     110.000  TEMP(K) =   181.37  PRESS =     0.0
 Etot   =    -37659.1123  EKtot   =      4114.7960  EPtot      =    -41773.9083
 BOND   =         0.5447  ANGLE   =         7.6294  DIHED      =         0.0000
 1-4 NB =         0.0000  1-4 EEL =         0.0000  VDWAALS    =      7511.9329
 EELEC  =    -49294.0154  EHBOND  =         0.0000  RESTRAINT  =         0.0000
 DV/DL  =       339.0060
 ------------------------------------------------------------------------------

 NMR restraints: Bond =    0.000   Angle =     0.000   Torsion =     0.000
===============================================================================

| TI region  1


 NSTEP =    60000   TIME(PS) =     120.000  TEMP(K) =   200.15  PRESS =     0.0
 Etot   =    -36769.2439  EKtot   =      4540.6784  EPtot      =    -41309.9223
 BOND   =         1.5936  ANGLE   =         7.2752  DIHED      =         0.0000
 1-4 NB =         0.0000  1-4 EEL =         0.0000  VDWAALS    =      7313.0773
 EELEC  =    -48631.8684  EHBOND  =         0.0000  RESTRAINT  =         0.0000
 DV/DL  =       364.3400
 ------------------------------------------------------------------------------


| TI region  2


 NSTEP =    60000   TIME(PS) =     120.000  TEMP(K) =   200.15  PRESS =     0.0
 Etot   =    -36769.2439  EKtot   =      4540.6784  EPtot      =    -41309.9223
 BOND   =         1.5936  ANGLE   =         7.2752  DIHED      =         0.0000
 1-4 NB =         0.0000  1-4 EEL =         0.0000  VDWAALS    =      7313.0773
 EELEC  =    -48631.8684  EHBOND  =         0.0000  RESTRAINT  =         0.0000
 DV/DL  =       364.3400
 ------------------------------------------------------------------------------

 NMR restraints: Bond =    0.000   Angle =     0.000   Torsion =     0.000
===============================================================================

| TI region  1


 NSTEP =    65000   TIME(PS) =     130.000  TEMP(K) =   215.66  PRESS =     0.0
 Etot   =    -35529.6737  EKtot   =      4892.6851  EPtot      =    -40422.3588
 BOND   =         1.1324  ANGLE   =         6.4757  DIHED      =         0.0000
 1-4 NB =         0.0000  1-4 EEL =         0.0000  VDWAALS    =      6889.5207
 EELEC  =    -47319.4877  EHBOND  =         0.0000  RESTRAINT  =         0.0000
 DV/DL  =       322.5694
 ------------------------------------------------------------------------------


| TI region  2


 NSTEP =    65000   TIME(PS) =     130.000  TEMP(K) =   215.66  PRESS =     0.0
 Etot   =    -35529.6737  EKtot   =      4892.6851  EPtot      =    -40422.3588
 BOND   =         1.1324  ANGLE   =         6.4757  DIHED      =         0.0000
 1-4 NB =         0.0000  1-4 EEL =         0.0000  VDWAALS    =      6889.5207
 EELEC  =    -47319.4877  EHBOND  =         0.0000  RESTRAINT  =         0.0000
 DV/DL  =       322.5694
 ------------------------------------------------------------------------------

 NMR restraints: Bond =    0.000   Angle =     0.000   Torsion =     0.000
===============================================================================

| TI region  1


 NSTEP =    70000   TIME(PS) =     140.000  TEMP(K) =   233.06  PRESS =     0.0
 Etot   =    -33987.9720  EKtot   =      5287.2937  EPtot      =    -39275.2657
 BOND   =         1.6542  ANGLE   =         7.6930  DIHED      =         0.0000
 1-4 NB =         0.0000  1-4 EEL =         0.0000  VDWAALS    =      6333.3747
 EELEC  =    -45617.9876  EHBOND  =         0.0000  RESTRAINT  =         0.0000
 DV/DL  =       359.2268
 ------------------------------------------------------------------------------


| TI region  2


 NSTEP =    70000   TIME(PS) =     140.000  TEMP(K) =   233.06  PRESS =     0.0
 Etot   =    -33987.9720  EKtot   =      5287.2937  EPtot      =    -39275.2657
 BOND   =         1.6542  ANGLE   =         7.6930  DIHED      =         0.0000
 1-4 NB =         0.0000  1-4 EEL =         0.0000  VDWAALS    =      6333.3747
 EELEC  =    -45617.9876  EHBOND  =         0.0000  RESTRAINT  =         0.0000
 DV/DL  =       359.2268
 ------------------------------------------------------------------------------

 NMR restraints: Bond =    0.000   Angle =     0.000   Torsion =     0.000
===============================================================================

| TI region  1


 NSTEP =    75000   TIME(PS) =     150.000  TEMP(K) =   246.26  PRESS =     0.0
 Etot   =    -32498.4091  EKtot   =      5586.8528  EPtot      =    -38085.2619
 BOND   =         0.7580  ANGLE   =         7.3923  DIHED      =         0.0000
 1-4 NB =         0.0000  1-4 EEL =         0.0000  VDWAALS    =      6040.1056
 EELEC  =    -44133.5178  EHBOND  =         0.0000  RESTRAINT  =         0.0000
 DV/DL  =       314.6950
 ------------------------------------------------------------------------------


| TI region  2


 NSTEP =    75000   TIME(PS) =     150.000  TEMP(K) =   246.26  PRESS =     0.0
 Etot   =    -32498.4091  EKtot   =      5586.8528  EPtot      =    -38085.2619
 BOND   =         0.7580  ANGLE   =         7.3923  DIHED      =         0.0000
 1-4 NB =         0.0000  1-4 EEL =         0.0000  VDWAALS    =      6040.1056
 EELEC  =    -44133.5178  EHBOND  =         0.0000  RESTRAINT  =         0.0000
 DV/DL  =       314.6950
 ------------------------------------------------------------------------------

 NMR restraints: Bond =    0.000   Angle =     0.000   Torsion =     0.000
===============================================================================

| TI region  1


 NSTEP =    80000   TIME(PS) =     160.000  TEMP(K) =   265.37  PRESS =     0.0
 Etot   =    -31289.5773  EKtot   =      6020.2936  EPtot      =    -37309.8709
 BOND   =         1.8990  ANGLE   =         6.6767  DIHED      =         0.0000
 1-4 NB =         0.0000  1-4 EEL =         0.0000  VDWAALS    =      5655.9803
 EELEC  =    -42974.4269  EHBOND  =         0.0000  RESTRAINT  =         0.0000
 DV/DL  =       398.5917
 ------------------------------------------------------------------------------


| TI region  2


 NSTEP =    80000   TIME(PS) =     160.000  TEMP(K) =   265.37  PRESS =     0.0
 Etot   =    -31289.5773  EKtot   =      6020.2936  EPtot      =    -37309.8709
 BOND   =         1.8990  ANGLE   =         6.6767  DIHED      =         0.0000
 1-4 NB =         0.0000  1-4 EEL =         0.0000  VDWAALS    =      5655.9803
 EELEC  =    -42974.4269  EHBOND  =         0.0000  RESTRAINT  =         0.0000
 DV/DL  =       398.5917
 ------------------------------------------------------------------------------

 NMR restraints: Bond =    0.000   Angle =     0.000   Torsion =     0.000
===============================================================================

| TI region  1


 NSTEP =    85000   TIME(PS) =     170.000  TEMP(K) =   281.18  PRESS =     0.0
 Etot   =    -29897.8162  EKtot   =      6379.1799  EPtot      =    -36276.9961
 BOND   =         1.3266  ANGLE   =         9.0665  DIHED      =         0.0000
 1-4 NB =         0.0000  1-4 EEL =         0.0000  VDWAALS    =      5578.2850
 EELEC  =    -41865.6742  EHBOND  =         0.0000  RESTRAINT  =         0.0000
 DV/DL  =       348.9184
 ------------------------------------------------------------------------------


| TI region  2


 NSTEP =    85000   TIME(PS) =     170.000  TEMP(K) =   281.18  PRESS =     0.0
 Etot   =    -29897.8162  EKtot   =      6379.1799  EPtot      =    -36276.9961
 BOND   =         1.3266  ANGLE   =         9.0665  DIHED      =         0.0000
 1-4 NB =         0.0000  1-4 EEL =         0.0000  VDWAALS    =      5578.2850
 EELEC  =    -41865.6742  EHBOND  =         0.0000  RESTRAINT  =         0.0000
 DV/DL  =       348.9184
 ------------------------------------------------------------------------------

 NMR restraints: Bond =    0.000   Angle =     0.000   Torsion =     0.000
===============================================================================

| TI region  1


 NSTEP =    90000   TIME(PS) =     180.000  TEMP(K) =   305.93  PRESS =     0.0
 Etot   =    -28859.6873  EKtot   =      6940.4937  EPtot      =    -35800.1810
 BOND   =         0.4874  ANGLE   =         7.9002  DIHED      =         0.0000
 1-4 NB =         0.0000  1-4 EEL =         0.0000  VDWAALS    =      5323.4168
 EELEC  =    -41131.9854  EHBOND  =         0.0000  RESTRAINT  =         0.0000
 DV/DL  =       323.4495
 ------------------------------------------------------------------------------


| TI region  2


 NSTEP =    90000   TIME(PS) =     180.000  TEMP(K) =   305.93  PRESS =     0.0
 Etot   =    -28859.6873  EKtot   =      6940.4937  EPtot      =    -35800.1810
 BOND   =         0.4874  ANGLE   =         7.9002  DIHED      =         0.0000
 1-4 NB =         0.0000  1-4 EEL =         0.0000  VDWAALS    =      5323.4168
 EELEC  =    -41131.9854  EHBOND  =         0.0000  RESTRAINT  =         0.0000
 DV/DL  =       323.4495
 ------------------------------------------------------------------------------

 NMR restraints: Bond =    0.000   Angle =     0.000   Torsion =     0.000
===============================================================================

| TI region  1


 NSTEP =    95000   TIME(PS) =     190.000  TEMP(K) =   300.37  PRESS =     0.0
 Etot   =    -28791.5442  EKtot   =      6814.4705  EPtot      =    -35606.0147
 BOND   =         0.9209  ANGLE   =         7.4868  DIHED      =         0.0000
 1-4 NB =         0.0000  1-4 EEL =         0.0000  VDWAALS    =      5269.4409
 EELEC  =    -40883.8633  EHBOND  =         0.0000  RESTRAINT  =         0.0000
 DV/DL  =       364.5521
 ------------------------------------------------------------------------------


| TI region  2


 NSTEP =    95000   TIME(PS) =     190.000  TEMP(K) =   300.37  PRESS =     0.0
 Etot   =    -28791.5442  EKtot   =      6814.4705  EPtot      =    -35606.0147
 BOND   =         0.9209  ANGLE   =         7.4868  DIHED      =         0.0000
 1-4 NB =         0.0000  1-4 EEL =         0.0000  VDWAALS    =      5269.4409
 EELEC  =    -40883.8633  EHBOND  =         0.0000  RESTRAINT  =         0.0000
 DV/DL  =       364.5521
 ------------------------------------------------------------------------------

 NMR restraints: Bond =    0.000   Angle =     0.000   Torsion =     0.000
===============================================================================

| TI region  1


 NSTEP =   100000   TIME(PS) =     200.000  TEMP(K) =   295.24  PRESS =     0.0
 Etot   =    -28913.3379  EKtot   =      6697.9378  EPtot      =    -35611.2757
 BOND   =         0.3605  ANGLE   =         7.2788  DIHED      =         0.0000
 1-4 NB =         0.0000  1-4 EEL =         0.0000  VDWAALS    =      5183.1069
 EELEC  =    -40802.0218  EHBOND  =         0.0000  RESTRAINT  =         0.0000
 DV/DL  =       339.9931
 ------------------------------------------------------------------------------


| TI region  2


 NSTEP =   100000   TIME(PS) =     200.000  TEMP(K) =   295.24  PRESS =     0.0
 Etot   =    -28913.3379  EKtot   =      6697.9378  EPtot      =    -35611.2757
 BOND   =         0.3605  ANGLE   =         7.2788  DIHED      =         0.0000
 1-4 NB =         0.0000  1-4 EEL =         0.0000  VDWAALS    =      5183.1069
 EELEC  =    -40802.0218  EHBOND  =         0.0000  RESTRAINT  =         0.0000
 DV/DL  =       339.9931
 ------------------------------------------------------------------------------

 NMR restraints: Bond =    0.000   Angle =     0.000   Torsion =     0.000
===============================================================================

| TI region  1


      A V E R A G E S   O V E R      20 S T E P S


 NSTEP =   100000   TIME(PS) =     200.000  TEMP(K) =   171.60  PRESS =     0.0
 Etot   =    -37050.2877  EKtot   =      3893.1609  EPtot      =    -40943.4486
 BOND   =         0.7217  ANGLE   =         7.0409  DIHED      =         0.0000
 1-4 NB =         0.0000  1-4 EEL =         0.0000  VDWAALS    =      7061.2587
 EELEC  =    -48012.4699  EHBOND  =         0.0000  RESTRAINT  =         0.0000
 DV/DL  =       338.6192
 ------------------------------------------------------------------------------

 NMR restraints: Bond =    0.000   Angle =     0.000   Torsion =     0.000
===============================================================================

      R M S  F L U C T U A T I O N S


 NSTEP =   100000   TIME(PS) =     200.000  TEMP(K) =    92.42  PRESS =     0.0
 Etot   =      5336.7838  EKtot   =      2096.6544  EPtot      =      3283.1245
 BOND   =         0.5164  ANGLE   =         0.6759  DIHED      =         0.0000
 1-4 NB =         0.0000  1-4 EEL =         0.0000  VDWAALS    =      1121.8085
 EELEC  =      4399.2869  EHBOND  =         0.0000  RESTRAINT  =         0.0000
 DV/DL  =        23.4964
 ------------------------------------------------------------------------------


| TI region  2


      A V E R A G E S   O V E R      20 S T E P S


 NSTEP =   100000   TIME(PS) =     200.000  TEMP(K) =   171.60  PRESS =     0.0
 Etot   =    -37050.2877  EKtot   =      3893.1609  EPtot      =    -40943.4486
 BOND   =         0.7217  ANGLE   =         7.0409  DIHED      =         0.0000
 1-4 NB =         0.0000  1-4 EEL =         0.0000  VDWAALS    =      7061.2587
 EELEC  =    -48012.4699  EHBOND  =         0.0000  RESTRAINT  =         0.0000
 DV/DL  =       338.6192
 ------------------------------------------------------------------------------

 NMR restraints: Bond =    0.000   Angle =     0.000   Torsion =     0.000
===============================================================================

      R M S  F L U C T U A T I O N S


 NSTEP =   100000   TIME(PS) =     200.000  TEMP(K) =    92.42  PRESS =     0.0
 Etot   =      5336.7838  EKtot   =      2096.6544  EPtot      =      3283.1245
 BOND   =         0.5164  ANGLE   =         0.6759  DIHED      =         0.0000
 1-4 NB =         0.0000  1-4 EEL =         0.0000  VDWAALS    =      1121.8085
 EELEC  =      4399.2869  EHBOND  =         0.0000  RESTRAINT  =         0.0000
 DV/DL  =        23.4964
 ------------------------------------------------------------------------------


      DV/DL, AVERAGES OVER      20 STEPS


 NSTEP =   100000   TIME(PS) =     200.000  TEMP(K) =    92.42  PRESS =     0.0
 Etot   =         0.0000  EKtot   =         0.0000  EPtot      =       338.6192
 BOND   =         0.0000  ANGLE   =         0.0000  DIHED      =         0.0000
 1-4 NB =         0.0000  1-4 EEL =         0.0000  VDWAALS    =       -10.1971
 EELEC  =       348.8163  EHBOND  =         0.0000  RESTRAINT  =         0.0000
 DV/DL  =       338.6192
 ------------------------------------------------------------------------------


 NMR restraints on final step:

--------------------------------------------------------------------------------
   5.  TIMINGS
--------------------------------------------------------------------------------

|  NonSetup CPU Time in Major Routines:
|
|     Routine           Sec        %
|     ------------------------------
|     Nonbond          19.11   43.38
|     Bond              0.00    0.00
|     Angle             0.00    0.00
|     Dihedral          0.00    0.00
|     Shake             0.30    0.68
|     RunMD            24.45   55.50
|     Other             0.19    0.44
|     ------------------------------
|     Total            44.05

|  PME Nonbond Pairlist CPU Time:
|
|     Routine              Sec        %
|     ---------------------------------
|     Set Up Cit           0.00    0.00
|     Build List           0.00    0.00
|     ---------------------------------
|     Total                0.00    0.00

|  PME Direct Force CPU Time:
|
|     Routine              Sec        %
|     ---------------------------------
|     NonBonded Calc       0.00    0.00
|     Exclude Masked       0.00    0.00
|     Other                0.13    0.30
|     ---------------------------------
|     Total                0.13    0.30

|  PME Reciprocal Force CPU Time:
|
|     Routine              Sec        %
|     ---------------------------------
|     1D bspline           0.00    0.00
|     Grid Charges         0.00    0.00
|     Scalar Sum           0.00    0.00
|     Gradient Sum         0.00    0.00
|     FFT                  0.00    0.00
|     ---------------------------------
|     Total                0.00    0.00

|  Final Performance Info:
|     -----------------------------------------------------
|     Average timings for last  100000 steps:
|     Elapsed(s) =      44.24 Per Step(ms) =       0.44
|         ns/day =     390.64   seconds/ns =     221.18
|
|     Average timings for all steps:
|     Elapsed(s) =      44.24 Per Step(ms) =       0.44
|         ns/day =     390.64   seconds/ns =     221.18
|     -----------------------------------------------------

|  Setup CPU time:            0.49 seconds
|  NonSetup CPU time:        44.05 seconds
|  Total CPU time:           44.54 seconds     0.01 hours

|  Setup wall time:           1    seconds
|  NonSetup wall time:       44    seconds
|  Total wall time:          45    seconds     0.01 hours
