
          -------------------------------------------------------
          Amber 20 PMEMD                              2020
          -------------------------------------------------------

| PMEMD implementation of SANDER, Release 18

|  Compiled date/time: Mon Apr 27 21:19:54 2020
| Run on 10/06/2020 at 15:03:10

|   Executable path: /opt/software/Amber/20-fosscuda-2019b/amber20/bin/pmemd.cuda
| Working directory: /mnt/ls15/scratch/users/songlin3/run/solvation_amber20/po4/two_step_tip3p_PO4/step1_po4_to_vdw/0.88495
|          Hostname: nvf-001

  [-O]verwriting output

File Assignments:
|   MDIN: heat.in                                                               
|  MDOUT: heat.out                                                              
| INPCRD: min.rst                                                               
|   PARM: step1.prmtop                                                          
| RESTRT: heat.rst                                                              
|   REFC: min.rst                                                               
|  MDVEL: mdvel                                                                 
|   MDEN: mden                                                                  
|  MDCRD: heat.netcdf                                                           
| MDINFO: heat.mdinfo                                                           
|  MDFRC: mdfrc                                                                 


 Here is the input file:

nvt for free MD                                                                
 &cntrl                                                                        
  imin=0,                                                                      
  irest=0,                                                                     
  ntx=1,                                                                       
  ig=-1,                                                                       
  nstlim=200000,                                                               
  dt=0.001,                                                                    
  cut=10.0,                                                                    
  ntc=1,                                                                       
  ntf=1,                                                                       
  ntb=1,                                                                       
  ntt=3,                                                                       
  gamma_ln=2.0,                                                                
  tempi=0.0,                                                                   
  temp0=300.0,                                                                 
  ntpr=5000,                                                                   
  ntwr=5000,                                                                   
  ntwx=10000,                                                                  
  ntwv=0,                                                                      
  ioutfm=1,                                                                    
  iwrap=0,                                                                     
  nmropt=1,                                                                    
  ifsc = 0, icfe=1,                                                            
  clambda=0.88495,                                                             
  timask1=':1',                                                                
  timask2=':2', crgmask = ':2',                                                
/                                                                              
&wt TYPE='TEMP0', istep1=0, istep2=190000, value1=0.0, value2=300.0 /          
&wt TYPE='TEMP0', istep1=190001, istep2=200000, value1=300.0, value2=300.0 /   
&wt TYPE='DUMPFREQ', istep1=10000, /                                           
&wt TYPE='END', /                                                              


Note: ig = -1. Setting random seed to   317297 based on wallclock time in 
      microseconds.
| irandom = 1, using AMBER's internal random number generator (default).
 
|--------------------- INFORMATION ----------------------
| GPU (CUDA) Version of PMEMD in use: NVIDIA GPU IN USE.
|                    Version 18.0.0
| 
|                      03/25/2018
| 
| Implementation by:
|                    Ross C. Walker     (SDSC)
|                    Scott Le Grand     (nVIDIA)
| 
| Version 18 performance extensions by:
|                    David Cerutti     (Rutgers)
| 
| Precision model in use:
|      [SPFP] - Single Precision Forces, 64-bit Fixed Point
|               Accumulation. (Default)
| 
|--------------------------------------------------------
 
|----------------- CITATION INFORMATION -----------------
|
|    When publishing work that utilized the CUDA version
|    of AMBER, please cite the following in addition to
|    the regular AMBER citations:
|
|  - Romelia Salomon-Ferrer; Andreas W. Goetz; Duncan
|    Poole; Scott Le Grand; Ross C. Walker "Routine
|    microsecond molecular dynamics simulations with
|    AMBER - Part II: Particle Mesh Ewald", J. Chem.
|    Theory Comput., 2013, 9 (9), pp3878-3888,
|    DOI: 10.1021/ct400314y.
|
|  - Andreas W. Goetz; Mark J. Williamson; Dong Xu;
|    Duncan Poole; Scott Le Grand; Ross C. Walker
|    "Routine microsecond molecular dynamics simulations
|    with AMBER - Part I: Generalized Born", J. Chem.
|    Theory Comput., 2012, 8 (5), pp1542-1555.
|
|  - Scott Le Grand; Andreas W. Goetz; Ross C. Walker
|    "SPFP: Speed without compromise - a mixed precision
|    model for GPU accelerated molecular dynamics
|    simulations.", Comp. Phys. Comm., 2013, 184
|    pp374-380, DOI: 10.1016/j.cpc.2012.09.022
|
|    When publishing work that utilized the CUDA version
|    of TI, BAR, MBAR or FEP please cite the following 
|    publications in addition to the regular AMBER 
|    GPU citations:
|
|  - Daniel J. Mermelstein; Charles Lin; Gard Nelson; 
|    Rachael Kretsch; J. Andrew McCammon; Ross C. Walker
|    "Fast and Flexible GPU Accelerated Binding 
|    Free Energy Calculations within the AMBER Molecular
|    Dynamics Package" J. Comp. Chem., 2018,
|    DOI: 10.1002/jcc.25187
|
|  - Tai-Sung Lee; Yuan Hu; Brad Sherborne; Zhuyan Guo;
|    Darrin M. York
|    "Toward Fast and Accurate Binding Affinity Prediction with
|    pmemdGTI: An Efficient Implementation of GPU-Accelerated
|    Thermodynamic Integration"
|    J. Chem. Theory Comput., 2017, 13 (7), 3077
|
|
|--------------------------------------------------------
 
|------------------- GPU DEVICE INFO --------------------
|
|            CUDA_VISIBLE_DEVICES: 0
|   CUDA Capable Devices Detected:      1
|           CUDA Device ID in use:      0
|                CUDA Device Name: Tesla V100S-PCIE-32GB
|     CUDA Device Global Mem Size:  32510 MB
| CUDA Device Num Multiprocessors:     80
|           CUDA Device Core Freq:   1.60 GHz
|
|--------------------------------------------------------
 
 
| Conditional Compilation Defines Used:
| FFTW_FFT
| BINTRAJ
| MKL
| CUDA
| EMIL

| Largest sphere to fit in unit cell has radius =    22.455

| New format PARM file being parsed.
| Version =    1.000 Date = 09/30/20 Time = 15:28:49

| Note: 1-4 EEL scale factors are being read from the topology file.

| Note: 1-4 VDW scale factors are being read from the topology file.
| Duplicated    0 dihedrals

| Duplicated    0 dihedrals

--------------------------------------------------------------------------------
   1.  RESOURCE   USE: 
--------------------------------------------------------------------------------

 getting box info from netcdf restart file
 NATOM  =   11419 NTYPES =       4 NBONH =   11409 MBONA  =       8
 NTHETH =       0 MTHETA =      12 NPHIH =       0 MPHIA  =       0
 NHPARM =       0 NPARM  =       0 NNB   =   15234 NRES   =    3805
 NBONA  =       8 NTHETA =      12 NPHIA =       0 NUMBND =       3
 NUMANG =       1 NPTRA  =       0 NATYP =       4 NPHB   =       1
 IFBOX  =       2 NMXRS  =       5 IFCAP =       0 NEXTRA =       0
 NCOPY  =       0

| Coordinate Index Table dimensions:     8    8    8
| Direct force subcell size =     6.8755    6.8755    6.8755

     BOX TYPE: TRUNCATED OCTAHEDRON

--------------------------------------------------------------------------------
   2.  CONTROL  DATA  FOR  THE  RUN
--------------------------------------------------------------------------------

default_name                                                                    

General flags:
     imin    =       0, nmropt  =       1

Nature and format of input:
     ntx     =       1, irest   =       0, ntrx    =       1

Nature and format of output:
     ntxo    =       2, ntpr    =    5000, ntrx    =       1, ntwr    =    5000
     iwrap   =       0, ntwx    =   10000, ntwv    =       0, ntwe    =       0
     ioutfm  =       1, ntwprt  =       0, idecomp =       0, rbornstat=      0

Potential function:
     ntf     =       1, ntb     =       1, igb     =       0, nsnb    =      25
     ipol    =       0, gbsa    =       0, iesp    =       0
     dielc   =   1.00000, cut     =  10.00000, intdiel =   1.00000

Frozen or restrained atoms:
     ibelly  =       0, ntr     =       0

Molecular dynamics:
     nstlim  =    200000, nscm    =      1000, nrespa  =         1
     t       =   0.00000, dt      =   0.00100, vlimit  =  -1.00000

Langevin dynamics temperature regulation:
     ig      =  317297
     temp0   = 300.00000, tempi   =   0.00000, gamma_ln=   2.00000

NMR refinement options:
     iscale  =       0, noeskp  =       1, ipnlty  =       1, mxsub   =       1
     scalm   = 100.00000, pencut  =   0.10000, tausw   =   0.10000

Free energy options:
     icfe    =       1, ifsc    =       0, klambda =       1
     clambda =  0.8850, scalpha =  0.5000, scbeta  = 12.0000
     sceeorder =       2
     dynlmb =  0.0000 logdvdl =       0

| Intermolecular bonds treatment:
|     no_intermolecular_bonds =       1

| Energy averages sample interval:
|     ene_avg_sampling =    5000

Ewald parameters:
     verbose =       0, ew_type =       0, nbflag  =       1, use_pme =       1
     vdwmeth =       1, eedmeth =       1, netfrc  =       1
     Box X =   55.004   Box Y =   55.004   Box Z =   55.004
     Alpha =  109.471   Beta  =  109.471   Gamma =  109.471
     NFFT1 =   56       NFFT2 =   56       NFFT3 =   56
     Cutoff=   10.000   Tol   =0.100E-04
     Ewald Coefficient =  0.27511
     Interpolation order =    4
     TI Mask 1 :1; matches      5 atoms
     TI Mask 2 :2; matches      5 atoms
     TI region 1:   11414 atoms
     TI region 2:   11414 atoms
Removing charge of       1.4352 from atom       6
Removing charge of      -1.1088 from atom       7
Removing charge of      -1.1088 from atom       8
Removing charge of      -1.1088 from atom       9
Removing charge of      -1.1088 from atom      10
Total charge of  -2.99999999 removed from       5 atoms
     Checking for mismatched coordinates.

--------------------------------------------------------------------------------
   3.  ATOMIC COORDINATES AND VELOCITIES
--------------------------------------------------------------------------------

default_name                                                                    
 begin time read from input coords =     0.000 ps



           Begin reading energy term weight changes/NMR restraints
 WEIGHT CHANGES:
 TEMP0         0 190000    0.000000  300.000000      0      0
 TEMP0    190001 200000  300.000000  300.000000      0      0
 DUMPFREQ  10000      0    0.000000    0.000000      0      0

 RESTRAINTS:
                          ** No restraint defined **

                  Done reading weight changes/NMR restraints


 
 Number of triangulated 3-point waters found:     3803

     Sum of charges for TI region  1 =  -2.99999999
     Skip neutralizing charges...


     Sum of charges for TI region  2 =   0.00000000
     Skip neutralizing charges...

| Dynamic Memory, Types Used:
| Reals              565983
| Integers           434108

| Nonbonded Pairs Initial Allocation:     3453962

| GPU memory information (estimate):
| KB of GPU memory in use:    104863
| KB of CPU memory in use:     27583

--------------------------------------------------------------------------------
   4.  RESULTS
--------------------------------------------------------------------------------


| TI region  1


 NSTEP =        0   TIME(PS) =       0.000  TEMP(K) =     0.00  PRESS =     0.0
 Etot   =    -48468.2800  EKtot   =         0.0000  EPtot      =    -48468.2800
 BOND   =      3887.9080  ANGLE   =         6.2737  DIHED      =         0.0000
 1-4 NB =         0.0000  1-4 EEL =         0.0000  VDWAALS    =     10295.7905
 EELEC  =    -62658.2522  EHBOND  =         0.0000  RESTRAINT  =         0.0000
 DV/DL  =       228.7332
 ------------------------------------------------------------------------------


| TI region  2


 NSTEP =        0   TIME(PS) =       0.000  TEMP(K) =     0.00  PRESS =     0.0
 Etot   =    -48468.2800  EKtot   =         0.0000  EPtot      =    -48468.2800
 BOND   =      3887.9080  ANGLE   =         6.2737  DIHED      =         0.0000
 1-4 NB =         0.0000  1-4 EEL =         0.0000  VDWAALS    =     10295.7905
 EELEC  =    -62658.2522  EHBOND  =         0.0000  RESTRAINT  =         0.0000
 DV/DL  =       228.7332
 ------------------------------------------------------------------------------

 NMR restraints: Bond =    0.000   Angle =     0.000   Torsion =     0.000
===============================================================================

| TI region  1


 NSTEP =     5000   TIME(PS) =       5.000  TEMP(K) =     7.50  PRESS =     0.0
 Etot   =    -48344.4239  EKtot   =       255.1157  EPtot      =    -48599.5396
 BOND   =      4078.3870  ANGLE   =         6.2650  DIHED      =         0.0000
 1-4 NB =         0.0000  1-4 EEL =         0.0000  VDWAALS    =     10727.9659
 EELEC  =    -63412.1575  EHBOND  =         0.0000  RESTRAINT  =         0.0000
 DV/DL  =       226.2250
 ------------------------------------------------------------------------------


| TI region  2


 NSTEP =     5000   TIME(PS) =       5.000  TEMP(K) =     7.50  PRESS =     0.0
 Etot   =    -48344.4219  EKtot   =       255.1177  EPtot      =    -48599.5396
 BOND   =      4078.3870  ANGLE   =         6.2650  DIHED      =         0.0000
 1-4 NB =         0.0000  1-4 EEL =         0.0000  VDWAALS    =     10727.9659
 EELEC  =    -63412.1575  EHBOND  =         0.0000  RESTRAINT  =         0.0000
 DV/DL  =       226.2250
 ------------------------------------------------------------------------------

 NMR restraints: Bond =    0.000   Angle =     0.000   Torsion =     0.000
===============================================================================

| TI region  1


 NSTEP =    10000   TIME(PS) =      10.000  TEMP(K) =    15.03  PRESS =     0.0
 Etot   =    -47936.2487  EKtot   =       511.2307  EPtot      =    -48447.4793
 BOND   =      4151.9091  ANGLE   =         6.3286  DIHED      =         0.0000
 1-4 NB =         0.0000  1-4 EEL =         0.0000  VDWAALS    =     10662.4027
 EELEC  =    -63268.1197  EHBOND  =         0.0000  RESTRAINT  =         0.0000
 DV/DL  =       251.3170
 ------------------------------------------------------------------------------


| TI region  2


 NSTEP =    10000   TIME(PS) =      10.000  TEMP(K) =    15.03  PRESS =     0.0
 Etot   =    -47936.2421  EKtot   =       511.2372  EPtot      =    -48447.4793
 BOND   =      4151.9091  ANGLE   =         6.3286  DIHED      =         0.0000
 1-4 NB =         0.0000  1-4 EEL =         0.0000  VDWAALS    =     10662.4027
 EELEC  =    -63268.1197  EHBOND  =         0.0000  RESTRAINT  =         0.0000
 DV/DL  =       251.3170
 ------------------------------------------------------------------------------

 NMR restraints: Bond =    0.000   Angle =     0.000   Torsion =     0.000
===============================================================================

| TI region  1


 NSTEP =    15000   TIME(PS) =      15.000  TEMP(K) =    23.29  PRESS =     0.0
 Etot   =    -47474.5038  EKtot   =       792.5175  EPtot      =    -48267.0213
 BOND   =      4277.7913  ANGLE   =         6.3440  DIHED      =         0.0000
 1-4 NB =         0.0000  1-4 EEL =         0.0000  VDWAALS    =     10732.7104
 EELEC  =    -63283.8670  EHBOND  =         0.0000  RESTRAINT  =         0.0000
 DV/DL  =       238.5455
 ------------------------------------------------------------------------------


| TI region  2


 NSTEP =    15000   TIME(PS) =      15.000  TEMP(K) =    23.29  PRESS =     0.0
 Etot   =    -47474.5009  EKtot   =       792.5204  EPtot      =    -48267.0213
 BOND   =      4277.7913  ANGLE   =         6.3440  DIHED      =         0.0000
 1-4 NB =         0.0000  1-4 EEL =         0.0000  VDWAALS    =     10732.7104
 EELEC  =    -63283.8670  EHBOND  =         0.0000  RESTRAINT  =         0.0000
 DV/DL  =       238.5455
 ------------------------------------------------------------------------------

 NMR restraints: Bond =    0.000   Angle =     0.000   Torsion =     0.000
===============================================================================

| TI region  1


 NSTEP =    20000   TIME(PS) =      20.000  TEMP(K) =    31.15  PRESS =     0.0
 Etot   =    -46980.9958  EKtot   =      1059.7900  EPtot      =    -48040.7859
 BOND   =      4398.2241  ANGLE   =         6.4675  DIHED      =         0.0000
 1-4 NB =         0.0000  1-4 EEL =         0.0000  VDWAALS    =     10798.5111
 EELEC  =    -63243.9886  EHBOND  =         0.0000  RESTRAINT  =         0.0000
 DV/DL  =       249.7051
 ------------------------------------------------------------------------------


| TI region  2


 NSTEP =    20000   TIME(PS) =      20.000  TEMP(K) =    31.15  PRESS =     0.0
 Etot   =    -46980.9833  EKtot   =      1059.8026  EPtot      =    -48040.7859
 BOND   =      4398.2241  ANGLE   =         6.4675  DIHED      =         0.0000
 1-4 NB =         0.0000  1-4 EEL =         0.0000  VDWAALS    =     10798.5111
 EELEC  =    -63243.9886  EHBOND  =         0.0000  RESTRAINT  =         0.0000
 DV/DL  =       249.7051
 ------------------------------------------------------------------------------

 NMR restraints: Bond =    0.000   Angle =     0.000   Torsion =     0.000
===============================================================================

| TI region  1


 NSTEP =    25000   TIME(PS) =      25.000  TEMP(K) =    38.62  PRESS =     0.0
 Etot   =    -46541.0372  EKtot   =      1314.0577  EPtot      =    -47855.0949
 BOND   =      4440.8273  ANGLE   =         6.2818  DIHED      =         0.0000
 1-4 NB =         0.0000  1-4 EEL =         0.0000  VDWAALS    =     10770.3773
 EELEC  =    -63072.5813  EHBOND  =         0.0000  RESTRAINT  =         0.0000
 DV/DL  =       245.0733
 ------------------------------------------------------------------------------


| TI region  2


 NSTEP =    25000   TIME(PS) =      25.000  TEMP(K) =    38.62  PRESS =     0.0
 Etot   =    -46541.0380  EKtot   =      1314.0569  EPtot      =    -47855.0949
 BOND   =      4440.8273  ANGLE   =         6.2818  DIHED      =         0.0000
 1-4 NB =         0.0000  1-4 EEL =         0.0000  VDWAALS    =     10770.3773
 EELEC  =    -63072.5813  EHBOND  =         0.0000  RESTRAINT  =         0.0000
 DV/DL  =       245.0733
 ------------------------------------------------------------------------------

 NMR restraints: Bond =    0.000   Angle =     0.000   Torsion =     0.000
===============================================================================

| TI region  1


 NSTEP =    30000   TIME(PS) =      30.000  TEMP(K) =    46.85  PRESS =     0.0
 Etot   =    -46014.7242  EKtot   =      1593.8874  EPtot      =    -47608.6116
 BOND   =      4549.5675  ANGLE   =         6.6209  DIHED      =         0.0000
 1-4 NB =         0.0000  1-4 EEL =         0.0000  VDWAALS    =     10795.7851
 EELEC  =    -62960.5851  EHBOND  =         0.0000  RESTRAINT  =         0.0000
 DV/DL  =       248.8111
 ------------------------------------------------------------------------------


| TI region  2


 NSTEP =    30000   TIME(PS) =      30.000  TEMP(K) =    46.85  PRESS =     0.0
 Etot   =    -46014.7585  EKtot   =      1593.8530  EPtot      =    -47608.6116
 BOND   =      4549.5675  ANGLE   =         6.6209  DIHED      =         0.0000
 1-4 NB =         0.0000  1-4 EEL =         0.0000  VDWAALS    =     10795.7851
 EELEC  =    -62960.5851  EHBOND  =         0.0000  RESTRAINT  =         0.0000
 DV/DL  =       248.8111
 ------------------------------------------------------------------------------

 NMR restraints: Bond =    0.000   Angle =     0.000   Torsion =     0.000
===============================================================================

| TI region  1


 NSTEP =    35000   TIME(PS) =      35.000  TEMP(K) =    54.54  PRESS =     0.0
 Etot   =    -45537.8758  EKtot   =      1855.5454  EPtot      =    -47393.4212
 BOND   =      4674.4770  ANGLE   =         6.4515  DIHED      =         0.0000
 1-4 NB =         0.0000  1-4 EEL =         0.0000  VDWAALS    =     10728.8280
 EELEC  =    -62803.1777  EHBOND  =         0.0000  RESTRAINT  =         0.0000
 DV/DL  =       250.0050
 ------------------------------------------------------------------------------


| TI region  2


 NSTEP =    35000   TIME(PS) =      35.000  TEMP(K) =    54.54  PRESS =     0.0
 Etot   =    -45537.8466  EKtot   =      1855.5746  EPtot      =    -47393.4212
 BOND   =      4674.4770  ANGLE   =         6.4515  DIHED      =         0.0000
 1-4 NB =         0.0000  1-4 EEL =         0.0000  VDWAALS    =     10728.8280
 EELEC  =    -62803.1777  EHBOND  =         0.0000  RESTRAINT  =         0.0000
 DV/DL  =       250.0050
 ------------------------------------------------------------------------------

 NMR restraints: Bond =    0.000   Angle =     0.000   Torsion =     0.000
===============================================================================

| TI region  1


 NSTEP =    40000   TIME(PS) =      40.000  TEMP(K) =    63.10  PRESS =     0.0
 Etot   =    -44972.3998  EKtot   =      2146.9205  EPtot      =    -47119.3203
 BOND   =      4823.6764  ANGLE   =         6.4124  DIHED      =         0.0000
 1-4 NB =         0.0000  1-4 EEL =         0.0000  VDWAALS    =     10837.2857
 EELEC  =    -62786.6947  EHBOND  =         0.0000  RESTRAINT  =         0.0000
 DV/DL  =       227.7357
 ------------------------------------------------------------------------------


| TI region  2


 NSTEP =    40000   TIME(PS) =      40.000  TEMP(K) =    63.10  PRESS =     0.0
 Etot   =    -44972.3972  EKtot   =      2146.9231  EPtot      =    -47119.3203
 BOND   =      4823.6764  ANGLE   =         6.4124  DIHED      =         0.0000
 1-4 NB =         0.0000  1-4 EEL =         0.0000  VDWAALS    =     10837.2857
 EELEC  =    -62786.6947  EHBOND  =         0.0000  RESTRAINT  =         0.0000
 DV/DL  =       227.7357
 ------------------------------------------------------------------------------

 NMR restraints: Bond =    0.000   Angle =     0.000   Torsion =     0.000
===============================================================================

| TI region  1


 NSTEP =    45000   TIME(PS) =      45.000  TEMP(K) =    69.75  PRESS =     0.0
 Etot   =    -44575.0863  EKtot   =      2372.9744  EPtot      =    -46948.0607
 BOND   =      4824.0085  ANGLE   =         6.4409  DIHED      =         0.0000
 1-4 NB =         0.0000  1-4 EEL =         0.0000  VDWAALS    =     10751.5476
 EELEC  =    -62530.0578  EHBOND  =         0.0000  RESTRAINT  =         0.0000
 DV/DL  =       231.1080
 ------------------------------------------------------------------------------


| TI region  2


 NSTEP =    45000   TIME(PS) =      45.000  TEMP(K) =    69.75  PRESS =     0.0
 Etot   =    -44575.0870  EKtot   =      2372.9737  EPtot      =    -46948.0607
 BOND   =      4824.0085  ANGLE   =         6.4409  DIHED      =         0.0000
 1-4 NB =         0.0000  1-4 EEL =         0.0000  VDWAALS    =     10751.5476
 EELEC  =    -62530.0578  EHBOND  =         0.0000  RESTRAINT  =         0.0000
 DV/DL  =       231.1080
 ------------------------------------------------------------------------------

 NMR restraints: Bond =    0.000   Angle =     0.000   Torsion =     0.000
===============================================================================

| TI region  1


 NSTEP =    50000   TIME(PS) =      50.000  TEMP(K) =    78.01  PRESS =     0.0
 Etot   =    -44098.4807  EKtot   =      2654.0097  EPtot      =    -46752.4904
 BOND   =      4946.7309  ANGLE   =         6.4383  DIHED      =         0.0000
 1-4 NB =         0.0000  1-4 EEL =         0.0000  VDWAALS    =     10739.2874
 EELEC  =    -62444.9470  EHBOND  =         0.0000  RESTRAINT  =         0.0000
 DV/DL  =       224.6266
 ------------------------------------------------------------------------------


| TI region  2


 NSTEP =    50000   TIME(PS) =      50.000  TEMP(K) =    78.01  PRESS =     0.0
 Etot   =    -44098.5098  EKtot   =      2653.9806  EPtot      =    -46752.4904
 BOND   =      4946.7309  ANGLE   =         6.4383  DIHED      =         0.0000
 1-4 NB =         0.0000  1-4 EEL =         0.0000  VDWAALS    =     10739.2874
 EELEC  =    -62444.9470  EHBOND  =         0.0000  RESTRAINT  =         0.0000
 DV/DL  =       224.6266
 ------------------------------------------------------------------------------

 NMR restraints: Bond =    0.000   Angle =     0.000   Torsion =     0.000
===============================================================================

| TI region  1


 NSTEP =    55000   TIME(PS) =      55.000  TEMP(K) =    87.20  PRESS =     0.0
 Etot   =    -43600.3017  EKtot   =      2966.8856  EPtot      =    -46567.1872
 BOND   =      5036.8883  ANGLE   =         6.7847  DIHED      =         0.0000
 1-4 NB =         0.0000  1-4 EEL =         0.0000  VDWAALS    =     10676.3752
 EELEC  =    -62287.2354  EHBOND  =         0.0000  RESTRAINT  =         0.0000
 DV/DL  =       207.4144
 ------------------------------------------------------------------------------


| TI region  2


 NSTEP =    55000   TIME(PS) =      55.000  TEMP(K) =    87.20  PRESS =     0.0
 Etot   =    -43600.3407  EKtot   =      2966.8465  EPtot      =    -46567.1872
 BOND   =      5036.8883  ANGLE   =         6.7847  DIHED      =         0.0000
 1-4 NB =         0.0000  1-4 EEL =         0.0000  VDWAALS    =     10676.3752
 EELEC  =    -62287.2354  EHBOND  =         0.0000  RESTRAINT  =         0.0000
 DV/DL  =       207.4144
 ------------------------------------------------------------------------------

 NMR restraints: Bond =    0.000   Angle =     0.000   Torsion =     0.000
===============================================================================

| TI region  1


 NSTEP =    60000   TIME(PS) =      60.000  TEMP(K) =    94.45  PRESS =     0.0
 Etot   =    -43119.9747  EKtot   =      3213.4409  EPtot      =    -46333.4156
 BOND   =      5173.2605  ANGLE   =         6.6369  DIHED      =         0.0000
 1-4 NB =         0.0000  1-4 EEL =         0.0000  VDWAALS    =     10682.2118
 EELEC  =    -62195.5249  EHBOND  =         0.0000  RESTRAINT  =         0.0000
 DV/DL  =       227.7563
 ------------------------------------------------------------------------------


| TI region  2


 NSTEP =    60000   TIME(PS) =      60.000  TEMP(K) =    94.45  PRESS =     0.0
 Etot   =    -43119.9578  EKtot   =      3213.4579  EPtot      =    -46333.4156
 BOND   =      5173.2605  ANGLE   =         6.6369  DIHED      =         0.0000
 1-4 NB =         0.0000  1-4 EEL =         0.0000  VDWAALS    =     10682.2118
 EELEC  =    -62195.5249  EHBOND  =         0.0000  RESTRAINT  =         0.0000
 DV/DL  =       227.7563
 ------------------------------------------------------------------------------

 NMR restraints: Bond =    0.000   Angle =     0.000   Torsion =     0.000
===============================================================================

| TI region  1


 NSTEP =    65000   TIME(PS) =      65.000  TEMP(K) =   102.49  PRESS =     0.0
 Etot   =    -42588.8451  EKtot   =      3486.8236  EPtot      =    -46075.6687
 BOND   =      5255.2274  ANGLE   =         7.1164  DIHED      =         0.0000
 1-4 NB =         0.0000  1-4 EEL =         0.0000  VDWAALS    =     10687.4618
 EELEC  =    -62025.4743  EHBOND  =         0.0000  RESTRAINT  =         0.0000
 DV/DL  =       216.0393
 ------------------------------------------------------------------------------


| TI region  2


 NSTEP =    65000   TIME(PS) =      65.000  TEMP(K) =   102.49  PRESS =     0.0
 Etot   =    -42588.8001  EKtot   =      3486.8686  EPtot      =    -46075.6687
 BOND   =      5255.2274  ANGLE   =         7.1164  DIHED      =         0.0000
 1-4 NB =         0.0000  1-4 EEL =         0.0000  VDWAALS    =     10687.4618
 EELEC  =    -62025.4743  EHBOND  =         0.0000  RESTRAINT  =         0.0000
 DV/DL  =       216.0393
 ------------------------------------------------------------------------------

 NMR restraints: Bond =    0.000   Angle =     0.000   Torsion =     0.000
===============================================================================

| TI region  1


 NSTEP =    70000   TIME(PS) =      70.000  TEMP(K) =   110.27  PRESS =     0.0
 Etot   =    -42084.2990  EKtot   =      3751.7520  EPtot      =    -45836.0510
 BOND   =      5286.5517  ANGLE   =         6.7865  DIHED      =         0.0000
 1-4 NB =         0.0000  1-4 EEL =         0.0000  VDWAALS    =     10671.7817
 EELEC  =    -61801.1710  EHBOND  =         0.0000  RESTRAINT  =         0.0000
 DV/DL  =       225.5758
 ------------------------------------------------------------------------------


| TI region  2


 NSTEP =    70000   TIME(PS) =      70.000  TEMP(K) =   110.27  PRESS =     0.0
 Etot   =    -42084.2549  EKtot   =      3751.7961  EPtot      =    -45836.0510
 BOND   =      5286.5517  ANGLE   =         6.7865  DIHED      =         0.0000
 1-4 NB =         0.0000  1-4 EEL =         0.0000  VDWAALS    =     10671.7817
 EELEC  =    -61801.1710  EHBOND  =         0.0000  RESTRAINT  =         0.0000
 DV/DL  =       225.5758
 ------------------------------------------------------------------------------

 NMR restraints: Bond =    0.000   Angle =     0.000   Torsion =     0.000
===============================================================================

| TI region  1


 NSTEP =    75000   TIME(PS) =      75.000  TEMP(K) =   118.24  PRESS =     0.0
 Etot   =    -41597.3207  EKtot   =      4022.7993  EPtot      =    -45620.1199
 BOND   =      5376.2802  ANGLE   =         6.4931  DIHED      =         0.0000
 1-4 NB =         0.0000  1-4 EEL =         0.0000  VDWAALS    =     10537.6174
 EELEC  =    -61540.5107  EHBOND  =         0.0000  RESTRAINT  =         0.0000
 DV/DL  =       210.3241
 ------------------------------------------------------------------------------


| TI region  2


 NSTEP =    75000   TIME(PS) =      75.000  TEMP(K) =   118.24  PRESS =     0.0
 Etot   =    -41597.2635  EKtot   =      4022.8565  EPtot      =    -45620.1199
 BOND   =      5376.2802  ANGLE   =         6.4931  DIHED      =         0.0000
 1-4 NB =         0.0000  1-4 EEL =         0.0000  VDWAALS    =     10537.6174
 EELEC  =    -61540.5107  EHBOND  =         0.0000  RESTRAINT  =         0.0000
 DV/DL  =       210.3241
 ------------------------------------------------------------------------------

 NMR restraints: Bond =    0.000   Angle =     0.000   Torsion =     0.000
===============================================================================

| TI region  1


 NSTEP =    80000   TIME(PS) =      80.000  TEMP(K) =   126.31  PRESS =     0.0
 Etot   =    -41052.9900  EKtot   =      4297.2447  EPtot      =    -45350.2347
 BOND   =      5518.3646  ANGLE   =         6.7097  DIHED      =         0.0000
 1-4 NB =         0.0000  1-4 EEL =         0.0000  VDWAALS    =     10398.6060
 EELEC  =    -61273.9151  EHBOND  =         0.0000  RESTRAINT  =         0.0000
 DV/DL  =       212.0658
 ------------------------------------------------------------------------------


| TI region  2


 NSTEP =    80000   TIME(PS) =      80.000  TEMP(K) =   126.30  PRESS =     0.0
 Etot   =    -41053.0531  EKtot   =      4297.1816  EPtot      =    -45350.2347
 BOND   =      5518.3646  ANGLE   =         6.7097  DIHED      =         0.0000
 1-4 NB =         0.0000  1-4 EEL =         0.0000  VDWAALS    =     10398.6060
 EELEC  =    -61273.9151  EHBOND  =         0.0000  RESTRAINT  =         0.0000
 DV/DL  =       212.0658
 ------------------------------------------------------------------------------

 NMR restraints: Bond =    0.000   Angle =     0.000   Torsion =     0.000
===============================================================================

| TI region  1


 NSTEP =    85000   TIME(PS) =      85.000  TEMP(K) =   133.99  PRESS =     0.0
 Etot   =    -40608.1118  EKtot   =      4558.6527  EPtot      =    -45166.7645
 BOND   =      5528.7601  ANGLE   =         6.7018  DIHED      =         0.0000
 1-4 NB =         0.0000  1-4 EEL =         0.0000  VDWAALS    =     10609.7719
 EELEC  =    -61311.9983  EHBOND  =         0.0000  RESTRAINT  =         0.0000
 DV/DL  =       208.4391
 ------------------------------------------------------------------------------


| TI region  2


 NSTEP =    85000   TIME(PS) =      85.000  TEMP(K) =   133.99  PRESS =     0.0
 Etot   =    -40608.0387  EKtot   =      4558.7257  EPtot      =    -45166.7645
 BOND   =      5528.7601  ANGLE   =         6.7018  DIHED      =         0.0000
 1-4 NB =         0.0000  1-4 EEL =         0.0000  VDWAALS    =     10609.7719
 EELEC  =    -61311.9983  EHBOND  =         0.0000  RESTRAINT  =         0.0000
 DV/DL  =       208.4391
 ------------------------------------------------------------------------------

 NMR restraints: Bond =    0.000   Angle =     0.000   Torsion =     0.000
===============================================================================

| TI region  1


 NSTEP =    90000   TIME(PS) =      90.000  TEMP(K) =   142.15  PRESS =     0.0
 Etot   =    -40067.3366  EKtot   =      4836.1592  EPtot      =    -44903.4958
 BOND   =      5672.6411  ANGLE   =         7.1126  DIHED      =         0.0000
 1-4 NB =         0.0000  1-4 EEL =         0.0000  VDWAALS    =     10424.2978
 EELEC  =    -61007.5472  EHBOND  =         0.0000  RESTRAINT  =         0.0000
 DV/DL  =       196.5079
 ------------------------------------------------------------------------------


| TI region  2


 NSTEP =    90000   TIME(PS) =      90.000  TEMP(K) =   142.14  PRESS =     0.0
 Etot   =    -40067.3387  EKtot   =      4836.1571  EPtot      =    -44903.4958
 BOND   =      5672.6411  ANGLE   =         7.1126  DIHED      =         0.0000
 1-4 NB =         0.0000  1-4 EEL =         0.0000  VDWAALS    =     10424.2978
 EELEC  =    -61007.5472  EHBOND  =         0.0000  RESTRAINT  =         0.0000
 DV/DL  =       196.5079
 ------------------------------------------------------------------------------

 NMR restraints: Bond =    0.000   Angle =     0.000   Torsion =     0.000
===============================================================================

| TI region  1


 NSTEP =    95000   TIME(PS) =      95.000  TEMP(K) =   149.91  PRESS =     0.0
 Etot   =    -39452.6912  EKtot   =      5100.2376  EPtot      =    -44552.9288
 BOND   =      5746.0659  ANGLE   =         7.0946  DIHED      =         0.0000
 1-4 NB =         0.0000  1-4 EEL =         0.0000  VDWAALS    =     10251.6296
 EELEC  =    -60557.7188  EHBOND  =         0.0000  RESTRAINT  =         0.0000
 DV/DL  =       201.4631
 ------------------------------------------------------------------------------


| TI region  2


 NSTEP =    95000   TIME(PS) =      95.000  TEMP(K) =   149.90  PRESS =     0.0
 Etot   =    -39452.7625  EKtot   =      5100.1663  EPtot      =    -44552.9288
 BOND   =      5746.0659  ANGLE   =         7.0946  DIHED      =         0.0000
 1-4 NB =         0.0000  1-4 EEL =         0.0000  VDWAALS    =     10251.6296
 EELEC  =    -60557.7188  EHBOND  =         0.0000  RESTRAINT  =         0.0000
 DV/DL  =       201.4631
 ------------------------------------------------------------------------------

 NMR restraints: Bond =    0.000   Angle =     0.000   Torsion =     0.000
===============================================================================

| TI region  1


 NSTEP =   100000   TIME(PS) =     100.000  TEMP(K) =   158.33  PRESS =     0.0
 Etot   =    -38911.3278  EKtot   =      5386.6659  EPtot      =    -44297.9938
 BOND   =      5874.2170  ANGLE   =         6.4743  DIHED      =         0.0000
 1-4 NB =         0.0000  1-4 EEL =         0.0000  VDWAALS    =     10271.5644
 EELEC  =    -60450.2495  EHBOND  =         0.0000  RESTRAINT  =         0.0000
 DV/DL  =       192.0182
 ------------------------------------------------------------------------------


| TI region  2


 NSTEP =   100000   TIME(PS) =     100.000  TEMP(K) =   158.33  PRESS =     0.0
 Etot   =    -38911.2995  EKtot   =      5386.6943  EPtot      =    -44297.9938
 BOND   =      5874.2170  ANGLE   =         6.4743  DIHED      =         0.0000
 1-4 NB =         0.0000  1-4 EEL =         0.0000  VDWAALS    =     10271.5644
 EELEC  =    -60450.2495  EHBOND  =         0.0000  RESTRAINT  =         0.0000
 DV/DL  =       192.0182
 ------------------------------------------------------------------------------

 NMR restraints: Bond =    0.000   Angle =     0.000   Torsion =     0.000
===============================================================================

| TI region  1


 NSTEP =   105000   TIME(PS) =     105.000  TEMP(K) =   165.99  PRESS =     0.0
 Etot   =    -38342.4182  EKtot   =      5647.4467  EPtot      =    -43989.8649
 BOND   =      5891.1774  ANGLE   =         8.1960  DIHED      =         0.0000
 1-4 NB =         0.0000  1-4 EEL =         0.0000  VDWAALS    =      9985.1745
 EELEC  =    -59874.4127  EHBOND  =         0.0000  RESTRAINT  =         0.0000
 DV/DL  =       223.0565
 ------------------------------------------------------------------------------


| TI region  2


 NSTEP =   105000   TIME(PS) =     105.000  TEMP(K) =   165.99  PRESS =     0.0
 Etot   =    -38342.4191  EKtot   =      5647.4457  EPtot      =    -43989.8649
 BOND   =      5891.1774  ANGLE   =         8.1960  DIHED      =         0.0000
 1-4 NB =         0.0000  1-4 EEL =         0.0000  VDWAALS    =      9985.1745
 EELEC  =    -59874.4127  EHBOND  =         0.0000  RESTRAINT  =         0.0000
 DV/DL  =       223.0565
 ------------------------------------------------------------------------------

 NMR restraints: Bond =    0.000   Angle =     0.000   Torsion =     0.000
===============================================================================

| TI region  1


 NSTEP =   110000   TIME(PS) =     110.000  TEMP(K) =   171.73  PRESS =     0.0
 Etot   =    -37877.9335  EKtot   =      5842.5932  EPtot      =    -43720.5267
 BOND   =      6090.2034  ANGLE   =         6.7028  DIHED      =         0.0000
 1-4 NB =         0.0000  1-4 EEL =         0.0000  VDWAALS    =     10063.3738
 EELEC  =    -59880.8068  EHBOND  =         0.0000  RESTRAINT  =         0.0000
 DV/DL  =       211.7427
 ------------------------------------------------------------------------------


| TI region  2


 NSTEP =   110000   TIME(PS) =     110.000  TEMP(K) =   171.73  PRESS =     0.0
 Etot   =    -37877.9698  EKtot   =      5842.5569  EPtot      =    -43720.5267
 BOND   =      6090.2034  ANGLE   =         6.7028  DIHED      =         0.0000
 1-4 NB =         0.0000  1-4 EEL =         0.0000  VDWAALS    =     10063.3738
 EELEC  =    -59880.8068  EHBOND  =         0.0000  RESTRAINT  =         0.0000
 DV/DL  =       211.7427
 ------------------------------------------------------------------------------

 NMR restraints: Bond =    0.000   Angle =     0.000   Torsion =     0.000
===============================================================================

| TI region  1


 NSTEP =   115000   TIME(PS) =     115.000  TEMP(K) =   183.55  PRESS =     0.0
 Etot   =    -37148.5106  EKtot   =      6244.8732  EPtot      =    -43393.3839
 BOND   =      6118.9663  ANGLE   =         7.4058  DIHED      =         0.0000
 1-4 NB =         0.0000  1-4 EEL =         0.0000  VDWAALS    =     10045.6055
 EELEC  =    -59565.3616  EHBOND  =         0.0000  RESTRAINT  =         0.0000
 DV/DL  =       181.8729
 ------------------------------------------------------------------------------


| TI region  2


 NSTEP =   115000   TIME(PS) =     115.000  TEMP(K) =   183.55  PRESS =     0.0
 Etot   =    -37148.5496  EKtot   =      6244.8343  EPtot      =    -43393.3839
 BOND   =      6118.9663  ANGLE   =         7.4058  DIHED      =         0.0000
 1-4 NB =         0.0000  1-4 EEL =         0.0000  VDWAALS    =     10045.6055
 EELEC  =    -59565.3616  EHBOND  =         0.0000  RESTRAINT  =         0.0000
 DV/DL  =       181.8729
 ------------------------------------------------------------------------------

 NMR restraints: Bond =    0.000   Angle =     0.000   Torsion =     0.000
===============================================================================

| TI region  1


 NSTEP =   120000   TIME(PS) =     120.000  TEMP(K) =   189.52  PRESS =     0.0
 Etot   =    -36697.0371  EKtot   =      6447.9997  EPtot      =    -43145.0368
 BOND   =      6107.1960  ANGLE   =         6.8773  DIHED      =         0.0000
 1-4 NB =         0.0000  1-4 EEL =         0.0000  VDWAALS    =      9906.3729
 EELEC  =    -59165.4830  EHBOND  =         0.0000  RESTRAINT  =         0.0000
 DV/DL  =       178.9353
 ------------------------------------------------------------------------------


| TI region  2


 NSTEP =   120000   TIME(PS) =     120.000  TEMP(K) =   189.52  PRESS =     0.0
 Etot   =    -36696.9773  EKtot   =      6448.0595  EPtot      =    -43145.0368
 BOND   =      6107.1960  ANGLE   =         6.8773  DIHED      =         0.0000
 1-4 NB =         0.0000  1-4 EEL =         0.0000  VDWAALS    =      9906.3729
 EELEC  =    -59165.4830  EHBOND  =         0.0000  RESTRAINT  =         0.0000
 DV/DL  =       178.9353
 ------------------------------------------------------------------------------

 NMR restraints: Bond =    0.000   Angle =     0.000   Torsion =     0.000
===============================================================================

| TI region  1


 NSTEP =   125000   TIME(PS) =     125.000  TEMP(K) =   199.12  PRESS =     0.0
 Etot   =    -35997.4462  EKtot   =      6774.6602  EPtot      =    -42772.1064
 BOND   =      6336.5301  ANGLE   =         7.4992  DIHED      =         0.0000
 1-4 NB =         0.0000  1-4 EEL =         0.0000  VDWAALS    =      9802.1989
 EELEC  =    -58918.3345  EHBOND  =         0.0000  RESTRAINT  =         0.0000
 DV/DL  =       229.4621
 ------------------------------------------------------------------------------


| TI region  2


 NSTEP =   125000   TIME(PS) =     125.000  TEMP(K) =   199.12  PRESS =     0.0
 Etot   =    -35997.3726  EKtot   =      6774.7337  EPtot      =    -42772.1064
 BOND   =      6336.5301  ANGLE   =         7.4992  DIHED      =         0.0000
 1-4 NB =         0.0000  1-4 EEL =         0.0000  VDWAALS    =      9802.1989
 EELEC  =    -58918.3345  EHBOND  =         0.0000  RESTRAINT  =         0.0000
 DV/DL  =       229.4621
 ------------------------------------------------------------------------------

 NMR restraints: Bond =    0.000   Angle =     0.000   Torsion =     0.000
===============================================================================

| TI region  1


 NSTEP =   130000   TIME(PS) =     130.000  TEMP(K) =   202.05  PRESS =     0.0
 Etot   =    -35501.7860  EKtot   =      6874.3855  EPtot      =    -42376.1715
 BOND   =      6273.9874  ANGLE   =         7.2545  DIHED      =         0.0000
 1-4 NB =         0.0000  1-4 EEL =         0.0000  VDWAALS    =      9749.7866
 EELEC  =    -58407.2000  EHBOND  =         0.0000  RESTRAINT  =         0.0000
 DV/DL  =       204.2892
 ------------------------------------------------------------------------------


| TI region  2


 NSTEP =   130000   TIME(PS) =     130.000  TEMP(K) =   202.05  PRESS =     0.0
 Etot   =    -35501.7651  EKtot   =      6874.4064  EPtot      =    -42376.1715
 BOND   =      6273.9874  ANGLE   =         7.2545  DIHED      =         0.0000
 1-4 NB =         0.0000  1-4 EEL =         0.0000  VDWAALS    =      9749.7866
 EELEC  =    -58407.2000  EHBOND  =         0.0000  RESTRAINT  =         0.0000
 DV/DL  =       204.2892
 ------------------------------------------------------------------------------

 NMR restraints: Bond =    0.000   Angle =     0.000   Torsion =     0.000
===============================================================================

| TI region  1


 NSTEP =   135000   TIME(PS) =     135.000  TEMP(K) =   208.23  PRESS =     0.0
 Etot   =    -34984.9451  EKtot   =      7084.6703  EPtot      =    -42069.6154
 BOND   =      6626.3563  ANGLE   =         8.1622  DIHED      =         0.0000
 1-4 NB =         0.0000  1-4 EEL =         0.0000  VDWAALS    =      9750.0163
 EELEC  =    -58454.1502  EHBOND  =         0.0000  RESTRAINT  =         0.0000
 DV/DL  =       228.4034
 ------------------------------------------------------------------------------


| TI region  2


 NSTEP =   135000   TIME(PS) =     135.000  TEMP(K) =   208.23  PRESS =     0.0
 Etot   =    -34984.9694  EKtot   =      7084.6460  EPtot      =    -42069.6154
 BOND   =      6626.3563  ANGLE   =         8.1622  DIHED      =         0.0000
 1-4 NB =         0.0000  1-4 EEL =         0.0000  VDWAALS    =      9750.0163
 EELEC  =    -58454.1502  EHBOND  =         0.0000  RESTRAINT  =         0.0000
 DV/DL  =       228.4034
 ------------------------------------------------------------------------------

 NMR restraints: Bond =    0.000   Angle =     0.000   Torsion =     0.000
===============================================================================

| TI region  1


 NSTEP =   140000   TIME(PS) =     140.000  TEMP(K) =   220.72  PRESS =     0.0
 Etot   =    -34018.5489  EKtot   =      7509.6036  EPtot      =    -41528.1525
 BOND   =      6528.0458  ANGLE   =         8.2370  DIHED      =         0.0000
 1-4 NB =         0.0000  1-4 EEL =         0.0000  VDWAALS    =      9452.8218
 EELEC  =    -57517.2571  EHBOND  =         0.0000  RESTRAINT  =         0.0000
 DV/DL  =       175.8189
 ------------------------------------------------------------------------------


| TI region  2


 NSTEP =   140000   TIME(PS) =     140.000  TEMP(K) =   220.72  PRESS =     0.0
 Etot   =    -34018.6030  EKtot   =      7509.5495  EPtot      =    -41528.1525
 BOND   =      6528.0458  ANGLE   =         8.2370  DIHED      =         0.0000
 1-4 NB =         0.0000  1-4 EEL =         0.0000  VDWAALS    =      9452.8218
 EELEC  =    -57517.2571  EHBOND  =         0.0000  RESTRAINT  =         0.0000
 DV/DL  =       175.8189
 ------------------------------------------------------------------------------

 NMR restraints: Bond =    0.000   Angle =     0.000   Torsion =     0.000
===============================================================================

| TI region  1


 NSTEP =   145000   TIME(PS) =     145.000  TEMP(K) =   228.59  PRESS =     0.0
 Etot   =    -33376.2634  EKtot   =      7777.3503  EPtot      =    -41153.6137
 BOND   =      6587.0316  ANGLE   =         6.4126  DIHED      =         0.0000
 1-4 NB =         0.0000  1-4 EEL =         0.0000  VDWAALS    =      9212.7610
 EELEC  =    -56959.8189  EHBOND  =         0.0000  RESTRAINT  =         0.0000
 DV/DL  =       203.5702
 ------------------------------------------------------------------------------


| TI region  2


 NSTEP =   145000   TIME(PS) =     145.000  TEMP(K) =   228.59  PRESS =     0.0
 Etot   =    -33376.2647  EKtot   =      7777.3490  EPtot      =    -41153.6137
 BOND   =      6587.0316  ANGLE   =         6.4126  DIHED      =         0.0000
 1-4 NB =         0.0000  1-4 EEL =         0.0000  VDWAALS    =      9212.7610
 EELEC  =    -56959.8189  EHBOND  =         0.0000  RESTRAINT  =         0.0000
 DV/DL  =       203.5702
 ------------------------------------------------------------------------------

 NMR restraints: Bond =    0.000   Angle =     0.000   Torsion =     0.000
===============================================================================

| TI region  1


 NSTEP =   150000   TIME(PS) =     150.000  TEMP(K) =   233.79  PRESS =     0.0
 Etot   =    -32767.8040  EKtot   =      7954.2715  EPtot      =    -40722.0754
 BOND   =      6673.5161  ANGLE   =         9.9575  DIHED      =         0.0000
 1-4 NB =         0.0000  1-4 EEL =         0.0000  VDWAALS    =      9245.6447
 EELEC  =    -56651.1938  EHBOND  =         0.0000  RESTRAINT  =         0.0000
 DV/DL  =       236.4515
 ------------------------------------------------------------------------------


| TI region  2


 NSTEP =   150000   TIME(PS) =     150.000  TEMP(K) =   233.79  PRESS =     0.0
 Etot   =    -32767.7478  EKtot   =      7954.3276  EPtot      =    -40722.0754
 BOND   =      6673.5161  ANGLE   =         9.9575  DIHED      =         0.0000
 1-4 NB =         0.0000  1-4 EEL =         0.0000  VDWAALS    =      9245.6447
 EELEC  =    -56651.1938  EHBOND  =         0.0000  RESTRAINT  =         0.0000
 DV/DL  =       236.4515
 ------------------------------------------------------------------------------

 NMR restraints: Bond =    0.000   Angle =     0.000   Torsion =     0.000
===============================================================================

| TI region  1


 NSTEP =   155000   TIME(PS) =     155.000  TEMP(K) =   246.06  PRESS =     0.0
 Etot   =    -31905.1255  EKtot   =      8371.6733  EPtot      =    -40276.7987
 BOND   =      6660.0509  ANGLE   =         6.9157  DIHED      =         0.0000
 1-4 NB =         0.0000  1-4 EEL =         0.0000  VDWAALS    =      8916.4487
 EELEC  =    -55860.2140  EHBOND  =         0.0000  RESTRAINT  =         0.0000
 DV/DL  =       212.3867
 ------------------------------------------------------------------------------


| TI region  2


 NSTEP =   155000   TIME(PS) =     155.000  TEMP(K) =   246.06  PRESS =     0.0
 Etot   =    -31905.0944  EKtot   =      8371.7043  EPtot      =    -40276.7987
 BOND   =      6660.0509  ANGLE   =         6.9157  DIHED      =         0.0000
 1-4 NB =         0.0000  1-4 EEL =         0.0000  VDWAALS    =      8916.4487
 EELEC  =    -55860.2140  EHBOND  =         0.0000  RESTRAINT  =         0.0000
 DV/DL  =       212.3867
 ------------------------------------------------------------------------------

 NMR restraints: Bond =    0.000   Angle =     0.000   Torsion =     0.000
===============================================================================

| TI region  1


 NSTEP =   160000   TIME(PS) =     160.000  TEMP(K) =   249.65  PRESS =     0.0
 Etot   =    -31263.1291  EKtot   =      8493.9024  EPtot      =    -39757.0315
 BOND   =      6827.2253  ANGLE   =         8.6895  DIHED      =         0.0000
 1-4 NB =         0.0000  1-4 EEL =         0.0000  VDWAALS    =      8739.6854
 EELEC  =    -55332.6317  EHBOND  =         0.0000  RESTRAINT  =         0.0000
 DV/DL  =       247.6287
 ------------------------------------------------------------------------------


| TI region  2


 NSTEP =   160000   TIME(PS) =     160.000  TEMP(K) =   249.65  PRESS =     0.0
 Etot   =    -31263.1016  EKtot   =      8493.9299  EPtot      =    -39757.0315
 BOND   =      6827.2253  ANGLE   =         8.6895  DIHED      =         0.0000
 1-4 NB =         0.0000  1-4 EEL =         0.0000  VDWAALS    =      8739.6854
 EELEC  =    -55332.6317  EHBOND  =         0.0000  RESTRAINT  =         0.0000
 DV/DL  =       247.6287
 ------------------------------------------------------------------------------

 NMR restraints: Bond =    0.000   Angle =     0.000   Torsion =     0.000
===============================================================================

| TI region  1


 NSTEP =   165000   TIME(PS) =     165.000  TEMP(K) =   259.29  PRESS =     0.0
 Etot   =    -30018.7690  EKtot   =      8821.5998  EPtot      =    -38840.3688
 BOND   =      6945.1465  ANGLE   =         8.3211  DIHED      =         0.0000
 1-4 NB =         0.0000  1-4 EEL =         0.0000  VDWAALS    =      8445.0991
 EELEC  =    -54238.9354  EHBOND  =         0.0000  RESTRAINT  =         0.0000
 DV/DL  =       212.9463
 ------------------------------------------------------------------------------


| TI region  2


 NSTEP =   165000   TIME(PS) =     165.000  TEMP(K) =   259.29  PRESS =     0.0
 Etot   =    -30018.6479  EKtot   =      8821.7209  EPtot      =    -38840.3688
 BOND   =      6945.1465  ANGLE   =         8.3211  DIHED      =         0.0000
 1-4 NB =         0.0000  1-4 EEL =         0.0000  VDWAALS    =      8445.0991
 EELEC  =    -54238.9354  EHBOND  =         0.0000  RESTRAINT  =         0.0000
 DV/DL  =       212.9463
 ------------------------------------------------------------------------------

 NMR restraints: Bond =    0.000   Angle =     0.000   Torsion =     0.000
===============================================================================

| TI region  1


 NSTEP =   170000   TIME(PS) =     170.000  TEMP(K) =   268.80  PRESS =     0.0
 Etot   =    -28979.8352  EKtot   =      9145.4037  EPtot      =    -38125.2389
 BOND   =      6866.2956  ANGLE   =         8.0071  DIHED      =         0.0000
 1-4 NB =         0.0000  1-4 EEL =         0.0000  VDWAALS    =      8225.3114
 EELEC  =    -53224.8529  EHBOND  =         0.0000  RESTRAINT  =         0.0000
 DV/DL  =       198.5743
 ------------------------------------------------------------------------------


| TI region  2


 NSTEP =   170000   TIME(PS) =     170.000  TEMP(K) =   268.80  PRESS =     0.0
 Etot   =    -28979.9709  EKtot   =      9145.2680  EPtot      =    -38125.2389
 BOND   =      6866.2956  ANGLE   =         8.0071  DIHED      =         0.0000
 1-4 NB =         0.0000  1-4 EEL =         0.0000  VDWAALS    =      8225.3114
 EELEC  =    -53224.8529  EHBOND  =         0.0000  RESTRAINT  =         0.0000
 DV/DL  =       198.5743
 ------------------------------------------------------------------------------

 NMR restraints: Bond =    0.000   Angle =     0.000   Torsion =     0.000
===============================================================================

| TI region  1


 NSTEP =   175000   TIME(PS) =     175.000  TEMP(K) =   275.64  PRESS =     0.0
 Etot   =    -28302.5905  EKtot   =      9378.0714  EPtot      =    -37680.6619
 BOND   =      7019.3392  ANGLE   =         7.4545  DIHED      =         0.0000
 1-4 NB =         0.0000  1-4 EEL =         0.0000  VDWAALS    =      8113.6200
 EELEC  =    -52821.0756  EHBOND  =         0.0000  RESTRAINT  =         0.0000
 DV/DL  =       171.3694
 ------------------------------------------------------------------------------


| TI region  2


 NSTEP =   175000   TIME(PS) =     175.000  TEMP(K) =   275.64  PRESS =     0.0
 Etot   =    -28302.5692  EKtot   =      9378.0927  EPtot      =    -37680.6619
 BOND   =      7019.3392  ANGLE   =         7.4545  DIHED      =         0.0000
 1-4 NB =         0.0000  1-4 EEL =         0.0000  VDWAALS    =      8113.6200
 EELEC  =    -52821.0756  EHBOND  =         0.0000  RESTRAINT  =         0.0000
 DV/DL  =       171.3694
 ------------------------------------------------------------------------------

 NMR restraints: Bond =    0.000   Angle =     0.000   Torsion =     0.000
===============================================================================

| TI region  1


 NSTEP =   180000   TIME(PS) =     180.000  TEMP(K) =   282.49  PRESS =     0.0
 Etot   =    -27389.4752  EKtot   =      9611.1245  EPtot      =    -37000.5997
 BOND   =      7050.3753  ANGLE   =         8.5065  DIHED      =         0.0000
 1-4 NB =         0.0000  1-4 EEL =         0.0000  VDWAALS    =      7869.7366
 EELEC  =    -51929.2182  EHBOND  =         0.0000  RESTRAINT  =         0.0000
 DV/DL  =       190.4695
 ------------------------------------------------------------------------------


| TI region  2


 NSTEP =   180000   TIME(PS) =     180.000  TEMP(K) =   282.49  PRESS =     0.0
 Etot   =    -27389.4586  EKtot   =      9611.1411  EPtot      =    -37000.5997
 BOND   =      7050.3753  ANGLE   =         8.5065  DIHED      =         0.0000
 1-4 NB =         0.0000  1-4 EEL =         0.0000  VDWAALS    =      7869.7366
 EELEC  =    -51929.2182  EHBOND  =         0.0000  RESTRAINT  =         0.0000
 DV/DL  =       190.4695
 ------------------------------------------------------------------------------

 NMR restraints: Bond =    0.000   Angle =     0.000   Torsion =     0.000
===============================================================================

| TI region  1


 NSTEP =   185000   TIME(PS) =     185.000  TEMP(K) =   288.59  PRESS =     0.0
 Etot   =    -27048.5733  EKtot   =      9818.4512  EPtot      =    -36867.0246
 BOND   =      6959.4081  ANGLE   =         9.8319  DIHED      =         0.0000
 1-4 NB =         0.0000  1-4 EEL =         0.0000  VDWAALS    =      7827.2191
 EELEC  =    -51663.4837  EHBOND  =         0.0000  RESTRAINT  =         0.0000
 DV/DL  =       210.7990
 ------------------------------------------------------------------------------


| TI region  2


 NSTEP =   185000   TIME(PS) =     185.000  TEMP(K) =   288.58  PRESS =     0.0
 Etot   =    -27048.7974  EKtot   =      9818.2272  EPtot      =    -36867.0246
 BOND   =      6959.4081  ANGLE   =         9.8319  DIHED      =         0.0000
 1-4 NB =         0.0000  1-4 EEL =         0.0000  VDWAALS    =      7827.2191
 EELEC  =    -51663.4837  EHBOND  =         0.0000  RESTRAINT  =         0.0000
 DV/DL  =       210.7990
 ------------------------------------------------------------------------------

 NMR restraints: Bond =    0.000   Angle =     0.000   Torsion =     0.000
===============================================================================

| TI region  1


 NSTEP =   190000   TIME(PS) =     190.000  TEMP(K) =   296.63  PRESS =     0.0
 Etot   =    -26009.6237  EKtot   =     10092.1224  EPtot      =    -36101.7461
 BOND   =      7174.9068  ANGLE   =         7.2358  DIHED      =         0.0000
 1-4 NB =         0.0000  1-4 EEL =         0.0000  VDWAALS    =      7591.6901
 EELEC  =    -50875.5788  EHBOND  =         0.0000  RESTRAINT  =         0.0000
 DV/DL  =       250.5557
 ------------------------------------------------------------------------------


| TI region  2


 NSTEP =   190000   TIME(PS) =     190.000  TEMP(K) =   296.63  PRESS =     0.0
 Etot   =    -26009.6173  EKtot   =     10092.1287  EPtot      =    -36101.7461
 BOND   =      7174.9068  ANGLE   =         7.2358  DIHED      =         0.0000
 1-4 NB =         0.0000  1-4 EEL =         0.0000  VDWAALS    =      7591.6901
 EELEC  =    -50875.5788  EHBOND  =         0.0000  RESTRAINT  =         0.0000
 DV/DL  =       250.5557
 ------------------------------------------------------------------------------

 NMR restraints: Bond =    0.000   Angle =     0.000   Torsion =     0.000
===============================================================================

| TI region  1


 NSTEP =   195000   TIME(PS) =     195.000  TEMP(K) =   299.92  PRESS =     0.0
 Etot   =    -25809.2602  EKtot   =     10204.1946  EPtot      =    -36013.4548
 BOND   =      7089.8968  ANGLE   =         8.7339  DIHED      =         0.0000
 1-4 NB =         0.0000  1-4 EEL =         0.0000  VDWAALS    =      7507.7607
 EELEC  =    -50619.8463  EHBOND  =         0.0000  RESTRAINT  =         0.0000
 DV/DL  =       199.2652
 ------------------------------------------------------------------------------


| TI region  2


 NSTEP =   195000   TIME(PS) =     195.000  TEMP(K) =   299.92  PRESS =     0.0
 Etot   =    -25809.3389  EKtot   =     10204.1160  EPtot      =    -36013.4548
 BOND   =      7089.8968  ANGLE   =         8.7339  DIHED      =         0.0000
 1-4 NB =         0.0000  1-4 EEL =         0.0000  VDWAALS    =      7507.7607
 EELEC  =    -50619.8463  EHBOND  =         0.0000  RESTRAINT  =         0.0000
 DV/DL  =       199.2652
 ------------------------------------------------------------------------------

 NMR restraints: Bond =    0.000   Angle =     0.000   Torsion =     0.000
===============================================================================

| TI region  1


 NSTEP =   200000   TIME(PS) =     200.000  TEMP(K) =   301.72  PRESS =     0.0
 Etot   =    -25865.0095  EKtot   =     10265.3904  EPtot      =    -36130.3999
 BOND   =      6921.8497  ANGLE   =         7.4336  DIHED      =         0.0000
 1-4 NB =         0.0000  1-4 EEL =         0.0000  VDWAALS    =      7662.8616
 EELEC  =    -50722.5448  EHBOND  =         0.0000  RESTRAINT  =         0.0000
 DV/DL  =       199.4850
 ------------------------------------------------------------------------------


| TI region  2


 NSTEP =   200000   TIME(PS) =     200.000  TEMP(K) =   301.72  PRESS =     0.0
 Etot   =    -25864.9213  EKtot   =     10265.4786  EPtot      =    -36130.3999
 BOND   =      6921.8497  ANGLE   =         7.4336  DIHED      =         0.0000
 1-4 NB =         0.0000  1-4 EEL =         0.0000  VDWAALS    =      7662.8616
 EELEC  =    -50722.5448  EHBOND  =         0.0000  RESTRAINT  =         0.0000
 DV/DL  =       199.4850
 ------------------------------------------------------------------------------

 NMR restraints: Bond =    0.000   Angle =     0.000   Torsion =     0.000
===============================================================================

| TI region  1


      A V E R A G E S   O V E R      40 S T E P S


 NSTEP =   200000   TIME(PS) =     200.000  TEMP(K) =   160.58  PRESS =     0.0
 Etot   =    -37871.5765  EKtot   =      5463.4125  EPtot      =    -43334.9889
 BOND   =      5809.5340  ANGLE   =         7.2449  DIHED      =         0.0000
 1-4 NB =         0.0000  1-4 EEL =         0.0000  VDWAALS    =      9771.7302
 EELEC  =    -58923.4980  EHBOND  =         0.0000  RESTRAINT  =         0.0000
 DV/DL  =       216.4460
 ------------------------------------------------------------------------------

 NMR restraints: Bond =    0.000   Angle =     0.000   Torsion =     0.000
===============================================================================

      R M S  F L U C T U A T I O N S


 NSTEP =   200000   TIME(PS) =     200.000  TEMP(K) =    89.90  PRESS =     0.0
 Etot   =      6910.9262  EKtot   =      3058.5860  EPtot      =      3888.5101
 BOND   =       948.8119  ANGLE   =         0.9428  DIHED      =         0.0000
 1-4 NB =         0.0000  1-4 EEL =         0.0000  VDWAALS    =      1082.8317
 EELEC  =      4072.0475  EHBOND  =         0.0000  RESTRAINT  =         0.0000
 DV/DL  =        21.8469
 ------------------------------------------------------------------------------


| TI region  2


      A V E R A G E S   O V E R      40 S T E P S


 NSTEP =   200000   TIME(PS) =     200.000  TEMP(K) =   160.58  PRESS =     0.0
 Etot   =    -37871.5763  EKtot   =      5463.4127  EPtot      =    -43334.9889
 BOND   =      5809.5340  ANGLE   =         7.2449  DIHED      =         0.0000
 1-4 NB =         0.0000  1-4 EEL =         0.0000  VDWAALS    =      9771.7302
 EELEC  =    -58923.4980  EHBOND  =         0.0000  RESTRAINT  =         0.0000
 DV/DL  =       216.4460
 ------------------------------------------------------------------------------

 NMR restraints: Bond =    0.000   Angle =     0.000   Torsion =     0.000
===============================================================================

      R M S  F L U C T U A T I O N S


 NSTEP =   200000   TIME(PS) =     200.000  TEMP(K) =    89.90  PRESS =     0.0
 Etot   =      6910.9193  EKtot   =      3058.5803  EPtot      =      3888.5101
 BOND   =       948.8119  ANGLE   =         0.9428  DIHED      =         0.0000
 1-4 NB =         0.0000  1-4 EEL =         0.0000  VDWAALS    =      1082.8317
 EELEC  =      4072.0475  EHBOND  =         0.0000  RESTRAINT  =         0.0000
 DV/DL  =        21.8469
 ------------------------------------------------------------------------------


      DV/DL, AVERAGES OVER      40 STEPS


 NSTEP =   200000   TIME(PS) =     200.000  TEMP(K) =    89.90  PRESS =     0.0
 Etot   =         0.0000  EKtot   =         0.0000  EPtot      =       216.4460
 BOND   =         0.0009  ANGLE   =         0.0001  DIHED      =         0.0000
 1-4 NB =         0.0000  1-4 EEL =         0.0000  VDWAALS    =        -0.0002
 EELEC  =       216.4452  EHBOND  =         0.0000  RESTRAINT  =         0.0000
 DV/DL  =       216.4460
 ------------------------------------------------------------------------------


 NMR restraints on final step:

--------------------------------------------------------------------------------
   5.  TIMINGS
--------------------------------------------------------------------------------

|  NonSetup CPU Time in Major Routines:
|
|     Routine           Sec        %
|     ------------------------------
|     Nonbond          35.61   44.11
|     Bond              0.00    0.00
|     Angle             0.00    0.00
|     Dihedral          0.00    0.00
|     Shake             0.00    0.00
|     RunMD            44.74   55.42
|     Other             0.38    0.48
|     ------------------------------
|     Total            80.74

|  PME Nonbond Pairlist CPU Time:
|
|     Routine              Sec        %
|     ---------------------------------
|     Set Up Cit           0.00    0.00
|     Build List           0.00    0.00
|     ---------------------------------
|     Total                0.00    0.00

|  PME Direct Force CPU Time:
|
|     Routine              Sec        %
|     ---------------------------------
|     NonBonded Calc       0.00    0.00
|     Exclude Masked       0.00    0.00
|     Other                0.26    0.32
|     ---------------------------------
|     Total                0.26    0.32

|  PME Reciprocal Force CPU Time:
|
|     Routine              Sec        %
|     ---------------------------------
|     1D bspline           0.00    0.00
|     Grid Charges         0.00    0.00
|     Scalar Sum           0.00    0.00
|     Gradient Sum         0.00    0.00
|     FFT                  0.00    0.00
|     ---------------------------------
|     Total                0.00    0.00

|  Final Performance Info:
|     -----------------------------------------------------
|     Average timings for last   50000 steps:
|     Elapsed(s) =      21.02 Per Step(ms) =       0.42
|         ns/day =     205.55   seconds/ns =     420.33
|
|     Average timings for all steps:
|     Elapsed(s) =      80.99 Per Step(ms) =       0.40
|         ns/day =     213.35   seconds/ns =     404.97
|     -----------------------------------------------------

|  Setup CPU time:            0.50 seconds
|  NonSetup CPU time:        80.74 seconds
|  Total CPU time:           81.24 seconds     0.02 hours

|  Setup wall time:           1    seconds
|  NonSetup wall time:       81    seconds
|  Total wall time:          82    seconds     0.02 hours
