
          -------------------------------------------------------
          Amber 20 PMEMD                              2020
          -------------------------------------------------------

| PMEMD implementation of SANDER, Release 18

|  Compiled date/time: Mon Apr 27 21:19:54 2020
| Run on 10/06/2020 at 15:03:11

|   Executable path: /opt/software/Amber/20-fosscuda-2019b/amber20/bin/pmemd.cuda
| Working directory: /mnt/ls15/scratch/users/songlin3/run/solvation_amber20/po4/two_step_tip3p_PO4/step1_po4_to_vdw/0.79366
|          Hostname: nvf-001

  [-O]verwriting output

File Assignments:
|   MDIN: heat.in                                                               
|  MDOUT: heat.out                                                              
| INPCRD: min.rst                                                               
|   PARM: step1.prmtop                                                          
| RESTRT: heat.rst                                                              
|   REFC: min.rst                                                               
|  MDVEL: mdvel                                                                 
|   MDEN: mden                                                                  
|  MDCRD: heat.netcdf                                                           
| MDINFO: heat.mdinfo                                                           
|  MDFRC: mdfrc                                                                 


 Here is the input file:

nvt for free MD                                                                
 &cntrl                                                                        
  imin=0,                                                                      
  irest=0,                                                                     
  ntx=1,                                                                       
  ig=-1,                                                                       
  nstlim=200000,                                                               
  dt=0.001,                                                                    
  cut=10.0,                                                                    
  ntc=1,                                                                       
  ntf=1,                                                                       
  ntb=1,                                                                       
  ntt=3,                                                                       
  gamma_ln=2.0,                                                                
  tempi=0.0,                                                                   
  temp0=300.0,                                                                 
  ntpr=5000,                                                                   
  ntwr=5000,                                                                   
  ntwx=10000,                                                                  
  ntwv=0,                                                                      
  ioutfm=1,                                                                    
  iwrap=0,                                                                     
  nmropt=1,                                                                    
  ifsc = 0, icfe=1,                                                            
  clambda=0.79366,                                                             
  timask1=':1',                                                                
  timask2=':2', crgmask = ':2',                                                
/                                                                              
&wt TYPE='TEMP0', istep1=0, istep2=190000, value1=0.0, value2=300.0 /          
&wt TYPE='TEMP0', istep1=190001, istep2=200000, value1=300.0, value2=300.0 /   
&wt TYPE='DUMPFREQ', istep1=10000, /                                           
&wt TYPE='END', /                                                              


Note: ig = -1. Setting random seed to   902762 based on wallclock time in 
      microseconds.
| irandom = 1, using AMBER's internal random number generator (default).
 
|--------------------- INFORMATION ----------------------
| GPU (CUDA) Version of PMEMD in use: NVIDIA GPU IN USE.
|                    Version 18.0.0
| 
|                      03/25/2018
| 
| Implementation by:
|                    Ross C. Walker     (SDSC)
|                    Scott Le Grand     (nVIDIA)
| 
| Version 18 performance extensions by:
|                    David Cerutti     (Rutgers)
| 
| Precision model in use:
|      [SPFP] - Single Precision Forces, 64-bit Fixed Point
|               Accumulation. (Default)
| 
|--------------------------------------------------------
 
|----------------- CITATION INFORMATION -----------------
|
|    When publishing work that utilized the CUDA version
|    of AMBER, please cite the following in addition to
|    the regular AMBER citations:
|
|  - Romelia Salomon-Ferrer; Andreas W. Goetz; Duncan
|    Poole; Scott Le Grand; Ross C. Walker "Routine
|    microsecond molecular dynamics simulations with
|    AMBER - Part II: Particle Mesh Ewald", J. Chem.
|    Theory Comput., 2013, 9 (9), pp3878-3888,
|    DOI: 10.1021/ct400314y.
|
|  - Andreas W. Goetz; Mark J. Williamson; Dong Xu;
|    Duncan Poole; Scott Le Grand; Ross C. Walker
|    "Routine microsecond molecular dynamics simulations
|    with AMBER - Part I: Generalized Born", J. Chem.
|    Theory Comput., 2012, 8 (5), pp1542-1555.
|
|  - Scott Le Grand; Andreas W. Goetz; Ross C. Walker
|    "SPFP: Speed without compromise - a mixed precision
|    model for GPU accelerated molecular dynamics
|    simulations.", Comp. Phys. Comm., 2013, 184
|    pp374-380, DOI: 10.1016/j.cpc.2012.09.022
|
|    When publishing work that utilized the CUDA version
|    of TI, BAR, MBAR or FEP please cite the following 
|    publications in addition to the regular AMBER 
|    GPU citations:
|
|  - Daniel J. Mermelstein; Charles Lin; Gard Nelson; 
|    Rachael Kretsch; J. Andrew McCammon; Ross C. Walker
|    "Fast and Flexible GPU Accelerated Binding 
|    Free Energy Calculations within the AMBER Molecular
|    Dynamics Package" J. Comp. Chem., 2018,
|    DOI: 10.1002/jcc.25187
|
|  - Tai-Sung Lee; Yuan Hu; Brad Sherborne; Zhuyan Guo;
|    Darrin M. York
|    "Toward Fast and Accurate Binding Affinity Prediction with
|    pmemdGTI: An Efficient Implementation of GPU-Accelerated
|    Thermodynamic Integration"
|    J. Chem. Theory Comput., 2017, 13 (7), 3077
|
|
|--------------------------------------------------------
 
|------------------- GPU DEVICE INFO --------------------
|
|            CUDA_VISIBLE_DEVICES: 0
|   CUDA Capable Devices Detected:      1
|           CUDA Device ID in use:      0
|                CUDA Device Name: Tesla V100S-PCIE-32GB
|     CUDA Device Global Mem Size:  32510 MB
| CUDA Device Num Multiprocessors:     80
|           CUDA Device Core Freq:   1.60 GHz
|
|--------------------------------------------------------
 
 
| Conditional Compilation Defines Used:
| FFTW_FFT
| BINTRAJ
| MKL
| CUDA
| EMIL

| Largest sphere to fit in unit cell has radius =    22.455

| New format PARM file being parsed.
| Version =    1.000 Date = 09/30/20 Time = 15:28:49

| Note: 1-4 EEL scale factors are being read from the topology file.

| Note: 1-4 VDW scale factors are being read from the topology file.
| Duplicated    0 dihedrals

| Duplicated    0 dihedrals

--------------------------------------------------------------------------------
   1.  RESOURCE   USE: 
--------------------------------------------------------------------------------

 getting box info from netcdf restart file
 NATOM  =   11419 NTYPES =       4 NBONH =   11409 MBONA  =       8
 NTHETH =       0 MTHETA =      12 NPHIH =       0 MPHIA  =       0
 NHPARM =       0 NPARM  =       0 NNB   =   15234 NRES   =    3805
 NBONA  =       8 NTHETA =      12 NPHIA =       0 NUMBND =       3
 NUMANG =       1 NPTRA  =       0 NATYP =       4 NPHB   =       1
 IFBOX  =       2 NMXRS  =       5 IFCAP =       0 NEXTRA =       0
 NCOPY  =       0

| Coordinate Index Table dimensions:     8    8    8
| Direct force subcell size =     6.8755    6.8755    6.8755

     BOX TYPE: TRUNCATED OCTAHEDRON

--------------------------------------------------------------------------------
   2.  CONTROL  DATA  FOR  THE  RUN
--------------------------------------------------------------------------------

default_name                                                                    

General flags:
     imin    =       0, nmropt  =       1

Nature and format of input:
     ntx     =       1, irest   =       0, ntrx    =       1

Nature and format of output:
     ntxo    =       2, ntpr    =    5000, ntrx    =       1, ntwr    =    5000
     iwrap   =       0, ntwx    =   10000, ntwv    =       0, ntwe    =       0
     ioutfm  =       1, ntwprt  =       0, idecomp =       0, rbornstat=      0

Potential function:
     ntf     =       1, ntb     =       1, igb     =       0, nsnb    =      25
     ipol    =       0, gbsa    =       0, iesp    =       0
     dielc   =   1.00000, cut     =  10.00000, intdiel =   1.00000

Frozen or restrained atoms:
     ibelly  =       0, ntr     =       0

Molecular dynamics:
     nstlim  =    200000, nscm    =      1000, nrespa  =         1
     t       =   0.00000, dt      =   0.00100, vlimit  =  -1.00000

Langevin dynamics temperature regulation:
     ig      =  902762
     temp0   = 300.00000, tempi   =   0.00000, gamma_ln=   2.00000

NMR refinement options:
     iscale  =       0, noeskp  =       1, ipnlty  =       1, mxsub   =       1
     scalm   = 100.00000, pencut  =   0.10000, tausw   =   0.10000

Free energy options:
     icfe    =       1, ifsc    =       0, klambda =       1
     clambda =  0.7937, scalpha =  0.5000, scbeta  = 12.0000
     sceeorder =       2
     dynlmb =  0.0000 logdvdl =       0

| Intermolecular bonds treatment:
|     no_intermolecular_bonds =       1

| Energy averages sample interval:
|     ene_avg_sampling =    5000

Ewald parameters:
     verbose =       0, ew_type =       0, nbflag  =       1, use_pme =       1
     vdwmeth =       1, eedmeth =       1, netfrc  =       1
     Box X =   55.004   Box Y =   55.004   Box Z =   55.004
     Alpha =  109.471   Beta  =  109.471   Gamma =  109.471
     NFFT1 =   56       NFFT2 =   56       NFFT3 =   56
     Cutoff=   10.000   Tol   =0.100E-04
     Ewald Coefficient =  0.27511
     Interpolation order =    4
     TI Mask 1 :1; matches      5 atoms
     TI Mask 2 :2; matches      5 atoms
     TI region 1:   11414 atoms
     TI region 2:   11414 atoms
Removing charge of       1.4352 from atom       6
Removing charge of      -1.1088 from atom       7
Removing charge of      -1.1088 from atom       8
Removing charge of      -1.1088 from atom       9
Removing charge of      -1.1088 from atom      10
Total charge of  -2.99999999 removed from       5 atoms
     Checking for mismatched coordinates.

--------------------------------------------------------------------------------
   3.  ATOMIC COORDINATES AND VELOCITIES
--------------------------------------------------------------------------------

default_name                                                                    
 begin time read from input coords =     0.000 ps



           Begin reading energy term weight changes/NMR restraints
 WEIGHT CHANGES:
 TEMP0         0 190000    0.000000  300.000000      0      0
 TEMP0    190001 200000  300.000000  300.000000      0      0
 DUMPFREQ  10000      0    0.000000    0.000000      0      0

 RESTRAINTS:
                          ** No restraint defined **

                  Done reading weight changes/NMR restraints


 
 Number of triangulated 3-point waters found:     3803

     Sum of charges for TI region  1 =  -2.99999999
     Skip neutralizing charges...


     Sum of charges for TI region  2 =   0.00000000
     Skip neutralizing charges...

| Dynamic Memory, Types Used:
| Reals              565983
| Integers           434108

| Nonbonded Pairs Initial Allocation:     3453962

| GPU memory information (estimate):
| KB of GPU memory in use:    104863
| KB of CPU memory in use:     27583

--------------------------------------------------------------------------------
   4.  RESULTS
--------------------------------------------------------------------------------


| TI region  1


 NSTEP =        0   TIME(PS) =       0.000  TEMP(K) =     0.00  PRESS =     0.0
 Etot   =    -48551.0085  EKtot   =         0.0000  EPtot      =    -48551.0085
 BOND   =      3908.9967  ANGLE   =         6.2801  DIHED      =         0.0000
 1-4 NB =         0.0000  1-4 EEL =         0.0000  VDWAALS    =     10383.4890
 EELEC  =    -62849.7744  EHBOND  =         0.0000  RESTRAINT  =         0.0000
 DV/DL  =       294.2637
 ------------------------------------------------------------------------------


| TI region  2


 NSTEP =        0   TIME(PS) =       0.000  TEMP(K) =     0.00  PRESS =     0.0
 Etot   =    -48551.0085  EKtot   =         0.0000  EPtot      =    -48551.0085
 BOND   =      3908.9967  ANGLE   =         6.2801  DIHED      =         0.0000
 1-4 NB =         0.0000  1-4 EEL =         0.0000  VDWAALS    =     10383.4890
 EELEC  =    -62849.7744  EHBOND  =         0.0000  RESTRAINT  =         0.0000
 DV/DL  =       294.2637
 ------------------------------------------------------------------------------

 NMR restraints: Bond =    0.000   Angle =     0.000   Torsion =     0.000
===============================================================================

| TI region  1


 NSTEP =     5000   TIME(PS) =       5.000  TEMP(K) =     7.28  PRESS =     0.0
 Etot   =    -48384.6157  EKtot   =       247.8108  EPtot      =    -48632.4265
 BOND   =      4053.6235  ANGLE   =         6.2963  DIHED      =         0.0000
 1-4 NB =         0.0000  1-4 EEL =         0.0000  VDWAALS    =     10630.1134
 EELEC  =    -63322.4597  EHBOND  =         0.0000  RESTRAINT  =         0.0000
 DV/DL  =       315.4823
 ------------------------------------------------------------------------------


| TI region  2


 NSTEP =     5000   TIME(PS) =       5.000  TEMP(K) =     7.28  PRESS =     0.0
 Etot   =    -48384.6159  EKtot   =       247.8106  EPtot      =    -48632.4265
 BOND   =      4053.6235  ANGLE   =         6.2963  DIHED      =         0.0000
 1-4 NB =         0.0000  1-4 EEL =         0.0000  VDWAALS    =     10630.1134
 EELEC  =    -63322.4597  EHBOND  =         0.0000  RESTRAINT  =         0.0000
 DV/DL  =       315.4823
 ------------------------------------------------------------------------------

 NMR restraints: Bond =    0.000   Angle =     0.000   Torsion =     0.000
===============================================================================

| TI region  1


 NSTEP =    10000   TIME(PS) =      10.000  TEMP(K) =    15.08  PRESS =     0.0
 Etot   =    -47952.3048  EKtot   =       513.0615  EPtot      =    -48465.3663
 BOND   =      4157.8737  ANGLE   =         6.2859  DIHED      =         0.0000
 1-4 NB =         0.0000  1-4 EEL =         0.0000  VDWAALS    =     10651.5433
 EELEC  =    -63281.0691  EHBOND  =         0.0000  RESTRAINT  =         0.0000
 DV/DL  =       315.2167
 ------------------------------------------------------------------------------


| TI region  2


 NSTEP =    10000   TIME(PS) =      10.000  TEMP(K) =    15.08  PRESS =     0.0
 Etot   =    -47952.3047  EKtot   =       513.0616  EPtot      =    -48465.3663
 BOND   =      4157.8737  ANGLE   =         6.2859  DIHED      =         0.0000
 1-4 NB =         0.0000  1-4 EEL =         0.0000  VDWAALS    =     10651.5433
 EELEC  =    -63281.0691  EHBOND  =         0.0000  RESTRAINT  =         0.0000
 DV/DL  =       315.2167
 ------------------------------------------------------------------------------

 NMR restraints: Bond =    0.000   Angle =     0.000   Torsion =     0.000
===============================================================================

| TI region  1


 NSTEP =    15000   TIME(PS) =      15.000  TEMP(K) =    23.10  PRESS =     0.0
 Etot   =    -47493.1687  EKtot   =       785.8659  EPtot      =    -48279.0346
 BOND   =      4296.9407  ANGLE   =         6.2988  DIHED      =         0.0000
 1-4 NB =         0.0000  1-4 EEL =         0.0000  VDWAALS    =     10712.2718
 EELEC  =    -63294.5458  EHBOND  =         0.0000  RESTRAINT  =         0.0000
 DV/DL  =       324.7874
 ------------------------------------------------------------------------------


| TI region  2


 NSTEP =    15000   TIME(PS) =      15.000  TEMP(K) =    23.10  PRESS =     0.0
 Etot   =    -47493.1715  EKtot   =       785.8631  EPtot      =    -48279.0346
 BOND   =      4296.9407  ANGLE   =         6.2988  DIHED      =         0.0000
 1-4 NB =         0.0000  1-4 EEL =         0.0000  VDWAALS    =     10712.2718
 EELEC  =    -63294.5458  EHBOND  =         0.0000  RESTRAINT  =         0.0000
 DV/DL  =       324.7874
 ------------------------------------------------------------------------------

 NMR restraints: Bond =    0.000   Angle =     0.000   Torsion =     0.000
===============================================================================

| TI region  1


 NSTEP =    20000   TIME(PS) =      20.000  TEMP(K) =    31.08  PRESS =     0.0
 Etot   =    -47001.3316  EKtot   =      1057.3908  EPtot      =    -48058.7224
 BOND   =      4352.8010  ANGLE   =         6.5072  DIHED      =         0.0000
 1-4 NB =         0.0000  1-4 EEL =         0.0000  VDWAALS    =     10722.8094
 EELEC  =    -63140.8400  EHBOND  =         0.0000  RESTRAINT  =         0.0000
 DV/DL  =       325.8482
 ------------------------------------------------------------------------------


| TI region  2


 NSTEP =    20000   TIME(PS) =      20.000  TEMP(K) =    31.08  PRESS =     0.0
 Etot   =    -47001.3310  EKtot   =      1057.3914  EPtot      =    -48058.7224
 BOND   =      4352.8010  ANGLE   =         6.5072  DIHED      =         0.0000
 1-4 NB =         0.0000  1-4 EEL =         0.0000  VDWAALS    =     10722.8094
 EELEC  =    -63140.8400  EHBOND  =         0.0000  RESTRAINT  =         0.0000
 DV/DL  =       325.8482
 ------------------------------------------------------------------------------

 NMR restraints: Bond =    0.000   Angle =     0.000   Torsion =     0.000
===============================================================================

| TI region  1


 NSTEP =    25000   TIME(PS) =      25.000  TEMP(K) =    38.81  PRESS =     0.0
 Etot   =    -46592.0225  EKtot   =      1320.3072  EPtot      =    -47912.3297
 BOND   =      4432.3821  ANGLE   =         6.4479  DIHED      =         0.0000
 1-4 NB =         0.0000  1-4 EEL =         0.0000  VDWAALS    =     10720.7319
 EELEC  =    -63071.8916  EHBOND  =         0.0000  RESTRAINT  =         0.0000
 DV/DL  =       321.7610
 ------------------------------------------------------------------------------


| TI region  2


 NSTEP =    25000   TIME(PS) =      25.000  TEMP(K) =    38.81  PRESS =     0.0
 Etot   =    -46592.0083  EKtot   =      1320.3213  EPtot      =    -47912.3297
 BOND   =      4432.3821  ANGLE   =         6.4479  DIHED      =         0.0000
 1-4 NB =         0.0000  1-4 EEL =         0.0000  VDWAALS    =     10720.7319
 EELEC  =    -63071.8916  EHBOND  =         0.0000  RESTRAINT  =         0.0000
 DV/DL  =       321.7610
 ------------------------------------------------------------------------------

 NMR restraints: Bond =    0.000   Angle =     0.000   Torsion =     0.000
===============================================================================

| TI region  1


 NSTEP =    30000   TIME(PS) =      30.000  TEMP(K) =    46.85  PRESS =     0.0
 Etot   =    -46083.3290  EKtot   =      1594.0357  EPtot      =    -47677.3647
 BOND   =      4646.4243  ANGLE   =         6.3717  DIHED      =         0.0000
 1-4 NB =         0.0000  1-4 EEL =         0.0000  VDWAALS    =     10714.0383
 EELEC  =    -63044.1991  EHBOND  =         0.0000  RESTRAINT  =         0.0000
 DV/DL  =       318.1016
 ------------------------------------------------------------------------------


| TI region  2


 NSTEP =    30000   TIME(PS) =      30.000  TEMP(K) =    46.85  PRESS =     0.0
 Etot   =    -46083.3400  EKtot   =      1594.0247  EPtot      =    -47677.3647
 BOND   =      4646.4243  ANGLE   =         6.3717  DIHED      =         0.0000
 1-4 NB =         0.0000  1-4 EEL =         0.0000  VDWAALS    =     10714.0383
 EELEC  =    -63044.1991  EHBOND  =         0.0000  RESTRAINT  =         0.0000
 DV/DL  =       318.1016
 ------------------------------------------------------------------------------

 NMR restraints: Bond =    0.000   Angle =     0.000   Torsion =     0.000
===============================================================================

| TI region  1


 NSTEP =    35000   TIME(PS) =      35.000  TEMP(K) =    54.57  PRESS =     0.0
 Etot   =    -45628.4857  EKtot   =      1856.7044  EPtot      =    -47485.1901
 BOND   =      4563.7957  ANGLE   =         6.6837  DIHED      =         0.0000
 1-4 NB =         0.0000  1-4 EEL =         0.0000  VDWAALS    =     10654.6683
 EELEC  =    -62710.3379  EHBOND  =         0.0000  RESTRAINT  =         0.0000
 DV/DL  =       308.4244
 ------------------------------------------------------------------------------


| TI region  2


 NSTEP =    35000   TIME(PS) =      35.000  TEMP(K) =    54.57  PRESS =     0.0
 Etot   =    -45628.4657  EKtot   =      1856.7243  EPtot      =    -47485.1901
 BOND   =      4563.7957  ANGLE   =         6.6837  DIHED      =         0.0000
 1-4 NB =         0.0000  1-4 EEL =         0.0000  VDWAALS    =     10654.6683
 EELEC  =    -62710.3379  EHBOND  =         0.0000  RESTRAINT  =         0.0000
 DV/DL  =       308.4244
 ------------------------------------------------------------------------------

 NMR restraints: Bond =    0.000   Angle =     0.000   Torsion =     0.000
===============================================================================

| TI region  1


 NSTEP =    40000   TIME(PS) =      40.000  TEMP(K) =    62.75  PRESS =     0.0
 Etot   =    -45160.5857  EKtot   =      2135.0950  EPtot      =    -47295.6807
 BOND   =      4736.6620  ANGLE   =         7.0052  DIHED      =         0.0000
 1-4 NB =         0.0000  1-4 EEL =         0.0000  VDWAALS    =     10673.5033
 EELEC  =    -62712.8511  EHBOND  =         0.0000  RESTRAINT  =         0.0000
 DV/DL  =       325.4654
 ------------------------------------------------------------------------------


| TI region  2


 NSTEP =    40000   TIME(PS) =      40.000  TEMP(K) =    62.76  PRESS =     0.0
 Etot   =    -45160.5763  EKtot   =      2135.1043  EPtot      =    -47295.6807
 BOND   =      4736.6620  ANGLE   =         7.0052  DIHED      =         0.0000
 1-4 NB =         0.0000  1-4 EEL =         0.0000  VDWAALS    =     10673.5033
 EELEC  =    -62712.8511  EHBOND  =         0.0000  RESTRAINT  =         0.0000
 DV/DL  =       325.4654
 ------------------------------------------------------------------------------

 NMR restraints: Bond =    0.000   Angle =     0.000   Torsion =     0.000
===============================================================================

| TI region  1


 NSTEP =    45000   TIME(PS) =      45.000  TEMP(K) =    71.29  PRESS =     0.0
 Etot   =    -44555.0633  EKtot   =      2425.6217  EPtot      =    -46980.6851
 BOND   =      4813.8780  ANGLE   =         6.4110  DIHED      =         0.0000
 1-4 NB =         0.0000  1-4 EEL =         0.0000  VDWAALS    =     10623.9501
 EELEC  =    -62424.9241  EHBOND  =         0.0000  RESTRAINT  =         0.0000
 DV/DL  =       313.6769
 ------------------------------------------------------------------------------


| TI region  2


 NSTEP =    45000   TIME(PS) =      45.000  TEMP(K) =    71.29  PRESS =     0.0
 Etot   =    -44555.0927  EKtot   =      2425.5923  EPtot      =    -46980.6851
 BOND   =      4813.8780  ANGLE   =         6.4110  DIHED      =         0.0000
 1-4 NB =         0.0000  1-4 EEL =         0.0000  VDWAALS    =     10623.9501
 EELEC  =    -62424.9241  EHBOND  =         0.0000  RESTRAINT  =         0.0000
 DV/DL  =       313.6769
 ------------------------------------------------------------------------------

 NMR restraints: Bond =    0.000   Angle =     0.000   Torsion =     0.000
===============================================================================

| TI region  1


 NSTEP =    50000   TIME(PS) =      50.000  TEMP(K) =    79.04  PRESS =     0.0
 Etot   =    -44056.0826  EKtot   =      2689.1812  EPtot      =    -46745.2638
 BOND   =      5042.1724  ANGLE   =         6.5180  DIHED      =         0.0000
 1-4 NB =         0.0000  1-4 EEL =         0.0000  VDWAALS    =     10691.0926
 EELEC  =    -62485.0468  EHBOND  =         0.0000  RESTRAINT  =         0.0000
 DV/DL  =       317.0064
 ------------------------------------------------------------------------------


| TI region  2


 NSTEP =    50000   TIME(PS) =      50.000  TEMP(K) =    79.04  PRESS =     0.0
 Etot   =    -44056.0658  EKtot   =      2689.1980  EPtot      =    -46745.2638
 BOND   =      5042.1724  ANGLE   =         6.5180  DIHED      =         0.0000
 1-4 NB =         0.0000  1-4 EEL =         0.0000  VDWAALS    =     10691.0926
 EELEC  =    -62485.0468  EHBOND  =         0.0000  RESTRAINT  =         0.0000
 DV/DL  =       317.0064
 ------------------------------------------------------------------------------

 NMR restraints: Bond =    0.000   Angle =     0.000   Torsion =     0.000
===============================================================================

| TI region  1


 NSTEP =    55000   TIME(PS) =      55.000  TEMP(K) =    85.97  PRESS =     0.0
 Etot   =    -43649.1119  EKtot   =      2925.0040  EPtot      =    -46574.1159
 BOND   =      5103.8559  ANGLE   =         6.4072  DIHED      =         0.0000
 1-4 NB =         0.0000  1-4 EEL =         0.0000  VDWAALS    =     10702.2503
 EELEC  =    -62386.6294  EHBOND  =         0.0000  RESTRAINT  =         0.0000
 DV/DL  =       329.5485
 ------------------------------------------------------------------------------


| TI region  2


 NSTEP =    55000   TIME(PS) =      55.000  TEMP(K) =    85.97  PRESS =     0.0
 Etot   =    -43649.1719  EKtot   =      2924.9440  EPtot      =    -46574.1159
 BOND   =      5103.8559  ANGLE   =         6.4072  DIHED      =         0.0000
 1-4 NB =         0.0000  1-4 EEL =         0.0000  VDWAALS    =     10702.2503
 EELEC  =    -62386.6294  EHBOND  =         0.0000  RESTRAINT  =         0.0000
 DV/DL  =       329.5485
 ------------------------------------------------------------------------------

 NMR restraints: Bond =    0.000   Angle =     0.000   Torsion =     0.000
===============================================================================

| TI region  1


 NSTEP =    60000   TIME(PS) =      60.000  TEMP(K) =    93.90  PRESS =     0.0
 Etot   =    -43109.2107  EKtot   =      3194.6485  EPtot      =    -46303.8592
 BOND   =      5187.9966  ANGLE   =         6.6613  DIHED      =         0.0000
 1-4 NB =         0.0000  1-4 EEL =         0.0000  VDWAALS    =     10701.5642
 EELEC  =    -62200.0814  EHBOND  =         0.0000  RESTRAINT  =         0.0000
 DV/DL  =       304.5148
 ------------------------------------------------------------------------------


| TI region  2


 NSTEP =    60000   TIME(PS) =      60.000  TEMP(K) =    93.90  PRESS =     0.0
 Etot   =    -43109.2141  EKtot   =      3194.6451  EPtot      =    -46303.8592
 BOND   =      5187.9966  ANGLE   =         6.6613  DIHED      =         0.0000
 1-4 NB =         0.0000  1-4 EEL =         0.0000  VDWAALS    =     10701.5642
 EELEC  =    -62200.0814  EHBOND  =         0.0000  RESTRAINT  =         0.0000
 DV/DL  =       304.5148
 ------------------------------------------------------------------------------

 NMR restraints: Bond =    0.000   Angle =     0.000   Torsion =     0.000
===============================================================================

| TI region  1


 NSTEP =    65000   TIME(PS) =      65.000  TEMP(K) =   100.33  PRESS =     0.0
 Etot   =    -42650.8856  EKtot   =      3413.3525  EPtot      =    -46064.2382
 BOND   =      5263.8282  ANGLE   =         6.4293  DIHED      =         0.0000
 1-4 NB =         0.0000  1-4 EEL =         0.0000  VDWAALS    =     10748.9820
 EELEC  =    -62083.4777  EHBOND  =         0.0000  RESTRAINT  =         0.0000
 DV/DL  =       331.0814
 ------------------------------------------------------------------------------


| TI region  2


 NSTEP =    65000   TIME(PS) =      65.000  TEMP(K) =   100.33  PRESS =     0.0
 Etot   =    -42650.8784  EKtot   =      3413.3598  EPtot      =    -46064.2382
 BOND   =      5263.8282  ANGLE   =         6.4293  DIHED      =         0.0000
 1-4 NB =         0.0000  1-4 EEL =         0.0000  VDWAALS    =     10748.9820
 EELEC  =    -62083.4777  EHBOND  =         0.0000  RESTRAINT  =         0.0000
 DV/DL  =       331.0814
 ------------------------------------------------------------------------------

 NMR restraints: Bond =    0.000   Angle =     0.000   Torsion =     0.000
===============================================================================

| TI region  1


 NSTEP =    70000   TIME(PS) =      70.000  TEMP(K) =   109.52  PRESS =     0.0
 Etot   =    -42149.0667  EKtot   =      3726.2984  EPtot      =    -45875.3652
 BOND   =      5354.9988  ANGLE   =         7.3041  DIHED      =         0.0000
 1-4 NB =         0.0000  1-4 EEL =         0.0000  VDWAALS    =     10667.6480
 EELEC  =    -61905.3161  EHBOND  =         0.0000  RESTRAINT  =         0.0000
 DV/DL  =       322.0634
 ------------------------------------------------------------------------------


| TI region  2


 NSTEP =    70000   TIME(PS) =      70.000  TEMP(K) =   109.52  PRESS =     0.0
 Etot   =    -42149.0810  EKtot   =      3726.2842  EPtot      =    -45875.3652
 BOND   =      5354.9988  ANGLE   =         7.3041  DIHED      =         0.0000
 1-4 NB =         0.0000  1-4 EEL =         0.0000  VDWAALS    =     10667.6480
 EELEC  =    -61905.3161  EHBOND  =         0.0000  RESTRAINT  =         0.0000
 DV/DL  =       322.0634
 ------------------------------------------------------------------------------

 NMR restraints: Bond =    0.000   Angle =     0.000   Torsion =     0.000
===============================================================================

| TI region  1


 NSTEP =    75000   TIME(PS) =      75.000  TEMP(K) =   118.34  PRESS =     0.0
 Etot   =    -41525.2168  EKtot   =      4026.1619  EPtot      =    -45551.3787
 BOND   =      5456.1432  ANGLE   =         7.8157  DIHED      =         0.0000
 1-4 NB =         0.0000  1-4 EEL =         0.0000  VDWAALS    =     10485.7030
 EELEC  =    -61501.0406  EHBOND  =         0.0000  RESTRAINT  =         0.0000
 DV/DL  =       309.4926
 ------------------------------------------------------------------------------


| TI region  2


 NSTEP =    75000   TIME(PS) =      75.000  TEMP(K) =   118.34  PRESS =     0.0
 Etot   =    -41525.1772  EKtot   =      4026.2015  EPtot      =    -45551.3787
 BOND   =      5456.1432  ANGLE   =         7.8157  DIHED      =         0.0000
 1-4 NB =         0.0000  1-4 EEL =         0.0000  VDWAALS    =     10485.7030
 EELEC  =    -61501.0406  EHBOND  =         0.0000  RESTRAINT  =         0.0000
 DV/DL  =       309.4926
 ------------------------------------------------------------------------------

 NMR restraints: Bond =    0.000   Angle =     0.000   Torsion =     0.000
===============================================================================

| TI region  1


 NSTEP =    80000   TIME(PS) =      80.000  TEMP(K) =   126.80  PRESS =     0.0
 Etot   =    -41078.2131  EKtot   =      4314.1939  EPtot      =    -45392.4070
 BOND   =      5482.9204  ANGLE   =         6.5482  DIHED      =         0.0000
 1-4 NB =         0.0000  1-4 EEL =         0.0000  VDWAALS    =     10512.8478
 EELEC  =    -61394.7234  EHBOND  =         0.0000  RESTRAINT  =         0.0000
 DV/DL  =       341.7617
 ------------------------------------------------------------------------------


| TI region  2


 NSTEP =    80000   TIME(PS) =      80.000  TEMP(K) =   126.80  PRESS =     0.0
 Etot   =    -41078.2167  EKtot   =      4314.1903  EPtot      =    -45392.4070
 BOND   =      5482.9204  ANGLE   =         6.5482  DIHED      =         0.0000
 1-4 NB =         0.0000  1-4 EEL =         0.0000  VDWAALS    =     10512.8478
 EELEC  =    -61394.7234  EHBOND  =         0.0000  RESTRAINT  =         0.0000
 DV/DL  =       341.7617
 ------------------------------------------------------------------------------

 NMR restraints: Bond =    0.000   Angle =     0.000   Torsion =     0.000
===============================================================================

| TI region  1


 NSTEP =    85000   TIME(PS) =      85.000  TEMP(K) =   133.90  PRESS =     0.0
 Etot   =    -40585.5692  EKtot   =      4555.4852  EPtot      =    -45141.0544
 BOND   =      5633.7962  ANGLE   =         6.9030  DIHED      =         0.0000
 1-4 NB =         0.0000  1-4 EEL =         0.0000  VDWAALS    =     10432.2626
 EELEC  =    -61214.0162  EHBOND  =         0.0000  RESTRAINT  =         0.0000
 DV/DL  =       319.2281
 ------------------------------------------------------------------------------


| TI region  2


 NSTEP =    85000   TIME(PS) =      85.000  TEMP(K) =   133.90  PRESS =     0.0
 Etot   =    -40585.5168  EKtot   =      4555.5376  EPtot      =    -45141.0544
 BOND   =      5633.7962  ANGLE   =         6.9030  DIHED      =         0.0000
 1-4 NB =         0.0000  1-4 EEL =         0.0000  VDWAALS    =     10432.2626
 EELEC  =    -61214.0162  EHBOND  =         0.0000  RESTRAINT  =         0.0000
 DV/DL  =       319.2281
 ------------------------------------------------------------------------------

 NMR restraints: Bond =    0.000   Angle =     0.000   Torsion =     0.000
===============================================================================

| TI region  1


 NSTEP =    90000   TIME(PS) =      90.000  TEMP(K) =   143.33  PRESS =     0.0
 Etot   =    -39973.4424  EKtot   =      4876.5520  EPtot      =    -44849.9943
 BOND   =      5710.6088  ANGLE   =         7.4392  DIHED      =         0.0000
 1-4 NB =         0.0000  1-4 EEL =         0.0000  VDWAALS    =     10422.9923
 EELEC  =    -60991.0346  EHBOND  =         0.0000  RESTRAINT  =         0.0000
 DV/DL  =       322.0498
 ------------------------------------------------------------------------------


| TI region  2


 NSTEP =    90000   TIME(PS) =      90.000  TEMP(K) =   143.33  PRESS =     0.0
 Etot   =    -39973.4621  EKtot   =      4876.5323  EPtot      =    -44849.9943
 BOND   =      5710.6088  ANGLE   =         7.4392  DIHED      =         0.0000
 1-4 NB =         0.0000  1-4 EEL =         0.0000  VDWAALS    =     10422.9923
 EELEC  =    -60991.0346  EHBOND  =         0.0000  RESTRAINT  =         0.0000
 DV/DL  =       322.0498
 ------------------------------------------------------------------------------

 NMR restraints: Bond =    0.000   Angle =     0.000   Torsion =     0.000
===============================================================================

| TI region  1


 NSTEP =    95000   TIME(PS) =      95.000  TEMP(K) =   149.29  PRESS =     0.0
 Etot   =    -39565.0724  EKtot   =      5079.1303  EPtot      =    -44644.2027
 BOND   =      5696.5618  ANGLE   =         6.8544  DIHED      =         0.0000
 1-4 NB =         0.0000  1-4 EEL =         0.0000  VDWAALS    =     10272.1892
 EELEC  =    -60619.8081  EHBOND  =         0.0000  RESTRAINT  =         0.0000
 DV/DL  =       340.9805
 ------------------------------------------------------------------------------


| TI region  2


 NSTEP =    95000   TIME(PS) =      95.000  TEMP(K) =   149.29  PRESS =     0.0
 Etot   =    -39565.0712  EKtot   =      5079.1314  EPtot      =    -44644.2027
 BOND   =      5696.5618  ANGLE   =         6.8544  DIHED      =         0.0000
 1-4 NB =         0.0000  1-4 EEL =         0.0000  VDWAALS    =     10272.1892
 EELEC  =    -60619.8081  EHBOND  =         0.0000  RESTRAINT  =         0.0000
 DV/DL  =       340.9805
 ------------------------------------------------------------------------------

 NMR restraints: Bond =    0.000   Angle =     0.000   Torsion =     0.000
===============================================================================

| TI region  1


 NSTEP =   100000   TIME(PS) =     100.000  TEMP(K) =   157.99  PRESS =     0.0
 Etot   =    -38904.8506  EKtot   =      5375.1970  EPtot      =    -44280.0476
 BOND   =      5800.8060  ANGLE   =         6.7907  DIHED      =         0.0000
 1-4 NB =         0.0000  1-4 EEL =         0.0000  VDWAALS    =     10465.8899
 EELEC  =    -60553.5341  EHBOND  =         0.0000  RESTRAINT  =         0.0000
 DV/DL  =       308.6397
 ------------------------------------------------------------------------------


| TI region  2


 NSTEP =   100000   TIME(PS) =     100.000  TEMP(K) =   157.99  PRESS =     0.0
 Etot   =    -38904.7495  EKtot   =      5375.2981  EPtot      =    -44280.0476
 BOND   =      5800.8060  ANGLE   =         6.7907  DIHED      =         0.0000
 1-4 NB =         0.0000  1-4 EEL =         0.0000  VDWAALS    =     10465.8899
 EELEC  =    -60553.5341  EHBOND  =         0.0000  RESTRAINT  =         0.0000
 DV/DL  =       308.6397
 ------------------------------------------------------------------------------

 NMR restraints: Bond =    0.000   Angle =     0.000   Torsion =     0.000
===============================================================================

| TI region  1


 NSTEP =   105000   TIME(PS) =     105.000  TEMP(K) =   166.51  PRESS =     0.0
 Etot   =    -38375.6335  EKtot   =      5665.0227  EPtot      =    -44040.6561
 BOND   =      6004.8001  ANGLE   =         7.0962  DIHED      =         0.0000
 1-4 NB =         0.0000  1-4 EEL =         0.0000  VDWAALS    =     10221.0040
 EELEC  =    -60273.5565  EHBOND  =         0.0000  RESTRAINT  =         0.0000
 DV/DL  =       347.6615
 ------------------------------------------------------------------------------


| TI region  2


 NSTEP =   105000   TIME(PS) =     105.000  TEMP(K) =   166.51  PRESS =     0.0
 Etot   =    -38375.6556  EKtot   =      5665.0005  EPtot      =    -44040.6561
 BOND   =      6004.8001  ANGLE   =         7.0962  DIHED      =         0.0000
 1-4 NB =         0.0000  1-4 EEL =         0.0000  VDWAALS    =     10221.0040
 EELEC  =    -60273.5565  EHBOND  =         0.0000  RESTRAINT  =         0.0000
 DV/DL  =       347.6615
 ------------------------------------------------------------------------------

 NMR restraints: Bond =    0.000   Angle =     0.000   Torsion =     0.000
===============================================================================

| TI region  1


 NSTEP =   110000   TIME(PS) =     110.000  TEMP(K) =   173.71  PRESS =     0.0
 Etot   =    -37824.7678  EKtot   =      5910.0967  EPtot      =    -43734.8645
 BOND   =      5975.6168  ANGLE   =         7.9207  DIHED      =         0.0000
 1-4 NB =         0.0000  1-4 EEL =         0.0000  VDWAALS    =      9977.1889
 EELEC  =    -59695.5909  EHBOND  =         0.0000  RESTRAINT  =         0.0000
 DV/DL  =       345.6793
 ------------------------------------------------------------------------------


| TI region  2


 NSTEP =   110000   TIME(PS) =     110.000  TEMP(K) =   173.71  PRESS =     0.0
 Etot   =    -37824.7813  EKtot   =      5910.0833  EPtot      =    -43734.8645
 BOND   =      5975.6168  ANGLE   =         7.9207  DIHED      =         0.0000
 1-4 NB =         0.0000  1-4 EEL =         0.0000  VDWAALS    =      9977.1889
 EELEC  =    -59695.5909  EHBOND  =         0.0000  RESTRAINT  =         0.0000
 DV/DL  =       345.6793
 ------------------------------------------------------------------------------

 NMR restraints: Bond =    0.000   Angle =     0.000   Torsion =     0.000
===============================================================================

| TI region  1


 NSTEP =   115000   TIME(PS) =     115.000  TEMP(K) =   180.54  PRESS =     0.0
 Etot   =    -37255.8981  EKtot   =      6142.5868  EPtot      =    -43398.4849
 BOND   =      6200.9411  ANGLE   =         6.6482  DIHED      =         0.0000
 1-4 NB =         0.0000  1-4 EEL =         0.0000  VDWAALS    =     10065.0397
 EELEC  =    -59671.1139  EHBOND  =         0.0000  RESTRAINT  =         0.0000
 DV/DL  =       309.1618
 ------------------------------------------------------------------------------


| TI region  2


 NSTEP =   115000   TIME(PS) =     115.000  TEMP(K) =   180.55  PRESS =     0.0
 Etot   =    -37255.7907  EKtot   =      6142.6942  EPtot      =    -43398.4849
 BOND   =      6200.9411  ANGLE   =         6.6482  DIHED      =         0.0000
 1-4 NB =         0.0000  1-4 EEL =         0.0000  VDWAALS    =     10065.0397
 EELEC  =    -59671.1139  EHBOND  =         0.0000  RESTRAINT  =         0.0000
 DV/DL  =       309.1618
 ------------------------------------------------------------------------------

 NMR restraints: Bond =    0.000   Angle =     0.000   Torsion =     0.000
===============================================================================

| TI region  1


 NSTEP =   120000   TIME(PS) =     120.000  TEMP(K) =   188.89  PRESS =     0.0
 Etot   =    -36729.5362  EKtot   =      6426.6556  EPtot      =    -43156.1917
 BOND   =      6393.4945  ANGLE   =         7.9937  DIHED      =         0.0000
 1-4 NB =         0.0000  1-4 EEL =         0.0000  VDWAALS    =     10014.4747
 EELEC  =    -59572.1546  EHBOND  =         0.0000  RESTRAINT  =         0.0000
 DV/DL  =       296.6057
 ------------------------------------------------------------------------------


| TI region  2


 NSTEP =   120000   TIME(PS) =     120.000  TEMP(K) =   188.89  PRESS =     0.0
 Etot   =    -36729.4814  EKtot   =      6426.7104  EPtot      =    -43156.1917
 BOND   =      6393.4945  ANGLE   =         7.9937  DIHED      =         0.0000
 1-4 NB =         0.0000  1-4 EEL =         0.0000  VDWAALS    =     10014.4747
 EELEC  =    -59572.1546  EHBOND  =         0.0000  RESTRAINT  =         0.0000
 DV/DL  =       296.6057
 ------------------------------------------------------------------------------

 NMR restraints: Bond =    0.000   Angle =     0.000   Torsion =     0.000
===============================================================================

| TI region  1


 NSTEP =   125000   TIME(PS) =     125.000  TEMP(K) =   194.68  PRESS =     0.0
 Etot   =    -36177.0850  EKtot   =      6623.3991  EPtot      =    -42800.4841
 BOND   =      6285.6569  ANGLE   =         6.8227  DIHED      =         0.0000
 1-4 NB =         0.0000  1-4 EEL =         0.0000  VDWAALS    =     10033.4947
 EELEC  =    -59126.4583  EHBOND  =         0.0000  RESTRAINT  =         0.0000
 DV/DL  =       322.9481
 ------------------------------------------------------------------------------


| TI region  2


 NSTEP =   125000   TIME(PS) =     125.000  TEMP(K) =   194.67  PRESS =     0.0
 Etot   =    -36177.1247  EKtot   =      6623.3594  EPtot      =    -42800.4841
 BOND   =      6285.6569  ANGLE   =         6.8227  DIHED      =         0.0000
 1-4 NB =         0.0000  1-4 EEL =         0.0000  VDWAALS    =     10033.4947
 EELEC  =    -59126.4583  EHBOND  =         0.0000  RESTRAINT  =         0.0000
 DV/DL  =       322.9481
 ------------------------------------------------------------------------------

 NMR restraints: Bond =    0.000   Angle =     0.000   Torsion =     0.000
===============================================================================

| TI region  1


 NSTEP =   130000   TIME(PS) =     130.000  TEMP(K) =   204.77  PRESS =     0.0
 Etot   =    -35531.4299  EKtot   =      6966.8856  EPtot      =    -42498.3156
 BOND   =      6323.8232  ANGLE   =         7.7229  DIHED      =         0.0000
 1-4 NB =         0.0000  1-4 EEL =         0.0000  VDWAALS    =      9790.1539
 EELEC  =    -58620.0156  EHBOND  =         0.0000  RESTRAINT  =         0.0000
 DV/DL  =       341.9325
 ------------------------------------------------------------------------------


| TI region  2


 NSTEP =   130000   TIME(PS) =     130.000  TEMP(K) =   204.77  PRESS =     0.0
 Etot   =    -35531.4979  EKtot   =      6966.8177  EPtot      =    -42498.3156
 BOND   =      6323.8232  ANGLE   =         7.7229  DIHED      =         0.0000
 1-4 NB =         0.0000  1-4 EEL =         0.0000  VDWAALS    =      9790.1539
 EELEC  =    -58620.0156  EHBOND  =         0.0000  RESTRAINT  =         0.0000
 DV/DL  =       341.9325
 ------------------------------------------------------------------------------

 NMR restraints: Bond =    0.000   Angle =     0.000   Torsion =     0.000
===============================================================================

| TI region  1


 NSTEP =   135000   TIME(PS) =     135.000  TEMP(K) =   213.01  PRESS =     0.0
 Etot   =    -34867.7378  EKtot   =      7247.1337  EPtot      =    -42114.8715
 BOND   =      6466.8636  ANGLE   =         9.0679  DIHED      =         0.0000
 1-4 NB =         0.0000  1-4 EEL =         0.0000  VDWAALS    =      9704.9714
 EELEC  =    -58295.7744  EHBOND  =         0.0000  RESTRAINT  =         0.0000
 DV/DL  =       325.2442
 ------------------------------------------------------------------------------


| TI region  2


 NSTEP =   135000   TIME(PS) =     135.000  TEMP(K) =   213.01  PRESS =     0.0
 Etot   =    -34867.7699  EKtot   =      7247.1016  EPtot      =    -42114.8715
 BOND   =      6466.8636  ANGLE   =         9.0679  DIHED      =         0.0000
 1-4 NB =         0.0000  1-4 EEL =         0.0000  VDWAALS    =      9704.9714
 EELEC  =    -58295.7744  EHBOND  =         0.0000  RESTRAINT  =         0.0000
 DV/DL  =       325.2442
 ------------------------------------------------------------------------------

 NMR restraints: Bond =    0.000   Angle =     0.000   Torsion =     0.000
===============================================================================

| TI region  1


 NSTEP =   140000   TIME(PS) =     140.000  TEMP(K) =   219.94  PRESS =     0.0
 Etot   =    -34326.9221  EKtot   =      7483.1008  EPtot      =    -41810.0229
 BOND   =      6520.2005  ANGLE   =         7.6507  DIHED      =         0.0000
 1-4 NB =         0.0000  1-4 EEL =         0.0000  VDWAALS    =      9721.5628
 EELEC  =    -58059.4368  EHBOND  =         0.0000  RESTRAINT  =         0.0000
 DV/DL  =       301.4100
 ------------------------------------------------------------------------------


| TI region  2


 NSTEP =   140000   TIME(PS) =     140.000  TEMP(K) =   219.95  PRESS =     0.0
 Etot   =    -34326.7875  EKtot   =      7483.2354  EPtot      =    -41810.0229
 BOND   =      6520.2005  ANGLE   =         7.6507  DIHED      =         0.0000
 1-4 NB =         0.0000  1-4 EEL =         0.0000  VDWAALS    =      9721.5628
 EELEC  =    -58059.4368  EHBOND  =         0.0000  RESTRAINT  =         0.0000
 DV/DL  =       301.4100
 ------------------------------------------------------------------------------

 NMR restraints: Bond =    0.000   Angle =     0.000   Torsion =     0.000
===============================================================================

| TI region  1


 NSTEP =   145000   TIME(PS) =     145.000  TEMP(K) =   227.10  PRESS =     0.0
 Etot   =    -33676.8893  EKtot   =      7726.7179  EPtot      =    -41403.6072
 BOND   =      6605.9443  ANGLE   =         8.4190  DIHED      =         0.0000
 1-4 NB =         0.0000  1-4 EEL =         0.0000  VDWAALS    =      9453.0639
 EELEC  =    -57471.0344  EHBOND  =         0.0000  RESTRAINT  =         0.0000
 DV/DL  =       338.9773
 ------------------------------------------------------------------------------


| TI region  2


 NSTEP =   145000   TIME(PS) =     145.000  TEMP(K) =   227.11  PRESS =     0.0
 Etot   =    -33676.8776  EKtot   =      7726.7296  EPtot      =    -41403.6072
 BOND   =      6605.9443  ANGLE   =         8.4190  DIHED      =         0.0000
 1-4 NB =         0.0000  1-4 EEL =         0.0000  VDWAALS    =      9453.0639
 EELEC  =    -57471.0344  EHBOND  =         0.0000  RESTRAINT  =         0.0000
 DV/DL  =       338.9773
 ------------------------------------------------------------------------------

 NMR restraints: Bond =    0.000   Angle =     0.000   Torsion =     0.000
===============================================================================

| TI region  1


 NSTEP =   150000   TIME(PS) =     150.000  TEMP(K) =   236.15  PRESS =     0.0
 Etot   =    -32856.6378  EKtot   =      8034.4835  EPtot      =    -40891.1212
 BOND   =      6631.1556  ANGLE   =         7.0943  DIHED      =         0.0000
 1-4 NB =         0.0000  1-4 EEL =         0.0000  VDWAALS    =      9271.5906
 EELEC  =    -56800.9617  EHBOND  =         0.0000  RESTRAINT  =         0.0000
 DV/DL  =       292.0958
 ------------------------------------------------------------------------------


| TI region  2


 NSTEP =   150000   TIME(PS) =     150.000  TEMP(K) =   236.15  PRESS =     0.0
 Etot   =    -32856.6081  EKtot   =      8034.5131  EPtot      =    -40891.1212
 BOND   =      6631.1556  ANGLE   =         7.0943  DIHED      =         0.0000
 1-4 NB =         0.0000  1-4 EEL =         0.0000  VDWAALS    =      9271.5906
 EELEC  =    -56800.9617  EHBOND  =         0.0000  RESTRAINT  =         0.0000
 DV/DL  =       292.0958
 ------------------------------------------------------------------------------

 NMR restraints: Bond =    0.000   Angle =     0.000   Torsion =     0.000
===============================================================================

| TI region  1


 NSTEP =   155000   TIME(PS) =     155.000  TEMP(K) =   244.42  PRESS =     0.0
 Etot   =    -31834.9584  EKtot   =      8315.9136  EPtot      =    -40150.8720
 BOND   =      6761.9453  ANGLE   =         9.1973  DIHED      =         0.0000
 1-4 NB =         0.0000  1-4 EEL =         0.0000  VDWAALS    =      9022.3440
 EELEC  =    -55944.3586  EHBOND  =         0.0000  RESTRAINT  =         0.0000
 DV/DL  =       317.4341
 ------------------------------------------------------------------------------


| TI region  2


 NSTEP =   155000   TIME(PS) =     155.000  TEMP(K) =   244.42  PRESS =     0.0
 Etot   =    -31834.9834  EKtot   =      8315.8886  EPtot      =    -40150.8720
 BOND   =      6761.9453  ANGLE   =         9.1973  DIHED      =         0.0000
 1-4 NB =         0.0000  1-4 EEL =         0.0000  VDWAALS    =      9022.3440
 EELEC  =    -55944.3586  EHBOND  =         0.0000  RESTRAINT  =         0.0000
 DV/DL  =       317.4341
 ------------------------------------------------------------------------------

 NMR restraints: Bond =    0.000   Angle =     0.000   Torsion =     0.000
===============================================================================

| TI region  1


 NSTEP =   160000   TIME(PS) =     160.000  TEMP(K) =   252.70  PRESS =     0.0
 Etot   =    -30832.1705  EKtot   =      8597.6526  EPtot      =    -39429.8231
 BOND   =      6870.0768  ANGLE   =         6.8104  DIHED      =         0.0000
 1-4 NB =         0.0000  1-4 EEL =         0.0000  VDWAALS    =      8575.9419
 EELEC  =    -54882.6522  EHBOND  =         0.0000  RESTRAINT  =         0.0000
 DV/DL  =       333.7802
 ------------------------------------------------------------------------------


| TI region  2


 NSTEP =   160000   TIME(PS) =     160.000  TEMP(K) =   252.70  PRESS =     0.0
 Etot   =    -30832.1647  EKtot   =      8597.6584  EPtot      =    -39429.8231
 BOND   =      6870.0768  ANGLE   =         6.8104  DIHED      =         0.0000
 1-4 NB =         0.0000  1-4 EEL =         0.0000  VDWAALS    =      8575.9419
 EELEC  =    -54882.6522  EHBOND  =         0.0000  RESTRAINT  =         0.0000
 DV/DL  =       333.7802
 ------------------------------------------------------------------------------

 NMR restraints: Bond =    0.000   Angle =     0.000   Torsion =     0.000
===============================================================================

| TI region  1


 NSTEP =   165000   TIME(PS) =     165.000  TEMP(K) =   260.76  PRESS =     0.0
 Etot   =    -30195.5561  EKtot   =      8871.9009  EPtot      =    -39067.4570
 BOND   =      6882.7613  ANGLE   =         6.4301  DIHED      =         0.0000
 1-4 NB =         0.0000  1-4 EEL =         0.0000  VDWAALS    =      8636.2183
 EELEC  =    -54592.8667  EHBOND  =         0.0000  RESTRAINT  =         0.0000
 DV/DL  =       321.4655
 ------------------------------------------------------------------------------


| TI region  2


 NSTEP =   165000   TIME(PS) =     165.000  TEMP(K) =   260.76  PRESS =     0.0
 Etot   =    -30195.7105  EKtot   =      8871.7465  EPtot      =    -39067.4570
 BOND   =      6882.7613  ANGLE   =         6.4301  DIHED      =         0.0000
 1-4 NB =         0.0000  1-4 EEL =         0.0000  VDWAALS    =      8636.2183
 EELEC  =    -54592.8667  EHBOND  =         0.0000  RESTRAINT  =         0.0000
 DV/DL  =       321.4655
 ------------------------------------------------------------------------------

 NMR restraints: Bond =    0.000   Angle =     0.000   Torsion =     0.000
===============================================================================

| TI region  1


 NSTEP =   170000   TIME(PS) =     170.000  TEMP(K) =   268.33  PRESS =     0.0
 Etot   =    -29273.5188  EKtot   =      9129.4194  EPtot      =    -38402.9382
 BOND   =      6873.3565  ANGLE   =         7.0369  DIHED      =         0.0000
 1-4 NB =         0.0000  1-4 EEL =         0.0000  VDWAALS    =      8266.7829
 EELEC  =    -53550.1145  EHBOND  =         0.0000  RESTRAINT  =         0.0000
 DV/DL  =       326.2216
 ------------------------------------------------------------------------------


| TI region  2


 NSTEP =   170000   TIME(PS) =     170.000  TEMP(K) =   268.33  PRESS =     0.0
 Etot   =    -29273.5236  EKtot   =      9129.4145  EPtot      =    -38402.9382
 BOND   =      6873.3565  ANGLE   =         7.0369  DIHED      =         0.0000
 1-4 NB =         0.0000  1-4 EEL =         0.0000  VDWAALS    =      8266.7829
 EELEC  =    -53550.1145  EHBOND  =         0.0000  RESTRAINT  =         0.0000
 DV/DL  =       326.2216
 ------------------------------------------------------------------------------

 NMR restraints: Bond =    0.000   Angle =     0.000   Torsion =     0.000
===============================================================================

| TI region  1


 NSTEP =   175000   TIME(PS) =     175.000  TEMP(K) =   272.01  PRESS =     0.0
 Etot   =    -28514.8881  EKtot   =      9254.6234  EPtot      =    -37769.5115
 BOND   =      6913.5685  ANGLE   =         6.9245  DIHED      =         0.0000
 1-4 NB =         0.0000  1-4 EEL =         0.0000  VDWAALS    =      8011.3631
 EELEC  =    -52701.3676  EHBOND  =         0.0000  RESTRAINT  =         0.0000
 DV/DL  =       347.7912
 ------------------------------------------------------------------------------


| TI region  2


 NSTEP =   175000   TIME(PS) =     175.000  TEMP(K) =   272.01  PRESS =     0.0
 Etot   =    -28514.9989  EKtot   =      9254.5126  EPtot      =    -37769.5115
 BOND   =      6913.5685  ANGLE   =         6.9245  DIHED      =         0.0000
 1-4 NB =         0.0000  1-4 EEL =         0.0000  VDWAALS    =      8011.3631
 EELEC  =    -52701.3676  EHBOND  =         0.0000  RESTRAINT  =         0.0000
 DV/DL  =       347.7912
 ------------------------------------------------------------------------------

 NMR restraints: Bond =    0.000   Angle =     0.000   Torsion =     0.000
===============================================================================

| TI region  1


 NSTEP =   180000   TIME(PS) =     180.000  TEMP(K) =   281.43  PRESS =     0.0
 Etot   =    -27415.4950  EKtot   =      9574.9953  EPtot      =    -36990.4903
 BOND   =      6942.2718  ANGLE   =         7.6989  DIHED      =         0.0000
 1-4 NB =         0.0000  1-4 EEL =         0.0000  VDWAALS    =      7660.1404
 EELEC  =    -51600.6014  EHBOND  =         0.0000  RESTRAINT  =         0.0000
 DV/DL  =       333.0497
 ------------------------------------------------------------------------------


| TI region  2


 NSTEP =   180000   TIME(PS) =     180.000  TEMP(K) =   281.43  PRESS =     0.0
 Etot   =    -27415.3336  EKtot   =      9575.1567  EPtot      =    -36990.4903
 BOND   =      6942.2718  ANGLE   =         7.6989  DIHED      =         0.0000
 1-4 NB =         0.0000  1-4 EEL =         0.0000  VDWAALS    =      7660.1404
 EELEC  =    -51600.6014  EHBOND  =         0.0000  RESTRAINT  =         0.0000
 DV/DL  =       333.0497
 ------------------------------------------------------------------------------

 NMR restraints: Bond =    0.000   Angle =     0.000   Torsion =     0.000
===============================================================================

| TI region  1


 NSTEP =   185000   TIME(PS) =     185.000  TEMP(K) =   293.97  PRESS =     0.0
 Etot   =    -26394.9366  EKtot   =     10001.5599  EPtot      =    -36396.4965
 BOND   =      7153.0512  ANGLE   =         7.6195  DIHED      =         0.0000
 1-4 NB =         0.0000  1-4 EEL =         0.0000  VDWAALS    =      7842.1833
 EELEC  =    -51399.3504  EHBOND  =         0.0000  RESTRAINT  =         0.0000
 DV/DL  =       332.8767
 ------------------------------------------------------------------------------


| TI region  2


 NSTEP =   185000   TIME(PS) =     185.000  TEMP(K) =   293.97  PRESS =     0.0
 Etot   =    -26394.9793  EKtot   =     10001.5172  EPtot      =    -36396.4965
 BOND   =      7153.0512  ANGLE   =         7.6195  DIHED      =         0.0000
 1-4 NB =         0.0000  1-4 EEL =         0.0000  VDWAALS    =      7842.1833
 EELEC  =    -51399.3504  EHBOND  =         0.0000  RESTRAINT  =         0.0000
 DV/DL  =       332.8767
 ------------------------------------------------------------------------------

 NMR restraints: Bond =    0.000   Angle =     0.000   Torsion =     0.000
===============================================================================

| TI region  1


 NSTEP =   190000   TIME(PS) =     190.000  TEMP(K) =   297.62  PRESS =     0.0
 Etot   =    -25877.0260  EKtot   =     10125.6992  EPtot      =    -36002.7251
 BOND   =      7062.4912  ANGLE   =         8.2110  DIHED      =         0.0000
 1-4 NB =         0.0000  1-4 EEL =         0.0000  VDWAALS    =      7431.9745
 EELEC  =    -50505.4018  EHBOND  =         0.0000  RESTRAINT  =         0.0000
 DV/DL  =       323.8640
 ------------------------------------------------------------------------------


| TI region  2


 NSTEP =   190000   TIME(PS) =     190.000  TEMP(K) =   297.61  PRESS =     0.0
 Etot   =    -25877.2468  EKtot   =     10125.4783  EPtot      =    -36002.7251
 BOND   =      7062.4912  ANGLE   =         8.2110  DIHED      =         0.0000
 1-4 NB =         0.0000  1-4 EEL =         0.0000  VDWAALS    =      7431.9745
 EELEC  =    -50505.4018  EHBOND  =         0.0000  RESTRAINT  =         0.0000
 DV/DL  =       323.8640
 ------------------------------------------------------------------------------

 NMR restraints: Bond =    0.000   Angle =     0.000   Torsion =     0.000
===============================================================================

| TI region  1


 NSTEP =   195000   TIME(PS) =     195.000  TEMP(K) =   298.18  PRESS =     0.0
 Etot   =    -25884.7434  EKtot   =     10144.9744  EPtot      =    -36029.7178
 BOND   =      7010.6122  ANGLE   =         8.1407  DIHED      =         0.0000
 1-4 NB =         0.0000  1-4 EEL =         0.0000  VDWAALS    =      7479.8614
 EELEC  =    -50528.3321  EHBOND  =         0.0000  RESTRAINT  =         0.0000
 DV/DL  =       342.8633
 ------------------------------------------------------------------------------


| TI region  2


 NSTEP =   195000   TIME(PS) =     195.000  TEMP(K) =   298.18  PRESS =     0.0
 Etot   =    -25884.6684  EKtot   =     10145.0493  EPtot      =    -36029.7178
 BOND   =      7010.6122  ANGLE   =         8.1407  DIHED      =         0.0000
 1-4 NB =         0.0000  1-4 EEL =         0.0000  VDWAALS    =      7479.8614
 EELEC  =    -50528.3321  EHBOND  =         0.0000  RESTRAINT  =         0.0000
 DV/DL  =       342.8633
 ------------------------------------------------------------------------------

 NMR restraints: Bond =    0.000   Angle =     0.000   Torsion =     0.000
===============================================================================

| TI region  1


 NSTEP =   200000   TIME(PS) =     200.000  TEMP(K) =   300.82  PRESS =     0.0
 Etot   =    -25678.3396  EKtot   =     10234.7747  EPtot      =    -35913.1143
 BOND   =      7047.1434  ANGLE   =         7.6853  DIHED      =         0.0000
 1-4 NB =         0.0000  1-4 EEL =         0.0000  VDWAALS    =      7460.4014
 EELEC  =    -50428.3445  EHBOND  =         0.0000  RESTRAINT  =         0.0000
 DV/DL  =       360.5312
 ------------------------------------------------------------------------------


| TI region  2


 NSTEP =   200000   TIME(PS) =     200.000  TEMP(K) =   300.82  PRESS =     0.0
 Etot   =    -25678.3820  EKtot   =     10234.7323  EPtot      =    -35913.1143
 BOND   =      7047.1434  ANGLE   =         7.6853  DIHED      =         0.0000
 1-4 NB =         0.0000  1-4 EEL =         0.0000  VDWAALS    =      7460.4014
 EELEC  =    -50428.3445  EHBOND  =         0.0000  RESTRAINT  =         0.0000
 DV/DL  =       360.5312
 ------------------------------------------------------------------------------

 NMR restraints: Bond =    0.000   Angle =     0.000   Torsion =     0.000
===============================================================================

| TI region  1


      A V E R A G E S   O V E R      40 S T E P S


 NSTEP =   200000   TIME(PS) =     200.000  TEMP(K) =   160.62  PRESS =     0.0
 Etot   =    -37890.5450  EKtot   =      5464.7173  EPtot      =    -43355.2623
 BOND   =      5817.8461  ANGLE   =         7.1542  DIHED      =         0.0000
 1-4 NB =         0.0000  1-4 EEL =         0.0000  VDWAALS    =      9771.1702
 EELEC  =    -58951.4328  EHBOND  =         0.0000  RESTRAINT  =         0.0000
 DV/DL  =       324.4181
 ------------------------------------------------------------------------------

 NMR restraints: Bond =    0.000   Angle =     0.000   Torsion =     0.000
===============================================================================

      R M S  F L U C T U A T I O N S


 NSTEP =   200000   TIME(PS) =     200.000  TEMP(K) =    90.02  PRESS =     0.0
 Etot   =      6941.4272  EKtot   =      3062.7203  EPtot      =      3917.8715
 BOND   =       947.2171  ANGLE   =         0.7540  DIHED      =         0.0000
 1-4 NB =         0.0000  1-4 EEL =         0.0000  VDWAALS    =      1096.6460
 EELEC  =      4120.1566  EHBOND  =         0.0000  RESTRAINT  =         0.0000
 DV/DL  =        14.8091
 ------------------------------------------------------------------------------


| TI region  2


      A V E R A G E S   O V E R      40 S T E P S


 NSTEP =   200000   TIME(PS) =     200.000  TEMP(K) =   160.62  PRESS =     0.0
 Etot   =    -37890.5469  EKtot   =      5464.7154  EPtot      =    -43355.2623
 BOND   =      5817.8461  ANGLE   =         7.1542  DIHED      =         0.0000
 1-4 NB =         0.0000  1-4 EEL =         0.0000  VDWAALS    =      9771.1702
 EELEC  =    -58951.4328  EHBOND  =         0.0000  RESTRAINT  =         0.0000
 DV/DL  =       324.4181
 ------------------------------------------------------------------------------

 NMR restraints: Bond =    0.000   Angle =     0.000   Torsion =     0.000
===============================================================================

      R M S  F L U C T U A T I O N S


 NSTEP =   200000   TIME(PS) =     200.000  TEMP(K) =    90.02  PRESS =     0.0
 Etot   =      6941.4163  EKtot   =      3062.7111  EPtot      =      3917.8715
 BOND   =       947.2171  ANGLE   =         0.7540  DIHED      =         0.0000
 1-4 NB =         0.0000  1-4 EEL =         0.0000  VDWAALS    =      1096.6460
 EELEC  =      4120.1566  EHBOND  =         0.0000  RESTRAINT  =         0.0000
 DV/DL  =        14.8091
 ------------------------------------------------------------------------------


      DV/DL, AVERAGES OVER      40 STEPS


 NSTEP =   200000   TIME(PS) =     200.000  TEMP(K) =    90.02  PRESS =     0.0
 Etot   =         0.0000  EKtot   =         0.0000  EPtot      =       324.4181
 BOND   =         0.0025  ANGLE   =        -0.0010  DIHED      =         0.0000
 1-4 NB =         0.0000  1-4 EEL =         0.0000  VDWAALS    =         0.0003
 EELEC  =       324.4164  EHBOND  =         0.0000  RESTRAINT  =         0.0000
 DV/DL  =       324.4181
 ------------------------------------------------------------------------------


 NMR restraints on final step:

--------------------------------------------------------------------------------
   5.  TIMINGS
--------------------------------------------------------------------------------

|  NonSetup CPU Time in Major Routines:
|
|     Routine           Sec        %
|     ------------------------------
|     Nonbond          35.60   44.28
|     Bond              0.00    0.00
|     Angle             0.00    0.00
|     Dihedral          0.00    0.00
|     Shake             0.00    0.00
|     RunMD            44.43   55.25
|     Other             0.38    0.47
|     ------------------------------
|     Total            80.41

|  PME Nonbond Pairlist CPU Time:
|
|     Routine              Sec        %
|     ---------------------------------
|     Set Up Cit           0.00    0.00
|     Build List           0.00    0.00
|     ---------------------------------
|     Total                0.00    0.00

|  PME Direct Force CPU Time:
|
|     Routine              Sec        %
|     ---------------------------------
|     NonBonded Calc       0.00    0.00
|     Exclude Masked       0.00    0.00
|     Other                0.26    0.32
|     ---------------------------------
|     Total                0.26    0.32

|  PME Reciprocal Force CPU Time:
|
|     Routine              Sec        %
|     ---------------------------------
|     1D bspline           0.00    0.00
|     Grid Charges         0.00    0.00
|     Scalar Sum           0.00    0.00
|     Gradient Sum         0.00    0.00
|     FFT                  0.00    0.00
|     ---------------------------------
|     Total                0.00    0.00

|  Final Performance Info:
|     -----------------------------------------------------
|     Average timings for last   50000 steps:
|     Elapsed(s) =      20.89 Per Step(ms) =       0.42
|         ns/day =     206.83   seconds/ns =     417.73
|
|     Average timings for all steps:
|     Elapsed(s) =      80.67 Per Step(ms) =       0.40
|         ns/day =     214.21   seconds/ns =     403.33
|     -----------------------------------------------------

|  Setup CPU time:            0.50 seconds
|  NonSetup CPU time:        80.41 seconds
|  Total CPU time:           80.91 seconds     0.02 hours

|  Setup wall time:           0    seconds
|  NonSetup wall time:       81    seconds
|  Total wall time:          81    seconds     0.02 hours
