
          -------------------------------------------------------
          Amber 20 PMEMD                              2020
          -------------------------------------------------------

| PMEMD implementation of SANDER, Release 18

|  Compiled date/time: Mon Apr 27 21:19:54 2020
| Run on 09/30/2020 at 18:14:49

|   Executable path: /opt/software/Amber/20-fosscuda-2019b/amber20/bin/pmemd.cuda
| Working directory: /mnt/ls15/scratch/users/songlin3/run/solvation_amber20/po4/two_step_tip3p_PO4/step1_po4_to_vdw/0.95206
|          Hostname: lac-084

  [-O]verwriting output

File Assignments:
|   MDIN: heat.in                                                               
|  MDOUT: heat.out                                                              
| INPCRD: min.rst                                                               
|   PARM: step1.prmtop                                                          
| RESTRT: heat.rst                                                              
|   REFC: min.rst                                                               
|  MDVEL: mdvel                                                                 
|   MDEN: mden                                                                  
|  MDCRD: heat.netcdf                                                           
| MDINFO: heat.mdinfo                                                           
|  MDFRC: mdfrc                                                                 


 Here is the input file:

nvt for free MD                                                                
 &cntrl                                                                        
  imin=0,                                                                      
  irest=0,                                                                     
  ntx=1,                                                                       
  ig=-1,                                                                       
  nstlim=100000,                                                               
  dt=0.002,                                                                    
  cut=10.0,                                                                    
  ntc=2,                                                                       
  ntf=2,                                                                       
  ntb=1,                                                                       
  ntt=3,                                                                       
  gamma_ln=2.0,                                                                
  tempi=0.0,                                                                   
  temp0=300.0,                                                                 
  ntpr=5000,                                                                   
  ntwr=5000,                                                                   
  ntwx=10000,                                                                  
  ntwv=0,                                                                      
  ioutfm=1,                                                                    
  iwrap=0,                                                                     
  nmropt=1,                                                                    
  ifsc = 0, icfe=1,                                                            
  clambda=0.95206,                                                             
  timask1=':1',                                                                
  timask2=':2', crgmask = ':2',                                                
/                                                                              
&wt TYPE='TEMP0', istep1=0, istep2=90000, value1=0.0, value2=300.0 /           
&wt TYPE='TEMP0', istep1=90001, istep2=100000, value1=300.0, value2=300.0 /    
&wt TYPE='DUMPFREQ', istep1=10000, /                                           
&wt TYPE='END', /                                                              


Note: ig = -1. Setting random seed to   807071 based on wallclock time in 
      microseconds.
| irandom = 1, using AMBER's internal random number generator (default).
 
|--------------------- INFORMATION ----------------------
| GPU (CUDA) Version of PMEMD in use: NVIDIA GPU IN USE.
|                    Version 18.0.0
| 
|                      03/25/2018
| 
| Implementation by:
|                    Ross C. Walker     (SDSC)
|                    Scott Le Grand     (nVIDIA)
| 
| Version 18 performance extensions by:
|                    David Cerutti     (Rutgers)
| 
| Precision model in use:
|      [SPFP] - Single Precision Forces, 64-bit Fixed Point
|               Accumulation. (Default)
| 
|--------------------------------------------------------
 
|----------------- CITATION INFORMATION -----------------
|
|    When publishing work that utilized the CUDA version
|    of AMBER, please cite the following in addition to
|    the regular AMBER citations:
|
|  - Romelia Salomon-Ferrer; Andreas W. Goetz; Duncan
|    Poole; Scott Le Grand; Ross C. Walker "Routine
|    microsecond molecular dynamics simulations with
|    AMBER - Part II: Particle Mesh Ewald", J. Chem.
|    Theory Comput., 2013, 9 (9), pp3878-3888,
|    DOI: 10.1021/ct400314y.
|
|  - Andreas W. Goetz; Mark J. Williamson; Dong Xu;
|    Duncan Poole; Scott Le Grand; Ross C. Walker
|    "Routine microsecond molecular dynamics simulations
|    with AMBER - Part I: Generalized Born", J. Chem.
|    Theory Comput., 2012, 8 (5), pp1542-1555.
|
|  - Scott Le Grand; Andreas W. Goetz; Ross C. Walker
|    "SPFP: Speed without compromise - a mixed precision
|    model for GPU accelerated molecular dynamics
|    simulations.", Comp. Phys. Comm., 2013, 184
|    pp374-380, DOI: 10.1016/j.cpc.2012.09.022
|
|    When publishing work that utilized the CUDA version
|    of TI, BAR, MBAR or FEP please cite the following 
|    publications in addition to the regular AMBER 
|    GPU citations:
|
|  - Daniel J. Mermelstein; Charles Lin; Gard Nelson; 
|    Rachael Kretsch; J. Andrew McCammon; Ross C. Walker
|    "Fast and Flexible GPU Accelerated Binding 
|    Free Energy Calculations within the AMBER Molecular
|    Dynamics Package" J. Comp. Chem., 2018,
|    DOI: 10.1002/jcc.25187
|
|  - Tai-Sung Lee; Yuan Hu; Brad Sherborne; Zhuyan Guo;
|    Darrin M. York
|    "Toward Fast and Accurate Binding Affinity Prediction with
|    pmemdGTI: An Efficient Implementation of GPU-Accelerated
|    Thermodynamic Integration"
|    J. Chem. Theory Comput., 2017, 13 (7), 3077
|
|
|--------------------------------------------------------
 
|------------------- GPU DEVICE INFO --------------------
|
|            CUDA_VISIBLE_DEVICES: 0
|   CUDA Capable Devices Detected:      1
|           CUDA Device ID in use:      0
|                CUDA Device Name: Tesla K80
|     CUDA Device Global Mem Size:  12206 MB
| CUDA Device Num Multiprocessors:     13
|           CUDA Device Core Freq:   0.82 GHz
|
|--------------------------------------------------------
 
 
| Conditional Compilation Defines Used:
| FFTW_FFT
| BINTRAJ
| MKL
| CUDA
| EMIL

| Largest sphere to fit in unit cell has radius =    22.455

| New format PARM file being parsed.
| Version =    1.000 Date = 09/30/20 Time = 15:28:49

| Note: 1-4 EEL scale factors are being read from the topology file.

| Note: 1-4 VDW scale factors are being read from the topology file.
| Duplicated    0 dihedrals

| Duplicated    0 dihedrals

--------------------------------------------------------------------------------
   1.  RESOURCE   USE: 
--------------------------------------------------------------------------------

 getting box info from netcdf restart file
 NATOM  =   11419 NTYPES =       4 NBONH =   11409 MBONA  =       8
 NTHETH =       0 MTHETA =      12 NPHIH =       0 MPHIA  =       0
 NHPARM =       0 NPARM  =       0 NNB   =   15234 NRES   =    3805
 NBONA  =       8 NTHETA =      12 NPHIA =       0 NUMBND =       3
 NUMANG =       1 NPTRA  =       0 NATYP =       4 NPHB   =       1
 IFBOX  =       2 NMXRS  =       5 IFCAP =       0 NEXTRA =       0
 NCOPY  =       0

| Coordinate Index Table dimensions:     8    8    8
| Direct force subcell size =     6.8755    6.8755    6.8755

     BOX TYPE: TRUNCATED OCTAHEDRON

--------------------------------------------------------------------------------
   2.  CONTROL  DATA  FOR  THE  RUN
--------------------------------------------------------------------------------

default_name                                                                    

General flags:
     imin    =       0, nmropt  =       1

Nature and format of input:
     ntx     =       1, irest   =       0, ntrx    =       1

Nature and format of output:
     ntxo    =       2, ntpr    =    5000, ntrx    =       1, ntwr    =    5000
     iwrap   =       0, ntwx    =   10000, ntwv    =       0, ntwe    =       0
     ioutfm  =       1, ntwprt  =       0, idecomp =       0, rbornstat=      0

Potential function:
     ntf     =       2, ntb     =       1, igb     =       0, nsnb    =      25
     ipol    =       0, gbsa    =       0, iesp    =       0
     dielc   =   1.00000, cut     =  10.00000, intdiel =   1.00000

Frozen or restrained atoms:
     ibelly  =       0, ntr     =       0

Molecular dynamics:
     nstlim  =    100000, nscm    =      1000, nrespa  =         1
     t       =   0.00000, dt      =   0.00200, vlimit  =  -1.00000

Langevin dynamics temperature regulation:
     ig      =  807071
     temp0   = 300.00000, tempi   =   0.00000, gamma_ln=   2.00000

SHAKE:
     ntc     =       2, jfastw  =       0
     tol     =   0.00001

NMR refinement options:
     iscale  =       0, noeskp  =       1, ipnlty  =       1, mxsub   =       1
     scalm   = 100.00000, pencut  =   0.10000, tausw   =   0.10000

Free energy options:
     icfe    =       1, ifsc    =       0, klambda =       1
     clambda =  0.9521, scalpha =  0.5000, scbeta  = 12.0000
     sceeorder =       2
     dynlmb =  0.0000 logdvdl =       0

| Intermolecular bonds treatment:
|     no_intermolecular_bonds =       1

| Energy averages sample interval:
|     ene_avg_sampling =    5000

Ewald parameters:
     verbose =       0, ew_type =       0, nbflag  =       1, use_pme =       1
     vdwmeth =       1, eedmeth =       1, netfrc  =       1
     Box X =   55.004   Box Y =   55.004   Box Z =   55.004
     Alpha =  109.471   Beta  =  109.471   Gamma =  109.471
     NFFT1 =   56       NFFT2 =   56       NFFT3 =   56
     Cutoff=   10.000   Tol   =0.100E-04
     Ewald Coefficient =  0.27511
     Interpolation order =    4
     TI Mask 1 :1; matches      5 atoms
     TI Mask 2 :2; matches      5 atoms
     TI region 1:   11414 atoms
     TI region 2:   11414 atoms
Removing charge of       1.4352 from atom       6
Removing charge of      -1.1088 from atom       7
Removing charge of      -1.1088 from atom       8
Removing charge of      -1.1088 from atom       9
Removing charge of      -1.1088 from atom      10
Total charge of  -2.99999999 removed from       5 atoms
     Checking for mismatched coordinates.

--------------------------------------------------------------------------------
   3.  ATOMIC COORDINATES AND VELOCITIES
--------------------------------------------------------------------------------

default_name                                                                    
 begin time read from input coords =     0.000 ps



           Begin reading energy term weight changes/NMR restraints
 WEIGHT CHANGES:
 TEMP0         0  90000    0.000000  300.000000      0      0
 TEMP0     90001 100000  300.000000  300.000000      0      0
 DUMPFREQ  10000      0    0.000000    0.000000      0      0

 RESTRAINTS:
                          ** No restraint defined **

                  Done reading weight changes/NMR restraints


 
 Number of triangulated 3-point waters found:     3803

     Sum of charges for TI region  1 =  -2.99999999
     Skip neutralizing charges...


     Sum of charges for TI region  2 =   0.00000000
     Skip neutralizing charges...

| Dynamic Memory, Types Used:
| Reals              565983
| Integers           434108

| Nonbonded Pairs Initial Allocation:     3453962

| GPU memory information (estimate):
| KB of GPU memory in use:    101504
| KB of CPU memory in use:     24224

--------------------------------------------------------------------------------
   4.  RESULTS
--------------------------------------------------------------------------------


| TI region  1


 NSTEP =        0   TIME(PS) =       0.000  TEMP(K) =     0.00  PRESS =     0.0
 Etot   =    -34658.9094  EKtot   =         0.0000  EPtot      =    -34658.9094
 BOND   =         0.0003  ANGLE   =         6.2600  DIHED      =         0.0000
 1-4 NB =         0.0000  1-4 EEL =         0.0000  VDWAALS    =      2539.5447
 EELEC  =    -37204.7144  EHBOND  =         0.0000  RESTRAINT  =         0.0000
 DV/DL  =        99.4722
 ------------------------------------------------------------------------------


| TI region  2


 NSTEP =        0   TIME(PS) =       0.000  TEMP(K) =     0.00  PRESS =     0.0
 Etot   =    -34658.9094  EKtot   =         0.0000  EPtot      =    -34658.9094
 BOND   =         0.0003  ANGLE   =         6.2600  DIHED      =         0.0000
 1-4 NB =         0.0000  1-4 EEL =         0.0000  VDWAALS    =      2539.5447
 EELEC  =    -37204.7144  EHBOND  =         0.0000  RESTRAINT  =         0.0000
 DV/DL  =        99.4722
 ------------------------------------------------------------------------------

 NMR restraints: Bond =    0.000   Angle =     0.000   Torsion =     0.000
===============================================================================

| TI region  1


 NSTEP =     5000   TIME(PS) =      10.000  TEMP(K) =    15.96  PRESS =     0.0
 Etot   =    -44602.3008  EKtot   =       362.0585  EPtot      =    -44964.3593
 BOND   =         0.0864  ANGLE   =         6.3623  DIHED      =         0.0000
 1-4 NB =         0.0000  1-4 EEL =         0.0000  VDWAALS    =      8113.0314
 EELEC  =    -53083.8393  EHBOND  =         0.0000  RESTRAINT  =         0.0000
 DV/DL  =       196.8841
 ------------------------------------------------------------------------------


| TI region  2


 NSTEP =     5000   TIME(PS) =      10.000  TEMP(K) =    15.96  PRESS =     0.0
 Etot   =    -44602.3008  EKtot   =       362.0585  EPtot      =    -44964.3593
 BOND   =         0.0864  ANGLE   =         6.3623  DIHED      =         0.0000
 1-4 NB =         0.0000  1-4 EEL =         0.0000  VDWAALS    =      8113.0314
 EELEC  =    -53083.8393  EHBOND  =         0.0000  RESTRAINT  =         0.0000
 DV/DL  =       196.8841
 ------------------------------------------------------------------------------

 NMR restraints: Bond =    0.000   Angle =     0.000   Torsion =     0.000
===============================================================================

| TI region  1


 NSTEP =    10000   TIME(PS) =      20.000  TEMP(K) =    32.57  PRESS =     0.0
 Etot   =    -43950.5533  EKtot   =       738.8365  EPtot      =    -44689.3897
 BOND   =         0.0567  ANGLE   =         6.3339  DIHED      =         0.0000
 1-4 NB =         0.0000  1-4 EEL =         0.0000  VDWAALS    =      8068.5685
 EELEC  =    -52764.3489  EHBOND  =         0.0000  RESTRAINT  =         0.0000
 DV/DL  =       183.5796
 ------------------------------------------------------------------------------


| TI region  2


 NSTEP =    10000   TIME(PS) =      20.000  TEMP(K) =    32.57  PRESS =     0.0
 Etot   =    -43950.5533  EKtot   =       738.8365  EPtot      =    -44689.3897
 BOND   =         0.0567  ANGLE   =         6.3339  DIHED      =         0.0000
 1-4 NB =         0.0000  1-4 EEL =         0.0000  VDWAALS    =      8068.5685
 EELEC  =    -52764.3489  EHBOND  =         0.0000  RESTRAINT  =         0.0000
 DV/DL  =       183.5796
 ------------------------------------------------------------------------------

 NMR restraints: Bond =    0.000   Angle =     0.000   Torsion =     0.000
===============================================================================

| TI region  1


 NSTEP =    15000   TIME(PS) =      30.000  TEMP(K) =    50.16  PRESS =     0.0
 Etot   =    -43295.8970  EKtot   =      1138.0646  EPtot      =    -44433.9616
 BOND   =         0.1429  ANGLE   =         6.5091  DIHED      =         0.0000
 1-4 NB =         0.0000  1-4 EEL =         0.0000  VDWAALS    =      8142.3502
 EELEC  =    -52582.9638  EHBOND  =         0.0000  RESTRAINT  =         0.0000
 DV/DL  =       222.3781
 ------------------------------------------------------------------------------


| TI region  2


 NSTEP =    15000   TIME(PS) =      30.000  TEMP(K) =    50.16  PRESS =     0.0
 Etot   =    -43295.8970  EKtot   =      1138.0646  EPtot      =    -44433.9616
 BOND   =         0.1429  ANGLE   =         6.5091  DIHED      =         0.0000
 1-4 NB =         0.0000  1-4 EEL =         0.0000  VDWAALS    =      8142.3502
 EELEC  =    -52582.9638  EHBOND  =         0.0000  RESTRAINT  =         0.0000
 DV/DL  =       222.3781
 ------------------------------------------------------------------------------

 NMR restraints: Bond =    0.000   Angle =     0.000   Torsion =     0.000
===============================================================================

| TI region  1


 NSTEP =    20000   TIME(PS) =      40.000  TEMP(K) =    66.09  PRESS =     0.0
 Etot   =    -42678.7847  EKtot   =      1499.4549  EPtot      =    -44178.2397
 BOND   =         0.4731  ANGLE   =         6.6047  DIHED      =         0.0000
 1-4 NB =         0.0000  1-4 EEL =         0.0000  VDWAALS    =      8130.5994
 EELEC  =    -52315.9168  EHBOND  =         0.0000  RESTRAINT  =         0.0000
 DV/DL  =       187.6805
 ------------------------------------------------------------------------------


| TI region  2


 NSTEP =    20000   TIME(PS) =      40.000  TEMP(K) =    66.09  PRESS =     0.0
 Etot   =    -42678.7847  EKtot   =      1499.4549  EPtot      =    -44178.2397
 BOND   =         0.4731  ANGLE   =         6.6047  DIHED      =         0.0000
 1-4 NB =         0.0000  1-4 EEL =         0.0000  VDWAALS    =      8130.5994
 EELEC  =    -52315.9168  EHBOND  =         0.0000  RESTRAINT  =         0.0000
 DV/DL  =       187.6805
 ------------------------------------------------------------------------------

 NMR restraints: Bond =    0.000   Angle =     0.000   Torsion =     0.000
===============================================================================

| TI region  1


 NSTEP =    25000   TIME(PS) =      50.000  TEMP(K) =    83.04  PRESS =     0.0
 Etot   =    -42064.1480  EKtot   =      1883.9876  EPtot      =    -43948.1355
 BOND   =         0.0393  ANGLE   =         6.8521  DIHED      =         0.0000
 1-4 NB =         0.0000  1-4 EEL =         0.0000  VDWAALS    =      8234.6197
 EELEC  =    -52189.6466  EHBOND  =         0.0000  RESTRAINT  =         0.0000
 DV/DL  =       169.5376
 ------------------------------------------------------------------------------


| TI region  2


 NSTEP =    25000   TIME(PS) =      50.000  TEMP(K) =    83.04  PRESS =     0.0
 Etot   =    -42064.1480  EKtot   =      1883.9876  EPtot      =    -43948.1355
 BOND   =         0.0393  ANGLE   =         6.8521  DIHED      =         0.0000
 1-4 NB =         0.0000  1-4 EEL =         0.0000  VDWAALS    =      8234.6197
 EELEC  =    -52189.6466  EHBOND  =         0.0000  RESTRAINT  =         0.0000
 DV/DL  =       169.5376
 ------------------------------------------------------------------------------

 NMR restraints: Bond =    0.000   Angle =     0.000   Torsion =     0.000
===============================================================================

| TI region  1


 NSTEP =    30000   TIME(PS) =      60.000  TEMP(K) =    99.85  PRESS =     0.0
 Etot   =    -41462.1529  EKtot   =      2265.2004  EPtot      =    -43727.3534
 BOND   =         0.4907  ANGLE   =         6.5131  DIHED      =         0.0000
 1-4 NB =         0.0000  1-4 EEL =         0.0000  VDWAALS    =      8362.1473
 EELEC  =    -52096.5044  EHBOND  =         0.0000  RESTRAINT  =         0.0000
 DV/DL  =       213.1786
 ------------------------------------------------------------------------------


| TI region  2


 NSTEP =    30000   TIME(PS) =      60.000  TEMP(K) =    99.85  PRESS =     0.0
 Etot   =    -41462.1529  EKtot   =      2265.2004  EPtot      =    -43727.3534
 BOND   =         0.4907  ANGLE   =         6.5131  DIHED      =         0.0000
 1-4 NB =         0.0000  1-4 EEL =         0.0000  VDWAALS    =      8362.1473
 EELEC  =    -52096.5044  EHBOND  =         0.0000  RESTRAINT  =         0.0000
 DV/DL  =       213.1786
 ------------------------------------------------------------------------------

 NMR restraints: Bond =    0.000   Angle =     0.000   Torsion =     0.000
===============================================================================

| TI region  1


 NSTEP =    35000   TIME(PS) =      70.000  TEMP(K) =   116.22  PRESS =     0.0
 Etot   =    -40733.2494  EKtot   =      2636.6498  EPtot      =    -43369.8992
 BOND   =         0.1422  ANGLE   =         6.3528  DIHED      =         0.0000
 1-4 NB =         0.0000  1-4 EEL =         0.0000  VDWAALS    =      8140.2753
 EELEC  =    -51516.6695  EHBOND  =         0.0000  RESTRAINT  =         0.0000
 DV/DL  =       183.6561
 ------------------------------------------------------------------------------


| TI region  2


 NSTEP =    35000   TIME(PS) =      70.000  TEMP(K) =   116.22  PRESS =     0.0
 Etot   =    -40733.2494  EKtot   =      2636.6498  EPtot      =    -43369.8992
 BOND   =         0.1422  ANGLE   =         6.3528  DIHED      =         0.0000
 1-4 NB =         0.0000  1-4 EEL =         0.0000  VDWAALS    =      8140.2753
 EELEC  =    -51516.6695  EHBOND  =         0.0000  RESTRAINT  =         0.0000
 DV/DL  =       183.6561
 ------------------------------------------------------------------------------

 NMR restraints: Bond =    0.000   Angle =     0.000   Torsion =     0.000
===============================================================================

| TI region  1


 NSTEP =    40000   TIME(PS) =      80.000  TEMP(K) =   132.37  PRESS =     0.0
 Etot   =    -39992.3557  EKtot   =      3002.9485  EPtot      =    -42995.3042
 BOND   =         1.1620  ANGLE   =         7.5161  DIHED      =         0.0000
 1-4 NB =         0.0000  1-4 EEL =         0.0000  VDWAALS    =      8120.2792
 EELEC  =    -51124.2615  EHBOND  =         0.0000  RESTRAINT  =         0.0000
 DV/DL  =       159.2428
 ------------------------------------------------------------------------------


| TI region  2


 NSTEP =    40000   TIME(PS) =      80.000  TEMP(K) =   132.37  PRESS =     0.0
 Etot   =    -39992.3557  EKtot   =      3002.9485  EPtot      =    -42995.3042
 BOND   =         1.1620  ANGLE   =         7.5161  DIHED      =         0.0000
 1-4 NB =         0.0000  1-4 EEL =         0.0000  VDWAALS    =      8120.2792
 EELEC  =    -51124.2615  EHBOND  =         0.0000  RESTRAINT  =         0.0000
 DV/DL  =       159.2428
 ------------------------------------------------------------------------------

 NMR restraints: Bond =    0.000   Angle =     0.000   Torsion =     0.000
===============================================================================

| TI region  1


 NSTEP =    45000   TIME(PS) =      90.000  TEMP(K) =   148.81  PRESS =     0.0
 Etot   =    -39312.2163  EKtot   =      3376.0282  EPtot      =    -42688.2445
 BOND   =         0.3512  ANGLE   =         6.5156  DIHED      =         0.0000
 1-4 NB =         0.0000  1-4 EEL =         0.0000  VDWAALS    =      7736.4617
 EELEC  =    -50431.5730  EHBOND  =         0.0000  RESTRAINT  =         0.0000
 DV/DL  =       151.1726
 ------------------------------------------------------------------------------


| TI region  2


 NSTEP =    45000   TIME(PS) =      90.000  TEMP(K) =   148.81  PRESS =     0.0
 Etot   =    -39312.2163  EKtot   =      3376.0282  EPtot      =    -42688.2445
 BOND   =         0.3512  ANGLE   =         6.5156  DIHED      =         0.0000
 1-4 NB =         0.0000  1-4 EEL =         0.0000  VDWAALS    =      7736.4617
 EELEC  =    -50431.5730  EHBOND  =         0.0000  RESTRAINT  =         0.0000
 DV/DL  =       151.1726
 ------------------------------------------------------------------------------

 NMR restraints: Bond =    0.000   Angle =     0.000   Torsion =     0.000
===============================================================================

| TI region  1


 NSTEP =    50000   TIME(PS) =     100.000  TEMP(K) =   167.97  PRESS =     0.0
 Etot   =    -38504.9671  EKtot   =      3810.7373  EPtot      =    -42315.7044
 BOND   =         0.5936  ANGLE   =         6.4751  DIHED      =         0.0000
 1-4 NB =         0.0000  1-4 EEL =         0.0000  VDWAALS    =      7584.7304
 EELEC  =    -49907.5035  EHBOND  =         0.0000  RESTRAINT  =         0.0000
 DV/DL  =       145.0319
 ------------------------------------------------------------------------------


| TI region  2


 NSTEP =    50000   TIME(PS) =     100.000  TEMP(K) =   167.97  PRESS =     0.0
 Etot   =    -38504.9671  EKtot   =      3810.7373  EPtot      =    -42315.7044
 BOND   =         0.5936  ANGLE   =         6.4751  DIHED      =         0.0000
 1-4 NB =         0.0000  1-4 EEL =         0.0000  VDWAALS    =      7584.7304
 EELEC  =    -49907.5035  EHBOND  =         0.0000  RESTRAINT  =         0.0000
 DV/DL  =       145.0319
 ------------------------------------------------------------------------------

 NMR restraints: Bond =    0.000   Angle =     0.000   Torsion =     0.000
===============================================================================

| TI region  1


 NSTEP =    55000   TIME(PS) =     110.000  TEMP(K) =   182.03  PRESS =     0.0
 Etot   =    -37752.3112  EKtot   =      4129.5649  EPtot      =    -41881.8760
 BOND   =         1.7201  ANGLE   =         6.4427  DIHED      =         0.0000
 1-4 NB =         0.0000  1-4 EEL =         0.0000  VDWAALS    =      7566.0032
 EELEC  =    -49456.0421  EHBOND  =         0.0000  RESTRAINT  =         0.0000
 DV/DL  =       160.6129
 ------------------------------------------------------------------------------


| TI region  2


 NSTEP =    55000   TIME(PS) =     110.000  TEMP(K) =   182.03  PRESS =     0.0
 Etot   =    -37752.3112  EKtot   =      4129.5649  EPtot      =    -41881.8760
 BOND   =         1.7201  ANGLE   =         6.4427  DIHED      =         0.0000
 1-4 NB =         0.0000  1-4 EEL =         0.0000  VDWAALS    =      7566.0032
 EELEC  =    -49456.0421  EHBOND  =         0.0000  RESTRAINT  =         0.0000
 DV/DL  =       160.6129
 ------------------------------------------------------------------------------

 NMR restraints: Bond =    0.000   Angle =     0.000   Torsion =     0.000
===============================================================================

| TI region  1


 NSTEP =    60000   TIME(PS) =     120.000  TEMP(K) =   199.16  PRESS =     0.0
 Etot   =    -36640.4205  EKtot   =      4518.2366  EPtot      =    -41158.6570
 BOND   =         1.2349  ANGLE   =         7.5387  DIHED      =         0.0000
 1-4 NB =         0.0000  1-4 EEL =         0.0000  VDWAALS    =      7235.6193
 EELEC  =    -48403.0499  EHBOND  =         0.0000  RESTRAINT  =         0.0000
 DV/DL  =       164.1369
 ------------------------------------------------------------------------------


| TI region  2


 NSTEP =    60000   TIME(PS) =     120.000  TEMP(K) =   199.16  PRESS =     0.0
 Etot   =    -36640.4205  EKtot   =      4518.2366  EPtot      =    -41158.6570
 BOND   =         1.2349  ANGLE   =         7.5387  DIHED      =         0.0000
 1-4 NB =         0.0000  1-4 EEL =         0.0000  VDWAALS    =      7235.6193
 EELEC  =    -48403.0499  EHBOND  =         0.0000  RESTRAINT  =         0.0000
 DV/DL  =       164.1369
 ------------------------------------------------------------------------------

 NMR restraints: Bond =    0.000   Angle =     0.000   Torsion =     0.000
===============================================================================

| TI region  1


 NSTEP =    65000   TIME(PS) =     130.000  TEMP(K) =   219.55  PRESS =     0.0
 Etot   =    -35367.2238  EKtot   =      4980.9223  EPtot      =    -40348.1460
 BOND   =         0.3467  ANGLE   =         8.5753  DIHED      =         0.0000
 1-4 NB =         0.0000  1-4 EEL =         0.0000  VDWAALS    =      6791.4942
 EELEC  =    -47148.5621  EHBOND  =         0.0000  RESTRAINT  =         0.0000
 DV/DL  =       131.7072
 ------------------------------------------------------------------------------


| TI region  2


 NSTEP =    65000   TIME(PS) =     130.000  TEMP(K) =   219.55  PRESS =     0.0
 Etot   =    -35367.2238  EKtot   =      4980.9223  EPtot      =    -40348.1460
 BOND   =         0.3467  ANGLE   =         8.5753  DIHED      =         0.0000
 1-4 NB =         0.0000  1-4 EEL =         0.0000  VDWAALS    =      6791.4942
 EELEC  =    -47148.5621  EHBOND  =         0.0000  RESTRAINT  =         0.0000
 DV/DL  =       131.7072
 ------------------------------------------------------------------------------

 NMR restraints: Bond =    0.000   Angle =     0.000   Torsion =     0.000
===============================================================================

| TI region  1


 NSTEP =    70000   TIME(PS) =     140.000  TEMP(K) =   232.03  PRESS =     0.0
 Etot   =    -34156.0121  EKtot   =      5263.9289  EPtot      =    -39419.9410
 BOND   =         0.4227  ANGLE   =         8.7089  DIHED      =         0.0000
 1-4 NB =         0.0000  1-4 EEL =         0.0000  VDWAALS    =      6338.4236
 EELEC  =    -45767.4962  EHBOND  =         0.0000  RESTRAINT  =         0.0000
 DV/DL  =       135.8560
 ------------------------------------------------------------------------------


| TI region  2


 NSTEP =    70000   TIME(PS) =     140.000  TEMP(K) =   232.03  PRESS =     0.0
 Etot   =    -34156.0121  EKtot   =      5263.9289  EPtot      =    -39419.9410
 BOND   =         0.4227  ANGLE   =         8.7089  DIHED      =         0.0000
 1-4 NB =         0.0000  1-4 EEL =         0.0000  VDWAALS    =      6338.4236
 EELEC  =    -45767.4962  EHBOND  =         0.0000  RESTRAINT  =         0.0000
 DV/DL  =       135.8560
 ------------------------------------------------------------------------------

 NMR restraints: Bond =    0.000   Angle =     0.000   Torsion =     0.000
===============================================================================

| TI region  1


 NSTEP =    75000   TIME(PS) =     150.000  TEMP(K) =   248.75  PRESS =     0.0
 Etot   =    -32529.8961  EKtot   =      5643.3582  EPtot      =    -38173.2544
 BOND   =         0.5952  ANGLE   =         7.1183  DIHED      =         0.0000
 1-4 NB =         0.0000  1-4 EEL =         0.0000  VDWAALS    =      5928.0450
 EELEC  =    -44109.0129  EHBOND  =         0.0000  RESTRAINT  =         0.0000
 DV/DL  =       135.5752
 ------------------------------------------------------------------------------


| TI region  2


 NSTEP =    75000   TIME(PS) =     150.000  TEMP(K) =   248.75  PRESS =     0.0
 Etot   =    -32529.8961  EKtot   =      5643.3582  EPtot      =    -38173.2544
 BOND   =         0.5952  ANGLE   =         7.1183  DIHED      =         0.0000
 1-4 NB =         0.0000  1-4 EEL =         0.0000  VDWAALS    =      5928.0450
 EELEC  =    -44109.0129  EHBOND  =         0.0000  RESTRAINT  =         0.0000
 DV/DL  =       135.5752
 ------------------------------------------------------------------------------

 NMR restraints: Bond =    0.000   Angle =     0.000   Torsion =     0.000
===============================================================================

| TI region  1


 NSTEP =    80000   TIME(PS) =     160.000  TEMP(K) =   267.12  PRESS =     0.0
 Etot   =    -31143.2456  EKtot   =      6060.1865  EPtot      =    -37203.4321
 BOND   =         1.4950  ANGLE   =         7.2895  DIHED      =         0.0000
 1-4 NB =         0.0000  1-4 EEL =         0.0000  VDWAALS    =      5593.7362
 EELEC  =    -42805.9528  EHBOND  =         0.0000  RESTRAINT  =         0.0000
 DV/DL  =       168.9714
 ------------------------------------------------------------------------------


| TI region  2


 NSTEP =    80000   TIME(PS) =     160.000  TEMP(K) =   267.12  PRESS =     0.0
 Etot   =    -31143.2456  EKtot   =      6060.1865  EPtot      =    -37203.4321
 BOND   =         1.4950  ANGLE   =         7.2895  DIHED      =         0.0000
 1-4 NB =         0.0000  1-4 EEL =         0.0000  VDWAALS    =      5593.7362
 EELEC  =    -42805.9528  EHBOND  =         0.0000  RESTRAINT  =         0.0000
 DV/DL  =       168.9714
 ------------------------------------------------------------------------------

 NMR restraints: Bond =    0.000   Angle =     0.000   Torsion =     0.000
===============================================================================

| TI region  1


 NSTEP =    85000   TIME(PS) =     170.000  TEMP(K) =   280.05  PRESS =     0.0
 Etot   =    -30218.4451  EKtot   =      6353.3349  EPtot      =    -36571.7799
 BOND   =         1.4163  ANGLE   =         7.0668  DIHED      =         0.0000
 1-4 NB =         0.0000  1-4 EEL =         0.0000  VDWAALS    =      5622.7855
 EELEC  =    -42203.0485  EHBOND  =         0.0000  RESTRAINT  =         0.0000
 DV/DL  =       179.5972
 ------------------------------------------------------------------------------


| TI region  2


 NSTEP =    85000   TIME(PS) =     170.000  TEMP(K) =   280.05  PRESS =     0.0
 Etot   =    -30218.4451  EKtot   =      6353.3349  EPtot      =    -36571.7799
 BOND   =         1.4163  ANGLE   =         7.0668  DIHED      =         0.0000
 1-4 NB =         0.0000  1-4 EEL =         0.0000  VDWAALS    =      5622.7855
 EELEC  =    -42203.0485  EHBOND  =         0.0000  RESTRAINT  =         0.0000
 DV/DL  =       179.5972
 ------------------------------------------------------------------------------

 NMR restraints: Bond =    0.000   Angle =     0.000   Torsion =     0.000
===============================================================================

| TI region  1


 NSTEP =    90000   TIME(PS) =     180.000  TEMP(K) =   298.24  PRESS =     0.0
 Etot   =    -28679.8511  EKtot   =      6766.2126  EPtot      =    -35446.0637
 BOND   =         1.4834  ANGLE   =         6.7649  DIHED      =         0.0000
 1-4 NB =         0.0000  1-4 EEL =         0.0000  VDWAALS    =      5087.8202
 EELEC  =    -40542.1322  EHBOND  =         0.0000  RESTRAINT  =         0.0000
 DV/DL  =       177.0788
 ------------------------------------------------------------------------------


| TI region  2


 NSTEP =    90000   TIME(PS) =     180.000  TEMP(K) =   298.24  PRESS =     0.0
 Etot   =    -28679.8511  EKtot   =      6766.2126  EPtot      =    -35446.0637
 BOND   =         1.4834  ANGLE   =         6.7649  DIHED      =         0.0000
 1-4 NB =         0.0000  1-4 EEL =         0.0000  VDWAALS    =      5087.8202
 EELEC  =    -40542.1322  EHBOND  =         0.0000  RESTRAINT  =         0.0000
 DV/DL  =       177.0788
 ------------------------------------------------------------------------------

 NMR restraints: Bond =    0.000   Angle =     0.000   Torsion =     0.000
===============================================================================

| TI region  1


 NSTEP =    95000   TIME(PS) =     190.000  TEMP(K) =   297.70  PRESS =     0.0
 Etot   =    -28781.8999  EKtot   =      6753.9115  EPtot      =    -35535.8114
 BOND   =         0.9828  ANGLE   =         6.9747  DIHED      =         0.0000
 1-4 NB =         0.0000  1-4 EEL =         0.0000  VDWAALS    =      5248.5801
 EELEC  =    -40792.3490  EHBOND  =         0.0000  RESTRAINT  =         0.0000
 DV/DL  =       151.2862
 ------------------------------------------------------------------------------


| TI region  2


 NSTEP =    95000   TIME(PS) =     190.000  TEMP(K) =   297.70  PRESS =     0.0
 Etot   =    -28781.8999  EKtot   =      6753.9115  EPtot      =    -35535.8114
 BOND   =         0.9828  ANGLE   =         6.9747  DIHED      =         0.0000
 1-4 NB =         0.0000  1-4 EEL =         0.0000  VDWAALS    =      5248.5801
 EELEC  =    -40792.3490  EHBOND  =         0.0000  RESTRAINT  =         0.0000
 DV/DL  =       151.2862
 ------------------------------------------------------------------------------

 NMR restraints: Bond =    0.000   Angle =     0.000   Torsion =     0.000
===============================================================================

| TI region  1


 NSTEP =   100000   TIME(PS) =     200.000  TEMP(K) =   297.48  PRESS =     0.0
 Etot   =    -28651.1616  EKtot   =      6748.9595  EPtot      =    -35400.1210
 BOND   =         1.8731  ANGLE   =         8.4497  DIHED      =         0.0000
 1-4 NB =         0.0000  1-4 EEL =         0.0000  VDWAALS    =      5223.4732
 EELEC  =    -40633.9170  EHBOND  =         0.0000  RESTRAINT  =         0.0000
 DV/DL  =       164.6257
 ------------------------------------------------------------------------------


| TI region  2


 NSTEP =   100000   TIME(PS) =     200.000  TEMP(K) =   297.48  PRESS =     0.0
 Etot   =    -28651.1616  EKtot   =      6748.9595  EPtot      =    -35400.1210
 BOND   =         1.8731  ANGLE   =         8.4497  DIHED      =         0.0000
 1-4 NB =         0.0000  1-4 EEL =         0.0000  VDWAALS    =      5223.4732
 EELEC  =    -40633.9170  EHBOND  =         0.0000  RESTRAINT  =         0.0000
 DV/DL  =       164.6257
 ------------------------------------------------------------------------------

 NMR restraints: Bond =    0.000   Angle =     0.000   Torsion =     0.000
===============================================================================

| TI region  1


      A V E R A G E S   O V E R      20 S T E P S


 NSTEP =   100000   TIME(PS) =     200.000  TEMP(K) =   171.76  PRESS =     0.0
 Etot   =    -37025.8546  EKtot   =      3896.6291  EPtot      =    -40922.4837
 BOND   =         0.7554  ANGLE   =         7.0482  DIHED      =         0.0000
 1-4 NB =         0.0000  1-4 EEL =         0.0000  VDWAALS    =      7063.4522
 EELEC  =    -47993.7395  EHBOND  =         0.0000  RESTRAINT  =         0.0000
 DV/DL  =       169.0895
 ------------------------------------------------------------------------------

 NMR restraints: Bond =    0.000   Angle =     0.000   Torsion =     0.000
===============================================================================

      R M S  F L U C T U A T I O N S


 NSTEP =   100000   TIME(PS) =     200.000  TEMP(K) =    91.93  PRESS =     0.0
 Etot   =      5348.9497  EKtot   =      2085.4919  EPtot      =      3310.6636
 BOND   =         0.5909  ANGLE   =         0.7388  DIHED      =         0.0000
 1-4 NB =         0.0000  1-4 EEL =         0.0000  VDWAALS    =      1171.8151
 EELEC  =      4470.6332  EHBOND  =         0.0000  RESTRAINT  =         0.0000
 DV/DL  =        24.0348
 ------------------------------------------------------------------------------


| TI region  2


      A V E R A G E S   O V E R      20 S T E P S


 NSTEP =   100000   TIME(PS) =     200.000  TEMP(K) =   171.76  PRESS =     0.0
 Etot   =    -37025.8546  EKtot   =      3896.6291  EPtot      =    -40922.4837
 BOND   =         0.7554  ANGLE   =         7.0482  DIHED      =         0.0000
 1-4 NB =         0.0000  1-4 EEL =         0.0000  VDWAALS    =      7063.4522
 EELEC  =    -47993.7395  EHBOND  =         0.0000  RESTRAINT  =         0.0000
 DV/DL  =       169.0895
 ------------------------------------------------------------------------------

 NMR restraints: Bond =    0.000   Angle =     0.000   Torsion =     0.000
===============================================================================

      R M S  F L U C T U A T I O N S


 NSTEP =   100000   TIME(PS) =     200.000  TEMP(K) =    91.93  PRESS =     0.0
 Etot   =      5348.9497  EKtot   =      2085.4919  EPtot      =      3310.6636
 BOND   =         0.5909  ANGLE   =         0.7388  DIHED      =         0.0000
 1-4 NB =         0.0000  1-4 EEL =         0.0000  VDWAALS    =      1171.8151
 EELEC  =      4470.6332  EHBOND  =         0.0000  RESTRAINT  =         0.0000
 DV/DL  =        24.0348
 ------------------------------------------------------------------------------


      DV/DL, AVERAGES OVER      20 STEPS


 NSTEP =   100000   TIME(PS) =     200.000  TEMP(K) =    91.93  PRESS =     0.0
 Etot   =         0.0000  EKtot   =         0.0000  EPtot      =       169.0895
 BOND   =         0.0000  ANGLE   =         0.0000  DIHED      =         0.0000
 1-4 NB =         0.0000  1-4 EEL =         0.0000  VDWAALS    =         0.0000
 EELEC  =       169.0895  EHBOND  =         0.0000  RESTRAINT  =         0.0000
 DV/DL  =       169.0895
 ------------------------------------------------------------------------------


 NMR restraints on final step:

--------------------------------------------------------------------------------
   5.  TIMINGS
--------------------------------------------------------------------------------

|  NonSetup CPU Time in Major Routines:
|
|     Routine           Sec        %
|     ------------------------------
|     Nonbond          47.04   31.06
|     Bond              0.00    0.00
|     Angle             0.00    0.00
|     Dihedral          0.00    0.00
|     Shake             0.77    0.51
|     RunMD           103.07   68.05
|     Other             0.58    0.38
|     ------------------------------
|     Total           151.45

|  PME Nonbond Pairlist CPU Time:
|
|     Routine              Sec        %
|     ---------------------------------
|     Set Up Cit           0.00    0.00
|     Build List           0.00    0.00
|     ---------------------------------
|     Total                0.00    0.00

|  PME Direct Force CPU Time:
|
|     Routine              Sec        %
|     ---------------------------------
|     NonBonded Calc       0.00    0.00
|     Exclude Masked       0.00    0.00
|     Other                0.38    0.25
|     ---------------------------------
|     Total                0.38    0.25

|  PME Reciprocal Force CPU Time:
|
|     Routine              Sec        %
|     ---------------------------------
|     1D bspline           0.00    0.00
|     Grid Charges         0.00    0.00
|     Scalar Sum           0.00    0.00
|     Gradient Sum         0.00    0.00
|     FFT                  0.00    0.00
|     ---------------------------------
|     Total                0.00    0.00

|  Final Performance Info:
|     -----------------------------------------------------
|     Average timings for last   15000 steps:
|     Elapsed(s) =      23.78 Per Step(ms) =       1.59
|         ns/day =     109.00   seconds/ns =     792.64
|
|     Average timings for all steps:
|     Elapsed(s) =     151.60 Per Step(ms) =       1.52
|         ns/day =     113.98   seconds/ns =     758.02
|     -----------------------------------------------------

|  Setup CPU time:            0.99 seconds
|  NonSetup CPU time:       151.45 seconds
|  Total CPU time:          152.45 seconds     0.04 hours

|  Setup wall time:           1    seconds
|  NonSetup wall time:      151    seconds
|  Total wall time:         152    seconds     0.04 hours
