
          -------------------------------------------------------
          Amber 20 PMEMD                              2020
          -------------------------------------------------------

| PMEMD implementation of SANDER, Release 18

|  Compiled date/time: Mon Apr 27 21:19:54 2020
| Run on 10/06/2020 at 14:59:45

|   Executable path: /opt/software/Amber/20-fosscuda-2019b/amber20/bin/pmemd.cuda
| Working directory: /mnt/ls15/scratch/users/songlin3/run/solvation_amber20/po4/two_step_tip3p_PO4/step1_po4_to_vdw/0.56262
|          Hostname: nvl-003

  [-O]verwriting output

File Assignments:
|   MDIN: heat.in                                                               
|  MDOUT: heat.out                                                              
| INPCRD: min.rst                                                               
|   PARM: step1.prmtop                                                          
| RESTRT: heat.rst                                                              
|   REFC: min.rst                                                               
|  MDVEL: mdvel                                                                 
|   MDEN: mden                                                                  
|  MDCRD: heat.netcdf                                                           
| MDINFO: heat.mdinfo                                                           
|  MDFRC: mdfrc                                                                 


 Here is the input file:

nvt for free MD                                                                
 &cntrl                                                                        
  imin=0,                                                                      
  irest=0,                                                                     
  ntx=1,                                                                       
  ig=-1,                                                                       
  nstlim=200000,                                                               
  dt=0.001,                                                                    
  cut=10.0,                                                                    
  ntc=1,                                                                       
  ntf=1,                                                                       
  ntb=1,                                                                       
  ntt=3,                                                                       
  gamma_ln=2.0,                                                                
  tempi=0.0,                                                                   
  temp0=300.0,                                                                 
  ntpr=5000,                                                                   
  ntwr=5000,                                                                   
  ntwx=10000,                                                                  
  ntwv=0,                                                                      
  ioutfm=1,                                                                    
  iwrap=0,                                                                     
  nmropt=1,                                                                    
  ifsc = 0, icfe=1,                                                            
  clambda=0.56262,                                                             
  timask1=':1',                                                                
  timask2=':2', crgmask = ':2',                                                
/                                                                              
&wt TYPE='TEMP0', istep1=0, istep2=190000, value1=0.0, value2=300.0 /          
&wt TYPE='TEMP0', istep1=190001, istep2=200000, value1=300.0, value2=300.0 /   
&wt TYPE='DUMPFREQ', istep1=10000, /                                           
&wt TYPE='END', /                                                              


Note: ig = -1. Setting random seed to   938160 based on wallclock time in 
      microseconds.
| irandom = 1, using AMBER's internal random number generator (default).
 
|--------------------- INFORMATION ----------------------
| GPU (CUDA) Version of PMEMD in use: NVIDIA GPU IN USE.
|                    Version 18.0.0
| 
|                      03/25/2018
| 
| Implementation by:
|                    Ross C. Walker     (SDSC)
|                    Scott Le Grand     (nVIDIA)
| 
| Version 18 performance extensions by:
|                    David Cerutti     (Rutgers)
| 
| Precision model in use:
|      [SPFP] - Single Precision Forces, 64-bit Fixed Point
|               Accumulation. (Default)
| 
|--------------------------------------------------------
 
|----------------- CITATION INFORMATION -----------------
|
|    When publishing work that utilized the CUDA version
|    of AMBER, please cite the following in addition to
|    the regular AMBER citations:
|
|  - Romelia Salomon-Ferrer; Andreas W. Goetz; Duncan
|    Poole; Scott Le Grand; Ross C. Walker "Routine
|    microsecond molecular dynamics simulations with
|    AMBER - Part II: Particle Mesh Ewald", J. Chem.
|    Theory Comput., 2013, 9 (9), pp3878-3888,
|    DOI: 10.1021/ct400314y.
|
|  - Andreas W. Goetz; Mark J. Williamson; Dong Xu;
|    Duncan Poole; Scott Le Grand; Ross C. Walker
|    "Routine microsecond molecular dynamics simulations
|    with AMBER - Part I: Generalized Born", J. Chem.
|    Theory Comput., 2012, 8 (5), pp1542-1555.
|
|  - Scott Le Grand; Andreas W. Goetz; Ross C. Walker
|    "SPFP: Speed without compromise - a mixed precision
|    model for GPU accelerated molecular dynamics
|    simulations.", Comp. Phys. Comm., 2013, 184
|    pp374-380, DOI: 10.1016/j.cpc.2012.09.022
|
|    When publishing work that utilized the CUDA version
|    of TI, BAR, MBAR or FEP please cite the following 
|    publications in addition to the regular AMBER 
|    GPU citations:
|
|  - Daniel J. Mermelstein; Charles Lin; Gard Nelson; 
|    Rachael Kretsch; J. Andrew McCammon; Ross C. Walker
|    "Fast and Flexible GPU Accelerated Binding 
|    Free Energy Calculations within the AMBER Molecular
|    Dynamics Package" J. Comp. Chem., 2018,
|    DOI: 10.1002/jcc.25187
|
|  - Tai-Sung Lee; Yuan Hu; Brad Sherborne; Zhuyan Guo;
|    Darrin M. York
|    "Toward Fast and Accurate Binding Affinity Prediction with
|    pmemdGTI: An Efficient Implementation of GPU-Accelerated
|    Thermodynamic Integration"
|    J. Chem. Theory Comput., 2017, 13 (7), 3077
|
|
|--------------------------------------------------------
 
|------------------- GPU DEVICE INFO --------------------
|
|            CUDA_VISIBLE_DEVICES: 0
|   CUDA Capable Devices Detected:      1
|           CUDA Device ID in use:      0
|                CUDA Device Name: Tesla V100-SXM2-32GB
|     CUDA Device Global Mem Size:  32510 MB
| CUDA Device Num Multiprocessors:     80
|           CUDA Device Core Freq:   1.53 GHz
|
|--------------------------------------------------------
 
 
| Conditional Compilation Defines Used:
| FFTW_FFT
| BINTRAJ
| MKL
| CUDA
| EMIL

| Largest sphere to fit in unit cell has radius =    22.455

| New format PARM file being parsed.
| Version =    1.000 Date = 09/30/20 Time = 15:28:49

| Note: 1-4 EEL scale factors are being read from the topology file.

| Note: 1-4 VDW scale factors are being read from the topology file.
| Duplicated    0 dihedrals

| Duplicated    0 dihedrals

--------------------------------------------------------------------------------
   1.  RESOURCE   USE: 
--------------------------------------------------------------------------------

 getting box info from netcdf restart file
 NATOM  =   11419 NTYPES =       4 NBONH =   11409 MBONA  =       8
 NTHETH =       0 MTHETA =      12 NPHIH =       0 MPHIA  =       0
 NHPARM =       0 NPARM  =       0 NNB   =   15234 NRES   =    3805
 NBONA  =       8 NTHETA =      12 NPHIA =       0 NUMBND =       3
 NUMANG =       1 NPTRA  =       0 NATYP =       4 NPHB   =       1
 IFBOX  =       2 NMXRS  =       5 IFCAP =       0 NEXTRA =       0
 NCOPY  =       0

| Coordinate Index Table dimensions:     8    8    8
| Direct force subcell size =     6.8755    6.8755    6.8755

     BOX TYPE: TRUNCATED OCTAHEDRON

--------------------------------------------------------------------------------
   2.  CONTROL  DATA  FOR  THE  RUN
--------------------------------------------------------------------------------

default_name                                                                    

General flags:
     imin    =       0, nmropt  =       1

Nature and format of input:
     ntx     =       1, irest   =       0, ntrx    =       1

Nature and format of output:
     ntxo    =       2, ntpr    =    5000, ntrx    =       1, ntwr    =    5000
     iwrap   =       0, ntwx    =   10000, ntwv    =       0, ntwe    =       0
     ioutfm  =       1, ntwprt  =       0, idecomp =       0, rbornstat=      0

Potential function:
     ntf     =       1, ntb     =       1, igb     =       0, nsnb    =      25
     ipol    =       0, gbsa    =       0, iesp    =       0
     dielc   =   1.00000, cut     =  10.00000, intdiel =   1.00000

Frozen or restrained atoms:
     ibelly  =       0, ntr     =       0

Molecular dynamics:
     nstlim  =    200000, nscm    =      1000, nrespa  =         1
     t       =   0.00000, dt      =   0.00100, vlimit  =  -1.00000

Langevin dynamics temperature regulation:
     ig      =  938160
     temp0   = 300.00000, tempi   =   0.00000, gamma_ln=   2.00000

NMR refinement options:
     iscale  =       0, noeskp  =       1, ipnlty  =       1, mxsub   =       1
     scalm   = 100.00000, pencut  =   0.10000, tausw   =   0.10000

Free energy options:
     icfe    =       1, ifsc    =       0, klambda =       1
     clambda =  0.5626, scalpha =  0.5000, scbeta  = 12.0000
     sceeorder =       2
     dynlmb =  0.0000 logdvdl =       0

| Intermolecular bonds treatment:
|     no_intermolecular_bonds =       1

| Energy averages sample interval:
|     ene_avg_sampling =    5000

Ewald parameters:
     verbose =       0, ew_type =       0, nbflag  =       1, use_pme =       1
     vdwmeth =       1, eedmeth =       1, netfrc  =       1
     Box X =   55.004   Box Y =   55.004   Box Z =   55.004
     Alpha =  109.471   Beta  =  109.471   Gamma =  109.471
     NFFT1 =   56       NFFT2 =   56       NFFT3 =   56
     Cutoff=   10.000   Tol   =0.100E-04
     Ewald Coefficient =  0.27511
     Interpolation order =    4
     TI Mask 1 :1; matches      5 atoms
     TI Mask 2 :2; matches      5 atoms
     TI region 1:   11414 atoms
     TI region 2:   11414 atoms
Removing charge of       1.4352 from atom       6
Removing charge of      -1.1088 from atom       7
Removing charge of      -1.1088 from atom       8
Removing charge of      -1.1088 from atom       9
Removing charge of      -1.1088 from atom      10
Total charge of  -2.99999999 removed from       5 atoms
     Checking for mismatched coordinates.

--------------------------------------------------------------------------------
   3.  ATOMIC COORDINATES AND VELOCITIES
--------------------------------------------------------------------------------

default_name                                                                    
 begin time read from input coords =     0.000 ps



           Begin reading energy term weight changes/NMR restraints
 WEIGHT CHANGES:
 TEMP0         0 190000    0.000000  300.000000      0      0
 TEMP0    190001 200000  300.000000  300.000000      0      0
 DUMPFREQ  10000      0    0.000000    0.000000      0      0

 RESTRAINTS:
                          ** No restraint defined **

                  Done reading weight changes/NMR restraints


 
 Number of triangulated 3-point waters found:     3803

     Sum of charges for TI region  1 =  -2.99999999
     Skip neutralizing charges...


     Sum of charges for TI region  2 =   0.00000000
     Skip neutralizing charges...

| Dynamic Memory, Types Used:
| Reals              565983
| Integers           434108

| Nonbonded Pairs Initial Allocation:     3453962

| GPU memory information (estimate):
| KB of GPU memory in use:    104863
| KB of CPU memory in use:     27583

--------------------------------------------------------------------------------
   4.  RESULTS
--------------------------------------------------------------------------------


| TI region  1


 NSTEP =        0   TIME(PS) =       0.000  TEMP(K) =     0.00  PRESS =     0.0
 Etot   =    -48600.6508  EKtot   =         0.0000  EPtot      =    -48600.6508
 BOND   =      3890.5229  ANGLE   =         6.4351  DIHED      =         0.0000
 1-4 NB =         0.0000  1-4 EEL =         0.0000  VDWAALS    =     10324.3071
 EELEC  =    -62821.9158  EHBOND  =         0.0000  RESTRAINT  =         0.0000
 DV/DL  =       548.1160
 ------------------------------------------------------------------------------


| TI region  2


 NSTEP =        0   TIME(PS) =       0.000  TEMP(K) =     0.00  PRESS =     0.0
 Etot   =    -48600.6508  EKtot   =         0.0000  EPtot      =    -48600.6508
 BOND   =      3890.5229  ANGLE   =         6.4351  DIHED      =         0.0000
 1-4 NB =         0.0000  1-4 EEL =         0.0000  VDWAALS    =     10324.3071
 EELEC  =    -62821.9158  EHBOND  =         0.0000  RESTRAINT  =         0.0000
 DV/DL  =       548.1160
 ------------------------------------------------------------------------------

 NMR restraints: Bond =    0.000   Angle =     0.000   Torsion =     0.000
===============================================================================

| TI region  1


 NSTEP =     5000   TIME(PS) =       5.000  TEMP(K) =     7.31  PRESS =     0.0
 Etot   =    -48463.8576  EKtot   =       248.8318  EPtot      =    -48712.6893
 BOND   =      4052.2562  ANGLE   =         6.4045  DIHED      =         0.0000
 1-4 NB =         0.0000  1-4 EEL =         0.0000  VDWAALS    =     10645.6792
 EELEC  =    -63417.0293  EHBOND  =         0.0000  RESTRAINT  =         0.0000
 DV/DL  =       559.5588
 ------------------------------------------------------------------------------


| TI region  2


 NSTEP =     5000   TIME(PS) =       5.000  TEMP(K) =     7.31  PRESS =     0.0
 Etot   =    -48463.8579  EKtot   =       248.8314  EPtot      =    -48712.6893
 BOND   =      4052.2562  ANGLE   =         6.4045  DIHED      =         0.0000
 1-4 NB =         0.0000  1-4 EEL =         0.0000  VDWAALS    =     10645.6792
 EELEC  =    -63417.0293  EHBOND  =         0.0000  RESTRAINT  =         0.0000
 DV/DL  =       559.5588
 ------------------------------------------------------------------------------

 NMR restraints: Bond =    0.000   Angle =     0.000   Torsion =     0.000
===============================================================================

| TI region  1


 NSTEP =    10000   TIME(PS) =      10.000  TEMP(K) =    14.94  PRESS =     0.0
 Etot   =    -47999.5877  EKtot   =       508.4079  EPtot      =    -48507.9956
 BOND   =      4151.1805  ANGLE   =         6.3404  DIHED      =         0.0000
 1-4 NB =         0.0000  1-4 EEL =         0.0000  VDWAALS    =     10677.9216
 EELEC  =    -63343.4381  EHBOND  =         0.0000  RESTRAINT  =         0.0000
 DV/DL  =       553.2074
 ------------------------------------------------------------------------------


| TI region  2


 NSTEP =    10000   TIME(PS) =      10.000  TEMP(K) =    14.94  PRESS =     0.0
 Etot   =    -47999.5799  EKtot   =       508.4157  EPtot      =    -48507.9956
 BOND   =      4151.1805  ANGLE   =         6.3404  DIHED      =         0.0000
 1-4 NB =         0.0000  1-4 EEL =         0.0000  VDWAALS    =     10677.9216
 EELEC  =    -63343.4381  EHBOND  =         0.0000  RESTRAINT  =         0.0000
 DV/DL  =       553.2074
 ------------------------------------------------------------------------------

 NMR restraints: Bond =    0.000   Angle =     0.000   Torsion =     0.000
===============================================================================

| TI region  1


 NSTEP =    15000   TIME(PS) =      15.000  TEMP(K) =    22.88  PRESS =     0.0
 Etot   =    -47527.3063  EKtot   =       778.3311  EPtot      =    -48305.6374
 BOND   =      4293.0655  ANGLE   =         6.9064  DIHED      =         0.0000
 1-4 NB =         0.0000  1-4 EEL =         0.0000  VDWAALS    =     10693.9887
 EELEC  =    -63299.5980  EHBOND  =         0.0000  RESTRAINT  =         0.0000
 DV/DL  =       553.0440
 ------------------------------------------------------------------------------


| TI region  2


 NSTEP =    15000   TIME(PS) =      15.000  TEMP(K) =    22.88  PRESS =     0.0
 Etot   =    -47527.3112  EKtot   =       778.3262  EPtot      =    -48305.6374
 BOND   =      4293.0655  ANGLE   =         6.9064  DIHED      =         0.0000
 1-4 NB =         0.0000  1-4 EEL =         0.0000  VDWAALS    =     10693.9887
 EELEC  =    -63299.5980  EHBOND  =         0.0000  RESTRAINT  =         0.0000
 DV/DL  =       553.0440
 ------------------------------------------------------------------------------

 NMR restraints: Bond =    0.000   Angle =     0.000   Torsion =     0.000
===============================================================================

| TI region  1


 NSTEP =    20000   TIME(PS) =      20.000  TEMP(K) =    30.85  PRESS =     0.0
 Etot   =    -47073.4096  EKtot   =      1049.6284  EPtot      =    -48123.0380
 BOND   =      4359.4237  ANGLE   =         6.6552  DIHED      =         0.0000
 1-4 NB =         0.0000  1-4 EEL =         0.0000  VDWAALS    =     10689.5429
 EELEC  =    -63178.6598  EHBOND  =         0.0000  RESTRAINT  =         0.0000
 DV/DL  =       541.9396
 ------------------------------------------------------------------------------


| TI region  2


 NSTEP =    20000   TIME(PS) =      20.000  TEMP(K) =    30.85  PRESS =     0.0
 Etot   =    -47073.4173  EKtot   =      1049.6207  EPtot      =    -48123.0380
 BOND   =      4359.4237  ANGLE   =         6.6552  DIHED      =         0.0000
 1-4 NB =         0.0000  1-4 EEL =         0.0000  VDWAALS    =     10689.5429
 EELEC  =    -63178.6598  EHBOND  =         0.0000  RESTRAINT  =         0.0000
 DV/DL  =       541.9396
 ------------------------------------------------------------------------------

 NMR restraints: Bond =    0.000   Angle =     0.000   Torsion =     0.000
===============================================================================

| TI region  1


 NSTEP =    25000   TIME(PS) =      25.000  TEMP(K) =    39.27  PRESS =     0.0
 Etot   =    -46601.1427  EKtot   =      1336.1884  EPtot      =    -47937.3312
 BOND   =      4471.8790  ANGLE   =         6.4034  DIHED      =         0.0000
 1-4 NB =         0.0000  1-4 EEL =         0.0000  VDWAALS    =     10711.3452
 EELEC  =    -63126.9588  EHBOND  =         0.0000  RESTRAINT  =         0.0000
 DV/DL  =       554.1929
 ------------------------------------------------------------------------------


| TI region  2


 NSTEP =    25000   TIME(PS) =      25.000  TEMP(K) =    39.27  PRESS =     0.0
 Etot   =    -46601.1435  EKtot   =      1336.1876  EPtot      =    -47937.3312
 BOND   =      4471.8790  ANGLE   =         6.4034  DIHED      =         0.0000
 1-4 NB =         0.0000  1-4 EEL =         0.0000  VDWAALS    =     10711.3452
 EELEC  =    -63126.9588  EHBOND  =         0.0000  RESTRAINT  =         0.0000
 DV/DL  =       554.1929
 ------------------------------------------------------------------------------

 NMR restraints: Bond =    0.000   Angle =     0.000   Torsion =     0.000
===============================================================================

| TI region  1


 NSTEP =    30000   TIME(PS) =      30.000  TEMP(K) =    46.49  PRESS =     0.0
 Etot   =    -46135.9904  EKtot   =      1581.5837  EPtot      =    -47717.5741
 BOND   =      4572.1388  ANGLE   =         6.3707  DIHED      =         0.0000
 1-4 NB =         0.0000  1-4 EEL =         0.0000  VDWAALS    =     10746.4703
 EELEC  =    -63042.5538  EHBOND  =         0.0000  RESTRAINT  =         0.0000
 DV/DL  =       541.9635
 ------------------------------------------------------------------------------


| TI region  2


 NSTEP =    30000   TIME(PS) =      30.000  TEMP(K) =    46.49  PRESS =     0.0
 Etot   =    -46135.9885  EKtot   =      1581.5855  EPtot      =    -47717.5741
 BOND   =      4572.1388  ANGLE   =         6.3707  DIHED      =         0.0000
 1-4 NB =         0.0000  1-4 EEL =         0.0000  VDWAALS    =     10746.4703
 EELEC  =    -63042.5538  EHBOND  =         0.0000  RESTRAINT  =         0.0000
 DV/DL  =       541.9635
 ------------------------------------------------------------------------------

 NMR restraints: Bond =    0.000   Angle =     0.000   Torsion =     0.000
===============================================================================

| TI region  1


 NSTEP =    35000   TIME(PS) =      35.000  TEMP(K) =    54.56  PRESS =     0.0
 Etot   =    -45678.9785  EKtot   =      1856.2981  EPtot      =    -47535.2766
 BOND   =      4653.6678  ANGLE   =         6.4907  DIHED      =         0.0000
 1-4 NB =         0.0000  1-4 EEL =         0.0000  VDWAALS    =     10671.4595
 EELEC  =    -62866.8946  EHBOND  =         0.0000  RESTRAINT  =         0.0000
 DV/DL  =       562.0681
 ------------------------------------------------------------------------------


| TI region  2


 NSTEP =    35000   TIME(PS) =      35.000  TEMP(K) =    54.56  PRESS =     0.0
 Etot   =    -45678.9752  EKtot   =      1856.3014  EPtot      =    -47535.2766
 BOND   =      4653.6678  ANGLE   =         6.4907  DIHED      =         0.0000
 1-4 NB =         0.0000  1-4 EEL =         0.0000  VDWAALS    =     10671.4595
 EELEC  =    -62866.8946  EHBOND  =         0.0000  RESTRAINT  =         0.0000
 DV/DL  =       562.0681
 ------------------------------------------------------------------------------

 NMR restraints: Bond =    0.000   Angle =     0.000   Torsion =     0.000
===============================================================================

| TI region  1


 NSTEP =    40000   TIME(PS) =      40.000  TEMP(K) =    61.04  PRESS =     0.0
 Etot   =    -45253.7508  EKtot   =      2076.7358  EPtot      =    -47330.4866
 BOND   =      4750.7857  ANGLE   =         6.5067  DIHED      =         0.0000
 1-4 NB =         0.0000  1-4 EEL =         0.0000  VDWAALS    =     10741.4925
 EELEC  =    -62829.2715  EHBOND  =         0.0000  RESTRAINT  =         0.0000
 DV/DL  =       594.7780
 ------------------------------------------------------------------------------


| TI region  2


 NSTEP =    40000   TIME(PS) =      40.000  TEMP(K) =    61.04  PRESS =     0.0
 Etot   =    -45253.7422  EKtot   =      2076.7444  EPtot      =    -47330.4866
 BOND   =      4750.7857  ANGLE   =         6.5067  DIHED      =         0.0000
 1-4 NB =         0.0000  1-4 EEL =         0.0000  VDWAALS    =     10741.4925
 EELEC  =    -62829.2715  EHBOND  =         0.0000  RESTRAINT  =         0.0000
 DV/DL  =       594.7780
 ------------------------------------------------------------------------------

 NMR restraints: Bond =    0.000   Angle =     0.000   Torsion =     0.000
===============================================================================

| TI region  1


 NSTEP =    45000   TIME(PS) =      45.000  TEMP(K) =    69.89  PRESS =     0.0
 Etot   =    -44729.7478  EKtot   =      2377.9154  EPtot      =    -47107.6632
 BOND   =      4769.8428  ANGLE   =         7.4776  DIHED      =         0.0000
 1-4 NB =         0.0000  1-4 EEL =         0.0000  VDWAALS    =     10639.0117
 EELEC  =    -62523.9953  EHBOND  =         0.0000  RESTRAINT  =         0.0000
 DV/DL  =       603.9532
 ------------------------------------------------------------------------------


| TI region  2


 NSTEP =    45000   TIME(PS) =      45.000  TEMP(K) =    69.89  PRESS =     0.0
 Etot   =    -44729.7079  EKtot   =      2377.9553  EPtot      =    -47107.6632
 BOND   =      4769.8428  ANGLE   =         7.4776  DIHED      =         0.0000
 1-4 NB =         0.0000  1-4 EEL =         0.0000  VDWAALS    =     10639.0117
 EELEC  =    -62523.9953  EHBOND  =         0.0000  RESTRAINT  =         0.0000
 DV/DL  =       603.9532
 ------------------------------------------------------------------------------

 NMR restraints: Bond =    0.000   Angle =     0.000   Torsion =     0.000
===============================================================================

| TI region  1


 NSTEP =    50000   TIME(PS) =      50.000  TEMP(K) =    79.45  PRESS =     0.0
 Etot   =    -44143.4322  EKtot   =      2703.1316  EPtot      =    -46846.5638
 BOND   =      4966.1887  ANGLE   =         6.5417  DIHED      =         0.0000
 1-4 NB =         0.0000  1-4 EEL =         0.0000  VDWAALS    =     10664.6052
 EELEC  =    -62483.8995  EHBOND  =         0.0000  RESTRAINT  =         0.0000
 DV/DL  =       590.1297
 ------------------------------------------------------------------------------


| TI region  2


 NSTEP =    50000   TIME(PS) =      50.000  TEMP(K) =    79.45  PRESS =     0.0
 Etot   =    -44143.4051  EKtot   =      2703.1587  EPtot      =    -46846.5638
 BOND   =      4966.1887  ANGLE   =         6.5417  DIHED      =         0.0000
 1-4 NB =         0.0000  1-4 EEL =         0.0000  VDWAALS    =     10664.6052
 EELEC  =    -62483.8995  EHBOND  =         0.0000  RESTRAINT  =         0.0000
 DV/DL  =       590.1297
 ------------------------------------------------------------------------------

 NMR restraints: Bond =    0.000   Angle =     0.000   Torsion =     0.000
===============================================================================

| TI region  1


 NSTEP =    55000   TIME(PS) =      55.000  TEMP(K) =    86.03  PRESS =     0.0
 Etot   =    -43746.2306  EKtot   =      2927.0321  EPtot      =    -46673.2627
 BOND   =      5034.4967  ANGLE   =         6.7452  DIHED      =         0.0000
 1-4 NB =         0.0000  1-4 EEL =         0.0000  VDWAALS    =     10745.5614
 EELEC  =    -62460.0659  EHBOND  =         0.0000  RESTRAINT  =         0.0000
 DV/DL  =       598.2329
 ------------------------------------------------------------------------------


| TI region  2


 NSTEP =    55000   TIME(PS) =      55.000  TEMP(K) =    86.03  PRESS =     0.0
 Etot   =    -43746.1968  EKtot   =      2927.0659  EPtot      =    -46673.2627
 BOND   =      5034.4967  ANGLE   =         6.7452  DIHED      =         0.0000
 1-4 NB =         0.0000  1-4 EEL =         0.0000  VDWAALS    =     10745.5614
 EELEC  =    -62460.0659  EHBOND  =         0.0000  RESTRAINT  =         0.0000
 DV/DL  =       598.2329
 ------------------------------------------------------------------------------

 NMR restraints: Bond =    0.000   Angle =     0.000   Torsion =     0.000
===============================================================================

| TI region  1


 NSTEP =    60000   TIME(PS) =      60.000  TEMP(K) =    94.03  PRESS =     0.0
 Etot   =    -43270.4637  EKtot   =      3199.1052  EPtot      =    -46469.5689
 BOND   =      5147.6979  ANGLE   =         6.4456  DIHED      =         0.0000
 1-4 NB =         0.0000  1-4 EEL =         0.0000  VDWAALS    =     10572.2721
 EELEC  =    -62195.9844  EHBOND  =         0.0000  RESTRAINT  =         0.0000
 DV/DL  =       648.5445
 ------------------------------------------------------------------------------


| TI region  2


 NSTEP =    60000   TIME(PS) =      60.000  TEMP(K) =    94.03  PRESS =     0.0
 Etot   =    -43270.4264  EKtot   =      3199.1425  EPtot      =    -46469.5689
 BOND   =      5147.6979  ANGLE   =         6.4456  DIHED      =         0.0000
 1-4 NB =         0.0000  1-4 EEL =         0.0000  VDWAALS    =     10572.2721
 EELEC  =    -62195.9844  EHBOND  =         0.0000  RESTRAINT  =         0.0000
 DV/DL  =       648.5445
 ------------------------------------------------------------------------------

 NMR restraints: Bond =    0.000   Angle =     0.000   Torsion =     0.000
===============================================================================

| TI region  1


 NSTEP =    65000   TIME(PS) =      65.000  TEMP(K) =   101.93  PRESS =     0.0
 Etot   =    -42769.7406  EKtot   =      3468.0426  EPtot      =    -46237.7833
 BOND   =      5242.2104  ANGLE   =         6.6811  DIHED      =         0.0000
 1-4 NB =         0.0000  1-4 EEL =         0.0000  VDWAALS    =     10545.8574
 EELEC  =    -62032.5321  EHBOND  =         0.0000  RESTRAINT  =         0.0000
 DV/DL  =       635.7641
 ------------------------------------------------------------------------------


| TI region  2


 NSTEP =    65000   TIME(PS) =      65.000  TEMP(K) =   101.93  PRESS =     0.0
 Etot   =    -42769.7373  EKtot   =      3468.0460  EPtot      =    -46237.7833
 BOND   =      5242.2104  ANGLE   =         6.6811  DIHED      =         0.0000
 1-4 NB =         0.0000  1-4 EEL =         0.0000  VDWAALS    =     10545.8574
 EELEC  =    -62032.5321  EHBOND  =         0.0000  RESTRAINT  =         0.0000
 DV/DL  =       635.7641
 ------------------------------------------------------------------------------

 NMR restraints: Bond =    0.000   Angle =     0.000   Torsion =     0.000
===============================================================================

| TI region  1


 NSTEP =    70000   TIME(PS) =      70.000  TEMP(K) =   109.69  PRESS =     0.0
 Etot   =    -42143.9644  EKtot   =      3732.0210  EPtot      =    -45875.9854
 BOND   =      5353.2647  ANGLE   =         6.5495  DIHED      =         0.0000
 1-4 NB =         0.0000  1-4 EEL =         0.0000  VDWAALS    =     10613.4356
 EELEC  =    -61849.2353  EHBOND  =         0.0000  RESTRAINT  =         0.0000
 DV/DL  =       628.2122
 ------------------------------------------------------------------------------


| TI region  2


 NSTEP =    70000   TIME(PS) =      70.000  TEMP(K) =   109.69  PRESS =     0.0
 Etot   =    -42143.9586  EKtot   =      3732.0268  EPtot      =    -45875.9854
 BOND   =      5353.2647  ANGLE   =         6.5495  DIHED      =         0.0000
 1-4 NB =         0.0000  1-4 EEL =         0.0000  VDWAALS    =     10613.4356
 EELEC  =    -61849.2353  EHBOND  =         0.0000  RESTRAINT  =         0.0000
 DV/DL  =       628.2122
 ------------------------------------------------------------------------------

 NMR restraints: Bond =    0.000   Angle =     0.000   Torsion =     0.000
===============================================================================

| TI region  1


 NSTEP =    75000   TIME(PS) =      75.000  TEMP(K) =   118.00  PRESS =     0.0
 Etot   =    -41693.8807  EKtot   =      4014.7761  EPtot      =    -45708.6568
 BOND   =      5459.6791  ANGLE   =         6.7641  DIHED      =         0.0000
 1-4 NB =         0.0000  1-4 EEL =         0.0000  VDWAALS    =     10490.8718
 EELEC  =    -61665.9718  EHBOND  =         0.0000  RESTRAINT  =         0.0000
 DV/DL  =       627.2340
 ------------------------------------------------------------------------------


| TI region  2


 NSTEP =    75000   TIME(PS) =      75.000  TEMP(K) =   118.00  PRESS =     0.0
 Etot   =    -41693.8689  EKtot   =      4014.7879  EPtot      =    -45708.6568
 BOND   =      5459.6791  ANGLE   =         6.7641  DIHED      =         0.0000
 1-4 NB =         0.0000  1-4 EEL =         0.0000  VDWAALS    =     10490.8718
 EELEC  =    -61665.9718  EHBOND  =         0.0000  RESTRAINT  =         0.0000
 DV/DL  =       627.2340
 ------------------------------------------------------------------------------

 NMR restraints: Bond =    0.000   Angle =     0.000   Torsion =     0.000
===============================================================================

| TI region  1


 NSTEP =    80000   TIME(PS) =      80.000  TEMP(K) =   124.18  PRESS =     0.0
 Etot   =    -41237.8720  EKtot   =      4225.1079  EPtot      =    -45462.9799
 BOND   =      5388.3789  ANGLE   =         6.7280  DIHED      =         0.0000
 1-4 NB =         0.0000  1-4 EEL =         0.0000  VDWAALS    =     10259.1727
 EELEC  =    -61117.2595  EHBOND  =         0.0000  RESTRAINT  =         0.0000
 DV/DL  =       608.1364
 ------------------------------------------------------------------------------


| TI region  2


 NSTEP =    80000   TIME(PS) =      80.000  TEMP(K) =   124.19  PRESS =     0.0
 Etot   =    -41237.8535  EKtot   =      4225.1264  EPtot      =    -45462.9799
 BOND   =      5388.3789  ANGLE   =         6.7280  DIHED      =         0.0000
 1-4 NB =         0.0000  1-4 EEL =         0.0000  VDWAALS    =     10259.1727
 EELEC  =    -61117.2595  EHBOND  =         0.0000  RESTRAINT  =         0.0000
 DV/DL  =       608.1364
 ------------------------------------------------------------------------------

 NMR restraints: Bond =    0.000   Angle =     0.000   Torsion =     0.000
===============================================================================

| TI region  1


 NSTEP =    85000   TIME(PS) =      85.000  TEMP(K) =   132.68  PRESS =     0.0
 Etot   =    -40686.5766  EKtot   =      4514.2967  EPtot      =    -45200.8733
 BOND   =      5669.5603  ANGLE   =         6.9229  DIHED      =         0.0000
 1-4 NB =         0.0000  1-4 EEL =         0.0000  VDWAALS    =     10394.9816
 EELEC  =    -61272.3381  EHBOND  =         0.0000  RESTRAINT  =         0.0000
 DV/DL  =       602.2457
 ------------------------------------------------------------------------------


| TI region  2


 NSTEP =    85000   TIME(PS) =      85.000  TEMP(K) =   132.68  PRESS =     0.0
 Etot   =    -40686.6253  EKtot   =      4514.2480  EPtot      =    -45200.8733
 BOND   =      5669.5603  ANGLE   =         6.9229  DIHED      =         0.0000
 1-4 NB =         0.0000  1-4 EEL =         0.0000  VDWAALS    =     10394.9816
 EELEC  =    -61272.3381  EHBOND  =         0.0000  RESTRAINT  =         0.0000
 DV/DL  =       602.2457
 ------------------------------------------------------------------------------

 NMR restraints: Bond =    0.000   Angle =     0.000   Torsion =     0.000
===============================================================================

| TI region  1


 NSTEP =    90000   TIME(PS) =      90.000  TEMP(K) =   140.19  PRESS =     0.0
 Etot   =    -40226.9033  EKtot   =      4769.5948  EPtot      =    -44996.4982
 BOND   =      5708.9555  ANGLE   =         6.6430  DIHED      =         0.0000
 1-4 NB =         0.0000  1-4 EEL =         0.0000  VDWAALS    =     10364.5606
 EELEC  =    -61076.6573  EHBOND  =         0.0000  RESTRAINT  =         0.0000
 DV/DL  =       599.1072
 ------------------------------------------------------------------------------


| TI region  2


 NSTEP =    90000   TIME(PS) =      90.000  TEMP(K) =   140.19  PRESS =     0.0
 Etot   =    -40226.9148  EKtot   =      4769.5833  EPtot      =    -44996.4982
 BOND   =      5708.9555  ANGLE   =         6.6430  DIHED      =         0.0000
 1-4 NB =         0.0000  1-4 EEL =         0.0000  VDWAALS    =     10364.5606
 EELEC  =    -61076.6573  EHBOND  =         0.0000  RESTRAINT  =         0.0000
 DV/DL  =       599.1072
 ------------------------------------------------------------------------------

 NMR restraints: Bond =    0.000   Angle =     0.000   Torsion =     0.000
===============================================================================

| TI region  1


 NSTEP =    95000   TIME(PS) =      95.000  TEMP(K) =   148.73  PRESS =     0.0
 Etot   =    -39621.6544  EKtot   =      5060.1677  EPtot      =    -44681.8222
 BOND   =      5737.5775  ANGLE   =         6.5615  DIHED      =         0.0000
 1-4 NB =         0.0000  1-4 EEL =         0.0000  VDWAALS    =     10146.6518
 EELEC  =    -60572.6130  EHBOND  =         0.0000  RESTRAINT  =         0.0000
 DV/DL  =       596.4851
 ------------------------------------------------------------------------------


| TI region  2


 NSTEP =    95000   TIME(PS) =      95.000  TEMP(K) =   148.73  PRESS =     0.0
 Etot   =    -39621.6641  EKtot   =      5060.1581  EPtot      =    -44681.8222
 BOND   =      5737.5775  ANGLE   =         6.5615  DIHED      =         0.0000
 1-4 NB =         0.0000  1-4 EEL =         0.0000  VDWAALS    =     10146.6518
 EELEC  =    -60572.6130  EHBOND  =         0.0000  RESTRAINT  =         0.0000
 DV/DL  =       596.4851
 ------------------------------------------------------------------------------

 NMR restraints: Bond =    0.000   Angle =     0.000   Torsion =     0.000
===============================================================================

| TI region  1


 NSTEP =   100000   TIME(PS) =     100.000  TEMP(K) =   155.98  PRESS =     0.0
 Etot   =    -39103.0516  EKtot   =      5306.8693  EPtot      =    -44409.9209
 BOND   =      5876.8525  ANGLE   =         7.7030  DIHED      =         0.0000
 1-4 NB =         0.0000  1-4 EEL =         0.0000  VDWAALS    =     10223.0363
 EELEC  =    -60517.5127  EHBOND  =         0.0000  RESTRAINT  =         0.0000
 DV/DL  =       619.0828
 ------------------------------------------------------------------------------


| TI region  2


 NSTEP =   100000   TIME(PS) =     100.000  TEMP(K) =   155.98  PRESS =     0.0
 Etot   =    -39103.1082  EKtot   =      5306.8127  EPtot      =    -44409.9209
 BOND   =      5876.8525  ANGLE   =         7.7030  DIHED      =         0.0000
 1-4 NB =         0.0000  1-4 EEL =         0.0000  VDWAALS    =     10223.0363
 EELEC  =    -60517.5127  EHBOND  =         0.0000  RESTRAINT  =         0.0000
 DV/DL  =       619.0828
 ------------------------------------------------------------------------------

 NMR restraints: Bond =    0.000   Angle =     0.000   Torsion =     0.000
===============================================================================

| TI region  1


 NSTEP =   105000   TIME(PS) =     105.000  TEMP(K) =   164.69  PRESS =     0.0
 Etot   =    -38478.5592  EKtot   =      5603.2223  EPtot      =    -44081.7815
 BOND   =      5961.2433  ANGLE   =         6.7403  DIHED      =         0.0000
 1-4 NB =         0.0000  1-4 EEL =         0.0000  VDWAALS    =     10134.2631
 EELEC  =    -60184.0282  EHBOND  =         0.0000  RESTRAINT  =         0.0000
 DV/DL  =       584.4728
 ------------------------------------------------------------------------------


| TI region  2


 NSTEP =   105000   TIME(PS) =     105.000  TEMP(K) =   164.69  PRESS =     0.0
 Etot   =    -38478.4940  EKtot   =      5603.2876  EPtot      =    -44081.7815
 BOND   =      5961.2433  ANGLE   =         6.7403  DIHED      =         0.0000
 1-4 NB =         0.0000  1-4 EEL =         0.0000  VDWAALS    =     10134.2631
 EELEC  =    -60184.0282  EHBOND  =         0.0000  RESTRAINT  =         0.0000
 DV/DL  =       584.4728
 ------------------------------------------------------------------------------

 NMR restraints: Bond =    0.000   Angle =     0.000   Torsion =     0.000
===============================================================================

| TI region  1


 NSTEP =   110000   TIME(PS) =     110.000  TEMP(K) =   173.00  PRESS =     0.0
 Etot   =    -37933.5258  EKtot   =      5885.9473  EPtot      =    -43819.4731
 BOND   =      6076.6616  ANGLE   =         6.9539  DIHED      =         0.0000
 1-4 NB =         0.0000  1-4 EEL =         0.0000  VDWAALS    =     10144.1570
 EELEC  =    -60047.2455  EHBOND  =         0.0000  RESTRAINT  =         0.0000
 DV/DL  =       595.8632
 ------------------------------------------------------------------------------


| TI region  2


 NSTEP =   110000   TIME(PS) =     110.000  TEMP(K) =   173.00  PRESS =     0.0
 Etot   =    -37933.6247  EKtot   =      5885.8484  EPtot      =    -43819.4731
 BOND   =      6076.6616  ANGLE   =         6.9539  DIHED      =         0.0000
 1-4 NB =         0.0000  1-4 EEL =         0.0000  VDWAALS    =     10144.1570
 EELEC  =    -60047.2455  EHBOND  =         0.0000  RESTRAINT  =         0.0000
 DV/DL  =       595.8632
 ------------------------------------------------------------------------------

 NMR restraints: Bond =    0.000   Angle =     0.000   Torsion =     0.000
===============================================================================

| TI region  1


 NSTEP =   115000   TIME(PS) =     115.000  TEMP(K) =   182.13  PRESS =     0.0
 Etot   =    -37411.8245  EKtot   =      6196.5796  EPtot      =    -43608.4041
 BOND   =      6152.7271  ANGLE   =         8.4984  DIHED      =         0.0000
 1-4 NB =         0.0000  1-4 EEL =         0.0000  VDWAALS    =     10119.9447
 EELEC  =    -59889.5743  EHBOND  =         0.0000  RESTRAINT  =         0.0000
 DV/DL  =       571.8759
 ------------------------------------------------------------------------------


| TI region  2


 NSTEP =   115000   TIME(PS) =     115.000  TEMP(K) =   182.13  PRESS =     0.0
 Etot   =    -37411.8250  EKtot   =      6196.5791  EPtot      =    -43608.4041
 BOND   =      6152.7271  ANGLE   =         8.4984  DIHED      =         0.0000
 1-4 NB =         0.0000  1-4 EEL =         0.0000  VDWAALS    =     10119.9447
 EELEC  =    -59889.5743  EHBOND  =         0.0000  RESTRAINT  =         0.0000
 DV/DL  =       571.8759
 ------------------------------------------------------------------------------

 NMR restraints: Bond =    0.000   Angle =     0.000   Torsion =     0.000
===============================================================================

| TI region  1


 NSTEP =   120000   TIME(PS) =     120.000  TEMP(K) =   188.61  PRESS =     0.0
 Etot   =    -36823.3649  EKtot   =      6416.9774  EPtot      =    -43240.3424
 BOND   =      6191.3120  ANGLE   =         7.0501  DIHED      =         0.0000
 1-4 NB =         0.0000  1-4 EEL =         0.0000  VDWAALS    =     10014.7957
 EELEC  =    -59453.5002  EHBOND  =         0.0000  RESTRAINT  =         0.0000
 DV/DL  =       548.9353
 ------------------------------------------------------------------------------


| TI region  2


 NSTEP =   120000   TIME(PS) =     120.000  TEMP(K) =   188.61  PRESS =     0.0
 Etot   =    -36823.4554  EKtot   =      6416.8870  EPtot      =    -43240.3424
 BOND   =      6191.3120  ANGLE   =         7.0501  DIHED      =         0.0000
 1-4 NB =         0.0000  1-4 EEL =         0.0000  VDWAALS    =     10014.7957
 EELEC  =    -59453.5002  EHBOND  =         0.0000  RESTRAINT  =         0.0000
 DV/DL  =       548.9353
 ------------------------------------------------------------------------------

 NMR restraints: Bond =    0.000   Angle =     0.000   Torsion =     0.000
===============================================================================

| TI region  1


 NSTEP =   125000   TIME(PS) =     125.000  TEMP(K) =   196.11  PRESS =     0.0
 Etot   =    -36189.9077  EKtot   =      6672.1443  EPtot      =    -42862.0521
 BOND   =      6253.2049  ANGLE   =         7.6480  DIHED      =         0.0000
 1-4 NB =         0.0000  1-4 EEL =         0.0000  VDWAALS    =      9706.2253
 EELEC  =    -58829.1303  EHBOND  =         0.0000  RESTRAINT  =         0.0000
 DV/DL  =       556.6813
 ------------------------------------------------------------------------------


| TI region  2


 NSTEP =   125000   TIME(PS) =     125.000  TEMP(K) =   196.11  PRESS =     0.0
 Etot   =    -36189.7533  EKtot   =      6672.2988  EPtot      =    -42862.0521
 BOND   =      6253.2049  ANGLE   =         7.6480  DIHED      =         0.0000
 1-4 NB =         0.0000  1-4 EEL =         0.0000  VDWAALS    =      9706.2253
 EELEC  =    -58829.1303  EHBOND  =         0.0000  RESTRAINT  =         0.0000
 DV/DL  =       556.6813
 ------------------------------------------------------------------------------

 NMR restraints: Bond =    0.000   Angle =     0.000   Torsion =     0.000
===============================================================================

| TI region  1


 NSTEP =   130000   TIME(PS) =     130.000  TEMP(K) =   206.11  PRESS =     0.0
 Etot   =    -35409.8613  EKtot   =      7012.3466  EPtot      =    -42422.2078
 BOND   =      6345.1215  ANGLE   =         7.9431  DIHED      =         0.0000
 1-4 NB =         0.0000  1-4 EEL =         0.0000  VDWAALS    =      9555.3639
 EELEC  =    -58330.6364  EHBOND  =         0.0000  RESTRAINT  =         0.0000
 DV/DL  =       621.4048
 ------------------------------------------------------------------------------


| TI region  2


 NSTEP =   130000   TIME(PS) =     130.000  TEMP(K) =   206.11  PRESS =     0.0
 Etot   =    -35409.9134  EKtot   =      7012.2944  EPtot      =    -42422.2078
 BOND   =      6345.1215  ANGLE   =         7.9431  DIHED      =         0.0000
 1-4 NB =         0.0000  1-4 EEL =         0.0000  VDWAALS    =      9555.3639
 EELEC  =    -58330.6364  EHBOND  =         0.0000  RESTRAINT  =         0.0000
 DV/DL  =       621.4048
 ------------------------------------------------------------------------------

 NMR restraints: Bond =    0.000   Angle =     0.000   Torsion =     0.000
===============================================================================

| TI region  1


 NSTEP =   135000   TIME(PS) =     135.000  TEMP(K) =   212.63  PRESS =     0.0
 Etot   =    -34898.3158  EKtot   =      7234.1969  EPtot      =    -42132.5127
 BOND   =      6405.0206  ANGLE   =         7.3911  DIHED      =         0.0000
 1-4 NB =         0.0000  1-4 EEL =         0.0000  VDWAALS    =      9474.8051
 EELEC  =    -58019.7296  EHBOND  =         0.0000  RESTRAINT  =         0.0000
 DV/DL  =       603.9893
 ------------------------------------------------------------------------------


| TI region  2


 NSTEP =   135000   TIME(PS) =     135.000  TEMP(K) =   212.63  PRESS =     0.0
 Etot   =    -34898.1590  EKtot   =      7234.3537  EPtot      =    -42132.5127
 BOND   =      6405.0206  ANGLE   =         7.3911  DIHED      =         0.0000
 1-4 NB =         0.0000  1-4 EEL =         0.0000  VDWAALS    =      9474.8051
 EELEC  =    -58019.7296  EHBOND  =         0.0000  RESTRAINT  =         0.0000
 DV/DL  =       603.9893
 ------------------------------------------------------------------------------

 NMR restraints: Bond =    0.000   Angle =     0.000   Torsion =     0.000
===============================================================================

| TI region  1


 NSTEP =   140000   TIME(PS) =     140.000  TEMP(K) =   217.17  PRESS =     0.0
 Etot   =    -34295.7863  EKtot   =      7388.5940  EPtot      =    -41684.3803
 BOND   =      6441.9443  ANGLE   =         7.1387  DIHED      =         0.0000
 1-4 NB =         0.0000  1-4 EEL =         0.0000  VDWAALS    =      9383.9806
 EELEC  =    -57517.4440  EHBOND  =         0.0000  RESTRAINT  =         0.0000
 DV/DL  =       618.5115
 ------------------------------------------------------------------------------


| TI region  2


 NSTEP =   140000   TIME(PS) =     140.000  TEMP(K) =   217.16  PRESS =     0.0
 Etot   =    -34295.8473  EKtot   =      7388.5330  EPtot      =    -41684.3803
 BOND   =      6441.9443  ANGLE   =         7.1387  DIHED      =         0.0000
 1-4 NB =         0.0000  1-4 EEL =         0.0000  VDWAALS    =      9383.9806
 EELEC  =    -57517.4440  EHBOND  =         0.0000  RESTRAINT  =         0.0000
 DV/DL  =       618.5115
 ------------------------------------------------------------------------------

 NMR restraints: Bond =    0.000   Angle =     0.000   Torsion =     0.000
===============================================================================

| TI region  1


 NSTEP =   145000   TIME(PS) =     145.000  TEMP(K) =   226.81  PRESS =     0.0
 Etot   =    -33559.0202  EKtot   =      7716.7022  EPtot      =    -41275.7224
 BOND   =      6445.3279  ANGLE   =         7.8598  DIHED      =         0.0000
 1-4 NB =         0.0000  1-4 EEL =         0.0000  VDWAALS    =      9243.8638
 EELEC  =    -56972.7739  EHBOND  =         0.0000  RESTRAINT  =         0.0000
 DV/DL  =       604.5893
 ------------------------------------------------------------------------------


| TI region  2


 NSTEP =   145000   TIME(PS) =     145.000  TEMP(K) =   226.81  PRESS =     0.0
 Etot   =    -33558.9910  EKtot   =      7716.7314  EPtot      =    -41275.7224
 BOND   =      6445.3279  ANGLE   =         7.8598  DIHED      =         0.0000
 1-4 NB =         0.0000  1-4 EEL =         0.0000  VDWAALS    =      9243.8638
 EELEC  =    -56972.7739  EHBOND  =         0.0000  RESTRAINT  =         0.0000
 DV/DL  =       604.5893
 ------------------------------------------------------------------------------

 NMR restraints: Bond =    0.000   Angle =     0.000   Torsion =     0.000
===============================================================================

| TI region  1


 NSTEP =   150000   TIME(PS) =     150.000  TEMP(K) =   236.61  PRESS =     0.0
 Etot   =    -32590.6547  EKtot   =      8050.1791  EPtot      =    -40640.8338
 BOND   =      6730.7324  ANGLE   =         7.4291  DIHED      =         0.0000
 1-4 NB =         0.0000  1-4 EEL =         0.0000  VDWAALS    =      9206.5322
 EELEC  =    -56585.5274  EHBOND  =         0.0000  RESTRAINT  =         0.0000
 DV/DL  =       611.7368
 ------------------------------------------------------------------------------


| TI region  2


 NSTEP =   150000   TIME(PS) =     150.000  TEMP(K) =   236.61  PRESS =     0.0
 Etot   =    -32590.7853  EKtot   =      8050.0485  EPtot      =    -40640.8338
 BOND   =      6730.7324  ANGLE   =         7.4291  DIHED      =         0.0000
 1-4 NB =         0.0000  1-4 EEL =         0.0000  VDWAALS    =      9206.5322
 EELEC  =    -56585.5274  EHBOND  =         0.0000  RESTRAINT  =         0.0000
 DV/DL  =       611.7368
 ------------------------------------------------------------------------------

 NMR restraints: Bond =    0.000   Angle =     0.000   Torsion =     0.000
===============================================================================

| TI region  1


 NSTEP =   155000   TIME(PS) =     155.000  TEMP(K) =   243.84  PRESS =     0.0
 Etot   =    -31940.9879  EKtot   =      8296.2427  EPtot      =    -40237.2306
 BOND   =      6729.5524  ANGLE   =         7.9052  DIHED      =         0.0000
 1-4 NB =         0.0000  1-4 EEL =         0.0000  VDWAALS    =      8889.3982
 EELEC  =    -55864.0865  EHBOND  =         0.0000  RESTRAINT  =         0.0000
 DV/DL  =       588.9595
 ------------------------------------------------------------------------------


| TI region  2


 NSTEP =   155000   TIME(PS) =     155.000  TEMP(K) =   243.85  PRESS =     0.0
 Etot   =    -31940.9007  EKtot   =      8296.3299  EPtot      =    -40237.2306
 BOND   =      6729.5524  ANGLE   =         7.9052  DIHED      =         0.0000
 1-4 NB =         0.0000  1-4 EEL =         0.0000  VDWAALS    =      8889.3982
 EELEC  =    -55864.0865  EHBOND  =         0.0000  RESTRAINT  =         0.0000
 DV/DL  =       588.9595
 ------------------------------------------------------------------------------

 NMR restraints: Bond =    0.000   Angle =     0.000   Torsion =     0.000
===============================================================================

| TI region  1


 NSTEP =   160000   TIME(PS) =     160.000  TEMP(K) =   252.86  PRESS =     0.0
 Etot   =    -31034.3087  EKtot   =      8602.8682  EPtot      =    -39637.1770
 BOND   =      6754.9948  ANGLE   =         6.7708  DIHED      =         0.0000
 1-4 NB =         0.0000  1-4 EEL =         0.0000  VDWAALS    =      8659.6351
 EELEC  =    -55058.5776  EHBOND  =         0.0000  RESTRAINT  =         0.0000
 DV/DL  =       564.0913
 ------------------------------------------------------------------------------


| TI region  2


 NSTEP =   160000   TIME(PS) =     160.000  TEMP(K) =   252.86  PRESS =     0.0
 Etot   =    -31034.2019  EKtot   =      8602.9751  EPtot      =    -39637.1770
 BOND   =      6754.9948  ANGLE   =         6.7708  DIHED      =         0.0000
 1-4 NB =         0.0000  1-4 EEL =         0.0000  VDWAALS    =      8659.6351
 EELEC  =    -55058.5776  EHBOND  =         0.0000  RESTRAINT  =         0.0000
 DV/DL  =       564.0913
 ------------------------------------------------------------------------------

 NMR restraints: Bond =    0.000   Angle =     0.000   Torsion =     0.000
===============================================================================

| TI region  1


 NSTEP =   165000   TIME(PS) =     165.000  TEMP(K) =   255.91  PRESS =     0.0
 Etot   =    -30117.3859  EKtot   =      8706.7287  EPtot      =    -38824.1146
 BOND   =      6981.7594  ANGLE   =         6.9539  DIHED      =         0.0000
 1-4 NB =         0.0000  1-4 EEL =         0.0000  VDWAALS    =      8415.9859
 EELEC  =    -54228.8138  EHBOND  =         0.0000  RESTRAINT  =         0.0000
 DV/DL  =       589.1595
 ------------------------------------------------------------------------------


| TI region  2


 NSTEP =   165000   TIME(PS) =     165.000  TEMP(K) =   255.91  PRESS =     0.0
 Etot   =    -30117.3218  EKtot   =      8706.7928  EPtot      =    -38824.1146
 BOND   =      6981.7594  ANGLE   =         6.9539  DIHED      =         0.0000
 1-4 NB =         0.0000  1-4 EEL =         0.0000  VDWAALS    =      8415.9859
 EELEC  =    -54228.8138  EHBOND  =         0.0000  RESTRAINT  =         0.0000
 DV/DL  =       589.1595
 ------------------------------------------------------------------------------

 NMR restraints: Bond =    0.000   Angle =     0.000   Torsion =     0.000
===============================================================================

| TI region  1


 NSTEP =   170000   TIME(PS) =     170.000  TEMP(K) =   270.32  PRESS =     0.0
 Etot   =    -29244.0920  EKtot   =      9197.0677  EPtot      =    -38441.1597
 BOND   =      6731.3010  ANGLE   =         7.8667  DIHED      =         0.0000
 1-4 NB =         0.0000  1-4 EEL =         0.0000  VDWAALS    =      8247.5572
 EELEC  =    -53427.8847  EHBOND  =         0.0000  RESTRAINT  =         0.0000
 DV/DL  =       612.7023
 ------------------------------------------------------------------------------


| TI region  2


 NSTEP =   170000   TIME(PS) =     170.000  TEMP(K) =   270.32  PRESS =     0.0
 Etot   =    -29244.0373  EKtot   =      9197.1225  EPtot      =    -38441.1597
 BOND   =      6731.3010  ANGLE   =         7.8667  DIHED      =         0.0000
 1-4 NB =         0.0000  1-4 EEL =         0.0000  VDWAALS    =      8247.5572
 EELEC  =    -53427.8847  EHBOND  =         0.0000  RESTRAINT  =         0.0000
 DV/DL  =       612.7023
 ------------------------------------------------------------------------------

 NMR restraints: Bond =    0.000   Angle =     0.000   Torsion =     0.000
===============================================================================

| TI region  1


 NSTEP =   175000   TIME(PS) =     175.000  TEMP(K) =   274.25  PRESS =     0.0
 Etot   =    -28412.5507  EKtot   =      9330.8734  EPtot      =    -37743.4242
 BOND   =      6907.9272  ANGLE   =         6.9249  DIHED      =         0.0000
 1-4 NB =         0.0000  1-4 EEL =         0.0000  VDWAALS    =      8117.9394
 EELEC  =    -52776.2156  EHBOND  =         0.0000  RESTRAINT  =         0.0000
 DV/DL  =       635.3196
 ------------------------------------------------------------------------------


| TI region  2


 NSTEP =   175000   TIME(PS) =     175.000  TEMP(K) =   274.25  PRESS =     0.0
 Etot   =    -28412.6926  EKtot   =      9330.7316  EPtot      =    -37743.4242
 BOND   =      6907.9272  ANGLE   =         6.9249  DIHED      =         0.0000
 1-4 NB =         0.0000  1-4 EEL =         0.0000  VDWAALS    =      8117.9394
 EELEC  =    -52776.2156  EHBOND  =         0.0000  RESTRAINT  =         0.0000
 DV/DL  =       635.3196
 ------------------------------------------------------------------------------

 NMR restraints: Bond =    0.000   Angle =     0.000   Torsion =     0.000
===============================================================================

| TI region  1


 NSTEP =   180000   TIME(PS) =     180.000  TEMP(K) =   279.29  PRESS =     0.0
 Etot   =    -27886.2004  EKtot   =      9502.1557  EPtot      =    -37388.3561
 BOND   =      6768.0473  ANGLE   =         8.7341  DIHED      =         0.0000
 1-4 NB =         0.0000  1-4 EEL =         0.0000  VDWAALS    =      7893.3733
 EELEC  =    -52058.5109  EHBOND  =         0.0000  RESTRAINT  =         0.0000
 DV/DL  =       568.9000
 ------------------------------------------------------------------------------


| TI region  2


 NSTEP =   180000   TIME(PS) =     180.000  TEMP(K) =   279.29  PRESS =     0.0
 Etot   =    -27886.1133  EKtot   =      9502.2428  EPtot      =    -37388.3561
 BOND   =      6768.0473  ANGLE   =         8.7341  DIHED      =         0.0000
 1-4 NB =         0.0000  1-4 EEL =         0.0000  VDWAALS    =      7893.3733
 EELEC  =    -52058.5109  EHBOND  =         0.0000  RESTRAINT  =         0.0000
 DV/DL  =       568.9000
 ------------------------------------------------------------------------------

 NMR restraints: Bond =    0.000   Angle =     0.000   Torsion =     0.000
===============================================================================

| TI region  1


 NSTEP =   185000   TIME(PS) =     185.000  TEMP(K) =   291.35  PRESS =     0.0
 Etot   =    -26946.9097  EKtot   =      9912.4753  EPtot      =    -36859.3850
 BOND   =      7123.4240  ANGLE   =         8.1835  DIHED      =         0.0000
 1-4 NB =         0.0000  1-4 EEL =         0.0000  VDWAALS    =      7787.3513
 EELEC  =    -51778.3438  EHBOND  =         0.0000  RESTRAINT  =         0.0000
 DV/DL  =       549.2865
 ------------------------------------------------------------------------------


| TI region  2


 NSTEP =   185000   TIME(PS) =     185.000  TEMP(K) =   291.35  PRESS =     0.0
 Etot   =    -26946.9721  EKtot   =      9912.4129  EPtot      =    -36859.3850
 BOND   =      7123.4240  ANGLE   =         8.1835  DIHED      =         0.0000
 1-4 NB =         0.0000  1-4 EEL =         0.0000  VDWAALS    =      7787.3513
 EELEC  =    -51778.3438  EHBOND  =         0.0000  RESTRAINT  =         0.0000
 DV/DL  =       549.2865
 ------------------------------------------------------------------------------

 NMR restraints: Bond =    0.000   Angle =     0.000   Torsion =     0.000
===============================================================================

| TI region  1


 NSTEP =   190000   TIME(PS) =     190.000  TEMP(K) =   299.85  PRESS =     0.0
 Etot   =    -26127.1891  EKtot   =     10201.6290  EPtot      =    -36328.8181
 BOND   =      7024.3063  ANGLE   =         8.0810  DIHED      =         0.0000
 1-4 NB =         0.0000  1-4 EEL =         0.0000  VDWAALS    =      7484.5381
 EELEC  =    -50845.7435  EHBOND  =         0.0000  RESTRAINT  =         0.0000
 DV/DL  =       573.7652
 ------------------------------------------------------------------------------


| TI region  2


 NSTEP =   190000   TIME(PS) =     190.000  TEMP(K) =   299.84  PRESS =     0.0
 Etot   =    -26127.3390  EKtot   =     10201.4790  EPtot      =    -36328.8181
 BOND   =      7024.3063  ANGLE   =         8.0810  DIHED      =         0.0000
 1-4 NB =         0.0000  1-4 EEL =         0.0000  VDWAALS    =      7484.5381
 EELEC  =    -50845.7435  EHBOND  =         0.0000  RESTRAINT  =         0.0000
 DV/DL  =       573.7652
 ------------------------------------------------------------------------------

 NMR restraints: Bond =    0.000   Angle =     0.000   Torsion =     0.000
===============================================================================

| TI region  1


 NSTEP =   195000   TIME(PS) =     195.000  TEMP(K) =   298.96  PRESS =     0.0
 Etot   =    -25796.6222  EKtot   =     10171.4071  EPtot      =    -35968.0293
 BOND   =      7180.4163  ANGLE   =         8.5553  DIHED      =         0.0000
 1-4 NB =         0.0000  1-4 EEL =         0.0000  VDWAALS    =      7599.8397
 EELEC  =    -50756.8406  EHBOND  =         0.0000  RESTRAINT  =         0.0000
 DV/DL  =       600.0950
 ------------------------------------------------------------------------------


| TI region  2


 NSTEP =   195000   TIME(PS) =     195.000  TEMP(K) =   298.96  PRESS =     0.0
 Etot   =    -25796.6551  EKtot   =     10171.3742  EPtot      =    -35968.0293
 BOND   =      7180.4163  ANGLE   =         8.5553  DIHED      =         0.0000
 1-4 NB =         0.0000  1-4 EEL =         0.0000  VDWAALS    =      7599.8397
 EELEC  =    -50756.8406  EHBOND  =         0.0000  RESTRAINT  =         0.0000
 DV/DL  =       600.0950
 ------------------------------------------------------------------------------

 NMR restraints: Bond =    0.000   Angle =     0.000   Torsion =     0.000
===============================================================================

| TI region  1


 NSTEP =   200000   TIME(PS) =     200.000  TEMP(K) =   298.99  PRESS =     0.0
 Etot   =    -25815.0329  EKtot   =     10172.5057  EPtot      =    -35987.5386
 BOND   =      7248.2323  ANGLE   =         7.3162  DIHED      =         0.0000
 1-4 NB =         0.0000  1-4 EEL =         0.0000  VDWAALS    =      7581.4278
 EELEC  =    -50824.5150  EHBOND  =         0.0000  RESTRAINT  =         0.0000
 DV/DL  =       587.9632
 ------------------------------------------------------------------------------


| TI region  2


 NSTEP =   200000   TIME(PS) =     200.000  TEMP(K) =   298.99  PRESS =     0.0
 Etot   =    -25814.9940  EKtot   =     10172.5446  EPtot      =    -35987.5386
 BOND   =      7248.2323  ANGLE   =         7.3162  DIHED      =         0.0000
 1-4 NB =         0.0000  1-4 EEL =         0.0000  VDWAALS    =      7581.4278
 EELEC  =    -50824.5150  EHBOND  =         0.0000  RESTRAINT  =         0.0000
 DV/DL  =       587.9632
 ------------------------------------------------------------------------------

 NMR restraints: Bond =    0.000   Angle =     0.000   Torsion =     0.000
===============================================================================

| TI region  1


      A V E R A G E S   O V E R      40 S T E P S


 NSTEP =   200000   TIME(PS) =     200.000  TEMP(K) =   160.19  PRESS =     0.0
 Etot   =    -37975.4910  EKtot   =      5450.1227  EPtot      =    -43425.6138
 BOND   =      5802.8090  ANGLE   =         7.1446  DIHED      =         0.0000
 1-4 NB =         0.0000  1-4 EEL =         0.0000  VDWAALS    =      9722.4724
 EELEC  =    -58958.0398  EHBOND  =         0.0000  RESTRAINT  =         0.0000
 DV/DL  =       590.1546
 ------------------------------------------------------------------------------

 NMR restraints: Bond =    0.000   Angle =     0.000   Torsion =     0.000
===============================================================================

      R M S  F L U C T U A T I O N S


 NSTEP =   200000   TIME(PS) =     200.000  TEMP(K) =    89.99  PRESS =     0.0
 Etot   =      6930.4823  EKtot   =      3061.6275  EPtot      =      3904.6284
 BOND   =       946.1220  ANGLE   =         0.6680  DIHED      =         0.0000
 1-4 NB =         0.0000  1-4 EEL =         0.0000  VDWAALS    =      1066.6588
 EELEC  =      4073.5334  EHBOND  =         0.0000  RESTRAINT  =         0.0000
 DV/DL  =        28.2900
 ------------------------------------------------------------------------------


| TI region  2


      A V E R A G E S   O V E R      40 S T E P S


 NSTEP =   200000   TIME(PS) =     200.000  TEMP(K) =   160.19  PRESS =     0.0
 Etot   =    -37975.4890  EKtot   =      5450.1248  EPtot      =    -43425.6138
 BOND   =      5802.8090  ANGLE   =         7.1446  DIHED      =         0.0000
 1-4 NB =         0.0000  1-4 EEL =         0.0000  VDWAALS    =      9722.4724
 EELEC  =    -58958.0398  EHBOND  =         0.0000  RESTRAINT  =         0.0000
 DV/DL  =       590.1546
 ------------------------------------------------------------------------------

 NMR restraints: Bond =    0.000   Angle =     0.000   Torsion =     0.000
===============================================================================

      R M S  F L U C T U A T I O N S


 NSTEP =   200000   TIME(PS) =     200.000  TEMP(K) =    89.99  PRESS =     0.0
 Etot   =      6930.4761  EKtot   =      3061.6221  EPtot      =      3904.6284
 BOND   =       946.1220  ANGLE   =         0.6680  DIHED      =         0.0000
 1-4 NB =         0.0000  1-4 EEL =         0.0000  VDWAALS    =      1066.6588
 EELEC  =      4073.5334  EHBOND  =         0.0000  RESTRAINT  =         0.0000
 DV/DL  =        28.2900
 ------------------------------------------------------------------------------


      DV/DL, AVERAGES OVER      40 STEPS


 NSTEP =   200000   TIME(PS) =     200.000  TEMP(K) =    89.99  PRESS =     0.0
 Etot   =         0.0000  EKtot   =         0.0000  EPtot      =       590.1546
 BOND   =        -0.0024  ANGLE   =        -0.0002  DIHED      =         0.0000
 1-4 NB =         0.0000  1-4 EEL =         0.0000  VDWAALS    =         0.0007
 EELEC  =       590.1565  EHBOND  =         0.0000  RESTRAINT  =         0.0000
 DV/DL  =       590.1546
 ------------------------------------------------------------------------------


 NMR restraints on final step:

--------------------------------------------------------------------------------
   5.  TIMINGS
--------------------------------------------------------------------------------

|  NonSetup CPU Time in Major Routines:
|
|     Routine           Sec        %
|     ------------------------------
|     Nonbond          38.77   44.29
|     Bond              0.00    0.00
|     Angle             0.00    0.00
|     Dihedral          0.00    0.00
|     Shake             0.00    0.00
|     RunMD            48.08   54.93
|     Other             0.68    0.78
|     ------------------------------
|     Total            87.54

|  PME Nonbond Pairlist CPU Time:
|
|     Routine              Sec        %
|     ---------------------------------
|     Set Up Cit           0.00    0.00
|     Build List           0.00    0.00
|     ---------------------------------
|     Total                0.00    0.00

|  PME Direct Force CPU Time:
|
|     Routine              Sec        %
|     ---------------------------------
|     NonBonded Calc       0.00    0.00
|     Exclude Masked       0.00    0.00
|     Other                0.45    0.51
|     ---------------------------------
|     Total                0.45    0.51

|  PME Reciprocal Force CPU Time:
|
|     Routine              Sec        %
|     ---------------------------------
|     1D bspline           0.00    0.00
|     Grid Charges         0.00    0.00
|     Scalar Sum           0.00    0.00
|     Gradient Sum         0.00    0.00
|     FFT                  0.00    0.00
|     ---------------------------------
|     Total                0.00    0.00

|  Final Performance Info:
|     -----------------------------------------------------
|     Average timings for last   60000 steps:
|     Elapsed(s) =      27.12 Per Step(ms) =       0.45
|         ns/day =     191.14   seconds/ns =     452.03
|
|     Average timings for all steps:
|     Elapsed(s) =      87.80 Per Step(ms) =       0.44
|         ns/day =     196.81   seconds/ns =     439.00
|     -----------------------------------------------------

|  Setup CPU time:            0.64 seconds
|  NonSetup CPU time:        87.54 seconds
|  Total CPU time:           88.18 seconds     0.02 hours

|  Setup wall time:           1    seconds
|  NonSetup wall time:       87    seconds
|  Total wall time:          88    seconds     0.02 hours
