
          -------------------------------------------------------
          Amber 20 PMEMD                              2020
          -------------------------------------------------------

| PMEMD implementation of SANDER, Release 18

|  Compiled date/time: Mon Apr 27 21:19:54 2020
| Run on 09/30/2020 at 18:27:56

|   Executable path: /opt/software/Amber/20-fosscuda-2019b/amber20/bin/pmemd.cuda
| Working directory: /mnt/ls15/scratch/users/songlin3/run/solvation_amber20/po4/one_step_tip3p_PO4/po4_to_dummy/0.95206
|          Hostname: nvf-001

  [-O]verwriting output

File Assignments:
|   MDIN: heat.in                                                               
|  MDOUT: heat.out                                                              
| INPCRD: min.rst                                                               
|   PARM: step1_dummy.prmtop                                                    
| RESTRT: heat.rst                                                              
|   REFC: min.rst                                                               
|  MDVEL: mdvel                                                                 
|   MDEN: mden                                                                  
|  MDCRD: heat.netcdf                                                           
| MDINFO: heat.mdinfo                                                           
|  MDFRC: mdfrc                                                                 


 Here is the input file:

nvt for free MD                                                                
 &cntrl                                                                        
  imin=0,                                                                      
  irest=0,                                                                     
  ntx=1,                                                                       
  ig=-1,                                                                       
  nstlim=100000,                                                               
  dt=0.002,                                                                    
  cut=10.0,                                                                    
  ntc=2,                                                                       
  ntf=2,                                                                       
  ntb=1,                                                                       
  ntt=3,                                                                       
  gamma_ln=2.0,                                                                
  tempi=0.0,                                                                   
  temp0=300.0,                                                                 
  ntpr=5000,                                                                   
  ntwr=5000,                                                                   
  ntwx=10000,                                                                  
  ntwv=0,                                                                      
  ioutfm=1,                                                                    
  iwrap=0,                                                                     
  nmropt=1,                                                                    
  ifsc = 0, icfe=1,                                                            
  clambda=0.95206,                                                             
  timask1=':1',                                                                
  timask2=':2',                                                                
/                                                                              
&wt TYPE='TEMP0', istep1=0, istep2=90000, value1=0.0, value2=300.0 /           
&wt TYPE='TEMP0', istep1=90001, istep2=100000, value1=300.0, value2=300.0 /    
&wt TYPE='DUMPFREQ', istep1=10000, /                                           
&wt TYPE='END', /                                                              


Note: ig = -1. Setting random seed to   584901 based on wallclock time in 
      microseconds.
| irandom = 1, using AMBER's internal random number generator (default).
 
|--------------------- INFORMATION ----------------------
| GPU (CUDA) Version of PMEMD in use: NVIDIA GPU IN USE.
|                    Version 18.0.0
| 
|                      03/25/2018
| 
| Implementation by:
|                    Ross C. Walker     (SDSC)
|                    Scott Le Grand     (nVIDIA)
| 
| Version 18 performance extensions by:
|                    David Cerutti     (Rutgers)
| 
| Precision model in use:
|      [SPFP] - Single Precision Forces, 64-bit Fixed Point
|               Accumulation. (Default)
| 
|--------------------------------------------------------
 
|----------------- CITATION INFORMATION -----------------
|
|    When publishing work that utilized the CUDA version
|    of AMBER, please cite the following in addition to
|    the regular AMBER citations:
|
|  - Romelia Salomon-Ferrer; Andreas W. Goetz; Duncan
|    Poole; Scott Le Grand; Ross C. Walker "Routine
|    microsecond molecular dynamics simulations with
|    AMBER - Part II: Particle Mesh Ewald", J. Chem.
|    Theory Comput., 2013, 9 (9), pp3878-3888,
|    DOI: 10.1021/ct400314y.
|
|  - Andreas W. Goetz; Mark J. Williamson; Dong Xu;
|    Duncan Poole; Scott Le Grand; Ross C. Walker
|    "Routine microsecond molecular dynamics simulations
|    with AMBER - Part I: Generalized Born", J. Chem.
|    Theory Comput., 2012, 8 (5), pp1542-1555.
|
|  - Scott Le Grand; Andreas W. Goetz; Ross C. Walker
|    "SPFP: Speed without compromise - a mixed precision
|    model for GPU accelerated molecular dynamics
|    simulations.", Comp. Phys. Comm., 2013, 184
|    pp374-380, DOI: 10.1016/j.cpc.2012.09.022
|
|    When publishing work that utilized the CUDA version
|    of TI, BAR, MBAR or FEP please cite the following 
|    publications in addition to the regular AMBER 
|    GPU citations:
|
|  - Daniel J. Mermelstein; Charles Lin; Gard Nelson; 
|    Rachael Kretsch; J. Andrew McCammon; Ross C. Walker
|    "Fast and Flexible GPU Accelerated Binding 
|    Free Energy Calculations within the AMBER Molecular
|    Dynamics Package" J. Comp. Chem., 2018,
|    DOI: 10.1002/jcc.25187
|
|  - Tai-Sung Lee; Yuan Hu; Brad Sherborne; Zhuyan Guo;
|    Darrin M. York
|    "Toward Fast and Accurate Binding Affinity Prediction with
|    pmemdGTI: An Efficient Implementation of GPU-Accelerated
|    Thermodynamic Integration"
|    J. Chem. Theory Comput., 2017, 13 (7), 3077
|
|
|--------------------------------------------------------
 
|------------------- GPU DEVICE INFO --------------------
|
|            CUDA_VISIBLE_DEVICES: 0
|   CUDA Capable Devices Detected:      1
|           CUDA Device ID in use:      0
|                CUDA Device Name: Tesla V100S-PCIE-32GB
|     CUDA Device Global Mem Size:  32510 MB
| CUDA Device Num Multiprocessors:     80
|           CUDA Device Core Freq:   1.60 GHz
|
|--------------------------------------------------------
 
 
| Conditional Compilation Defines Used:
| FFTW_FFT
| BINTRAJ
| MKL
| CUDA
| EMIL

| Largest sphere to fit in unit cell has radius =    22.455

| New format PARM file being parsed.
| Version =    1.000 Date = 09/30/20 Time = 15:53:13

| Note: 1-4 EEL scale factors are being read from the topology file.

| Note: 1-4 VDW scale factors are being read from the topology file.
| Duplicated    0 dihedrals

| Duplicated    0 dihedrals

--------------------------------------------------------------------------------
   1.  RESOURCE   USE: 
--------------------------------------------------------------------------------

 getting box info from netcdf restart file
 NATOM  =   11419 NTYPES =       6 NBONH =   11409 MBONA  =       8
 NTHETH =       0 MTHETA =      12 NPHIH =       0 MPHIA  =       0
 NHPARM =       0 NPARM  =       0 NNB   =   15234 NRES   =    3805
 NBONA  =       8 NTHETA =      12 NPHIA =       0 NUMBND =       3
 NUMANG =       1 NPTRA  =       0 NATYP =       4 NPHB   =       1
 IFBOX  =       2 NMXRS  =       5 IFCAP =       0 NEXTRA =       0
 NCOPY  =       0

| Coordinate Index Table dimensions:     8    8    8
| Direct force subcell size =     6.8755    6.8755    6.8755

     BOX TYPE: TRUNCATED OCTAHEDRON

--------------------------------------------------------------------------------
   2.  CONTROL  DATA  FOR  THE  RUN
--------------------------------------------------------------------------------

default_name                                                                    

General flags:
     imin    =       0, nmropt  =       1

Nature and format of input:
     ntx     =       1, irest   =       0, ntrx    =       1

Nature and format of output:
     ntxo    =       2, ntpr    =    5000, ntrx    =       1, ntwr    =    5000
     iwrap   =       0, ntwx    =   10000, ntwv    =       0, ntwe    =       0
     ioutfm  =       1, ntwprt  =       0, idecomp =       0, rbornstat=      0

Potential function:
     ntf     =       2, ntb     =       1, igb     =       0, nsnb    =      25
     ipol    =       0, gbsa    =       0, iesp    =       0
     dielc   =   1.00000, cut     =  10.00000, intdiel =   1.00000

Frozen or restrained atoms:
     ibelly  =       0, ntr     =       0

Molecular dynamics:
     nstlim  =    100000, nscm    =      1000, nrespa  =         1
     t       =   0.00000, dt      =   0.00200, vlimit  =  -1.00000

Langevin dynamics temperature regulation:
     ig      =  584901
     temp0   = 300.00000, tempi   =   0.00000, gamma_ln=   2.00000

SHAKE:
     ntc     =       2, jfastw  =       0
     tol     =   0.00001

NMR refinement options:
     iscale  =       0, noeskp  =       1, ipnlty  =       1, mxsub   =       1
     scalm   = 100.00000, pencut  =   0.10000, tausw   =   0.10000

Free energy options:
     icfe    =       1, ifsc    =       0, klambda =       1
     clambda =  0.9521, scalpha =  0.5000, scbeta  = 12.0000
     sceeorder =       2
     dynlmb =  0.0000 logdvdl =       0

| Intermolecular bonds treatment:
|     no_intermolecular_bonds =       1

| Energy averages sample interval:
|     ene_avg_sampling =    5000

Ewald parameters:
     verbose =       0, ew_type =       0, nbflag  =       1, use_pme =       1
     vdwmeth =       1, eedmeth =       1, netfrc  =       1
     Box X =   55.004   Box Y =   55.004   Box Z =   55.004
     Alpha =  109.471   Beta  =  109.471   Gamma =  109.471
     NFFT1 =   56       NFFT2 =   56       NFFT3 =   56
     Cutoff=   10.000   Tol   =0.100E-04
     Ewald Coefficient =  0.27511
     Interpolation order =    4
     TI Mask 1 :1; matches      5 atoms
     TI Mask 2 :2; matches      5 atoms
     TI region 1:   11414 atoms
     TI region 2:   11414 atoms
     Checking for mismatched coordinates.

--------------------------------------------------------------------------------
   3.  ATOMIC COORDINATES AND VELOCITIES
--------------------------------------------------------------------------------

default_name                                                                    
 begin time read from input coords =     0.000 ps



           Begin reading energy term weight changes/NMR restraints
 WEIGHT CHANGES:
 TEMP0         0  90000    0.000000  300.000000      0      0
 TEMP0     90001 100000  300.000000  300.000000      0      0
 DUMPFREQ  10000      0    0.000000    0.000000      0      0

 RESTRAINTS:
                          ** No restraint defined **

                  Done reading weight changes/NMR restraints


 
 Number of triangulated 3-point waters found:     3803

     Sum of charges for TI region  1 =  -2.99999999
     Skip neutralizing charges...


     Sum of charges for TI region  2 =   0.00000000
     Skip neutralizing charges...

| Dynamic Memory, Types Used:
| Reals              566056
| Integers           434130

| Nonbonded Pairs Initial Allocation:     3453962

| GPU memory information (estimate):
| KB of GPU memory in use:    104187
| KB of CPU memory in use:     26907

--------------------------------------------------------------------------------
   4.  RESULTS
--------------------------------------------------------------------------------


| TI region  1


 NSTEP =        0   TIME(PS) =       0.000  TEMP(K) =     0.00  PRESS =     0.0
 Etot   =    -34653.9558  EKtot   =         0.0000  EPtot      =    -34653.9558
 BOND   =         0.0002  ANGLE   =         6.2602  DIHED      =         0.0000
 1-4 NB =         0.0000  1-4 EEL =         0.0000  VDWAALS    =      2544.5407
 EELEC  =    -37204.7569  EHBOND  =         0.0000  RESTRAINT  =         0.0000
 DV/DL  =       104.9534
 ------------------------------------------------------------------------------


| TI region  2


 NSTEP =        0   TIME(PS) =       0.000  TEMP(K) =     0.00  PRESS =     0.0
 Etot   =    -34653.9558  EKtot   =         0.0000  EPtot      =    -34653.9558
 BOND   =         0.0002  ANGLE   =         6.2602  DIHED      =         0.0000
 1-4 NB =         0.0000  1-4 EEL =         0.0000  VDWAALS    =      2544.5407
 EELEC  =    -37204.7569  EHBOND  =         0.0000  RESTRAINT  =         0.0000
 DV/DL  =       104.9534
 ------------------------------------------------------------------------------

 NMR restraints: Bond =    0.000   Angle =     0.000   Torsion =     0.000
===============================================================================

| TI region  1


 NSTEP =     5000   TIME(PS) =      10.000  TEMP(K) =    15.57  PRESS =     0.0
 Etot   =    -44619.9368  EKtot   =       353.2905  EPtot      =    -44973.2273
 BOND   =         0.0520  ANGLE   =         6.3260  DIHED      =         0.0000
 1-4 NB =         0.0000  1-4 EEL =         0.0000  VDWAALS    =      8139.7631
 EELEC  =    -53119.3685  EHBOND  =         0.0000  RESTRAINT  =         0.0000
 DV/DL  =       199.6412
 ------------------------------------------------------------------------------


| TI region  2


 NSTEP =     5000   TIME(PS) =      10.000  TEMP(K) =    15.57  PRESS =     0.0
 Etot   =    -44619.9368  EKtot   =       353.2905  EPtot      =    -44973.2273
 BOND   =         0.0520  ANGLE   =         6.3260  DIHED      =         0.0000
 1-4 NB =         0.0000  1-4 EEL =         0.0000  VDWAALS    =      8139.7631
 EELEC  =    -53119.3685  EHBOND  =         0.0000  RESTRAINT  =         0.0000
 DV/DL  =       199.6412
 ------------------------------------------------------------------------------

 NMR restraints: Bond =    0.000   Angle =     0.000   Torsion =     0.000
===============================================================================

| TI region  1


 NSTEP =    10000   TIME(PS) =      20.000  TEMP(K) =    33.05  PRESS =     0.0
 Etot   =    -43998.3708  EKtot   =       749.8797  EPtot      =    -44748.2505
 BOND   =         0.1164  ANGLE   =         6.3505  DIHED      =         0.0000
 1-4 NB =         0.0000  1-4 EEL =         0.0000  VDWAALS    =      8160.0529
 EELEC  =    -52914.7703  EHBOND  =         0.0000  RESTRAINT  =         0.0000
 DV/DL  =       198.5056
 ------------------------------------------------------------------------------


| TI region  2


 NSTEP =    10000   TIME(PS) =      20.000  TEMP(K) =    33.05  PRESS =     0.0
 Etot   =    -43998.3708  EKtot   =       749.8797  EPtot      =    -44748.2505
 BOND   =         0.1164  ANGLE   =         6.3505  DIHED      =         0.0000
 1-4 NB =         0.0000  1-4 EEL =         0.0000  VDWAALS    =      8160.0529
 EELEC  =    -52914.7703  EHBOND  =         0.0000  RESTRAINT  =         0.0000
 DV/DL  =       198.5056
 ------------------------------------------------------------------------------

 NMR restraints: Bond =    0.000   Angle =     0.000   Torsion =     0.000
===============================================================================

| TI region  1


 NSTEP =    15000   TIME(PS) =      30.000  TEMP(K) =    49.56  PRESS =     0.0
 Etot   =    -43343.4526  EKtot   =      1124.3692  EPtot      =    -44467.8218
 BOND   =         0.2164  ANGLE   =         6.5867  DIHED      =         0.0000
 1-4 NB =         0.0000  1-4 EEL =         0.0000  VDWAALS    =      8161.4756
 EELEC  =    -52636.1005  EHBOND  =         0.0000  RESTRAINT  =         0.0000
 DV/DL  =       176.3587
 ------------------------------------------------------------------------------


| TI region  2


 NSTEP =    15000   TIME(PS) =      30.000  TEMP(K) =    49.56  PRESS =     0.0
 Etot   =    -43343.4526  EKtot   =      1124.3692  EPtot      =    -44467.8218
 BOND   =         0.2164  ANGLE   =         6.5867  DIHED      =         0.0000
 1-4 NB =         0.0000  1-4 EEL =         0.0000  VDWAALS    =      8161.4756
 EELEC  =    -52636.1005  EHBOND  =         0.0000  RESTRAINT  =         0.0000
 DV/DL  =       176.3587
 ------------------------------------------------------------------------------

 NMR restraints: Bond =    0.000   Angle =     0.000   Torsion =     0.000
===============================================================================

| TI region  1


 NSTEP =    20000   TIME(PS) =      40.000  TEMP(K) =    66.54  PRESS =     0.0
 Etot   =    -42719.5200  EKtot   =      1509.6709  EPtot      =    -44229.1909
 BOND   =         0.3398  ANGLE   =         6.4366  DIHED      =         0.0000
 1-4 NB =         0.0000  1-4 EEL =         0.0000  VDWAALS    =      8045.6705
 EELEC  =    -52281.6378  EHBOND  =         0.0000  RESTRAINT  =         0.0000
 DV/DL  =       189.5953
 ------------------------------------------------------------------------------


| TI region  2


 NSTEP =    20000   TIME(PS) =      40.000  TEMP(K) =    66.54  PRESS =     0.0
 Etot   =    -42719.5200  EKtot   =      1509.6709  EPtot      =    -44229.1909
 BOND   =         0.3398  ANGLE   =         6.4366  DIHED      =         0.0000
 1-4 NB =         0.0000  1-4 EEL =         0.0000  VDWAALS    =      8045.6705
 EELEC  =    -52281.6378  EHBOND  =         0.0000  RESTRAINT  =         0.0000
 DV/DL  =       189.5953
 ------------------------------------------------------------------------------

 NMR restraints: Bond =    0.000   Angle =     0.000   Torsion =     0.000
===============================================================================

| TI region  1


 NSTEP =    25000   TIME(PS) =      50.000  TEMP(K) =    82.36  PRESS =     0.0
 Etot   =    -42149.6368  EKtot   =      1868.5879  EPtot      =    -44018.2247
 BOND   =         0.1248  ANGLE   =         6.6931  DIHED      =         0.0000
 1-4 NB =         0.0000  1-4 EEL =         0.0000  VDWAALS    =      8147.9401
 EELEC  =    -52172.9827  EHBOND  =         0.0000  RESTRAINT  =         0.0000
 DV/DL  =       164.6461
 ------------------------------------------------------------------------------


| TI region  2


 NSTEP =    25000   TIME(PS) =      50.000  TEMP(K) =    82.36  PRESS =     0.0
 Etot   =    -42149.6368  EKtot   =      1868.5879  EPtot      =    -44018.2247
 BOND   =         0.1248  ANGLE   =         6.6931  DIHED      =         0.0000
 1-4 NB =         0.0000  1-4 EEL =         0.0000  VDWAALS    =      8147.9401
 EELEC  =    -52172.9827  EHBOND  =         0.0000  RESTRAINT  =         0.0000
 DV/DL  =       164.6461
 ------------------------------------------------------------------------------

 NMR restraints: Bond =    0.000   Angle =     0.000   Torsion =     0.000
===============================================================================

| TI region  1


 NSTEP =    30000   TIME(PS) =      60.000  TEMP(K) =    98.07  PRESS =     0.0
 Etot   =    -41486.8565  EKtot   =      2224.8539  EPtot      =    -43711.7105
 BOND   =         0.9142  ANGLE   =         6.5643  DIHED      =         0.0000
 1-4 NB =         0.0000  1-4 EEL =         0.0000  VDWAALS    =      8103.3197
 EELEC  =    -51822.5087  EHBOND  =         0.0000  RESTRAINT  =         0.0000
 DV/DL  =       164.9008
 ------------------------------------------------------------------------------


| TI region  2


 NSTEP =    30000   TIME(PS) =      60.000  TEMP(K) =    98.07  PRESS =     0.0
 Etot   =    -41486.8565  EKtot   =      2224.8539  EPtot      =    -43711.7105
 BOND   =         0.9142  ANGLE   =         6.5643  DIHED      =         0.0000
 1-4 NB =         0.0000  1-4 EEL =         0.0000  VDWAALS    =      8103.3197
 EELEC  =    -51822.5087  EHBOND  =         0.0000  RESTRAINT  =         0.0000
 DV/DL  =       164.9008
 ------------------------------------------------------------------------------

 NMR restraints: Bond =    0.000   Angle =     0.000   Torsion =     0.000
===============================================================================

| TI region  1


 NSTEP =    35000   TIME(PS) =      70.000  TEMP(K) =   116.35  PRESS =     0.0
 Etot   =    -40796.2319  EKtot   =      2639.6428  EPtot      =    -43435.8747
 BOND   =         0.4947  ANGLE   =         6.5935  DIHED      =         0.0000
 1-4 NB =         0.0000  1-4 EEL =         0.0000  VDWAALS    =      8056.7718
 EELEC  =    -51499.7347  EHBOND  =         0.0000  RESTRAINT  =         0.0000
 DV/DL  =       130.1232
 ------------------------------------------------------------------------------


| TI region  2


 NSTEP =    35000   TIME(PS) =      70.000  TEMP(K) =   116.35  PRESS =     0.0
 Etot   =    -40796.2319  EKtot   =      2639.6428  EPtot      =    -43435.8747
 BOND   =         0.4947  ANGLE   =         6.5935  DIHED      =         0.0000
 1-4 NB =         0.0000  1-4 EEL =         0.0000  VDWAALS    =      8056.7718
 EELEC  =    -51499.7347  EHBOND  =         0.0000  RESTRAINT  =         0.0000
 DV/DL  =       130.1232
 ------------------------------------------------------------------------------

 NMR restraints: Bond =    0.000   Angle =     0.000   Torsion =     0.000
===============================================================================

| TI region  1


 NSTEP =    40000   TIME(PS) =      80.000  TEMP(K) =   133.06  PRESS =     0.0
 Etot   =    -39947.6727  EKtot   =      3018.8075  EPtot      =    -42966.4802
 BOND   =         0.4048  ANGLE   =         7.6508  DIHED      =         0.0000
 1-4 NB =         0.0000  1-4 EEL =         0.0000  VDWAALS    =      7884.2343
 EELEC  =    -50858.7702  EHBOND  =         0.0000  RESTRAINT  =         0.0000
 DV/DL  =       153.8748
 ------------------------------------------------------------------------------


| TI region  2


 NSTEP =    40000   TIME(PS) =      80.000  TEMP(K) =   133.06  PRESS =     0.0
 Etot   =    -39947.6727  EKtot   =      3018.8075  EPtot      =    -42966.4802
 BOND   =         0.4048  ANGLE   =         7.6508  DIHED      =         0.0000
 1-4 NB =         0.0000  1-4 EEL =         0.0000  VDWAALS    =      7884.2343
 EELEC  =    -50858.7702  EHBOND  =         0.0000  RESTRAINT  =         0.0000
 DV/DL  =       153.8748
 ------------------------------------------------------------------------------

 NMR restraints: Bond =    0.000   Angle =     0.000   Torsion =     0.000
===============================================================================

| TI region  1


 NSTEP =    45000   TIME(PS) =      90.000  TEMP(K) =   148.38  PRESS =     0.0
 Etot   =    -39260.6161  EKtot   =      3366.2458  EPtot      =    -42626.8619
 BOND   =         1.2720  ANGLE   =         7.5039  DIHED      =         0.0000
 1-4 NB =         0.0000  1-4 EEL =         0.0000  VDWAALS    =      7841.1173
 EELEC  =    -50476.7551  EHBOND  =         0.0000  RESTRAINT  =         0.0000
 DV/DL  =       109.0696
 ------------------------------------------------------------------------------


| TI region  2


 NSTEP =    45000   TIME(PS) =      90.000  TEMP(K) =   148.38  PRESS =     0.0
 Etot   =    -39260.6161  EKtot   =      3366.2458  EPtot      =    -42626.8619
 BOND   =         1.2720  ANGLE   =         7.5039  DIHED      =         0.0000
 1-4 NB =         0.0000  1-4 EEL =         0.0000  VDWAALS    =      7841.1173
 EELEC  =    -50476.7551  EHBOND  =         0.0000  RESTRAINT  =         0.0000
 DV/DL  =       109.0696
 ------------------------------------------------------------------------------

 NMR restraints: Bond =    0.000   Angle =     0.000   Torsion =     0.000
===============================================================================

| TI region  1


 NSTEP =    50000   TIME(PS) =     100.000  TEMP(K) =   165.01  PRESS =     0.0
 Etot   =    -38588.7007  EKtot   =      3743.4744  EPtot      =    -42332.1751
 BOND   =         0.6358  ANGLE   =         6.7119  DIHED      =         0.0000
 1-4 NB =         0.0000  1-4 EEL =         0.0000  VDWAALS    =      7590.8357
 EELEC  =    -49930.3585  EHBOND  =         0.0000  RESTRAINT  =         0.0000
 DV/DL  =       143.9311
 ------------------------------------------------------------------------------


| TI region  2


 NSTEP =    50000   TIME(PS) =     100.000  TEMP(K) =   165.01  PRESS =     0.0
 Etot   =    -38588.7007  EKtot   =      3743.4744  EPtot      =    -42332.1751
 BOND   =         0.6358  ANGLE   =         6.7119  DIHED      =         0.0000
 1-4 NB =         0.0000  1-4 EEL =         0.0000  VDWAALS    =      7590.8357
 EELEC  =    -49930.3585  EHBOND  =         0.0000  RESTRAINT  =         0.0000
 DV/DL  =       143.9311
 ------------------------------------------------------------------------------

 NMR restraints: Bond =    0.000   Angle =     0.000   Torsion =     0.000
===============================================================================

| TI region  1


 NSTEP =    55000   TIME(PS) =     110.000  TEMP(K) =   183.24  PRESS =     0.0
 Etot   =    -37636.2478  EKtot   =      4157.1031  EPtot      =    -41793.3509
 BOND   =         0.5440  ANGLE   =         6.7942  DIHED      =         0.0000
 1-4 NB =         0.0000  1-4 EEL =         0.0000  VDWAALS    =      7298.8233
 EELEC  =    -49099.5124  EHBOND  =         0.0000  RESTRAINT  =         0.0000
 DV/DL  =       133.7633
 ------------------------------------------------------------------------------


| TI region  2


 NSTEP =    55000   TIME(PS) =     110.000  TEMP(K) =   183.24  PRESS =     0.0
 Etot   =    -37636.2478  EKtot   =      4157.1031  EPtot      =    -41793.3509
 BOND   =         0.5440  ANGLE   =         6.7942  DIHED      =         0.0000
 1-4 NB =         0.0000  1-4 EEL =         0.0000  VDWAALS    =      7298.8233
 EELEC  =    -49099.5124  EHBOND  =         0.0000  RESTRAINT  =         0.0000
 DV/DL  =       133.7633
 ------------------------------------------------------------------------------

 NMR restraints: Bond =    0.000   Angle =     0.000   Torsion =     0.000
===============================================================================

| TI region  1


 NSTEP =    60000   TIME(PS) =     120.000  TEMP(K) =   199.26  PRESS =     0.0
 Etot   =    -36623.8098  EKtot   =      4520.6486  EPtot      =    -41144.4585
 BOND   =         0.0862  ANGLE   =         7.1391  DIHED      =         0.0000
 1-4 NB =         0.0000  1-4 EEL =         0.0000  VDWAALS    =      7236.0163
 EELEC  =    -48387.7001  EHBOND  =         0.0000  RESTRAINT  =         0.0000
 DV/DL  =       122.0764
 ------------------------------------------------------------------------------


| TI region  2


 NSTEP =    60000   TIME(PS) =     120.000  TEMP(K) =   199.26  PRESS =     0.0
 Etot   =    -36623.8098  EKtot   =      4520.6486  EPtot      =    -41144.4585
 BOND   =         0.0862  ANGLE   =         7.1391  DIHED      =         0.0000
 1-4 NB =         0.0000  1-4 EEL =         0.0000  VDWAALS    =      7236.0163
 EELEC  =    -48387.7001  EHBOND  =         0.0000  RESTRAINT  =         0.0000
 DV/DL  =       122.0764
 ------------------------------------------------------------------------------

 NMR restraints: Bond =    0.000   Angle =     0.000   Torsion =     0.000
===============================================================================

| TI region  1


 NSTEP =    65000   TIME(PS) =     130.000  TEMP(K) =   213.53  PRESS =     0.0
 Etot   =    -35513.3879  EKtot   =      4844.3886  EPtot      =    -40357.7765
 BOND   =         0.6779  ANGLE   =         7.5053  DIHED      =         0.0000
 1-4 NB =         0.0000  1-4 EEL =         0.0000  VDWAALS    =      6838.9462
 EELEC  =    -47204.9060  EHBOND  =         0.0000  RESTRAINT  =         0.0000
 DV/DL  =       161.9655
 ------------------------------------------------------------------------------


| TI region  2


 NSTEP =    65000   TIME(PS) =     130.000  TEMP(K) =   213.53  PRESS =     0.0
 Etot   =    -35513.3879  EKtot   =      4844.3886  EPtot      =    -40357.7765
 BOND   =         0.6779  ANGLE   =         7.5053  DIHED      =         0.0000
 1-4 NB =         0.0000  1-4 EEL =         0.0000  VDWAALS    =      6838.9462
 EELEC  =    -47204.9060  EHBOND  =         0.0000  RESTRAINT  =         0.0000
 DV/DL  =       161.9655
 ------------------------------------------------------------------------------

 NMR restraints: Bond =    0.000   Angle =     0.000   Torsion =     0.000
===============================================================================

| TI region  1


 NSTEP =    70000   TIME(PS) =     140.000  TEMP(K) =   233.98  PRESS =     0.0
 Etot   =    -34004.6375  EKtot   =      5308.3506  EPtot      =    -39312.9881
 BOND   =         2.1126  ANGLE   =         6.9119  DIHED      =         0.0000
 1-4 NB =         0.0000  1-4 EEL =         0.0000  VDWAALS    =      6583.5964
 EELEC  =    -45905.6090  EHBOND  =         0.0000  RESTRAINT  =         0.0000
 DV/DL  =       185.4879
 ------------------------------------------------------------------------------


| TI region  2


 NSTEP =    70000   TIME(PS) =     140.000  TEMP(K) =   233.98  PRESS =     0.0
 Etot   =    -34004.6375  EKtot   =      5308.3506  EPtot      =    -39312.9881
 BOND   =         2.1126  ANGLE   =         6.9119  DIHED      =         0.0000
 1-4 NB =         0.0000  1-4 EEL =         0.0000  VDWAALS    =      6583.5964
 EELEC  =    -45905.6090  EHBOND  =         0.0000  RESTRAINT  =         0.0000
 DV/DL  =       185.4879
 ------------------------------------------------------------------------------

 NMR restraints: Bond =    0.000   Angle =     0.000   Torsion =     0.000
===============================================================================

| TI region  1


 NSTEP =    75000   TIME(PS) =     150.000  TEMP(K) =   247.17  PRESS =     0.0
 Etot   =    -32577.9677  EKtot   =      5607.5948  EPtot      =    -38185.5625
 BOND   =         0.1685  ANGLE   =         6.5725  DIHED      =         0.0000
 1-4 NB =         0.0000  1-4 EEL =         0.0000  VDWAALS    =      6052.7541
 EELEC  =    -44245.0577  EHBOND  =         0.0000  RESTRAINT  =         0.0000
 DV/DL  =       138.5677
 ------------------------------------------------------------------------------


| TI region  2


 NSTEP =    75000   TIME(PS) =     150.000  TEMP(K) =   247.17  PRESS =     0.0
 Etot   =    -32577.9677  EKtot   =      5607.5948  EPtot      =    -38185.5625
 BOND   =         0.1685  ANGLE   =         6.5725  DIHED      =         0.0000
 1-4 NB =         0.0000  1-4 EEL =         0.0000  VDWAALS    =      6052.7541
 EELEC  =    -44245.0577  EHBOND  =         0.0000  RESTRAINT  =         0.0000
 DV/DL  =       138.5677
 ------------------------------------------------------------------------------

 NMR restraints: Bond =    0.000   Angle =     0.000   Torsion =     0.000
===============================================================================

| TI region  1


 NSTEP =    80000   TIME(PS) =     160.000  TEMP(K) =   263.44  PRESS =     0.0
 Etot   =    -31178.5225  EKtot   =      5976.5784  EPtot      =    -37155.1009
 BOND   =         2.1497  ANGLE   =         7.5860  DIHED      =         0.0000
 1-4 NB =         0.0000  1-4 EEL =         0.0000  VDWAALS    =      5723.3038
 EELEC  =    -42888.1404  EHBOND  =         0.0000  RESTRAINT  =         0.0000
 DV/DL  =       157.9267
 ------------------------------------------------------------------------------


| TI region  2


 NSTEP =    80000   TIME(PS) =     160.000  TEMP(K) =   263.44  PRESS =     0.0
 Etot   =    -31178.5225  EKtot   =      5976.5784  EPtot      =    -37155.1009
 BOND   =         2.1497  ANGLE   =         7.5860  DIHED      =         0.0000
 1-4 NB =         0.0000  1-4 EEL =         0.0000  VDWAALS    =      5723.3038
 EELEC  =    -42888.1404  EHBOND  =         0.0000  RESTRAINT  =         0.0000
 DV/DL  =       157.9267
 ------------------------------------------------------------------------------

 NMR restraints: Bond =    0.000   Angle =     0.000   Torsion =     0.000
===============================================================================

| TI region  1


 NSTEP =    85000   TIME(PS) =     170.000  TEMP(K) =   282.95  PRESS =     0.0
 Etot   =    -29897.2461  EKtot   =      6419.3173  EPtot      =    -36316.5634
 BOND   =         0.6510  ANGLE   =         6.4842  DIHED      =         0.0000
 1-4 NB =         0.0000  1-4 EEL =         0.0000  VDWAALS    =      5335.0692
 EELEC  =    -41658.7678  EHBOND  =         0.0000  RESTRAINT  =         0.0000
 DV/DL  =       140.4889
 ------------------------------------------------------------------------------


| TI region  2


 NSTEP =    85000   TIME(PS) =     170.000  TEMP(K) =   282.95  PRESS =     0.0
 Etot   =    -29897.2461  EKtot   =      6419.3173  EPtot      =    -36316.5634
 BOND   =         0.6510  ANGLE   =         6.4842  DIHED      =         0.0000
 1-4 NB =         0.0000  1-4 EEL =         0.0000  VDWAALS    =      5335.0692
 EELEC  =    -41658.7678  EHBOND  =         0.0000  RESTRAINT  =         0.0000
 DV/DL  =       140.4889
 ------------------------------------------------------------------------------

 NMR restraints: Bond =    0.000   Angle =     0.000   Torsion =     0.000
===============================================================================

| TI region  1


 NSTEP =    90000   TIME(PS) =     180.000  TEMP(K) =   295.94  PRESS =     0.0
 Etot   =    -28939.4670  EKtot   =      6713.8989  EPtot      =    -35653.3660
 BOND   =         0.3811  ANGLE   =         6.8570  DIHED      =         0.0000
 1-4 NB =         0.0000  1-4 EEL =         0.0000  VDWAALS    =      5099.4446
 EELEC  =    -40760.0487  EHBOND  =         0.0000  RESTRAINT  =         0.0000
 DV/DL  =       111.3767
 ------------------------------------------------------------------------------


| TI region  2


 NSTEP =    90000   TIME(PS) =     180.000  TEMP(K) =   295.94  PRESS =     0.0
 Etot   =    -28939.4670  EKtot   =      6713.8989  EPtot      =    -35653.3660
 BOND   =         0.3811  ANGLE   =         6.8570  DIHED      =         0.0000
 1-4 NB =         0.0000  1-4 EEL =         0.0000  VDWAALS    =      5099.4446
 EELEC  =    -40760.0487  EHBOND  =         0.0000  RESTRAINT  =         0.0000
 DV/DL  =       111.3767
 ------------------------------------------------------------------------------

 NMR restraints: Bond =    0.000   Angle =     0.000   Torsion =     0.000
===============================================================================

| TI region  1


 NSTEP =    95000   TIME(PS) =     190.000  TEMP(K) =   298.86  PRESS =     0.0
 Etot   =    -28667.7296  EKtot   =      6780.1545  EPtot      =    -35447.8842
 BOND   =         0.4376  ANGLE   =         6.5790  DIHED      =         0.0000
 1-4 NB =         0.0000  1-4 EEL =         0.0000  VDWAALS    =      5082.2564
 EELEC  =    -40537.1572  EHBOND  =         0.0000  RESTRAINT  =         0.0000
 DV/DL  =       130.7448
 ------------------------------------------------------------------------------


| TI region  2


 NSTEP =    95000   TIME(PS) =     190.000  TEMP(K) =   298.86  PRESS =     0.0
 Etot   =    -28667.7296  EKtot   =      6780.1545  EPtot      =    -35447.8842
 BOND   =         0.4376  ANGLE   =         6.5790  DIHED      =         0.0000
 1-4 NB =         0.0000  1-4 EEL =         0.0000  VDWAALS    =      5082.2564
 EELEC  =    -40537.1572  EHBOND  =         0.0000  RESTRAINT  =         0.0000
 DV/DL  =       130.7448
 ------------------------------------------------------------------------------

 NMR restraints: Bond =    0.000   Angle =     0.000   Torsion =     0.000
===============================================================================

| TI region  1


 NSTEP =   100000   TIME(PS) =     200.000  TEMP(K) =   299.63  PRESS =     0.0
 Etot   =    -28618.6736  EKtot   =      6797.5832  EPtot      =    -35416.2568
 BOND   =         4.1157  ANGLE   =         8.4522  DIHED      =         0.0000
 1-4 NB =         0.0000  1-4 EEL =         0.0000  VDWAALS    =      5158.7546
 EELEC  =    -40587.5792  EHBOND  =         0.0000  RESTRAINT  =         0.0000
 DV/DL  =       138.6508
 ------------------------------------------------------------------------------


| TI region  2


 NSTEP =   100000   TIME(PS) =     200.000  TEMP(K) =   299.63  PRESS =     0.0
 Etot   =    -28618.6736  EKtot   =      6797.5832  EPtot      =    -35416.2568
 BOND   =         4.1157  ANGLE   =         8.4522  DIHED      =         0.0000
 1-4 NB =         0.0000  1-4 EEL =         0.0000  VDWAALS    =      5158.7546
 EELEC  =    -40587.5792  EHBOND  =         0.0000  RESTRAINT  =         0.0000
 DV/DL  =       138.6508
 ------------------------------------------------------------------------------

 NMR restraints: Bond =    0.000   Angle =     0.000   Torsion =     0.000
===============================================================================

| TI region  1


      A V E R A G E S   O V E R      20 S T E P S


 NSTEP =   100000   TIME(PS) =     200.000  TEMP(K) =   171.30  PRESS =     0.0
 Etot   =    -37028.4342  EKtot   =      3886.2220  EPtot      =    -40914.6563
 BOND   =         0.7948  ANGLE   =         6.9149  DIHED      =         0.0000
 1-4 NB =         0.0000  1-4 EEL =         0.0000  VDWAALS    =      7027.0073
 EELEC  =    -47949.3733  EHBOND  =         0.0000  RESTRAINT  =         0.0000
 DV/DL  =       152.5847
 ------------------------------------------------------------------------------

 NMR restraints: Bond =    0.000   Angle =     0.000   Torsion =     0.000
===============================================================================

      R M S  F L U C T U A T I O N S


 NSTEP =   100000   TIME(PS) =     200.000  TEMP(K) =    91.95  PRESS =     0.0
 Etot   =      5374.1468  EKtot   =      2086.0789  EPtot      =      3331.4183
 BOND   =         0.9592  ANGLE   =         0.5410  DIHED      =         0.0000
 1-4 NB =         0.0000  1-4 EEL =         0.0000  VDWAALS    =      1159.4507
 EELEC  =      4485.0801  EHBOND  =         0.0000  RESTRAINT  =         0.0000
 DV/DL  =        26.6702
 ------------------------------------------------------------------------------


| TI region  2


      A V E R A G E S   O V E R      20 S T E P S


 NSTEP =   100000   TIME(PS) =     200.000  TEMP(K) =   171.30  PRESS =     0.0
 Etot   =    -37028.4342  EKtot   =      3886.2220  EPtot      =    -40914.6563
 BOND   =         0.7948  ANGLE   =         6.9149  DIHED      =         0.0000
 1-4 NB =         0.0000  1-4 EEL =         0.0000  VDWAALS    =      7027.0073
 EELEC  =    -47949.3733  EHBOND  =         0.0000  RESTRAINT  =         0.0000
 DV/DL  =       152.5847
 ------------------------------------------------------------------------------

 NMR restraints: Bond =    0.000   Angle =     0.000   Torsion =     0.000
===============================================================================

      R M S  F L U C T U A T I O N S


 NSTEP =   100000   TIME(PS) =     200.000  TEMP(K) =    91.95  PRESS =     0.0
 Etot   =      5374.1468  EKtot   =      2086.0789  EPtot      =      3331.4183
 BOND   =         0.9592  ANGLE   =         0.5410  DIHED      =         0.0000
 1-4 NB =         0.0000  1-4 EEL =         0.0000  VDWAALS    =      1159.4507
 EELEC  =      4485.0801  EHBOND  =         0.0000  RESTRAINT  =         0.0000
 DV/DL  =        26.6702
 ------------------------------------------------------------------------------


      DV/DL, AVERAGES OVER      20 STEPS


 NSTEP =   100000   TIME(PS) =     200.000  TEMP(K) =    91.95  PRESS =     0.0
 Etot   =         0.0000  EKtot   =         0.0000  EPtot      =       152.5847
 BOND   =         0.0000  ANGLE   =         0.0000  DIHED      =         0.0000
 1-4 NB =         0.0000  1-4 EEL =         0.0000  VDWAALS    =         0.0919
 EELEC  =       152.4928  EHBOND  =         0.0000  RESTRAINT  =         0.0000
 DV/DL  =       152.5847
 ------------------------------------------------------------------------------


 NMR restraints on final step:

--------------------------------------------------------------------------------
   5.  TIMINGS
--------------------------------------------------------------------------------

|  NonSetup CPU Time in Major Routines:
|
|     Routine           Sec        %
|     ------------------------------
|     Nonbond          19.90   44.94
|     Bond              0.00    0.00
|     Angle             0.00    0.00
|     Dihedral          0.00    0.00
|     Shake             0.32    0.73
|     RunMD            23.88   53.91
|     Other             0.19    0.43
|     ------------------------------
|     Total            44.29

|  PME Nonbond Pairlist CPU Time:
|
|     Routine              Sec        %
|     ---------------------------------
|     Set Up Cit           0.00    0.00
|     Build List           0.00    0.00
|     ---------------------------------
|     Total                0.00    0.00

|  PME Direct Force CPU Time:
|
|     Routine              Sec        %
|     ---------------------------------
|     NonBonded Calc       0.00    0.00
|     Exclude Masked       0.00    0.00
|     Other                0.13    0.29
|     ---------------------------------
|     Total                0.13    0.29

|  PME Reciprocal Force CPU Time:
|
|     Routine              Sec        %
|     ---------------------------------
|     1D bspline           0.00    0.00
|     Grid Charges         0.00    0.00
|     Scalar Sum           0.00    0.00
|     Gradient Sum         0.00    0.00
|     FFT                  0.00    0.00
|     ---------------------------------
|     Total                0.00    0.00

|  Final Performance Info:
|     -----------------------------------------------------
|     Average timings for last  100000 steps:
|     Elapsed(s) =      44.49 Per Step(ms) =       0.44
|         ns/day =     388.43   seconds/ns =     222.43
|
|     Average timings for all steps:
|     Elapsed(s) =      44.49 Per Step(ms) =       0.44
|         ns/day =     388.43   seconds/ns =     222.43
|     -----------------------------------------------------

|  Setup CPU time:            0.48 seconds
|  NonSetup CPU time:        44.29 seconds
|  Total CPU time:           44.77 seconds     0.01 hours

|  Setup wall time:           0    seconds
|  NonSetup wall time:       45    seconds
|  Total wall time:          45    seconds     0.01 hours
